2026-01-11 15:05:59.364  INFO 15272 --- [main] r.r.p.ProductServiceApplicationTests     : Starting ProductServiceApplicationTests using Java 21.0.8 with PID 15272 (started by elims in D:\Max\java\my-application\ecommerce-platform\product-service)
2026-01-11 15:05:59.368 DEBUG 15272 --- [main] r.r.p.ProductServiceApplicationTests     : Running with Spring Boot v3.4.4, Spring v6.2.5
2026-01-11 15:05:59.368  INFO 15272 --- [main] r.r.p.ProductServiceApplicationTests     : The following 1 profile is active: "test"
2026-01-11 15:06:00.618  INFO 15272 --- [main] .s.d.r.c.RepositoryConfigurationDelegate : Bootstrapping Spring Data JPA repositories in DEFAULT mode.
2026-01-11 15:06:00.711  INFO 15272 --- [main] .s.d.r.c.RepositoryConfigurationDelegate : Finished Spring Data repository scanning in 80 ms. Found 5 JPA repository interfaces.
2026-01-11 15:06:02.158  INFO 15272 --- [main] com.zaxxer.hikari.HikariDataSource       : HikariPool-1 - Starting...
2026-01-11 15:06:02.312  INFO 15272 --- [main] com.zaxxer.hikari.pool.HikariPool        : HikariPool-1 - Added connection conn0: url=jdbc:h2:mem:testdb user=SA
2026-01-11 15:06:02.312  INFO 15272 --- [main] com.zaxxer.hikari.HikariDataSource       : HikariPool-1 - Start completed.
2026-01-11 15:06:02.333  WARN 15272 --- [main] org.hibernate.dialect.Dialect            : HHH000511: The 2.2.224 version for [org.hibernate.dialect.PostgreSQLDialect] is no longer supported, hence certain features may not work properly. The minimum supported version is 12.0.0. Check the community dialects project for available legacy versions.
2026-01-11 15:06:02.343  WARN 15272 --- [main] org.hibernate.orm.deprecation            : HHH90000025: PostgreSQLDialect does not need to be specified explicitly using 'hibernate.dialect' (remove the property setting and it will be selected by default)
2026-01-11 15:06:03.185 DEBUG 15272 --- [main] org.hibernate.SQL                        : 
    set client_min_messages = WARNING
2026-01-11 15:06:03.195 DEBUG 15272 --- [main] org.hibernate.SQL                        : 
    alter table if exists categories 
       drop constraint if exists FKsaok720gsu4u2wrgbk10b5n8d
2026-01-11 15:06:03.195 DEBUG 15272 --- [main] org.hibernate.SQL                        : 
    alter table if exists product_attributes 
       drop constraint if exists FKcex46yvx4g18b2pn09p79h1mc
2026-01-11 15:06:03.197 DEBUG 15272 --- [main] org.hibernate.SQL                        : 
    alter table if exists product_images 
       drop constraint if exists FKqnq71xsohugpqwf3c9gxmsuy
2026-01-11 15:06:03.197 DEBUG 15272 --- [main] org.hibernate.SQL                        : 
    alter table if exists product_videos 
       drop constraint if exists FK5ky63cnksbk4csgasc3asnt7f
2026-01-11 15:06:03.197 DEBUG 15272 --- [main] org.hibernate.SQL                        : 
    alter table if exists products 
       drop constraint if exists FKog2rp4qthbtt2lfyhfo32lsw9
2026-01-11 15:06:03.197 DEBUG 15272 --- [main] org.hibernate.SQL                        : 
    drop table if exists categories cascade
2026-01-11 15:06:03.197 DEBUG 15272 --- [main] org.hibernate.SQL                        : 
    drop table if exists product_attributes cascade
2026-01-11 15:06:03.197 DEBUG 15272 --- [main] org.hibernate.SQL                        : 
    drop table if exists product_images cascade
2026-01-11 15:06:03.197 DEBUG 15272 --- [main] org.hibernate.SQL                        : 
    drop table if exists product_videos cascade
2026-01-11 15:06:03.197 DEBUG 15272 --- [main] org.hibernate.SQL                        : 
    drop table if exists products cascade
2026-01-11 15:06:03.201 DEBUG 15272 --- [main] org.hibernate.SQL                        : 
    create table categories (
        display_order integer not null,
        is_active boolean not null,
        created_at timestamp(6) not null,
        id bigint generated by default as identity,
        parent_id bigint,
        updated_at timestamp(6) not null,
        description TEXT,
        name varchar(255) not null,
        slug varchar(255) not null unique,
        primary key (id)
    )
2026-01-11 15:06:03.211 DEBUG 15272 --- [main] org.hibernate.SQL                        : 
    create table product_attributes (
        created_at timestamp(6) not null,
        id bigint generated by default as identity,
        product_id bigint not null,
        attribute_name varchar(100) not null,
        attribute_value varchar(255) not null,
        primary key (id)
    )
2026-01-11 15:06:03.211 DEBUG 15272 --- [main] org.hibernate.SQL                        : 
    create table product_images (
        display_order integer not null,
        height integer,
        is_primary boolean not null,
        width integer,
        created_at timestamp(6) not null,
        file_size bigint not null,
        id bigint generated by default as identity,
        product_id bigint not null,
        content_type varchar(100) not null,
        file_key varchar(500) not null,
        file_url varchar(500) not null,
        alt_text varchar(255),
        primary key (id)
    )
2026-01-11 15:06:03.214 DEBUG 15272 --- [main] org.hibernate.SQL                        : 
    create table product_videos (
        display_order integer not null,
        duration_seconds integer,
        is_primary boolean not null,
        created_at timestamp(6) not null,
        id bigint generated by default as identity,
        product_id bigint not null,
        provider varchar(50),
        video_type varchar(50),
        thumbnail_url varchar(500),
        video_url varchar(500) not null,
        title varchar(255),
        primary key (id)
    )
2026-01-11 15:06:03.214 DEBUG 15272 --- [main] org.hibernate.SQL                        : 
    create table products (
        is_active boolean not null,
        is_featured boolean not null,
        price numeric(10,2),
        stock_quantity integer not null,
        category_id bigint,
        created_at timestamp(6) not null,
        id bigint generated by default as identity,
        updated_at timestamp(6) not null,
        short_description varchar(1000),
        description TEXT,
        name varchar(255) not null,
        slug varchar(255) not null unique,
        primary key (id)
    )
2026-01-11 15:06:03.216 DEBUG 15272 --- [main] org.hibernate.SQL                        : 
    alter table if exists categories 
       add constraint FKsaok720gsu4u2wrgbk10b5n8d 
       foreign key (parent_id) 
       references categories
2026-01-11 15:06:03.236 DEBUG 15272 --- [main] org.hibernate.SQL                        : 
    alter table if exists product_attributes 
       add constraint FKcex46yvx4g18b2pn09p79h1mc 
       foreign key (product_id) 
       references products
2026-01-11 15:06:03.236 DEBUG 15272 --- [main] org.hibernate.SQL                        : 
    alter table if exists product_images 
       add constraint FKqnq71xsohugpqwf3c9gxmsuy 
       foreign key (product_id) 
       references products
2026-01-11 15:06:03.236 DEBUG 15272 --- [main] org.hibernate.SQL                        : 
    alter table if exists product_videos 
       add constraint FK5ky63cnksbk4csgasc3asnt7f 
       foreign key (product_id) 
       references products
2026-01-11 15:06:03.236 DEBUG 15272 --- [main] org.hibernate.SQL                        : 
    alter table if exists products 
       add constraint FKog2rp4qthbtt2lfyhfo32lsw9 
       foreign key (category_id) 
       references categories
2026-01-11 15:06:04.149  INFO 15272 --- [main] o.s.d.j.r.query.QueryEnhancerFactory     : Hibernate is in classpath; If applicable, HQL parser will be used.
2026-01-11 15:06:05.169 DEBUG 15272 --- [main] r.r.productservice.aspect.LoggingAspect  : --- DB query: ListCrudRepository.findAll() whith params: []
2026-01-11 15:06:05.416 DEBUG 15272 --- [main] org.hibernate.SQL                        : 
    select
        c1_0.id,
        c1_0.created_at,
        c1_0.description,
        c1_0.display_order,
        c1_0.is_active,
        c1_0.name,
        c1_0.parent_id,
        c1_0.slug,
        c1_0.updated_at 
    from
        categories c1_0
2026-01-11 15:06:05.629 DEBUG 15272 --- [main] r.r.productservice.aspect.LoggingAspect  : --- DB result: ListCrudRepository.findAll() returned: ArrayList
2026-01-11 15:06:06.938  WARN 15272 --- [main] JpaBaseConfiguration$JpaWebConfiguration : spring.jpa.open-in-view is enabled by default. Therefore, database queries may be performed during view rendering. Explicitly configure spring.jpa.open-in-view to disable this warning
2026-01-11 15:06:06.998  WARN 15272 --- [main] .s.s.UserDetailsServiceAutoConfiguration : 

Using generated security password: 29869e73-5cf6-43f9-8d29-c86459b01f93

This generated password is for development use only. Your security configuration must be updated before running your application in production.

2026-01-11 15:06:07.881  INFO 15272 --- [main] o.s.b.a.e.web.EndpointLinksResolver      : Exposing 3 endpoints beneath base path '/actuator'
2026-01-11 15:06:08.716  INFO 15272 --- [main] r.r.p.ProductServiceApplicationTests     : Started ProductServiceApplicationTests in 9.739 seconds (process running for 10.591)
2026-01-11 15:06:09.225 DEBUG 15272 --- [idle-connection-reaper] s.a.a.h.a.i.conn.IdleConnectionReaper    : Reaper thread: 
java.lang.InterruptedException: sleep interrupted
	at java.base/java.lang.Thread.sleep0(Native Method)
	at java.base/java.lang.Thread.sleep(Thread.java:509)
	at software.amazon.awssdk.http.apache.internal.conn.IdleConnectionReaper$ReaperTask.run(IdleConnectionReaper.java:150)
	at java.base/java.util.concurrent.ThreadPoolExecutor.runWorker(ThreadPoolExecutor.java:1144)
	at java.base/java.util.concurrent.ThreadPoolExecutor$Worker.run(ThreadPoolExecutor.java:642)
	at java.base/java.lang.Thread.run(Thread.java:1583)
2026-01-11 15:06:09.225 DEBUG 15272 --- [idle-connection-reaper] s.a.a.h.a.i.conn.IdleConnectionReaper    : Shutting down reaper thread.
2026-01-11 15:06:09.225 DEBUG 15272 --- [SpringApplicationShutdownHook] org.hibernate.SQL                        : 
    set client_min_messages = WARNING
2026-01-11 15:06:09.225 DEBUG 15272 --- [SpringApplicationShutdownHook] org.hibernate.SQL                        : 
    alter table if exists categories 
       drop constraint if exists FKsaok720gsu4u2wrgbk10b5n8d
2026-01-11 15:06:09.225 DEBUG 15272 --- [SpringApplicationShutdownHook] org.hibernate.SQL                        : 
    alter table if exists product_attributes 
       drop constraint if exists FKcex46yvx4g18b2pn09p79h1mc
2026-01-11 15:06:09.225 DEBUG 15272 --- [SpringApplicationShutdownHook] org.hibernate.SQL                        : 
    alter table if exists product_images 
       drop constraint if exists FKqnq71xsohugpqwf3c9gxmsuy
2026-01-11 15:06:09.225 DEBUG 15272 --- [SpringApplicationShutdownHook] org.hibernate.SQL                        : 
    alter table if exists product_videos 
       drop constraint if exists FK5ky63cnksbk4csgasc3asnt7f
2026-01-11 15:06:09.233 DEBUG 15272 --- [SpringApplicationShutdownHook] org.hibernate.SQL                        : 
    alter table if exists products 
       drop constraint if exists FKog2rp4qthbtt2lfyhfo32lsw9
2026-01-11 15:06:09.233 DEBUG 15272 --- [SpringApplicationShutdownHook] org.hibernate.SQL                        : 
    drop table if exists categories cascade
2026-01-11 15:06:09.233 DEBUG 15272 --- [SpringApplicationShutdownHook] org.hibernate.SQL                        : 
    drop table if exists product_attributes cascade
2026-01-11 15:06:09.236 DEBUG 15272 --- [SpringApplicationShutdownHook] org.hibernate.SQL                        : 
    drop table if exists product_images cascade
2026-01-11 15:06:09.236 DEBUG 15272 --- [SpringApplicationShutdownHook] org.hibernate.SQL                        : 
    drop table if exists product_videos cascade
2026-01-11 15:06:09.236 DEBUG 15272 --- [SpringApplicationShutdownHook] org.hibernate.SQL                        : 
    drop table if exists products cascade
2026-01-11 15:06:09.236  INFO 15272 --- [SpringApplicationShutdownHook] com.zaxxer.hikari.HikariDataSource       : HikariPool-1 - Shutdown initiated...
2026-01-11 15:06:09.236  INFO 15272 --- [SpringApplicationShutdownHook] com.zaxxer.hikari.HikariDataSource       : HikariPool-1 - Shutdown completed.
2026-01-11 15:10:04.099  INFO 16596 --- [main] r.r.p.ProductServiceApplicationTests     : Starting ProductServiceApplicationTests using Java 21.0.8 with PID 16596 (started by elims in D:\Max\java\my-application\ecommerce-platform\product-service)
2026-01-11 15:10:04.099 DEBUG 16596 --- [main] r.r.p.ProductServiceApplicationTests     : Running with Spring Boot v3.4.4, Spring v6.2.5
2026-01-11 15:10:04.099  INFO 16596 --- [main] r.r.p.ProductServiceApplicationTests     : The following 1 profile is active: "test"
2026-01-11 15:10:05.419  INFO 16596 --- [main] .s.d.r.c.RepositoryConfigurationDelegate : Bootstrapping Spring Data JPA repositories in DEFAULT mode.
2026-01-11 15:10:05.523  INFO 16596 --- [main] .s.d.r.c.RepositoryConfigurationDelegate : Finished Spring Data repository scanning in 81 ms. Found 5 JPA repository interfaces.
2026-01-11 15:10:07.008  INFO 16596 --- [main] com.zaxxer.hikari.HikariDataSource       : HikariPool-1 - Starting...
2026-01-11 15:10:07.156  INFO 16596 --- [main] com.zaxxer.hikari.pool.HikariPool        : HikariPool-1 - Added connection conn0: url=jdbc:h2:mem:testdb user=SA
2026-01-11 15:10:07.159  INFO 16596 --- [main] com.zaxxer.hikari.HikariDataSource       : HikariPool-1 - Start completed.
2026-01-11 15:10:07.181  WARN 16596 --- [main] org.hibernate.dialect.Dialect            : HHH000511: The 2.2.224 version for [org.hibernate.dialect.PostgreSQLDialect] is no longer supported, hence certain features may not work properly. The minimum supported version is 12.0.0. Check the community dialects project for available legacy versions.
2026-01-11 15:10:07.190  WARN 16596 --- [main] org.hibernate.orm.deprecation            : HHH90000025: PostgreSQLDialect does not need to be specified explicitly using 'hibernate.dialect' (remove the property setting and it will be selected by default)
2026-01-11 15:10:08.038 DEBUG 16596 --- [main] org.hibernate.SQL                        : 
    set client_min_messages = WARNING
2026-01-11 15:10:08.045 DEBUG 16596 --- [main] org.hibernate.SQL                        : 
    alter table if exists categories 
       drop constraint if exists FKsaok720gsu4u2wrgbk10b5n8d
2026-01-11 15:10:08.045 DEBUG 16596 --- [main] org.hibernate.SQL                        : 
    alter table if exists product_attributes 
       drop constraint if exists FKcex46yvx4g18b2pn09p79h1mc
2026-01-11 15:10:08.045 DEBUG 16596 --- [main] org.hibernate.SQL                        : 
    alter table if exists product_images 
       drop constraint if exists FKqnq71xsohugpqwf3c9gxmsuy
2026-01-11 15:10:08.045 DEBUG 16596 --- [main] org.hibernate.SQL                        : 
    alter table if exists product_videos 
       drop constraint if exists FK5ky63cnksbk4csgasc3asnt7f
2026-01-11 15:10:08.045 DEBUG 16596 --- [main] org.hibernate.SQL                        : 
    alter table if exists products 
       drop constraint if exists FKog2rp4qthbtt2lfyhfo32lsw9
2026-01-11 15:10:08.045 DEBUG 16596 --- [main] org.hibernate.SQL                        : 
    drop table if exists categories cascade
2026-01-11 15:10:08.050 DEBUG 16596 --- [main] org.hibernate.SQL                        : 
    drop table if exists product_attributes cascade
2026-01-11 15:10:08.050 DEBUG 16596 --- [main] org.hibernate.SQL                        : 
    drop table if exists product_images cascade
2026-01-11 15:10:08.050 DEBUG 16596 --- [main] org.hibernate.SQL                        : 
    drop table if exists product_videos cascade
2026-01-11 15:10:08.050 DEBUG 16596 --- [main] org.hibernate.SQL                        : 
    drop table if exists products cascade
2026-01-11 15:10:08.055 DEBUG 16596 --- [main] org.hibernate.SQL                        : 
    create table categories (
        display_order integer not null,
        is_active boolean not null,
        created_at timestamp(6) not null,
        id bigint generated by default as identity,
        parent_id bigint,
        updated_at timestamp(6) not null,
        description TEXT,
        name varchar(255) not null,
        slug varchar(255) not null unique,
        primary key (id)
    )
2026-01-11 15:10:08.071 DEBUG 16596 --- [main] org.hibernate.SQL                        : 
    create table product_attributes (
        created_at timestamp(6) not null,
        id bigint generated by default as identity,
        product_id bigint not null,
        attribute_name varchar(100) not null,
        attribute_value varchar(255) not null,
        primary key (id)
    )
2026-01-11 15:10:08.071 DEBUG 16596 --- [main] org.hibernate.SQL                        : 
    create table product_images (
        display_order integer not null,
        height integer,
        is_primary boolean not null,
        width integer,
        created_at timestamp(6) not null,
        file_size bigint not null,
        id bigint generated by default as identity,
        product_id bigint not null,
        content_type varchar(100) not null,
        file_key varchar(500) not null,
        file_url varchar(500) not null,
        alt_text varchar(255),
        primary key (id)
    )
2026-01-11 15:10:08.073 DEBUG 16596 --- [main] org.hibernate.SQL                        : 
    create table product_videos (
        display_order integer not null,
        duration_seconds integer,
        is_primary boolean not null,
        created_at timestamp(6) not null,
        id bigint generated by default as identity,
        product_id bigint not null,
        provider varchar(50),
        video_type varchar(50),
        thumbnail_url varchar(500),
        video_url varchar(500) not null,
        title varchar(255),
        primary key (id)
    )
2026-01-11 15:10:08.074 DEBUG 16596 --- [main] org.hibernate.SQL                        : 
    create table products (
        is_active boolean not null,
        is_featured boolean not null,
        price numeric(10,2),
        stock_quantity integer not null,
        category_id bigint,
        created_at timestamp(6) not null,
        id bigint generated by default as identity,
        updated_at timestamp(6) not null,
        short_description varchar(1000),
        description TEXT,
        name varchar(255) not null,
        slug varchar(255) not null unique,
        primary key (id)
    )
2026-01-11 15:10:08.074 DEBUG 16596 --- [main] org.hibernate.SQL                        : 
    alter table if exists categories 
       add constraint FKsaok720gsu4u2wrgbk10b5n8d 
       foreign key (parent_id) 
       references categories
2026-01-11 15:10:08.084 DEBUG 16596 --- [main] org.hibernate.SQL                        : 
    alter table if exists product_attributes 
       add constraint FKcex46yvx4g18b2pn09p79h1mc 
       foreign key (product_id) 
       references products
2026-01-11 15:10:08.086 DEBUG 16596 --- [main] org.hibernate.SQL                        : 
    alter table if exists product_images 
       add constraint FKqnq71xsohugpqwf3c9gxmsuy 
       foreign key (product_id) 
       references products
2026-01-11 15:10:08.086 DEBUG 16596 --- [main] org.hibernate.SQL                        : 
    alter table if exists product_videos 
       add constraint FK5ky63cnksbk4csgasc3asnt7f 
       foreign key (product_id) 
       references products
2026-01-11 15:10:08.088 DEBUG 16596 --- [main] org.hibernate.SQL                        : 
    alter table if exists products 
       add constraint FKog2rp4qthbtt2lfyhfo32lsw9 
       foreign key (category_id) 
       references categories
2026-01-11 15:10:08.932  INFO 16596 --- [main] o.s.d.j.r.query.QueryEnhancerFactory     : Hibernate is in classpath; If applicable, HQL parser will be used.
2026-01-11 15:10:10.077 DEBUG 16596 --- [main] r.r.productservice.aspect.LoggingAspect  : --- DB query: ListCrudRepository.findAll() whith params: []
2026-01-11 15:10:10.341 DEBUG 16596 --- [main] org.hibernate.SQL                        : 
    select
        c1_0.id,
        c1_0.created_at,
        c1_0.description,
        c1_0.display_order,
        c1_0.is_active,
        c1_0.name,
        c1_0.parent_id,
        c1_0.slug,
        c1_0.updated_at 
    from
        categories c1_0
2026-01-11 15:10:10.570 DEBUG 16596 --- [main] r.r.productservice.aspect.LoggingAspect  : --- DB result: ListCrudRepository.findAll() returned: ArrayList
2026-01-11 15:10:11.842  WARN 16596 --- [main] JpaBaseConfiguration$JpaWebConfiguration : spring.jpa.open-in-view is enabled by default. Therefore, database queries may be performed during view rendering. Explicitly configure spring.jpa.open-in-view to disable this warning
2026-01-11 15:10:11.912  WARN 16596 --- [main] .s.s.UserDetailsServiceAutoConfiguration : 

Using generated security password: cbaff0b5-5d28-4839-9705-f46f3fce9114

This generated password is for development use only. Your security configuration must be updated before running your application in production.

2026-01-11 15:10:12.897  INFO 16596 --- [main] o.s.b.a.e.web.EndpointLinksResolver      : Exposing 3 endpoints beneath base path '/actuator'
2026-01-11 15:10:13.701  INFO 16596 --- [main] r.r.p.ProductServiceApplicationTests     : Started ProductServiceApplicationTests in 9.996 seconds (process running for 10.859)
2026-01-11 15:10:14.269 DEBUG 16596 --- [SpringApplicationShutdownHook] org.hibernate.SQL                        : 
    set client_min_messages = WARNING
2026-01-11 15:10:14.269 DEBUG 16596 --- [SpringApplicationShutdownHook] org.hibernate.SQL                        : 
    alter table if exists categories 
       drop constraint if exists FKsaok720gsu4u2wrgbk10b5n8d
2026-01-11 15:10:14.271 DEBUG 16596 --- [SpringApplicationShutdownHook] org.hibernate.SQL                        : 
    alter table if exists product_attributes 
       drop constraint if exists FKcex46yvx4g18b2pn09p79h1mc
2026-01-11 15:10:14.264 DEBUG 16596 --- [idle-connection-reaper] s.a.a.h.a.i.conn.IdleConnectionReaper    : Reaper thread: 
java.lang.InterruptedException: sleep interrupted
	at java.base/java.lang.Thread.sleep0(Native Method)
	at java.base/java.lang.Thread.sleep(Thread.java:509)
	at software.amazon.awssdk.http.apache.internal.conn.IdleConnectionReaper$ReaperTask.run(IdleConnectionReaper.java:150)
	at java.base/java.util.concurrent.ThreadPoolExecutor.runWorker(ThreadPoolExecutor.java:1144)
	at java.base/java.util.concurrent.ThreadPoolExecutor$Worker.run(ThreadPoolExecutor.java:642)
	at java.base/java.lang.Thread.run(Thread.java:1583)
2026-01-11 15:10:14.271 DEBUG 16596 --- [idle-connection-reaper] s.a.a.h.a.i.conn.IdleConnectionReaper    : Shutting down reaper thread.
2026-01-11 15:10:14.271 DEBUG 16596 --- [SpringApplicationShutdownHook] org.hibernate.SQL                        : 
    alter table if exists product_images 
       drop constraint if exists FKqnq71xsohugpqwf3c9gxmsuy
2026-01-11 15:10:14.273 DEBUG 16596 --- [SpringApplicationShutdownHook] org.hibernate.SQL                        : 
    alter table if exists product_videos 
       drop constraint if exists FK5ky63cnksbk4csgasc3asnt7f
2026-01-11 15:10:14.273 DEBUG 16596 --- [SpringApplicationShutdownHook] org.hibernate.SQL                        : 
    alter table if exists products 
       drop constraint if exists FKog2rp4qthbtt2lfyhfo32lsw9
2026-01-11 15:10:14.273 DEBUG 16596 --- [SpringApplicationShutdownHook] org.hibernate.SQL                        : 
    drop table if exists categories cascade
2026-01-11 15:10:14.275 DEBUG 16596 --- [SpringApplicationShutdownHook] org.hibernate.SQL                        : 
    drop table if exists product_attributes cascade
2026-01-11 15:10:14.275 DEBUG 16596 --- [SpringApplicationShutdownHook] org.hibernate.SQL                        : 
    drop table if exists product_images cascade
2026-01-11 15:10:14.277 DEBUG 16596 --- [SpringApplicationShutdownHook] org.hibernate.SQL                        : 
    drop table if exists product_videos cascade
2026-01-11 15:10:14.283 DEBUG 16596 --- [SpringApplicationShutdownHook] org.hibernate.SQL                        : 
    drop table if exists products cascade
2026-01-11 15:10:14.290  INFO 16596 --- [SpringApplicationShutdownHook] com.zaxxer.hikari.HikariDataSource       : HikariPool-1 - Shutdown initiated...
2026-01-11 15:10:14.294  INFO 16596 --- [SpringApplicationShutdownHook] com.zaxxer.hikari.HikariDataSource       : HikariPool-1 - Shutdown completed.
