2026-02-04 22:21:36.890  INFO 25080 --- [main] r.r.u.controllers.UserControllerTest     : Starting UserControllerTest using Java 21.0.8 with PID 25080 (started by elims in D:\Max\java\my-application\ecommerce-platform\user-service)
2026-02-04 22:21:36.894  INFO 25080 --- [main] r.r.u.controllers.UserControllerTest     : The following 1 profile is active: "test"
2026-02-04 22:21:42.299  WARN 25080 --- [main] org.hibernate.orm.deprecation            : HHH90000025: H2Dialect does not need to be specified explicitly using 'hibernate.dialect' (remove the property setting and it will be selected by default)
2026-02-04 22:21:43.924 DEBUG 25080 --- [main] org.hibernate.SQL                        : drop table if exists roles cascade 
2026-02-04 22:21:43.930 DEBUG 25080 --- [main] org.hibernate.SQL                        : drop table if exists user_addresses cascade 
2026-02-04 22:21:43.930 DEBUG 25080 --- [main] org.hibernate.SQL                        : drop table if exists user_roles cascade 
2026-02-04 22:21:43.930 DEBUG 25080 --- [main] org.hibernate.SQL                        : drop table if exists users cascade 
2026-02-04 22:21:43.936 DEBUG 25080 --- [main] org.hibernate.SQL                        : create table roles (id bigint generated by default as identity, name varchar(255) not null unique, primary key (id))
2026-02-04 22:21:43.950 DEBUG 25080 --- [main] org.hibernate.SQL                        : create table user_addresses (default_address boolean not null, created_at timestamp(6), id bigint generated by default as identity, updated_at timestamp(6), user_id bigint not null, floor varchar(10), postal_code varchar(10), apartment varchar(20), building varchar(20) not null, entrance varchar(20), phone varchar(20) not null, intercom_code varchar(50), label varchar(50) not null, city varchar(100) not null, recipient_name varchar(100) not null, street varchar(150) not null, delivery_instructions varchar(500), primary key (id), constraint user_addresses_label unique (user_id, lable))
2026-02-04 22:21:43.956  WARN 25080 --- [main] o.h.t.s.i.ExceptionHandlerLoggedImpl     : GenerationTarget encountered exception accepting command : Error executing DDL "create table user_addresses (default_address boolean not null, created_at timestamp(6), id bigint generated by default as identity, updated_at timestamp(6), user_id bigint not null, floor varchar(10), postal_code varchar(10), apartment varchar(20), building varchar(20) not null, entrance varchar(20), phone varchar(20) not null, intercom_code varchar(50), label varchar(50) not null, city varchar(100) not null, recipient_name varchar(100) not null, street varchar(150) not null, delivery_instructions varchar(500), primary key (id), constraint user_addresses_label unique (user_id, lable))" via JDBC [Столбец "LABLE" не найден
Column "LABLE" not found;]
org.hibernate.tool.schema.spi.CommandAcceptanceException: Error executing DDL "create table user_addresses (default_address boolean not null, created_at timestamp(6), id bigint generated by default as identity, updated_at timestamp(6), user_id bigint not null, floor varchar(10), postal_code varchar(10), apartment varchar(20), building varchar(20) not null, entrance varchar(20), phone varchar(20) not null, intercom_code varchar(50), label varchar(50) not null, city varchar(100) not null, recipient_name varchar(100) not null, street varchar(150) not null, delivery_instructions varchar(500), primary key (id), constraint user_addresses_label unique (user_id, lable))" via JDBC [Столбец "LABLE" не найден
Column "LABLE" not found;]
	at org.hibernate.tool.schema.internal.exec.GenerationTargetToDatabase.accept(GenerationTargetToDatabase.java:94)
	at org.hibernate.tool.schema.internal.Helper.applySqlString(Helper.java:233)
	at org.hibernate.tool.schema.internal.Helper.applySqlStrings(Helper.java:217)
	at org.hibernate.tool.schema.internal.SchemaCreatorImpl.createTables(SchemaCreatorImpl.java:430)
	at org.hibernate.tool.schema.internal.SchemaCreatorImpl.createSequencesTablesConstraints(SchemaCreatorImpl.java:346)
	at org.hibernate.tool.schema.internal.SchemaCreatorImpl.createFromMetadata(SchemaCreatorImpl.java:241)
	at org.hibernate.tool.schema.internal.SchemaCreatorImpl.performCreation(SchemaCreatorImpl.java:174)
	at org.hibernate.tool.schema.internal.SchemaCreatorImpl.doCreation(SchemaCreatorImpl.java:144)
	at org.hibernate.tool.schema.internal.SchemaCreatorImpl.doCreation(SchemaCreatorImpl.java:120)
	at org.hibernate.tool.schema.spi.SchemaManagementToolCoordinator.performDatabaseAction(SchemaManagementToolCoordinator.java:250)
	at org.hibernate.tool.schema.spi.SchemaManagementToolCoordinator.lambda$process$5(SchemaManagementToolCoordinator.java:144)
	at java.base/java.util.HashMap.forEach(HashMap.java:1429)
	at org.hibernate.tool.schema.spi.SchemaManagementToolCoordinator.process(SchemaManagementToolCoordinator.java:141)
	at org.hibernate.boot.internal.SessionFactoryObserverForSchemaExport.sessionFactoryCreated(SessionFactoryObserverForSchemaExport.java:37)
	at org.hibernate.internal.SessionFactoryObserverChain.sessionFactoryCreated(SessionFactoryObserverChain.java:35)
	at org.hibernate.internal.SessionFactoryImpl.<init>(SessionFactoryImpl.java:324)
	at org.hibernate.boot.internal.SessionFactoryBuilderImpl.build(SessionFactoryBuilderImpl.java:463)
	at org.hibernate.jpa.boot.internal.EntityManagerFactoryBuilderImpl.build(EntityManagerFactoryBuilderImpl.java:1517)
	at org.springframework.orm.jpa.vendor.SpringHibernateJpaPersistenceProvider.createContainerEntityManagerFactory(SpringHibernateJpaPersistenceProvider.java:66)
	at org.springframework.orm.jpa.LocalContainerEntityManagerFactoryBean.createNativeEntityManagerFactory(LocalContainerEntityManagerFactoryBean.java:390)
	at org.springframework.orm.jpa.AbstractEntityManagerFactoryBean.buildNativeEntityManagerFactory(AbstractEntityManagerFactoryBean.java:419)
	at org.springframework.orm.jpa.AbstractEntityManagerFactoryBean.afterPropertiesSet(AbstractEntityManagerFactoryBean.java:400)
	at org.springframework.orm.jpa.LocalContainerEntityManagerFactoryBean.afterPropertiesSet(LocalContainerEntityManagerFactoryBean.java:366)
	at org.springframework.beans.factory.support.AbstractAutowireCapableBeanFactory.invokeInitMethods(AbstractAutowireCapableBeanFactory.java:1873)
	at org.springframework.beans.factory.support.AbstractAutowireCapableBeanFactory.initializeBean(AbstractAutowireCapableBeanFactory.java:1822)
	at org.springframework.beans.factory.support.AbstractAutowireCapableBeanFactory.doCreateBean(AbstractAutowireCapableBeanFactory.java:607)
	at org.springframework.beans.factory.support.AbstractAutowireCapableBeanFactory.createBean(AbstractAutowireCapableBeanFactory.java:529)
	at org.springframework.beans.factory.support.AbstractBeanFactory.lambda$doGetBean$0(AbstractBeanFactory.java:339)
	at org.springframework.beans.factory.support.DefaultSingletonBeanRegistry.getSingleton(DefaultSingletonBeanRegistry.java:373)
	at org.springframework.beans.factory.support.AbstractBeanFactory.doGetBean(AbstractBeanFactory.java:337)
	at org.springframework.beans.factory.support.AbstractBeanFactory.getBean(AbstractBeanFactory.java:207)
	at org.springframework.context.support.AbstractApplicationContext.finishBeanFactoryInitialization(AbstractApplicationContext.java:973)
	at org.springframework.context.support.AbstractApplicationContext.refresh(AbstractApplicationContext.java:627)
	at org.springframework.boot.SpringApplication.refresh(SpringApplication.java:752)
	at org.springframework.boot.SpringApplication.refreshContext(SpringApplication.java:439)
	at org.springframework.boot.SpringApplication.run(SpringApplication.java:318)
	at org.springframework.boot.test.context.SpringBootContextLoader.lambda$loadContext$3(SpringBootContextLoader.java:152)
	at org.springframework.util.function.ThrowingSupplier.get(ThrowingSupplier.java:58)
	at org.springframework.util.function.ThrowingSupplier.get(ThrowingSupplier.java:46)
	at org.springframework.boot.SpringApplication.withHook(SpringApplication.java:1461)
	at org.springframework.boot.test.context.SpringBootContextLoader$ContextLoaderHook.run(SpringBootContextLoader.java:595)
	at org.springframework.boot.test.context.SpringBootContextLoader.loadContext(SpringBootContextLoader.java:152)
	at org.springframework.boot.test.context.SpringBootContextLoader.loadContext(SpringBootContextLoader.java:111)
	at org.springframework.test.context.cache.DefaultCacheAwareContextLoaderDelegate.loadContextInternal(DefaultCacheAwareContextLoaderDelegate.java:225)
	at org.springframework.test.context.cache.DefaultCacheAwareContextLoaderDelegate.loadContext(DefaultCacheAwareContextLoaderDelegate.java:152)
	at org.springframework.test.context.support.DefaultTestContext.getApplicationContext(DefaultTestContext.java:130)
	at org.springframework.test.context.web.ServletTestExecutionListener.setUpRequestContextIfNecessary(ServletTestExecutionListener.java:200)
	at org.springframework.test.context.web.ServletTestExecutionListener.prepareTestInstance(ServletTestExecutionListener.java:139)
	at org.springframework.test.context.TestContextManager.prepareTestInstance(TestContextManager.java:260)
	at org.springframework.test.context.junit.jupiter.SpringExtension.postProcessTestInstance(SpringExtension.java:159)
	at org.junit.jupiter.engine.descriptor.ClassBasedTestDescriptor.lambda$invokeTestInstancePostProcessors$10(ClassBasedTestDescriptor.java:383)
	at org.junit.jupiter.engine.descriptor.ClassBasedTestDescriptor.executeAndMaskThrowable(ClassBasedTestDescriptor.java:388)
	at org.junit.jupiter.engine.descriptor.ClassBasedTestDescriptor.lambda$invokeTestInstancePostProcessors$11(ClassBasedTestDescriptor.java:382)
	at java.base/java.util.stream.ForEachOps$ForEachOp$OfRef.accept(ForEachOps.java:184)
	at java.base/java.util.stream.ReferencePipeline$3$1.accept(ReferencePipeline.java:197)
	at java.base/java.util.stream.ReferencePipeline$2$1.accept(ReferencePipeline.java:179)
	at java.base/java.util.stream.ReferencePipeline$3$1.accept(ReferencePipeline.java:197)
	at java.base/java.util.ArrayList$ArrayListSpliterator.forEachRemaining(ArrayList.java:1708)
	at java.base/java.util.stream.AbstractPipeline.copyInto(AbstractPipeline.java:509)
	at java.base/java.util.stream.AbstractPipeline.wrapAndCopyInto(AbstractPipeline.java:499)
	at java.base/java.util.stream.ForEachOps$ForEachOp.evaluateSequential(ForEachOps.java:151)
	at java.base/java.util.stream.ForEachOps$ForEachOp$OfRef.evaluateSequential(ForEachOps.java:174)
	at java.base/java.util.stream.AbstractPipeline.evaluate(AbstractPipeline.java:234)
	at java.base/java.util.stream.ReferencePipeline.forEach(ReferencePipeline.java:596)
	at org.junit.jupiter.engine.descriptor.ClassBasedTestDescriptor.invokeTestInstancePostProcessors(ClassBasedTestDescriptor.java:382)
	at org.junit.jupiter.engine.descriptor.ClassBasedTestDescriptor.lambda$instantiateAndPostProcessTestInstance$6(ClassBasedTestDescriptor.java:293)
	at org.junit.platform.engine.support.hierarchical.ThrowableCollector.execute(ThrowableCollector.java:73)
	at org.junit.jupiter.engine.descriptor.ClassBasedTestDescriptor.instantiateAndPostProcessTestInstance(ClassBasedTestDescriptor.java:292)
	at org.junit.jupiter.engine.descriptor.ClassBasedTestDescriptor.lambda$testInstancesProvider$4(ClassBasedTestDescriptor.java:281)
	at java.base/java.util.Optional.orElseGet(Optional.java:364)
	at org.junit.jupiter.engine.descriptor.ClassBasedTestDescriptor.lambda$testInstancesProvider$5(ClassBasedTestDescriptor.java:280)
	at org.junit.jupiter.engine.execution.TestInstancesProvider.getTestInstances(TestInstancesProvider.java:27)
	at org.junit.jupiter.engine.descriptor.TestMethodTestDescriptor.lambda$prepare$0(TestMethodTestDescriptor.java:112)
	at org.junit.platform.engine.support.hierarchical.ThrowableCollector.execute(ThrowableCollector.java:73)
	at org.junit.jupiter.engine.descriptor.TestMethodTestDescriptor.prepare(TestMethodTestDescriptor.java:111)
	at org.junit.jupiter.engine.descriptor.TestMethodTestDescriptor.prepare(TestMethodTestDescriptor.java:69)
	at org.junit.platform.engine.support.hierarchical.NodeTestTask.lambda$prepare$2(NodeTestTask.java:128)
	at org.junit.platform.engine.support.hierarchical.ThrowableCollector.execute(ThrowableCollector.java:73)
	at org.junit.platform.engine.support.hierarchical.NodeTestTask.prepare(NodeTestTask.java:128)
	at org.junit.platform.engine.support.hierarchical.NodeTestTask.execute(NodeTestTask.java:95)
	at java.base/java.util.ArrayList.forEach(ArrayList.java:1596)
	at org.junit.platform.engine.support.hierarchical.SameThreadHierarchicalTestExecutorService.invokeAll(SameThreadHierarchicalTestExecutorService.java:41)
	at org.junit.platform.engine.support.hierarchical.NodeTestTask.lambda$executeRecursively$6(NodeTestTask.java:160)
	at org.junit.platform.engine.support.hierarchical.ThrowableCollector.execute(ThrowableCollector.java:73)
	at org.junit.platform.engine.support.hierarchical.NodeTestTask.lambda$executeRecursively$8(NodeTestTask.java:146)
	at org.junit.platform.engine.support.hierarchical.Node.around(Node.java:137)
	at org.junit.platform.engine.support.hierarchical.NodeTestTask.lambda$executeRecursively$9(NodeTestTask.java:144)
	at org.junit.platform.engine.support.hierarchical.ThrowableCollector.execute(ThrowableCollector.java:73)
	at org.junit.platform.engine.support.hierarchical.NodeTestTask.executeRecursively(NodeTestTask.java:143)
	at org.junit.platform.engine.support.hierarchical.NodeTestTask.execute(NodeTestTask.java:100)
	at java.base/java.util.ArrayList.forEach(ArrayList.java:1596)
	at org.junit.platform.engine.support.hierarchical.SameThreadHierarchicalTestExecutorService.invokeAll(SameThreadHierarchicalTestExecutorService.java:41)
	at org.junit.platform.engine.support.hierarchical.NodeTestTask.lambda$executeRecursively$6(NodeTestTask.java:160)
	at org.junit.platform.engine.support.hierarchical.ThrowableCollector.execute(ThrowableCollector.java:73)
	at org.junit.platform.engine.support.hierarchical.NodeTestTask.lambda$executeRecursively$8(NodeTestTask.java:146)
	at org.junit.platform.engine.support.hierarchical.Node.around(Node.java:137)
	at org.junit.platform.engine.support.hierarchical.NodeTestTask.lambda$executeRecursively$9(NodeTestTask.java:144)
	at org.junit.platform.engine.support.hierarchical.ThrowableCollector.execute(ThrowableCollector.java:73)
	at org.junit.platform.engine.support.hierarchical.NodeTestTask.executeRecursively(NodeTestTask.java:143)
	at org.junit.platform.engine.support.hierarchical.NodeTestTask.execute(NodeTestTask.java:100)
	at org.junit.platform.engine.support.hierarchical.SameThreadHierarchicalTestExecutorService.submit(SameThreadHierarchicalTestExecutorService.java:35)
	at org.junit.platform.engine.support.hierarchical.HierarchicalTestExecutor.execute(HierarchicalTestExecutor.java:57)
	at org.junit.platform.engine.support.hierarchical.HierarchicalTestEngine.execute(HierarchicalTestEngine.java:54)
	at org.junit.platform.launcher.core.EngineExecutionOrchestrator.execute(EngineExecutionOrchestrator.java:201)
	at org.junit.platform.launcher.core.EngineExecutionOrchestrator.execute(EngineExecutionOrchestrator.java:170)
	at org.junit.platform.launcher.core.EngineExecutionOrchestrator.execute(EngineExecutionOrchestrator.java:94)
	at org.junit.platform.launcher.core.EngineExecutionOrchestrator.lambda$execute$0(EngineExecutionOrchestrator.java:59)
	at org.junit.platform.launcher.core.EngineExecutionOrchestrator.withInterceptedStreams(EngineExecutionOrchestrator.java:142)
	at org.junit.platform.launcher.core.EngineExecutionOrchestrator.execute(EngineExecutionOrchestrator.java:58)
	at org.junit.platform.launcher.core.DefaultLauncher.execute(DefaultLauncher.java:103)
	at org.junit.platform.launcher.core.DefaultLauncher.execute(DefaultLauncher.java:85)
	at org.junit.platform.launcher.core.DelegatingLauncher.execute(DelegatingLauncher.java:47)
	at org.junit.platform.launcher.core.InterceptingLauncher.lambda$execute$1(InterceptingLauncher.java:39)
	at org.junit.platform.launcher.core.ClasspathAlignmentCheckingLauncherInterceptor.intercept(ClasspathAlignmentCheckingLauncherInterceptor.java:25)
	at org.junit.platform.launcher.core.InterceptingLauncher.execute(InterceptingLauncher.java:38)
	at org.junit.platform.launcher.core.DelegatingLauncher.execute(DelegatingLauncher.java:47)
	at org.apache.maven.surefire.junitplatform.LazyLauncher.execute(LazyLauncher.java:56)
	at org.apache.maven.surefire.junitplatform.JUnitPlatformProvider.execute(JUnitPlatformProvider.java:184)
	at org.apache.maven.surefire.junitplatform.JUnitPlatformProvider.invokeAllTests(JUnitPlatformProvider.java:148)
	at org.apache.maven.surefire.junitplatform.JUnitPlatformProvider.invoke(JUnitPlatformProvider.java:122)
	at org.apache.maven.surefire.booter.ForkedBooter.runSuitesInProcess(ForkedBooter.java:385)
	at org.apache.maven.surefire.booter.ForkedBooter.execute(ForkedBooter.java:162)
	at org.apache.maven.surefire.booter.ForkedBooter.run(ForkedBooter.java:507)
	at org.apache.maven.surefire.booter.ForkedBooter.main(ForkedBooter.java:495)
Caused by: org.h2.jdbc.JdbcSQLSyntaxErrorException: Столбец "LABLE" не найден
Column "LABLE" not found; SQL statement:
create table user_addresses (default_address boolean not null, created_at timestamp(6), id bigint generated by default as identity, updated_at timestamp(6), user_id bigint not null, floor varchar(10), postal_code varchar(10), apartment varchar(20), building varchar(20) not null, entrance varchar(20), phone varchar(20) not null, intercom_code varchar(50), label varchar(50) not null, city varchar(100) not null, recipient_name varchar(100) not null, street varchar(150) not null, delivery_instructions varchar(500), primary key (id), constraint user_addresses_label unique (user_id, lable)) [42122-224]
	at org.h2.message.DbException.getJdbcSQLException(DbException.java:514)
	at org.h2.message.DbException.getJdbcSQLException(DbException.java:489)
	at org.h2.message.DbException.get(DbException.java:223)
	at org.h2.message.DbException.get(DbException.java:199)
	at org.h2.table.Table.getColumn(Table.java:759)
	at org.h2.table.IndexColumn.mapColumns(IndexColumn.java:184)
	at org.h2.command.ddl.AlterTableAddConstraint.tryUpdate(AlterTableAddConstraint.java:182)
	at org.h2.command.ddl.AlterTableAddConstraint.update(AlterTableAddConstraint.java:74)
	at org.h2.command.ddl.AlterTable.update(AlterTable.java:46)
	at org.h2.command.ddl.CommandWithColumns.createConstraints(CommandWithColumns.java:83)
	at org.h2.command.ddl.CreateTable.update(CreateTable.java:134)
	at org.h2.command.CommandContainer.update(CommandContainer.java:169)
	at org.h2.command.Command.executeUpdate(Command.java:256)
	at org.h2.jdbc.JdbcStatement.executeInternal(JdbcStatement.java:262)
	at org.h2.jdbc.JdbcStatement.execute(JdbcStatement.java:231)
	at com.zaxxer.hikari.pool.ProxyStatement.execute(ProxyStatement.java:95)
	at com.zaxxer.hikari.pool.HikariProxyStatement.execute(HikariProxyStatement.java)
	at org.hibernate.tool.schema.internal.exec.GenerationTargetToDatabase.accept(GenerationTargetToDatabase.java:80)
	... 123 common frames omitted
2026-02-04 22:21:43.962 DEBUG 25080 --- [main] org.hibernate.SQL                        : create table user_roles (role_id bigint not null, user_id bigint not null, primary key (role_id, user_id))
2026-02-04 22:21:43.965 DEBUG 25080 --- [main] org.hibernate.SQL                        : create table users (email_verified boolean not null, created_at timestamp(6), id bigint generated by default as identity, updated_at timestamp(6), email varchar(255) not null unique, firstname varchar(255) not null, lastname varchar(255) not null, password varchar(255) not null, surname varchar(255), primary key (id))
2026-02-04 22:21:43.966 DEBUG 25080 --- [main] org.hibernate.SQL                        : alter table if exists user_roles add constraint FKh8ciramu9cc9q3qcqiv4ue8a6 foreign key (role_id) references roles
2026-02-04 22:21:43.981 DEBUG 25080 --- [main] org.hibernate.SQL                        : alter table if exists user_roles add constraint FKhfh9dx7w3ubf1co1vdev94g3f foreign key (user_id) references users
2026-02-04 22:21:45.622  WARN 25080 --- [main] JpaBaseConfiguration$JpaWebConfiguration : spring.jpa.open-in-view is enabled by default. Therefore, database queries may be performed during view rendering. Explicitly configure spring.jpa.open-in-view to disable this warning
2026-02-04 22:21:46.208  WARN 25080 --- [main] .s.s.UserDetailsServiceAutoConfiguration : 

Using generated security password: c4ce4a7a-7ca2-4551-935d-482212388467

This generated password is for development use only. Your security configuration must be updated before running your application in production.

2026-02-04 22:21:46.217  INFO 25080 --- [main] r$InitializeUserDetailsManagerConfigurer : Global AuthenticationManager configured with UserDetailsService bean with name inMemoryUserDetailsManager
2026-02-04 22:21:46.263  INFO 25080 --- [main] r.r.userservice.aspect.LoggingAspect     : >>> Incoming request: TestSecurityConfig.testSecurityFilterChain(..)
2026-02-04 22:21:46.306 DEBUG 25080 --- [main] o.s.s.web.DefaultSecurityFilterChain     : Will secure any request with filters: DisableEncodeUrlFilter, WebAsyncManagerIntegrationFilter, SecurityContextHolderFilter, HeaderWriterFilter, LogoutFilter, RequestCacheAwareFilter, SecurityContextHolderAwareRequestFilter, AnonymousAuthenticationFilter, ExceptionTranslationFilter, AuthorizationFilter
2026-02-04 22:21:46.306  INFO 25080 --- [main] r.r.userservice.aspect.LoggingAspect     : <<< Response from: TestSecurityConfig.testSecurityFilterChain(..)
2026-02-04 22:21:46.983  INFO 25080 --- [main] r.r.u.controllers.UserControllerTest     : Started UserControllerTest in 10.717 seconds (process running for 12.575)
2026-02-04 22:21:47.138 DEBUG 25080 --- [main] o.s.security.web.FilterChainProxy        : Securing GET /v1/users/all
2026-02-04 22:21:47.149 DEBUG 25080 --- [main] o.s.security.web.FilterChainProxy        : Secured GET /v1/users/all
2026-02-04 22:21:47.163  INFO 25080 --- [main] r.r.userservice.aspect.LoggingAspect     : >>> Incoming request: UserController.getAllUsers()
2026-02-04 22:21:47.170  INFO 25080 --- [main] r.r.userservice.aspect.LoggingAspect     : <<< Response from: UserController.getAllUsers()
2026-02-04 22:21:47.240 DEBUG 25080 --- [main] o.s.s.w.a.AnonymousAuthenticationFilter  : Set SecurityContextHolder to anonymous SecurityContext
2026-02-04 22:21:47.312 DEBUG 25080 --- [main] o.s.security.web.FilterChainProxy        : Securing POST /v1/users/oauth2-login
2026-02-04 22:21:47.314 DEBUG 25080 --- [main] o.s.security.web.FilterChainProxy        : Secured POST /v1/users/oauth2-login
2026-02-04 22:21:47.414  INFO 25080 --- [main] r.r.userservice.aspect.LoggingAspect     : >>> Incoming request: UserController.oauth2LoginOrRegister(..)
2026-02-04 22:21:47.420  INFO 25080 --- [main] r.r.userservice.aspect.LoggingAspect     : <<< Response from: UserController.oauth2LoginOrRegister(..)
2026-02-04 22:21:47.428 DEBUG 25080 --- [main] o.s.s.w.a.AnonymousAuthenticationFilter  : Set SecurityContextHolder to anonymous SecurityContext
2026-02-04 22:21:47.453 DEBUG 25080 --- [main] o.s.security.web.FilterChainProxy        : Securing POST /v1/users/authenticate
2026-02-04 22:21:47.454 DEBUG 25080 --- [main] o.s.security.web.FilterChainProxy        : Secured POST /v1/users/authenticate
2026-02-04 22:21:47.462  INFO 25080 --- [main] r.r.userservice.aspect.LoggingAspect     : >>> Incoming request: UserController.authenticate(..)
2026-02-04 22:21:47.466  WARN 25080 --- [main] r.r.userservice.aspect.LoggingAspect     : >>> Handling exception in: GlobalExceptionHandler.handleBadCredentialsException(..) - Exception type: BadCredentialsException - Message: Неверный email или пароль
2026-02-04 22:21:47.467  WARN 25080 --- [main] r.r.userservice.aspect.LoggingAspect     : <<< Exception handled by: GlobalExceptionHandler.handleBadCredentialsException(..)
2026-02-04 22:21:47.474 DEBUG 25080 --- [main] o.s.s.w.a.AnonymousAuthenticationFilter  : Set SecurityContextHolder to anonymous SecurityContext
2026-02-04 22:21:47.490 DEBUG 25080 --- [main] o.s.security.web.FilterChainProxy        : Securing POST /v1/users/oauth2-login
2026-02-04 22:21:47.492 DEBUG 25080 --- [main] o.s.security.web.FilterChainProxy        : Secured POST /v1/users/oauth2-login
2026-02-04 22:21:47.494  INFO 25080 --- [main] r.r.userservice.aspect.LoggingAspect     : >>> Incoming request: UserController.oauth2LoginOrRegister(..)
2026-02-04 22:21:47.494  INFO 25080 --- [main] r.r.userservice.aspect.LoggingAspect     : <<< Response from: UserController.oauth2LoginOrRegister(..)
2026-02-04 22:21:47.495 DEBUG 25080 --- [main] o.s.s.w.a.AnonymousAuthenticationFilter  : Set SecurityContextHolder to anonymous SecurityContext
2026-02-04 22:21:47.523 DEBUG 25080 --- [main] w.c.HttpSessionSecurityContextRepository : Created HttpSession as SecurityContext is non-default
2026-02-04 22:21:47.523 DEBUG 25080 --- [main] w.c.HttpSessionSecurityContextRepository : Stored SecurityContextImpl [Authentication=UsernamePasswordAuthenticationToken [Principal=org.springframework.security.core.userdetails.User [Username=test@test.com, Password=[PROTECTED], Enabled=true, AccountNonExpired=true, CredentialsNonExpired=true, AccountNonLocked=true, Granted Authorities=[ROLE_USER]], Credentials=[PROTECTED], Authenticated=true, Details=null, Granted Authorities=[ROLE_USER]]] to HttpSession [org.springframework.mock.web.MockHttpSession@1e7e3b20]
2026-02-04 22:21:47.524 DEBUG 25080 --- [main] o.s.security.web.FilterChainProxy        : Securing GET /v1/users/me
2026-02-04 22:21:47.526 DEBUG 25080 --- [main] o.s.security.web.FilterChainProxy        : Secured GET /v1/users/me
2026-02-04 22:21:47.529 DEBUG 25080 --- [main] w.c.HttpSessionSecurityContextRepository : Retrieved SecurityContextImpl [Authentication=UsernamePasswordAuthenticationToken [Principal=org.springframework.security.core.userdetails.User [Username=test@test.com, Password=[PROTECTED], Enabled=true, AccountNonExpired=true, CredentialsNonExpired=true, AccountNonLocked=true, Granted Authorities=[ROLE_USER]], Credentials=[PROTECTED], Authenticated=true, Details=null, Granted Authorities=[ROLE_USER]]]
2026-02-04 22:21:47.530  INFO 25080 --- [main] r.r.userservice.aspect.LoggingAspect     : >>> Incoming request: UserController.getCurrentUser(..)
2026-02-04 22:21:47.531  INFO 25080 --- [main] r.r.userservice.aspect.LoggingAspect     : <<< Response from: UserController.getCurrentUser(..)
2026-02-04 22:21:47.552 DEBUG 25080 --- [main] o.s.security.web.FilterChainProxy        : Securing DELETE /v1/users/1
2026-02-04 22:21:47.553 DEBUG 25080 --- [main] o.s.security.web.FilterChainProxy        : Secured DELETE /v1/users/1
2026-02-04 22:21:47.558  INFO 25080 --- [main] r.r.userservice.aspect.LoggingAspect     : >>> Incoming request: UserController.deleteUser(..)
2026-02-04 22:21:47.558  INFO 25080 --- [main] r.r.userservice.aspect.LoggingAspect     : <<< Response from: UserController.deleteUser(..)
2026-02-04 22:21:47.559 DEBUG 25080 --- [main] o.s.s.w.a.AnonymousAuthenticationFilter  : Set SecurityContextHolder to anonymous SecurityContext
2026-02-04 22:21:47.577 DEBUG 25080 --- [main] o.s.security.web.FilterChainProxy        : Securing PUT /v1/users/1/verify
2026-02-04 22:21:47.579 DEBUG 25080 --- [main] o.s.security.web.FilterChainProxy        : Secured PUT /v1/users/1/verify
2026-02-04 22:21:47.581  INFO 25080 --- [main] r.r.userservice.aspect.LoggingAspect     : >>> Incoming request: UserController.verifyUser(..)
2026-02-04 22:21:47.581  INFO 25080 --- [main] r.r.userservice.aspect.LoggingAspect     : <<< Response from: UserController.verifyUser(..)
2026-02-04 22:21:47.583 DEBUG 25080 --- [main] o.s.s.w.a.AnonymousAuthenticationFilter  : Set SecurityContextHolder to anonymous SecurityContext
2026-02-04 22:21:47.594 DEBUG 25080 --- [main] o.s.security.web.FilterChainProxy        : Securing POST /v1/users/signup
2026-02-04 22:21:47.595 DEBUG 25080 --- [main] o.s.security.web.FilterChainProxy        : Secured POST /v1/users/signup
2026-02-04 22:21:47.597  INFO 25080 --- [main] r.r.userservice.aspect.LoggingAspect     : >>> Incoming request: UserController.registerUser(..)
2026-02-04 22:21:47.597  INFO 25080 --- [main] r.r.userservice.aspect.LoggingAspect     : <<< Response from: UserController.registerUser(..)
2026-02-04 22:21:47.598 DEBUG 25080 --- [main] o.s.s.w.a.AnonymousAuthenticationFilter  : Set SecurityContextHolder to anonymous SecurityContext
2026-02-04 22:21:47.606 DEBUG 25080 --- [main] o.s.security.web.FilterChainProxy        : Securing POST /v1/users/authenticate
2026-02-04 22:21:47.607 DEBUG 25080 --- [main] o.s.security.web.FilterChainProxy        : Secured POST /v1/users/authenticate
2026-02-04 22:21:47.609  INFO 25080 --- [main] r.r.userservice.aspect.LoggingAspect     : >>> Incoming request: UserController.authenticate(..)
2026-02-04 22:21:47.609  INFO 25080 --- [main] r.r.userservice.aspect.LoggingAspect     : <<< Response from: UserController.authenticate(..)
2026-02-04 22:21:47.610 DEBUG 25080 --- [main] o.s.s.w.a.AnonymousAuthenticationFilter  : Set SecurityContextHolder to anonymous SecurityContext
2026-02-04 22:21:47.625 DEBUG 25080 --- [main] o.s.security.web.FilterChainProxy        : Securing PUT /v1/users/1
2026-02-04 22:21:47.627 DEBUG 25080 --- [main] o.s.security.web.FilterChainProxy        : Secured PUT /v1/users/1
2026-02-04 22:21:47.632  INFO 25080 --- [main] r.r.userservice.aspect.LoggingAspect     : >>> Incoming request: UserController.updateUser(..)
2026-02-04 22:21:47.633  INFO 25080 --- [main] r.r.userservice.aspect.LoggingAspect     : <<< Response from: UserController.updateUser(..)
2026-02-04 22:21:47.634 DEBUG 25080 --- [main] o.s.s.w.a.AnonymousAuthenticationFilter  : Set SecurityContextHolder to anonymous SecurityContext
2026-02-04 22:21:47.642 DEBUG 25080 --- [main] o.s.security.web.FilterChainProxy        : Securing POST /v1/users/signup
2026-02-04 22:21:47.643 DEBUG 25080 --- [main] o.s.security.web.FilterChainProxy        : Secured POST /v1/users/signup
2026-02-04 22:21:47.646  INFO 25080 --- [main] r.r.userservice.aspect.LoggingAspect     : >>> Incoming request: UserController.registerUser(..)
2026-02-04 22:21:47.647  WARN 25080 --- [main] r.r.userservice.aspect.LoggingAspect     : >>> Handling exception in: GlobalExceptionHandler.handleUserAlreadyExists(..) - Exception type: UserAlreadyExistsException - Message: Пользователь с email test@test.com уже зарегистрирован
2026-02-04 22:21:47.647  WARN 25080 --- [main] r.r.userservice.aspect.LoggingAspect     : <<< Exception handled by: GlobalExceptionHandler.handleUserAlreadyExists(..)
2026-02-04 22:21:47.649 DEBUG 25080 --- [main] o.s.s.w.a.AnonymousAuthenticationFilter  : Set SecurityContextHolder to anonymous SecurityContext
2026-02-04 22:21:47.658 DEBUG 25080 --- [main] o.s.security.web.FilterChainProxy        : Securing DELETE /v1/users/999
2026-02-04 22:21:47.659 DEBUG 25080 --- [main] o.s.security.web.FilterChainProxy        : Secured DELETE /v1/users/999
2026-02-04 22:21:47.660  INFO 25080 --- [main] r.r.userservice.aspect.LoggingAspect     : >>> Incoming request: UserController.deleteUser(..)
2026-02-04 22:21:47.662  WARN 25080 --- [main] r.r.userservice.aspect.LoggingAspect     : >>> Handling exception in: GlobalExceptionHandler.handleUserNotFoundException(..) - Exception type: UsernameNotFoundException - Message: Пользователь с id 999 не найден
2026-02-04 22:21:47.662  WARN 25080 --- [main] r.r.userservice.aspect.LoggingAspect     : <<< Exception handled by: GlobalExceptionHandler.handleUserNotFoundException(..)
2026-02-04 22:21:47.663 DEBUG 25080 --- [main] o.s.s.w.a.AnonymousAuthenticationFilter  : Set SecurityContextHolder to anonymous SecurityContext
2026-02-04 22:21:47.760  INFO 25080 --- [main] r.r.u.repository.RoleRepositoryTest      : Starting RoleRepositoryTest using Java 21.0.8 with PID 25080 (started by elims in D:\Max\java\my-application\ecommerce-platform\user-service)
2026-02-04 22:21:47.760 DEBUG 25080 --- [main] r.r.u.repository.RoleRepositoryTest      : Running with Spring Boot v3.5.9, Spring v6.2.15
2026-02-04 22:21:47.760  INFO 25080 --- [main] r.r.u.repository.RoleRepositoryTest      : The following 1 profile is active: "test"
2026-02-04 22:21:47.940  WARN 25080 --- [main] org.hibernate.orm.deprecation            : HHH90000025: H2Dialect does not need to be specified explicitly using 'hibernate.dialect' (remove the property setting and it will be selected by default)
2026-02-04 22:21:47.988 DEBUG 25080 --- [main] org.hibernate.SQL                        : drop table if exists roles cascade 
2026-02-04 22:21:47.989 DEBUG 25080 --- [main] org.hibernate.SQL                        : drop table if exists user_addresses cascade 
2026-02-04 22:21:47.989 DEBUG 25080 --- [main] org.hibernate.SQL                        : drop table if exists user_roles cascade 
2026-02-04 22:21:47.990 DEBUG 25080 --- [main] org.hibernate.SQL                        : drop table if exists users cascade 
2026-02-04 22:21:47.990 DEBUG 25080 --- [main] org.hibernate.SQL                        : create table roles (id bigint generated by default as identity, name varchar(255) not null unique, primary key (id))
2026-02-04 22:21:47.992 DEBUG 25080 --- [main] org.hibernate.SQL                        : create table user_addresses (default_address boolean not null, created_at timestamp(6), id bigint generated by default as identity, updated_at timestamp(6), user_id bigint not null, floor varchar(10), postal_code varchar(10), apartment varchar(20), building varchar(20) not null, entrance varchar(20), phone varchar(20) not null, intercom_code varchar(50), label varchar(50) not null, city varchar(100) not null, recipient_name varchar(100) not null, street varchar(150) not null, delivery_instructions varchar(500), primary key (id), constraint user_addresses_label unique (user_id, lable))
2026-02-04 22:21:47.995  WARN 25080 --- [main] o.h.t.s.i.ExceptionHandlerLoggedImpl     : GenerationTarget encountered exception accepting command : Error executing DDL "create table user_addresses (default_address boolean not null, created_at timestamp(6), id bigint generated by default as identity, updated_at timestamp(6), user_id bigint not null, floor varchar(10), postal_code varchar(10), apartment varchar(20), building varchar(20) not null, entrance varchar(20), phone varchar(20) not null, intercom_code varchar(50), label varchar(50) not null, city varchar(100) not null, recipient_name varchar(100) not null, street varchar(150) not null, delivery_instructions varchar(500), primary key (id), constraint user_addresses_label unique (user_id, lable))" via JDBC [Столбец "LABLE" не найден
Column "LABLE" not found;]
org.hibernate.tool.schema.spi.CommandAcceptanceException: Error executing DDL "create table user_addresses (default_address boolean not null, created_at timestamp(6), id bigint generated by default as identity, updated_at timestamp(6), user_id bigint not null, floor varchar(10), postal_code varchar(10), apartment varchar(20), building varchar(20) not null, entrance varchar(20), phone varchar(20) not null, intercom_code varchar(50), label varchar(50) not null, city varchar(100) not null, recipient_name varchar(100) not null, street varchar(150) not null, delivery_instructions varchar(500), primary key (id), constraint user_addresses_label unique (user_id, lable))" via JDBC [Столбец "LABLE" не найден
Column "LABLE" not found;]
	at org.hibernate.tool.schema.internal.exec.GenerationTargetToDatabase.accept(GenerationTargetToDatabase.java:94)
	at org.hibernate.tool.schema.internal.Helper.applySqlString(Helper.java:233)
	at org.hibernate.tool.schema.internal.Helper.applySqlStrings(Helper.java:217)
	at org.hibernate.tool.schema.internal.SchemaCreatorImpl.createTables(SchemaCreatorImpl.java:430)
	at org.hibernate.tool.schema.internal.SchemaCreatorImpl.createSequencesTablesConstraints(SchemaCreatorImpl.java:346)
	at org.hibernate.tool.schema.internal.SchemaCreatorImpl.createFromMetadata(SchemaCreatorImpl.java:241)
	at org.hibernate.tool.schema.internal.SchemaCreatorImpl.performCreation(SchemaCreatorImpl.java:174)
	at org.hibernate.tool.schema.internal.SchemaCreatorImpl.doCreation(SchemaCreatorImpl.java:144)
	at org.hibernate.tool.schema.internal.SchemaCreatorImpl.doCreation(SchemaCreatorImpl.java:120)
	at org.hibernate.tool.schema.spi.SchemaManagementToolCoordinator.performDatabaseAction(SchemaManagementToolCoordinator.java:250)
	at org.hibernate.tool.schema.spi.SchemaManagementToolCoordinator.lambda$process$5(SchemaManagementToolCoordinator.java:144)
	at java.base/java.util.HashMap.forEach(HashMap.java:1429)
	at org.hibernate.tool.schema.spi.SchemaManagementToolCoordinator.process(SchemaManagementToolCoordinator.java:141)
	at org.hibernate.boot.internal.SessionFactoryObserverForSchemaExport.sessionFactoryCreated(SessionFactoryObserverForSchemaExport.java:37)
	at org.hibernate.internal.SessionFactoryObserverChain.sessionFactoryCreated(SessionFactoryObserverChain.java:35)
	at org.hibernate.internal.SessionFactoryImpl.<init>(SessionFactoryImpl.java:324)
	at org.hibernate.boot.internal.SessionFactoryBuilderImpl.build(SessionFactoryBuilderImpl.java:463)
	at org.hibernate.jpa.boot.internal.EntityManagerFactoryBuilderImpl.build(EntityManagerFactoryBuilderImpl.java:1517)
	at org.springframework.orm.jpa.vendor.SpringHibernateJpaPersistenceProvider.createContainerEntityManagerFactory(SpringHibernateJpaPersistenceProvider.java:66)
	at org.springframework.orm.jpa.LocalContainerEntityManagerFactoryBean.createNativeEntityManagerFactory(LocalContainerEntityManagerFactoryBean.java:390)
	at org.springframework.orm.jpa.AbstractEntityManagerFactoryBean.buildNativeEntityManagerFactory(AbstractEntityManagerFactoryBean.java:419)
	at org.springframework.orm.jpa.AbstractEntityManagerFactoryBean.afterPropertiesSet(AbstractEntityManagerFactoryBean.java:400)
	at org.springframework.orm.jpa.LocalContainerEntityManagerFactoryBean.afterPropertiesSet(LocalContainerEntityManagerFactoryBean.java:366)
	at org.springframework.beans.factory.support.AbstractAutowireCapableBeanFactory.invokeInitMethods(AbstractAutowireCapableBeanFactory.java:1873)
	at org.springframework.beans.factory.support.AbstractAutowireCapableBeanFactory.initializeBean(AbstractAutowireCapableBeanFactory.java:1822)
	at org.springframework.beans.factory.support.AbstractAutowireCapableBeanFactory.doCreateBean(AbstractAutowireCapableBeanFactory.java:607)
	at org.springframework.beans.factory.support.AbstractAutowireCapableBeanFactory.createBean(AbstractAutowireCapableBeanFactory.java:529)
	at org.springframework.beans.factory.support.AbstractBeanFactory.lambda$doGetBean$0(AbstractBeanFactory.java:339)
	at org.springframework.beans.factory.support.DefaultSingletonBeanRegistry.getSingleton(DefaultSingletonBeanRegistry.java:373)
	at org.springframework.beans.factory.support.AbstractBeanFactory.doGetBean(AbstractBeanFactory.java:337)
	at org.springframework.beans.factory.support.AbstractBeanFactory.getBean(AbstractBeanFactory.java:207)
	at org.springframework.context.support.AbstractApplicationContext.finishBeanFactoryInitialization(AbstractApplicationContext.java:973)
	at org.springframework.context.support.AbstractApplicationContext.refresh(AbstractApplicationContext.java:627)
	at org.springframework.boot.SpringApplication.refresh(SpringApplication.java:752)
	at org.springframework.boot.SpringApplication.refreshContext(SpringApplication.java:439)
	at org.springframework.boot.SpringApplication.run(SpringApplication.java:318)
	at org.springframework.boot.test.context.SpringBootContextLoader.lambda$loadContext$3(SpringBootContextLoader.java:152)
	at org.springframework.util.function.ThrowingSupplier.get(ThrowingSupplier.java:58)
	at org.springframework.util.function.ThrowingSupplier.get(ThrowingSupplier.java:46)
	at org.springframework.boot.SpringApplication.withHook(SpringApplication.java:1461)
	at org.springframework.boot.test.context.SpringBootContextLoader$ContextLoaderHook.run(SpringBootContextLoader.java:595)
	at org.springframework.boot.test.context.SpringBootContextLoader.loadContext(SpringBootContextLoader.java:152)
	at org.springframework.boot.test.context.SpringBootContextLoader.loadContext(SpringBootContextLoader.java:111)
	at org.springframework.test.context.cache.DefaultCacheAwareContextLoaderDelegate.loadContextInternal(DefaultCacheAwareContextLoaderDelegate.java:225)
	at org.springframework.test.context.cache.DefaultCacheAwareContextLoaderDelegate.loadContext(DefaultCacheAwareContextLoaderDelegate.java:152)
	at org.springframework.test.context.support.DefaultTestContext.getApplicationContext(DefaultTestContext.java:130)
	at org.springframework.test.context.support.DependencyInjectionTestExecutionListener.injectDependencies(DependencyInjectionTestExecutionListener.java:155)
	at org.springframework.test.context.support.DependencyInjectionTestExecutionListener.prepareTestInstance(DependencyInjectionTestExecutionListener.java:111)
	at org.springframework.test.context.TestContextManager.prepareTestInstance(TestContextManager.java:260)
	at org.springframework.test.context.junit.jupiter.SpringExtension.postProcessTestInstance(SpringExtension.java:159)
	at org.junit.jupiter.engine.descriptor.ClassBasedTestDescriptor.lambda$invokeTestInstancePostProcessors$10(ClassBasedTestDescriptor.java:383)
	at org.junit.jupiter.engine.descriptor.ClassBasedTestDescriptor.executeAndMaskThrowable(ClassBasedTestDescriptor.java:388)
	at org.junit.jupiter.engine.descriptor.ClassBasedTestDescriptor.lambda$invokeTestInstancePostProcessors$11(ClassBasedTestDescriptor.java:382)
	at java.base/java.util.stream.ForEachOps$ForEachOp$OfRef.accept(ForEachOps.java:184)
	at java.base/java.util.stream.ReferencePipeline$3$1.accept(ReferencePipeline.java:197)
	at java.base/java.util.stream.ReferencePipeline$2$1.accept(ReferencePipeline.java:179)
	at java.base/java.util.stream.ReferencePipeline$3$1.accept(ReferencePipeline.java:197)
	at java.base/java.util.ArrayList$ArrayListSpliterator.forEachRemaining(ArrayList.java:1708)
	at java.base/java.util.stream.AbstractPipeline.copyInto(AbstractPipeline.java:509)
	at java.base/java.util.stream.AbstractPipeline.wrapAndCopyInto(AbstractPipeline.java:499)
	at java.base/java.util.stream.ForEachOps$ForEachOp.evaluateSequential(ForEachOps.java:151)
	at java.base/java.util.stream.ForEachOps$ForEachOp$OfRef.evaluateSequential(ForEachOps.java:174)
	at java.base/java.util.stream.AbstractPipeline.evaluate(AbstractPipeline.java:234)
	at java.base/java.util.stream.ReferencePipeline.forEach(ReferencePipeline.java:596)
	at org.junit.jupiter.engine.descriptor.ClassBasedTestDescriptor.invokeTestInstancePostProcessors(ClassBasedTestDescriptor.java:382)
	at org.junit.jupiter.engine.descriptor.ClassBasedTestDescriptor.lambda$instantiateAndPostProcessTestInstance$6(ClassBasedTestDescriptor.java:293)
	at org.junit.platform.engine.support.hierarchical.ThrowableCollector.execute(ThrowableCollector.java:73)
	at org.junit.jupiter.engine.descriptor.ClassBasedTestDescriptor.instantiateAndPostProcessTestInstance(ClassBasedTestDescriptor.java:292)
	at org.junit.jupiter.engine.descriptor.ClassBasedTestDescriptor.lambda$testInstancesProvider$4(ClassBasedTestDescriptor.java:281)
	at java.base/java.util.Optional.orElseGet(Optional.java:364)
	at org.junit.jupiter.engine.descriptor.ClassBasedTestDescriptor.lambda$testInstancesProvider$5(ClassBasedTestDescriptor.java:280)
	at org.junit.jupiter.engine.execution.TestInstancesProvider.getTestInstances(TestInstancesProvider.java:27)
	at org.junit.jupiter.engine.descriptor.TestMethodTestDescriptor.lambda$prepare$0(TestMethodTestDescriptor.java:112)
	at org.junit.platform.engine.support.hierarchical.ThrowableCollector.execute(ThrowableCollector.java:73)
	at org.junit.jupiter.engine.descriptor.TestMethodTestDescriptor.prepare(TestMethodTestDescriptor.java:111)
	at org.junit.jupiter.engine.descriptor.TestMethodTestDescriptor.prepare(TestMethodTestDescriptor.java:69)
	at org.junit.platform.engine.support.hierarchical.NodeTestTask.lambda$prepare$2(NodeTestTask.java:128)
	at org.junit.platform.engine.support.hierarchical.ThrowableCollector.execute(ThrowableCollector.java:73)
	at org.junit.platform.engine.support.hierarchical.NodeTestTask.prepare(NodeTestTask.java:128)
	at org.junit.platform.engine.support.hierarchical.NodeTestTask.execute(NodeTestTask.java:95)
	at java.base/java.util.ArrayList.forEach(ArrayList.java:1596)
	at org.junit.platform.engine.support.hierarchical.SameThreadHierarchicalTestExecutorService.invokeAll(SameThreadHierarchicalTestExecutorService.java:41)
	at org.junit.platform.engine.support.hierarchical.NodeTestTask.lambda$executeRecursively$6(NodeTestTask.java:160)
	at org.junit.platform.engine.support.hierarchical.ThrowableCollector.execute(ThrowableCollector.java:73)
	at org.junit.platform.engine.support.hierarchical.NodeTestTask.lambda$executeRecursively$8(NodeTestTask.java:146)
	at org.junit.platform.engine.support.hierarchical.Node.around(Node.java:137)
	at org.junit.platform.engine.support.hierarchical.NodeTestTask.lambda$executeRecursively$9(NodeTestTask.java:144)
	at org.junit.platform.engine.support.hierarchical.ThrowableCollector.execute(ThrowableCollector.java:73)
	at org.junit.platform.engine.support.hierarchical.NodeTestTask.executeRecursively(NodeTestTask.java:143)
	at org.junit.platform.engine.support.hierarchical.NodeTestTask.execute(NodeTestTask.java:100)
	at java.base/java.util.ArrayList.forEach(ArrayList.java:1596)
	at org.junit.platform.engine.support.hierarchical.SameThreadHierarchicalTestExecutorService.invokeAll(SameThreadHierarchicalTestExecutorService.java:41)
	at org.junit.platform.engine.support.hierarchical.NodeTestTask.lambda$executeRecursively$6(NodeTestTask.java:160)
	at org.junit.platform.engine.support.hierarchical.ThrowableCollector.execute(ThrowableCollector.java:73)
	at org.junit.platform.engine.support.hierarchical.NodeTestTask.lambda$executeRecursively$8(NodeTestTask.java:146)
	at org.junit.platform.engine.support.hierarchical.Node.around(Node.java:137)
	at org.junit.platform.engine.support.hierarchical.NodeTestTask.lambda$executeRecursively$9(NodeTestTask.java:144)
	at org.junit.platform.engine.support.hierarchical.ThrowableCollector.execute(ThrowableCollector.java:73)
	at org.junit.platform.engine.support.hierarchical.NodeTestTask.executeRecursively(NodeTestTask.java:143)
	at org.junit.platform.engine.support.hierarchical.NodeTestTask.execute(NodeTestTask.java:100)
	at org.junit.platform.engine.support.hierarchical.SameThreadHierarchicalTestExecutorService.submit(SameThreadHierarchicalTestExecutorService.java:35)
	at org.junit.platform.engine.support.hierarchical.HierarchicalTestExecutor.execute(HierarchicalTestExecutor.java:57)
	at org.junit.platform.engine.support.hierarchical.HierarchicalTestEngine.execute(HierarchicalTestEngine.java:54)
	at org.junit.platform.launcher.core.EngineExecutionOrchestrator.execute(EngineExecutionOrchestrator.java:201)
	at org.junit.platform.launcher.core.EngineExecutionOrchestrator.execute(EngineExecutionOrchestrator.java:170)
	at org.junit.platform.launcher.core.EngineExecutionOrchestrator.execute(EngineExecutionOrchestrator.java:94)
	at org.junit.platform.launcher.core.EngineExecutionOrchestrator.lambda$execute$0(EngineExecutionOrchestrator.java:59)
	at org.junit.platform.launcher.core.EngineExecutionOrchestrator.withInterceptedStreams(EngineExecutionOrchestrator.java:142)
	at org.junit.platform.launcher.core.EngineExecutionOrchestrator.execute(EngineExecutionOrchestrator.java:58)
	at org.junit.platform.launcher.core.DefaultLauncher.execute(DefaultLauncher.java:103)
	at org.junit.platform.launcher.core.DefaultLauncher.execute(DefaultLauncher.java:85)
	at org.junit.platform.launcher.core.DelegatingLauncher.execute(DelegatingLauncher.java:47)
	at org.junit.platform.launcher.core.InterceptingLauncher.lambda$execute$1(InterceptingLauncher.java:39)
	at org.junit.platform.launcher.core.ClasspathAlignmentCheckingLauncherInterceptor.intercept(ClasspathAlignmentCheckingLauncherInterceptor.java:25)
	at org.junit.platform.launcher.core.InterceptingLauncher.execute(InterceptingLauncher.java:38)
	at org.junit.platform.launcher.core.DelegatingLauncher.execute(DelegatingLauncher.java:47)
	at org.apache.maven.surefire.junitplatform.LazyLauncher.execute(LazyLauncher.java:56)
	at org.apache.maven.surefire.junitplatform.JUnitPlatformProvider.execute(JUnitPlatformProvider.java:184)
	at org.apache.maven.surefire.junitplatform.JUnitPlatformProvider.invokeAllTests(JUnitPlatformProvider.java:148)
	at org.apache.maven.surefire.junitplatform.JUnitPlatformProvider.invoke(JUnitPlatformProvider.java:122)
	at org.apache.maven.surefire.booter.ForkedBooter.runSuitesInProcess(ForkedBooter.java:385)
	at org.apache.maven.surefire.booter.ForkedBooter.execute(ForkedBooter.java:162)
	at org.apache.maven.surefire.booter.ForkedBooter.run(ForkedBooter.java:507)
	at org.apache.maven.surefire.booter.ForkedBooter.main(ForkedBooter.java:495)
Caused by: org.h2.jdbc.JdbcSQLSyntaxErrorException: Столбец "LABLE" не найден
Column "LABLE" not found; SQL statement:
create table user_addresses (default_address boolean not null, created_at timestamp(6), id bigint generated by default as identity, updated_at timestamp(6), user_id bigint not null, floor varchar(10), postal_code varchar(10), apartment varchar(20), building varchar(20) not null, entrance varchar(20), phone varchar(20) not null, intercom_code varchar(50), label varchar(50) not null, city varchar(100) not null, recipient_name varchar(100) not null, street varchar(150) not null, delivery_instructions varchar(500), primary key (id), constraint user_addresses_label unique (user_id, lable)) [42122-224]
	at org.h2.message.DbException.getJdbcSQLException(DbException.java:514)
	at org.h2.message.DbException.getJdbcSQLException(DbException.java:489)
	at org.h2.message.DbException.get(DbException.java:223)
	at org.h2.message.DbException.get(DbException.java:199)
	at org.h2.table.Table.getColumn(Table.java:759)
	at org.h2.table.IndexColumn.mapColumns(IndexColumn.java:184)
	at org.h2.command.ddl.AlterTableAddConstraint.tryUpdate(AlterTableAddConstraint.java:182)
	at org.h2.command.ddl.AlterTableAddConstraint.update(AlterTableAddConstraint.java:74)
	at org.h2.command.ddl.AlterTable.update(AlterTable.java:46)
	at org.h2.command.ddl.CommandWithColumns.createConstraints(CommandWithColumns.java:83)
	at org.h2.command.ddl.CreateTable.update(CreateTable.java:134)
	at org.h2.command.CommandContainer.update(CommandContainer.java:169)
	at org.h2.command.Command.executeUpdate(Command.java:256)
	at org.h2.jdbc.JdbcStatement.executeInternal(JdbcStatement.java:262)
	at org.h2.jdbc.JdbcStatement.execute(JdbcStatement.java:231)
	at org.hibernate.tool.schema.internal.exec.GenerationTargetToDatabase.accept(GenerationTargetToDatabase.java:80)
	... 123 common frames omitted
2026-02-04 22:21:47.999 DEBUG 25080 --- [main] org.hibernate.SQL                        : create table user_roles (role_id bigint not null, user_id bigint not null, primary key (role_id, user_id))
2026-02-04 22:21:48.000 DEBUG 25080 --- [main] org.hibernate.SQL                        : create table users (email_verified boolean not null, created_at timestamp(6), id bigint generated by default as identity, updated_at timestamp(6), email varchar(255) not null unique, firstname varchar(255) not null, lastname varchar(255) not null, password varchar(255) not null, surname varchar(255), primary key (id))
2026-02-04 22:21:48.002 DEBUG 25080 --- [main] org.hibernate.SQL                        : alter table if exists user_roles add constraint FKh8ciramu9cc9q3qcqiv4ue8a6 foreign key (role_id) references roles
2026-02-04 22:21:48.003 DEBUG 25080 --- [main] org.hibernate.SQL                        : alter table if exists user_roles add constraint FKhfh9dx7w3ubf1co1vdev94g3f foreign key (user_id) references users
2026-02-04 22:21:48.045  INFO 25080 --- [main] r.r.u.repository.RoleRepositoryTest      : Started RoleRepositoryTest in 0.323 seconds (process running for 13.638)
2026-02-04 22:21:48.113 DEBUG 25080 --- [main] org.hibernate.SQL                        : insert into roles (name,id) values (?,default)
2026-02-04 22:21:48.161 DEBUG 25080 --- [main] org.hibernate.SQL                        : insert into roles (name,id) values (?,default)
2026-02-04 22:21:48.226 DEBUG 25080 --- [main] org.hibernate.SQL                        : select re1_0.id,re1_0.name from roles re1_0
2026-02-04 22:21:48.294 DEBUG 25080 --- [main] org.hibernate.SQL                        : insert into roles (name,id) values (?,default)
2026-02-04 22:21:48.312 DEBUG 25080 --- [main] org.hibernate.SQL                        : select re1_0.id,re1_0.name from roles re1_0 where re1_0.name=?
2026-02-04 22:21:48.340 DEBUG 25080 --- [main] org.hibernate.SQL                        : select re1_0.id,re1_0.name from roles re1_0 where re1_0.name=?
2026-02-04 22:21:48.350 DEBUG 25080 --- [main] org.hibernate.SQL                        : insert into roles (name,id) values (?,default)
2026-02-04 22:21:48.356 DEBUG 25080 --- [main] org.hibernate.SQL                        : insert into roles (name,id) values (?,default)
2026-02-04 22:21:48.359  WARN 25080 --- [main] o.h.engine.jdbc.spi.SqlExceptionHelper   : SQL Error: 23505, SQLState: 23505
2026-02-04 22:21:48.359 ERROR 25080 --- [main] o.h.engine.jdbc.spi.SqlExceptionHelper   : Нарушение уникального индекса или первичного ключа: "PUBLIC.CONSTRAINT_INDEX_4 ON PUBLIC.ROLES(NAME NULLS FIRST) VALUES ( /* 4 */ 'ROLE_ADMIN' )"
Unique index or primary key violation: "PUBLIC.CONSTRAINT_INDEX_4 ON PUBLIC.ROLES(NAME NULLS FIRST) VALUES ( /* 4 */ 'ROLE_ADMIN' )"; SQL statement:
insert into roles (name,id) values (?,default) [23505-224]
2026-02-04 22:21:48.380 DEBUG 25080 --- [main] org.hibernate.SQL                        : insert into roles (name,id) values (?,default)
2026-02-04 22:21:48.385 DEBUG 25080 --- [main] org.hibernate.SQL                        : select re1_0.id,re1_0.name from roles re1_0 where re1_0.name=?
2026-02-04 22:21:48.396 DEBUG 25080 --- [main] org.hibernate.SQL                        : insert into roles (name,id) values (?,default)
2026-02-04 22:21:48.435 DEBUG 25080 --- [main] org.hibernate.SQL                        : select ue1_0.id,ue1_0.created_at,ue1_0.email,ue1_0.email_verified,ue1_0.firstname,ue1_0.lastname,ue1_0.password,ue1_0.surname,ue1_0.updated_at from users ue1_0
2026-02-04 22:21:48.451 DEBUG 25080 --- [main] org.hibernate.SQL                        : insert into users (created_at,email,email_verified,firstname,lastname,password,surname,updated_at,id) values (?,?,?,?,?,?,?,?,default)
2026-02-04 22:21:48.458 DEBUG 25080 --- [main] org.hibernate.SQL                        : select ue1_0.id,ue1_0.created_at,ue1_0.email,ue1_0.email_verified,ue1_0.firstname,ue1_0.lastname,ue1_0.password,ue1_0.surname,ue1_0.updated_at from users ue1_0 where ue1_0.email=?
2026-02-04 22:21:48.469 DEBUG 25080 --- [main] org.hibernate.SQL                        : select ue1_0.id,ue1_0.created_at,ue1_0.email,ue1_0.email_verified,ue1_0.firstname,ue1_0.lastname,ue1_0.password,ue1_0.surname,ue1_0.updated_at from users ue1_0
2026-02-04 22:21:48.473 DEBUG 25080 --- [main] org.hibernate.SQL                        : insert into users (created_at,email,email_verified,firstname,lastname,password,surname,updated_at,id) values (?,?,?,?,?,?,?,?,default)
2026-02-04 22:21:48.479 DEBUG 25080 --- [main] org.hibernate.SQL                        : insert into users (created_at,email,email_verified,firstname,lastname,password,surname,updated_at,id) values (?,?,?,?,?,?,?,?,default)
2026-02-04 22:21:48.480  WARN 25080 --- [main] o.h.engine.jdbc.spi.SqlExceptionHelper   : SQL Error: 23505, SQLState: 23505
2026-02-04 22:21:48.480 ERROR 25080 --- [main] o.h.engine.jdbc.spi.SqlExceptionHelper   : Нарушение уникального индекса или первичного ключа: "PUBLIC.CONSTRAINT_INDEX_4D ON PUBLIC.USERS(EMAIL NULLS FIRST) VALUES ( /* 2 */ 'test@test.com' )"
Unique index or primary key violation: "PUBLIC.CONSTRAINT_INDEX_4D ON PUBLIC.USERS(EMAIL NULLS FIRST) VALUES ( /* 2 */ 'test@test.com' )"; SQL statement:
insert into users (created_at,email,email_verified,firstname,lastname,password,surname,updated_at,id) values (?,?,?,?,?,?,?,?,default) [23505-224]
2026-02-04 22:21:48.487 DEBUG 25080 --- [main] org.hibernate.SQL                        : select ue1_0.id,ue1_0.created_at,ue1_0.email,ue1_0.email_verified,ue1_0.firstname,ue1_0.lastname,ue1_0.password,ue1_0.surname,ue1_0.updated_at from users ue1_0
2026-02-04 22:21:48.489 DEBUG 25080 --- [main] org.hibernate.SQL                        : insert into users (created_at,email,email_verified,firstname,lastname,password,surname,updated_at,id) values (?,?,?,?,?,?,?,?,default)
2026-02-04 22:21:48.491 DEBUG 25080 --- [main] org.hibernate.SQL                        : select ue1_0.id,ue1_0.created_at,ue1_0.email,ue1_0.email_verified,ue1_0.firstname,ue1_0.lastname,ue1_0.password,ue1_0.surname,ue1_0.updated_at from users ue1_0 where ue1_0.email=?
2026-02-04 22:21:48.504 DEBUG 25080 --- [main] org.hibernate.SQL                        : update users set created_at=?,email=?,email_verified=?,firstname=?,lastname=?,password=?,surname=?,updated_at=? where id=?
2026-02-04 22:21:48.509 DEBUG 25080 --- [main] org.hibernate.SQL                        : select ue1_0.id,ue1_0.created_at,ue1_0.email,ue1_0.email_verified,ue1_0.firstname,ue1_0.lastname,ue1_0.password,ue1_0.surname,ue1_0.updated_at from users ue1_0 where ue1_0.email=?
2026-02-04 22:21:48.516 DEBUG 25080 --- [main] org.hibernate.SQL                        : select ue1_0.id,ue1_0.created_at,ue1_0.email,ue1_0.email_verified,ue1_0.firstname,ue1_0.lastname,ue1_0.password,ue1_0.surname,ue1_0.updated_at from users ue1_0
2026-02-04 22:21:48.519 DEBUG 25080 --- [main] org.hibernate.SQL                        : insert into users (created_at,email,email_verified,firstname,lastname,password,surname,updated_at,id) values (?,?,?,?,?,?,?,?,default)
2026-02-04 22:21:48.521 DEBUG 25080 --- [main] org.hibernate.SQL                        : select ue1_0.id,ue1_0.created_at,ue1_0.email,ue1_0.email_verified,ue1_0.firstname,ue1_0.lastname,ue1_0.password,ue1_0.surname,ue1_0.updated_at from users ue1_0 where ue1_0.email=?
2026-02-04 22:21:48.528 DEBUG 25080 --- [main] org.hibernate.SQL                        : select ue1_0.id,ue1_0.created_at,ue1_0.email,ue1_0.email_verified,ue1_0.firstname,ue1_0.lastname,ue1_0.password,ue1_0.surname,ue1_0.updated_at from users ue1_0
2026-02-04 22:21:48.533 DEBUG 25080 --- [main] org.hibernate.SQL                        : insert into users (created_at,email,email_verified,firstname,lastname,password,surname,updated_at,id) values (?,?,?,?,?,?,?,?,default)
2026-02-04 22:21:48.537 DEBUG 25080 --- [main] org.hibernate.SQL                        : select ue1_0.id,ue1_0.created_at,ue1_0.email,ue1_0.email_verified,ue1_0.firstname,ue1_0.lastname,ue1_0.password,ue1_0.surname,ue1_0.updated_at from users ue1_0 where ue1_0.email=?
2026-02-04 22:21:48.541 DEBUG 25080 --- [main] org.hibernate.SQL                        : delete from users where id=?
2026-02-04 22:21:48.543 DEBUG 25080 --- [main] org.hibernate.SQL                        : select ue1_0.id,ue1_0.created_at,ue1_0.email,ue1_0.email_verified,ue1_0.firstname,ue1_0.lastname,ue1_0.password,ue1_0.surname,ue1_0.updated_at from users ue1_0 where ue1_0.email=?
2026-02-04 22:21:48.549 DEBUG 25080 --- [main] org.hibernate.SQL                        : select ue1_0.id,ue1_0.created_at,ue1_0.email,ue1_0.email_verified,ue1_0.firstname,ue1_0.lastname,ue1_0.password,ue1_0.surname,ue1_0.updated_at from users ue1_0
2026-02-04 22:21:48.551 DEBUG 25080 --- [main] org.hibernate.SQL                        : insert into users (created_at,email,email_verified,firstname,lastname,password,surname,updated_at,id) values (?,?,?,?,?,?,?,?,default)
2026-02-04 22:21:48.554 DEBUG 25080 --- [main] org.hibernate.SQL                        : select ue1_0.id,ue1_0.created_at,ue1_0.email,ue1_0.email_verified,ue1_0.firstname,ue1_0.lastname,ue1_0.password,ue1_0.surname,ue1_0.updated_at from users ue1_0 where ue1_0.email=?
2026-02-04 22:21:48.940  INFO 25080 --- [main] r.r.u.UserServiceApplicationTests        : Starting UserServiceApplicationTests using Java 21.0.8 with PID 25080 (started by elims in D:\Max\java\my-application\ecommerce-platform\user-service)
2026-02-04 22:21:48.940  INFO 25080 --- [main] r.r.u.UserServiceApplicationTests        : The following 1 profile is active: "test"
2026-02-04 22:21:49.341  WARN 25080 --- [main] org.hibernate.orm.deprecation            : HHH90000025: H2Dialect does not need to be specified explicitly using 'hibernate.dialect' (remove the property setting and it will be selected by default)
2026-02-04 22:21:49.387 DEBUG 25080 --- [main] org.hibernate.SQL                        : drop table if exists roles cascade 
2026-02-04 22:21:49.389 DEBUG 25080 --- [main] org.hibernate.SQL                        : drop table if exists user_addresses cascade 
2026-02-04 22:21:49.389 DEBUG 25080 --- [main] org.hibernate.SQL                        : drop table if exists user_roles cascade 
2026-02-04 22:21:49.391 DEBUG 25080 --- [main] org.hibernate.SQL                        : drop table if exists users cascade 
2026-02-04 22:21:49.391 DEBUG 25080 --- [main] org.hibernate.SQL                        : create table roles (id bigint generated by default as identity, name varchar(255) not null unique, primary key (id))
2026-02-04 22:21:49.392 DEBUG 25080 --- [main] org.hibernate.SQL                        : create table user_addresses (default_address boolean not null, created_at timestamp(6), id bigint generated by default as identity, updated_at timestamp(6), user_id bigint not null, floor varchar(10), postal_code varchar(10), apartment varchar(20), building varchar(20) not null, entrance varchar(20), phone varchar(20) not null, intercom_code varchar(50), label varchar(50) not null, city varchar(100) not null, recipient_name varchar(100) not null, street varchar(150) not null, delivery_instructions varchar(500), primary key (id), constraint user_addresses_label unique (user_id, lable))
2026-02-04 22:21:49.395  WARN 25080 --- [main] o.h.t.s.i.ExceptionHandlerLoggedImpl     : GenerationTarget encountered exception accepting command : Error executing DDL "create table user_addresses (default_address boolean not null, created_at timestamp(6), id bigint generated by default as identity, updated_at timestamp(6), user_id bigint not null, floor varchar(10), postal_code varchar(10), apartment varchar(20), building varchar(20) not null, entrance varchar(20), phone varchar(20) not null, intercom_code varchar(50), label varchar(50) not null, city varchar(100) not null, recipient_name varchar(100) not null, street varchar(150) not null, delivery_instructions varchar(500), primary key (id), constraint user_addresses_label unique (user_id, lable))" via JDBC [Столбец "LABLE" не найден
Column "LABLE" not found;]
org.hibernate.tool.schema.spi.CommandAcceptanceException: Error executing DDL "create table user_addresses (default_address boolean not null, created_at timestamp(6), id bigint generated by default as identity, updated_at timestamp(6), user_id bigint not null, floor varchar(10), postal_code varchar(10), apartment varchar(20), building varchar(20) not null, entrance varchar(20), phone varchar(20) not null, intercom_code varchar(50), label varchar(50) not null, city varchar(100) not null, recipient_name varchar(100) not null, street varchar(150) not null, delivery_instructions varchar(500), primary key (id), constraint user_addresses_label unique (user_id, lable))" via JDBC [Столбец "LABLE" не найден
Column "LABLE" not found;]
	at org.hibernate.tool.schema.internal.exec.GenerationTargetToDatabase.accept(GenerationTargetToDatabase.java:94)
	at org.hibernate.tool.schema.internal.Helper.applySqlString(Helper.java:233)
	at org.hibernate.tool.schema.internal.Helper.applySqlStrings(Helper.java:217)
	at org.hibernate.tool.schema.internal.SchemaCreatorImpl.createTables(SchemaCreatorImpl.java:430)
	at org.hibernate.tool.schema.internal.SchemaCreatorImpl.createSequencesTablesConstraints(SchemaCreatorImpl.java:346)
	at org.hibernate.tool.schema.internal.SchemaCreatorImpl.createFromMetadata(SchemaCreatorImpl.java:241)
	at org.hibernate.tool.schema.internal.SchemaCreatorImpl.performCreation(SchemaCreatorImpl.java:174)
	at org.hibernate.tool.schema.internal.SchemaCreatorImpl.doCreation(SchemaCreatorImpl.java:144)
	at org.hibernate.tool.schema.internal.SchemaCreatorImpl.doCreation(SchemaCreatorImpl.java:120)
	at org.hibernate.tool.schema.spi.SchemaManagementToolCoordinator.performDatabaseAction(SchemaManagementToolCoordinator.java:250)
	at org.hibernate.tool.schema.spi.SchemaManagementToolCoordinator.lambda$process$5(SchemaManagementToolCoordinator.java:144)
	at java.base/java.util.HashMap.forEach(HashMap.java:1429)
	at org.hibernate.tool.schema.spi.SchemaManagementToolCoordinator.process(SchemaManagementToolCoordinator.java:141)
	at org.hibernate.boot.internal.SessionFactoryObserverForSchemaExport.sessionFactoryCreated(SessionFactoryObserverForSchemaExport.java:37)
	at org.hibernate.internal.SessionFactoryObserverChain.sessionFactoryCreated(SessionFactoryObserverChain.java:35)
	at org.hibernate.internal.SessionFactoryImpl.<init>(SessionFactoryImpl.java:324)
	at org.hibernate.boot.internal.SessionFactoryBuilderImpl.build(SessionFactoryBuilderImpl.java:463)
	at org.hibernate.jpa.boot.internal.EntityManagerFactoryBuilderImpl.build(EntityManagerFactoryBuilderImpl.java:1517)
	at org.springframework.orm.jpa.vendor.SpringHibernateJpaPersistenceProvider.createContainerEntityManagerFactory(SpringHibernateJpaPersistenceProvider.java:66)
	at org.springframework.orm.jpa.LocalContainerEntityManagerFactoryBean.createNativeEntityManagerFactory(LocalContainerEntityManagerFactoryBean.java:390)
	at org.springframework.orm.jpa.AbstractEntityManagerFactoryBean.buildNativeEntityManagerFactory(AbstractEntityManagerFactoryBean.java:419)
	at org.springframework.orm.jpa.AbstractEntityManagerFactoryBean.afterPropertiesSet(AbstractEntityManagerFactoryBean.java:400)
	at org.springframework.orm.jpa.LocalContainerEntityManagerFactoryBean.afterPropertiesSet(LocalContainerEntityManagerFactoryBean.java:366)
	at org.springframework.beans.factory.support.AbstractAutowireCapableBeanFactory.invokeInitMethods(AbstractAutowireCapableBeanFactory.java:1873)
	at org.springframework.beans.factory.support.AbstractAutowireCapableBeanFactory.initializeBean(AbstractAutowireCapableBeanFactory.java:1822)
	at org.springframework.beans.factory.support.AbstractAutowireCapableBeanFactory.doCreateBean(AbstractAutowireCapableBeanFactory.java:607)
	at org.springframework.beans.factory.support.AbstractAutowireCapableBeanFactory.createBean(AbstractAutowireCapableBeanFactory.java:529)
	at org.springframework.beans.factory.support.AbstractBeanFactory.lambda$doGetBean$0(AbstractBeanFactory.java:339)
	at org.springframework.beans.factory.support.DefaultSingletonBeanRegistry.getSingleton(DefaultSingletonBeanRegistry.java:373)
	at org.springframework.beans.factory.support.AbstractBeanFactory.doGetBean(AbstractBeanFactory.java:337)
	at org.springframework.beans.factory.support.AbstractBeanFactory.getBean(AbstractBeanFactory.java:207)
	at org.springframework.context.support.AbstractApplicationContext.finishBeanFactoryInitialization(AbstractApplicationContext.java:973)
	at org.springframework.context.support.AbstractApplicationContext.refresh(AbstractApplicationContext.java:627)
	at org.springframework.boot.SpringApplication.refresh(SpringApplication.java:752)
	at org.springframework.boot.SpringApplication.refreshContext(SpringApplication.java:439)
	at org.springframework.boot.SpringApplication.run(SpringApplication.java:318)
	at org.springframework.boot.test.context.SpringBootContextLoader.lambda$loadContext$3(SpringBootContextLoader.java:152)
	at org.springframework.util.function.ThrowingSupplier.get(ThrowingSupplier.java:58)
	at org.springframework.util.function.ThrowingSupplier.get(ThrowingSupplier.java:46)
	at org.springframework.boot.SpringApplication.withHook(SpringApplication.java:1461)
	at org.springframework.boot.test.context.SpringBootContextLoader$ContextLoaderHook.run(SpringBootContextLoader.java:595)
	at org.springframework.boot.test.context.SpringBootContextLoader.loadContext(SpringBootContextLoader.java:152)
	at org.springframework.boot.test.context.SpringBootContextLoader.loadContext(SpringBootContextLoader.java:111)
	at org.springframework.test.context.cache.DefaultCacheAwareContextLoaderDelegate.loadContextInternal(DefaultCacheAwareContextLoaderDelegate.java:225)
	at org.springframework.test.context.cache.DefaultCacheAwareContextLoaderDelegate.loadContext(DefaultCacheAwareContextLoaderDelegate.java:152)
	at org.springframework.test.context.support.DefaultTestContext.getApplicationContext(DefaultTestContext.java:130)
	at org.springframework.test.context.web.ServletTestExecutionListener.setUpRequestContextIfNecessary(ServletTestExecutionListener.java:200)
	at org.springframework.test.context.web.ServletTestExecutionListener.prepareTestInstance(ServletTestExecutionListener.java:139)
	at org.springframework.test.context.TestContextManager.prepareTestInstance(TestContextManager.java:260)
	at org.springframework.test.context.junit.jupiter.SpringExtension.postProcessTestInstance(SpringExtension.java:159)
	at org.junit.jupiter.engine.descriptor.ClassBasedTestDescriptor.lambda$invokeTestInstancePostProcessors$10(ClassBasedTestDescriptor.java:383)
	at org.junit.jupiter.engine.descriptor.ClassBasedTestDescriptor.executeAndMaskThrowable(ClassBasedTestDescriptor.java:388)
	at org.junit.jupiter.engine.descriptor.ClassBasedTestDescriptor.lambda$invokeTestInstancePostProcessors$11(ClassBasedTestDescriptor.java:382)
	at java.base/java.util.stream.ForEachOps$ForEachOp$OfRef.accept(ForEachOps.java:184)
	at java.base/java.util.stream.ReferencePipeline$3$1.accept(ReferencePipeline.java:197)
	at java.base/java.util.stream.ReferencePipeline$2$1.accept(ReferencePipeline.java:179)
	at java.base/java.util.stream.ReferencePipeline$3$1.accept(ReferencePipeline.java:197)
	at java.base/java.util.ArrayList$ArrayListSpliterator.forEachRemaining(ArrayList.java:1708)
	at java.base/java.util.stream.AbstractPipeline.copyInto(AbstractPipeline.java:509)
	at java.base/java.util.stream.AbstractPipeline.wrapAndCopyInto(AbstractPipeline.java:499)
	at java.base/java.util.stream.ForEachOps$ForEachOp.evaluateSequential(ForEachOps.java:151)
	at java.base/java.util.stream.ForEachOps$ForEachOp$OfRef.evaluateSequential(ForEachOps.java:174)
	at java.base/java.util.stream.AbstractPipeline.evaluate(AbstractPipeline.java:234)
	at java.base/java.util.stream.ReferencePipeline.forEach(ReferencePipeline.java:596)
	at org.junit.jupiter.engine.descriptor.ClassBasedTestDescriptor.invokeTestInstancePostProcessors(ClassBasedTestDescriptor.java:382)
	at org.junit.jupiter.engine.descriptor.ClassBasedTestDescriptor.lambda$instantiateAndPostProcessTestInstance$6(ClassBasedTestDescriptor.java:293)
	at org.junit.platform.engine.support.hierarchical.ThrowableCollector.execute(ThrowableCollector.java:73)
	at org.junit.jupiter.engine.descriptor.ClassBasedTestDescriptor.instantiateAndPostProcessTestInstance(ClassBasedTestDescriptor.java:292)
	at org.junit.jupiter.engine.descriptor.ClassBasedTestDescriptor.lambda$testInstancesProvider$4(ClassBasedTestDescriptor.java:281)
	at java.base/java.util.Optional.orElseGet(Optional.java:364)
	at org.junit.jupiter.engine.descriptor.ClassBasedTestDescriptor.lambda$testInstancesProvider$5(ClassBasedTestDescriptor.java:280)
	at org.junit.jupiter.engine.execution.TestInstancesProvider.getTestInstances(TestInstancesProvider.java:27)
	at org.junit.jupiter.engine.descriptor.TestMethodTestDescriptor.lambda$prepare$0(TestMethodTestDescriptor.java:112)
	at org.junit.platform.engine.support.hierarchical.ThrowableCollector.execute(ThrowableCollector.java:73)
	at org.junit.jupiter.engine.descriptor.TestMethodTestDescriptor.prepare(TestMethodTestDescriptor.java:111)
	at org.junit.jupiter.engine.descriptor.TestMethodTestDescriptor.prepare(TestMethodTestDescriptor.java:69)
	at org.junit.platform.engine.support.hierarchical.NodeTestTask.lambda$prepare$2(NodeTestTask.java:128)
	at org.junit.platform.engine.support.hierarchical.ThrowableCollector.execute(ThrowableCollector.java:73)
	at org.junit.platform.engine.support.hierarchical.NodeTestTask.prepare(NodeTestTask.java:128)
	at org.junit.platform.engine.support.hierarchical.NodeTestTask.execute(NodeTestTask.java:95)
	at java.base/java.util.ArrayList.forEach(ArrayList.java:1596)
	at org.junit.platform.engine.support.hierarchical.SameThreadHierarchicalTestExecutorService.invokeAll(SameThreadHierarchicalTestExecutorService.java:41)
	at org.junit.platform.engine.support.hierarchical.NodeTestTask.lambda$executeRecursively$6(NodeTestTask.java:160)
	at org.junit.platform.engine.support.hierarchical.ThrowableCollector.execute(ThrowableCollector.java:73)
	at org.junit.platform.engine.support.hierarchical.NodeTestTask.lambda$executeRecursively$8(NodeTestTask.java:146)
	at org.junit.platform.engine.support.hierarchical.Node.around(Node.java:137)
	at org.junit.platform.engine.support.hierarchical.NodeTestTask.lambda$executeRecursively$9(NodeTestTask.java:144)
	at org.junit.platform.engine.support.hierarchical.ThrowableCollector.execute(ThrowableCollector.java:73)
	at org.junit.platform.engine.support.hierarchical.NodeTestTask.executeRecursively(NodeTestTask.java:143)
	at org.junit.platform.engine.support.hierarchical.NodeTestTask.execute(NodeTestTask.java:100)
	at java.base/java.util.ArrayList.forEach(ArrayList.java:1596)
	at org.junit.platform.engine.support.hierarchical.SameThreadHierarchicalTestExecutorService.invokeAll(SameThreadHierarchicalTestExecutorService.java:41)
	at org.junit.platform.engine.support.hierarchical.NodeTestTask.lambda$executeRecursively$6(NodeTestTask.java:160)
	at org.junit.platform.engine.support.hierarchical.ThrowableCollector.execute(ThrowableCollector.java:73)
	at org.junit.platform.engine.support.hierarchical.NodeTestTask.lambda$executeRecursively$8(NodeTestTask.java:146)
	at org.junit.platform.engine.support.hierarchical.Node.around(Node.java:137)
	at org.junit.platform.engine.support.hierarchical.NodeTestTask.lambda$executeRecursively$9(NodeTestTask.java:144)
	at org.junit.platform.engine.support.hierarchical.ThrowableCollector.execute(ThrowableCollector.java:73)
	at org.junit.platform.engine.support.hierarchical.NodeTestTask.executeRecursively(NodeTestTask.java:143)
	at org.junit.platform.engine.support.hierarchical.NodeTestTask.execute(NodeTestTask.java:100)
	at org.junit.platform.engine.support.hierarchical.SameThreadHierarchicalTestExecutorService.submit(SameThreadHierarchicalTestExecutorService.java:35)
	at org.junit.platform.engine.support.hierarchical.HierarchicalTestExecutor.execute(HierarchicalTestExecutor.java:57)
	at org.junit.platform.engine.support.hierarchical.HierarchicalTestEngine.execute(HierarchicalTestEngine.java:54)
	at org.junit.platform.launcher.core.EngineExecutionOrchestrator.execute(EngineExecutionOrchestrator.java:201)
	at org.junit.platform.launcher.core.EngineExecutionOrchestrator.execute(EngineExecutionOrchestrator.java:170)
	at org.junit.platform.launcher.core.EngineExecutionOrchestrator.execute(EngineExecutionOrchestrator.java:94)
	at org.junit.platform.launcher.core.EngineExecutionOrchestrator.lambda$execute$0(EngineExecutionOrchestrator.java:59)
	at org.junit.platform.launcher.core.EngineExecutionOrchestrator.withInterceptedStreams(EngineExecutionOrchestrator.java:142)
	at org.junit.platform.launcher.core.EngineExecutionOrchestrator.execute(EngineExecutionOrchestrator.java:58)
	at org.junit.platform.launcher.core.DefaultLauncher.execute(DefaultLauncher.java:103)
	at org.junit.platform.launcher.core.DefaultLauncher.execute(DefaultLauncher.java:85)
	at org.junit.platform.launcher.core.DelegatingLauncher.execute(DelegatingLauncher.java:47)
	at org.junit.platform.launcher.core.InterceptingLauncher.lambda$execute$1(InterceptingLauncher.java:39)
	at org.junit.platform.launcher.core.ClasspathAlignmentCheckingLauncherInterceptor.intercept(ClasspathAlignmentCheckingLauncherInterceptor.java:25)
	at org.junit.platform.launcher.core.InterceptingLauncher.execute(InterceptingLauncher.java:38)
	at org.junit.platform.launcher.core.DelegatingLauncher.execute(DelegatingLauncher.java:47)
	at org.apache.maven.surefire.junitplatform.LazyLauncher.execute(LazyLauncher.java:56)
	at org.apache.maven.surefire.junitplatform.JUnitPlatformProvider.execute(JUnitPlatformProvider.java:184)
	at org.apache.maven.surefire.junitplatform.JUnitPlatformProvider.invokeAllTests(JUnitPlatformProvider.java:148)
	at org.apache.maven.surefire.junitplatform.JUnitPlatformProvider.invoke(JUnitPlatformProvider.java:122)
	at org.apache.maven.surefire.booter.ForkedBooter.runSuitesInProcess(ForkedBooter.java:385)
	at org.apache.maven.surefire.booter.ForkedBooter.execute(ForkedBooter.java:162)
	at org.apache.maven.surefire.booter.ForkedBooter.run(ForkedBooter.java:507)
	at org.apache.maven.surefire.booter.ForkedBooter.main(ForkedBooter.java:495)
Caused by: org.h2.jdbc.JdbcSQLSyntaxErrorException: Столбец "LABLE" не найден
Column "LABLE" not found; SQL statement:
create table user_addresses (default_address boolean not null, created_at timestamp(6), id bigint generated by default as identity, updated_at timestamp(6), user_id bigint not null, floor varchar(10), postal_code varchar(10), apartment varchar(20), building varchar(20) not null, entrance varchar(20), phone varchar(20) not null, intercom_code varchar(50), label varchar(50) not null, city varchar(100) not null, recipient_name varchar(100) not null, street varchar(150) not null, delivery_instructions varchar(500), primary key (id), constraint user_addresses_label unique (user_id, lable)) [42122-224]
	at org.h2.message.DbException.getJdbcSQLException(DbException.java:514)
	at org.h2.message.DbException.getJdbcSQLException(DbException.java:489)
	at org.h2.message.DbException.get(DbException.java:223)
	at org.h2.message.DbException.get(DbException.java:199)
	at org.h2.table.Table.getColumn(Table.java:759)
	at org.h2.table.IndexColumn.mapColumns(IndexColumn.java:184)
	at org.h2.command.ddl.AlterTableAddConstraint.tryUpdate(AlterTableAddConstraint.java:182)
	at org.h2.command.ddl.AlterTableAddConstraint.update(AlterTableAddConstraint.java:74)
	at org.h2.command.ddl.AlterTable.update(AlterTable.java:46)
	at org.h2.command.ddl.CommandWithColumns.createConstraints(CommandWithColumns.java:83)
	at org.h2.command.ddl.CreateTable.update(CreateTable.java:134)
	at org.h2.command.CommandContainer.update(CommandContainer.java:169)
	at org.h2.command.Command.executeUpdate(Command.java:256)
	at org.h2.jdbc.JdbcStatement.executeInternal(JdbcStatement.java:262)
	at org.h2.jdbc.JdbcStatement.execute(JdbcStatement.java:231)
	at com.zaxxer.hikari.pool.ProxyStatement.execute(ProxyStatement.java:95)
	at com.zaxxer.hikari.pool.HikariProxyStatement.execute(HikariProxyStatement.java)
	at org.hibernate.tool.schema.internal.exec.GenerationTargetToDatabase.accept(GenerationTargetToDatabase.java:80)
	... 123 common frames omitted
2026-02-04 22:21:49.397 DEBUG 25080 --- [main] org.hibernate.SQL                        : create table user_roles (role_id bigint not null, user_id bigint not null, primary key (role_id, user_id))
2026-02-04 22:21:49.398 DEBUG 25080 --- [main] org.hibernate.SQL                        : create table users (email_verified boolean not null, created_at timestamp(6), id bigint generated by default as identity, updated_at timestamp(6), email varchar(255) not null unique, firstname varchar(255) not null, lastname varchar(255) not null, password varchar(255) not null, surname varchar(255), primary key (id))
2026-02-04 22:21:49.398 DEBUG 25080 --- [main] org.hibernate.SQL                        : alter table if exists user_roles add constraint FKh8ciramu9cc9q3qcqiv4ue8a6 foreign key (role_id) references roles
2026-02-04 22:21:49.400 DEBUG 25080 --- [main] org.hibernate.SQL                        : alter table if exists user_roles add constraint FKhfh9dx7w3ubf1co1vdev94g3f foreign key (user_id) references users
2026-02-04 22:21:49.537  WARN 25080 --- [main] JpaBaseConfiguration$JpaWebConfiguration : spring.jpa.open-in-view is enabled by default. Therefore, database queries may be performed during view rendering. Explicitly configure spring.jpa.open-in-view to disable this warning
2026-02-04 22:21:49.762  WARN 25080 --- [main] .s.s.UserDetailsServiceAutoConfiguration : 

Using generated security password: 251281c4-9959-4181-9f4c-1dc363816944

This generated password is for development use only. Your security configuration must be updated before running your application in production.

2026-02-04 22:21:49.762  INFO 25080 --- [main] r$InitializeUserDetailsManagerConfigurer : Global AuthenticationManager configured with UserDetailsService bean with name inMemoryUserDetailsManager
2026-02-04 22:21:49.809 DEBUG 25080 --- [main] o.s.s.web.DefaultSecurityFilterChain     : Will secure any request with filters: DisableEncodeUrlFilter, WebAsyncManagerIntegrationFilter, SecurityContextHolderFilter, HeaderWriterFilter, CorsFilter, CsrfFilter, LogoutFilter, UsernamePasswordAuthenticationFilter, DefaultResourcesFilter, DefaultLoginPageGeneratingFilter, DefaultLogoutPageGeneratingFilter, BasicAuthenticationFilter, RequestCacheAwareFilter, SecurityContextHolderAwareRequestFilter, AnonymousAuthenticationFilter, ExceptionTranslationFilter, AuthorizationFilter
2026-02-04 22:21:49.863  INFO 25080 --- [main] r.r.u.UserServiceApplicationTests        : Started UserServiceApplicationTests in 0.952 seconds (process running for 15.455)
2026-02-04 22:21:50.127 DEBUG 25080 --- [SpringApplicationShutdownHook] org.hibernate.SQL                        : drop table if exists roles cascade 
2026-02-04 22:21:50.129 DEBUG 25080 --- [SpringApplicationShutdownHook] org.hibernate.SQL                        : drop table if exists user_addresses cascade 
2026-02-04 22:21:50.129 DEBUG 25080 --- [SpringApplicationShutdownHook] org.hibernate.SQL                        : drop table if exists user_roles cascade 
2026-02-04 22:21:50.130 DEBUG 25080 --- [SpringApplicationShutdownHook] org.hibernate.SQL                        : drop table if exists users cascade 
2026-02-04 22:21:50.135 DEBUG 25080 --- [SpringApplicationShutdownHook] org.hibernate.SQL                        : drop table if exists roles cascade 
2026-02-04 22:21:50.136 DEBUG 25080 --- [SpringApplicationShutdownHook] org.hibernate.SQL                        : drop table if exists user_addresses cascade 
2026-02-04 22:21:50.136 DEBUG 25080 --- [SpringApplicationShutdownHook] org.hibernate.SQL                        : drop table if exists user_roles cascade 
2026-02-04 22:21:50.137 DEBUG 25080 --- [SpringApplicationShutdownHook] org.hibernate.SQL                        : drop table if exists users cascade 
2026-02-04 22:21:50.141 DEBUG 25080 --- [SpringApplicationShutdownHook] org.hibernate.SQL                        : drop table if exists roles cascade 
2026-02-04 22:21:50.141 DEBUG 25080 --- [SpringApplicationShutdownHook] org.hibernate.SQL                        : drop table if exists user_addresses cascade 
2026-02-04 22:21:50.141 DEBUG 25080 --- [SpringApplicationShutdownHook] org.hibernate.SQL                        : drop table if exists user_roles cascade 
2026-02-04 22:21:50.141 DEBUG 25080 --- [SpringApplicationShutdownHook] org.hibernate.SQL                        : drop table if exists users cascade 
