2026-01-10 23:15:52.953  INFO 3268 --- [main] r.r.u.controllers.UserControllerTest     : Starting UserControllerTest using Java 21.0.8 with PID 3268 (started by elims in D:\Max\java\my-application\ecommerce-platform\user-service)
2026-01-10 23:15:52.958  INFO 3268 --- [main] r.r.u.controllers.UserControllerTest     : The following 1 profile is active: "test"
2026-01-10 23:15:57.375  WARN 3268 --- [main] org.hibernate.orm.deprecation            : HHH90000025: H2Dialect does not need to be specified explicitly using 'hibernate.dialect' (remove the property setting and it will be selected by default)
2026-01-10 23:15:58.170 DEBUG 3268 --- [main] org.hibernate.SQL                        : drop table if exists roles cascade 
2026-01-10 23:15:58.173 DEBUG 3268 --- [main] org.hibernate.SQL                        : drop table if exists user_roles cascade 
2026-01-10 23:15:58.173 DEBUG 3268 --- [main] org.hibernate.SQL                        : drop table if exists users cascade 
2026-01-10 23:15:58.177 DEBUG 3268 --- [main] org.hibernate.SQL                        : create table roles (id bigint generated by default as identity, name varchar(255) not null unique, primary key (id))
2026-01-10 23:15:58.184 DEBUG 3268 --- [main] org.hibernate.SQL                        : create table user_roles (role_id bigint not null, user_id bigint not null, primary key (role_id, user_id))
2026-01-10 23:15:58.186 DEBUG 3268 --- [main] org.hibernate.SQL                        : create table users (email_verified boolean not null, created_at timestamp(6), id bigint generated by default as identity, updated_at timestamp(6), email varchar(255) not null unique, firstname varchar(255) not null, lastname varchar(255) not null, password varchar(255) not null, surname varchar(255), primary key (id))
2026-01-10 23:15:58.188 DEBUG 3268 --- [main] org.hibernate.SQL                        : alter table if exists user_roles add constraint FKh8ciramu9cc9q3qcqiv4ue8a6 foreign key (role_id) references roles
2026-01-10 23:15:58.197 DEBUG 3268 --- [main] org.hibernate.SQL                        : alter table if exists user_roles add constraint FKhfh9dx7w3ubf1co1vdev94g3f foreign key (user_id) references users
2026-01-10 23:15:59.340  WARN 3268 --- [main] JpaBaseConfiguration$JpaWebConfiguration : spring.jpa.open-in-view is enabled by default. Therefore, database queries may be performed during view rendering. Explicitly configure spring.jpa.open-in-view to disable this warning
2026-01-10 23:15:59.423  WARN 3268 --- [main] .s.s.UserDetailsServiceAutoConfiguration : 

Using generated security password: 82d668a1-0724-4bb8-89ef-5d0f1ad07f50

This generated password is for development use only. Your security configuration must be updated before running your application in production.

2026-01-10 23:15:59.445  INFO 3268 --- [main] r$InitializeUserDetailsManagerConfigurer : Global AuthenticationManager configured with UserDetailsService bean with name inMemoryUserDetailsManager
2026-01-10 23:16:00.462  INFO 3268 --- [main] r.r.userservice.aspect.LoggingAspect     : >>> Incoming request: TestSecurityConfig.testSecurityFilterChain(..)
2026-01-10 23:16:00.543 DEBUG 3268 --- [main] o.s.s.web.DefaultSecurityFilterChain     : Will secure any request with filters: DisableEncodeUrlFilter, WebAsyncManagerIntegrationFilter, SecurityContextHolderFilter, HeaderWriterFilter, LogoutFilter, RequestCacheAwareFilter, SecurityContextHolderAwareRequestFilter, AnonymousAuthenticationFilter, ExceptionTranslationFilter, AuthorizationFilter
2026-01-10 23:16:00.544  INFO 3268 --- [main] r.r.userservice.aspect.LoggingAspect     : <<< Response from: TestSecurityConfig.testSecurityFilterChain(..)
2026-01-10 23:16:01.469  INFO 3268 --- [main] r.r.u.controllers.UserControllerTest     : Started UserControllerTest in 8.952 seconds (process running for 9.996)
2026-01-10 23:16:01.703 DEBUG 3268 --- [main] o.s.security.web.FilterChainProxy        : Securing GET /v1/users/all
2026-01-10 23:16:01.720 DEBUG 3268 --- [main] o.s.security.web.FilterChainProxy        : Secured GET /v1/users/all
2026-01-10 23:16:01.735  INFO 3268 --- [main] r.r.userservice.aspect.LoggingAspect     : >>> Incoming request: UserController.getAllUsers()
2026-01-10 23:16:01.743  INFO 3268 --- [main] r.r.userservice.aspect.LoggingAspect     : <<< Response from: UserController.getAllUsers()
2026-01-10 23:16:01.788 DEBUG 3268 --- [main] o.s.s.w.a.AnonymousAuthenticationFilter  : Set SecurityContextHolder to anonymous SecurityContext
2026-01-10 23:16:01.864 DEBUG 3268 --- [main] o.s.security.web.FilterChainProxy        : Securing POST /v1/users/oauth2-login
2026-01-10 23:16:01.865 DEBUG 3268 --- [main] o.s.security.web.FilterChainProxy        : Secured POST /v1/users/oauth2-login
2026-01-10 23:16:01.945  INFO 3268 --- [main] r.r.userservice.aspect.LoggingAspect     : >>> Incoming request: UserController.oauth2LoginOrRegister(..)
2026-01-10 23:16:01.948  INFO 3268 --- [main] r.r.userservice.aspect.LoggingAspect     : <<< Response from: UserController.oauth2LoginOrRegister(..)
2026-01-10 23:16:01.952 DEBUG 3268 --- [main] o.s.s.w.a.AnonymousAuthenticationFilter  : Set SecurityContextHolder to anonymous SecurityContext
2026-01-10 23:16:01.965 DEBUG 3268 --- [main] o.s.security.web.FilterChainProxy        : Securing POST /v1/users/authenticate
2026-01-10 23:16:01.966 DEBUG 3268 --- [main] o.s.security.web.FilterChainProxy        : Secured POST /v1/users/authenticate
2026-01-10 23:16:01.970  INFO 3268 --- [main] r.r.userservice.aspect.LoggingAspect     : >>> Incoming request: UserController.authenticate(..)
2026-01-10 23:16:01.975  WARN 3268 --- [main] r.r.userservice.aspect.LoggingAspect     : >>> Handling exception in: GlobalExceptionHandler.handleBadCredentialsException(..) - Exception type: BadCredentialsException - Message: Неверный email или пароль
2026-01-10 23:16:01.978  WARN 3268 --- [main] r.r.userservice.aspect.LoggingAspect     : <<< Exception handled by: GlobalExceptionHandler.handleBadCredentialsException(..)
2026-01-10 23:16:01.986 DEBUG 3268 --- [main] o.s.s.w.a.AnonymousAuthenticationFilter  : Set SecurityContextHolder to anonymous SecurityContext
2026-01-10 23:16:01.998 DEBUG 3268 --- [main] o.s.security.web.FilterChainProxy        : Securing POST /v1/users/oauth2-login
2026-01-10 23:16:01.999 DEBUG 3268 --- [main] o.s.security.web.FilterChainProxy        : Secured POST /v1/users/oauth2-login
2026-01-10 23:16:02.001  INFO 3268 --- [main] r.r.userservice.aspect.LoggingAspect     : >>> Incoming request: UserController.oauth2LoginOrRegister(..)
2026-01-10 23:16:02.001  INFO 3268 --- [main] r.r.userservice.aspect.LoggingAspect     : <<< Response from: UserController.oauth2LoginOrRegister(..)
2026-01-10 23:16:02.004 DEBUG 3268 --- [main] o.s.s.w.a.AnonymousAuthenticationFilter  : Set SecurityContextHolder to anonymous SecurityContext
2026-01-10 23:16:02.018 DEBUG 3268 --- [main] w.c.HttpSessionSecurityContextRepository : Created HttpSession as SecurityContext is non-default
2026-01-10 23:16:02.019 DEBUG 3268 --- [main] w.c.HttpSessionSecurityContextRepository : Stored SecurityContextImpl [Authentication=UsernamePasswordAuthenticationToken [Principal=org.springframework.security.core.userdetails.User [Username=test@test.com, Password=[PROTECTED], Enabled=true, AccountNonExpired=true, CredentialsNonExpired=true, AccountNonLocked=true, Granted Authorities=[ROLE_USER]], Credentials=[PROTECTED], Authenticated=true, Details=null, Granted Authorities=[ROLE_USER]]] to HttpSession [org.springframework.mock.web.MockHttpSession@489cbbcb]
2026-01-10 23:16:02.019 DEBUG 3268 --- [main] o.s.security.web.FilterChainProxy        : Securing GET /v1/users/me
2026-01-10 23:16:02.020 DEBUG 3268 --- [main] o.s.security.web.FilterChainProxy        : Secured GET /v1/users/me
2026-01-10 23:16:02.021 DEBUG 3268 --- [main] w.c.HttpSessionSecurityContextRepository : Retrieved SecurityContextImpl [Authentication=UsernamePasswordAuthenticationToken [Principal=org.springframework.security.core.userdetails.User [Username=test@test.com, Password=[PROTECTED], Enabled=true, AccountNonExpired=true, CredentialsNonExpired=true, AccountNonLocked=true, Granted Authorities=[ROLE_USER]], Credentials=[PROTECTED], Authenticated=true, Details=null, Granted Authorities=[ROLE_USER]]]
2026-01-10 23:16:02.021  INFO 3268 --- [main] r.r.userservice.aspect.LoggingAspect     : >>> Incoming request: UserController.getCurrentUser(..)
2026-01-10 23:16:02.022  INFO 3268 --- [main] r.r.userservice.aspect.LoggingAspect     : <<< Response from: UserController.getCurrentUser(..)
2026-01-10 23:16:02.038 DEBUG 3268 --- [main] o.s.security.web.FilterChainProxy        : Securing DELETE /v1/users/1
2026-01-10 23:16:02.039 DEBUG 3268 --- [main] o.s.security.web.FilterChainProxy        : Secured DELETE /v1/users/1
2026-01-10 23:16:02.043  INFO 3268 --- [main] r.r.userservice.aspect.LoggingAspect     : >>> Incoming request: UserController.deleteUser(..)
2026-01-10 23:16:02.043  INFO 3268 --- [main] r.r.userservice.aspect.LoggingAspect     : <<< Response from: UserController.deleteUser(..)
2026-01-10 23:16:02.045 DEBUG 3268 --- [main] o.s.s.w.a.AnonymousAuthenticationFilter  : Set SecurityContextHolder to anonymous SecurityContext
2026-01-10 23:16:02.058 DEBUG 3268 --- [main] o.s.security.web.FilterChainProxy        : Securing PUT /v1/users/1/verify
2026-01-10 23:16:02.059 DEBUG 3268 --- [main] o.s.security.web.FilterChainProxy        : Secured PUT /v1/users/1/verify
2026-01-10 23:16:02.061  INFO 3268 --- [main] r.r.userservice.aspect.LoggingAspect     : >>> Incoming request: UserController.verifyUser(..)
2026-01-10 23:16:02.061  INFO 3268 --- [main] r.r.userservice.aspect.LoggingAspect     : <<< Response from: UserController.verifyUser(..)
2026-01-10 23:16:02.062 DEBUG 3268 --- [main] o.s.s.w.a.AnonymousAuthenticationFilter  : Set SecurityContextHolder to anonymous SecurityContext
2026-01-10 23:16:02.069 DEBUG 3268 --- [main] o.s.security.web.FilterChainProxy        : Securing POST /v1/users/signup
2026-01-10 23:16:02.070 DEBUG 3268 --- [main] o.s.security.web.FilterChainProxy        : Secured POST /v1/users/signup
2026-01-10 23:16:02.073  INFO 3268 --- [main] r.r.userservice.aspect.LoggingAspect     : >>> Incoming request: UserController.registerUser(..)
2026-01-10 23:16:02.073  INFO 3268 --- [main] r.r.userservice.aspect.LoggingAspect     : <<< Response from: UserController.registerUser(..)
2026-01-10 23:16:02.074 DEBUG 3268 --- [main] o.s.s.w.a.AnonymousAuthenticationFilter  : Set SecurityContextHolder to anonymous SecurityContext
2026-01-10 23:16:02.083 DEBUG 3268 --- [main] o.s.security.web.FilterChainProxy        : Securing POST /v1/users/authenticate
2026-01-10 23:16:02.085 DEBUG 3268 --- [main] o.s.security.web.FilterChainProxy        : Secured POST /v1/users/authenticate
2026-01-10 23:16:02.087  INFO 3268 --- [main] r.r.userservice.aspect.LoggingAspect     : >>> Incoming request: UserController.authenticate(..)
2026-01-10 23:16:02.087  INFO 3268 --- [main] r.r.userservice.aspect.LoggingAspect     : <<< Response from: UserController.authenticate(..)
2026-01-10 23:16:02.089 DEBUG 3268 --- [main] o.s.s.w.a.AnonymousAuthenticationFilter  : Set SecurityContextHolder to anonymous SecurityContext
2026-01-10 23:16:02.098 DEBUG 3268 --- [main] o.s.security.web.FilterChainProxy        : Securing PUT /v1/users/1
2026-01-10 23:16:02.098 DEBUG 3268 --- [main] o.s.security.web.FilterChainProxy        : Secured PUT /v1/users/1
2026-01-10 23:16:02.105  INFO 3268 --- [main] r.r.userservice.aspect.LoggingAspect     : >>> Incoming request: UserController.updateUser(..)
2026-01-10 23:16:02.106  INFO 3268 --- [main] r.r.userservice.aspect.LoggingAspect     : <<< Response from: UserController.updateUser(..)
2026-01-10 23:16:02.107 DEBUG 3268 --- [main] o.s.s.w.a.AnonymousAuthenticationFilter  : Set SecurityContextHolder to anonymous SecurityContext
2026-01-10 23:16:02.117 DEBUG 3268 --- [main] o.s.security.web.FilterChainProxy        : Securing POST /v1/users/signup
2026-01-10 23:16:02.118 DEBUG 3268 --- [main] o.s.security.web.FilterChainProxy        : Secured POST /v1/users/signup
2026-01-10 23:16:02.120  INFO 3268 --- [main] r.r.userservice.aspect.LoggingAspect     : >>> Incoming request: UserController.registerUser(..)
2026-01-10 23:16:02.122  WARN 3268 --- [main] r.r.userservice.aspect.LoggingAspect     : >>> Handling exception in: GlobalExceptionHandler.handleUserAlreadyExists(..) - Exception type: UserAlreadyExistsException - Message: Пользователь с email test@test.com уже зарегистрирован
2026-01-10 23:16:02.122  WARN 3268 --- [main] r.r.userservice.aspect.LoggingAspect     : <<< Exception handled by: GlobalExceptionHandler.handleUserAlreadyExists(..)
2026-01-10 23:16:02.123 DEBUG 3268 --- [main] o.s.s.w.a.AnonymousAuthenticationFilter  : Set SecurityContextHolder to anonymous SecurityContext
2026-01-10 23:16:02.132 DEBUG 3268 --- [main] o.s.security.web.FilterChainProxy        : Securing DELETE /v1/users/999
2026-01-10 23:16:02.133 DEBUG 3268 --- [main] o.s.security.web.FilterChainProxy        : Secured DELETE /v1/users/999
2026-01-10 23:16:02.133  INFO 3268 --- [main] r.r.userservice.aspect.LoggingAspect     : >>> Incoming request: UserController.deleteUser(..)
2026-01-10 23:16:02.135  WARN 3268 --- [main] r.r.userservice.aspect.LoggingAspect     : >>> Handling exception in: GlobalExceptionHandler.handleUserNotFoundException(..) - Exception type: UsernameNotFoundException - Message: Пользователь с id 999 не найден
2026-01-10 23:16:02.135  WARN 3268 --- [main] r.r.userservice.aspect.LoggingAspect     : <<< Exception handled by: GlobalExceptionHandler.handleUserNotFoundException(..)
2026-01-10 23:16:02.135 DEBUG 3268 --- [main] o.s.s.w.a.AnonymousAuthenticationFilter  : Set SecurityContextHolder to anonymous SecurityContext
2026-01-10 23:16:02.241  INFO 3268 --- [main] r.r.u.repository.RoleRepositoryTest      : Starting RoleRepositoryTest using Java 21.0.8 with PID 3268 (started by elims in D:\Max\java\my-application\ecommerce-platform\user-service)
2026-01-10 23:16:02.242 DEBUG 3268 --- [main] r.r.u.repository.RoleRepositoryTest      : Running with Spring Boot v3.4.4, Spring v6.2.5
2026-01-10 23:16:02.242  INFO 3268 --- [main] r.r.u.repository.RoleRepositoryTest      : The following 1 profile is active: "test"
2026-01-10 23:16:02.405  WARN 3268 --- [main] org.hibernate.orm.deprecation            : HHH90000025: H2Dialect does not need to be specified explicitly using 'hibernate.dialect' (remove the property setting and it will be selected by default)
2026-01-10 23:16:02.455 DEBUG 3268 --- [main] org.hibernate.SQL                        : drop table if exists roles cascade 
2026-01-10 23:16:02.456 DEBUG 3268 --- [main] org.hibernate.SQL                        : drop table if exists user_roles cascade 
2026-01-10 23:16:02.456 DEBUG 3268 --- [main] org.hibernate.SQL                        : drop table if exists users cascade 
2026-01-10 23:16:02.457 DEBUG 3268 --- [main] org.hibernate.SQL                        : create table roles (id bigint generated by default as identity, name varchar(255) not null unique, primary key (id))
2026-01-10 23:16:02.458 DEBUG 3268 --- [main] org.hibernate.SQL                        : create table user_roles (role_id bigint not null, user_id bigint not null, primary key (role_id, user_id))
2026-01-10 23:16:02.458 DEBUG 3268 --- [main] org.hibernate.SQL                        : create table users (email_verified boolean not null, created_at timestamp(6), id bigint generated by default as identity, updated_at timestamp(6), email varchar(255) not null unique, firstname varchar(255) not null, lastname varchar(255) not null, password varchar(255) not null, surname varchar(255), primary key (id))
2026-01-10 23:16:02.459 DEBUG 3268 --- [main] org.hibernate.SQL                        : alter table if exists user_roles add constraint FKh8ciramu9cc9q3qcqiv4ue8a6 foreign key (role_id) references roles
2026-01-10 23:16:02.460 DEBUG 3268 --- [main] org.hibernate.SQL                        : alter table if exists user_roles add constraint FKhfh9dx7w3ubf1co1vdev94g3f foreign key (user_id) references users
2026-01-10 23:16:02.503  INFO 3268 --- [main] r.r.u.repository.RoleRepositoryTest      : Started RoleRepositoryTest in 0.308 seconds (process running for 11.03)
2026-01-10 23:16:02.577 DEBUG 3268 --- [main] org.hibernate.SQL                        : insert into roles (name,id) values (?,default)
2026-01-10 23:16:02.632 DEBUG 3268 --- [main] org.hibernate.SQL                        : insert into roles (name,id) values (?,default)
2026-01-10 23:16:02.718 DEBUG 3268 --- [main] org.hibernate.SQL                        : select re1_0.id,re1_0.name from roles re1_0
2026-01-10 23:16:02.786 DEBUG 3268 --- [main] org.hibernate.SQL                        : insert into roles (name,id) values (?,default)
2026-01-10 23:16:02.806 DEBUG 3268 --- [main] org.hibernate.SQL                        : select re1_0.id,re1_0.name from roles re1_0 where re1_0.name=?
2026-01-10 23:16:02.815 DEBUG 3268 --- [main] org.hibernate.SQL                        : select re1_0.id,re1_0.name from roles re1_0 where re1_0.name=?
2026-01-10 23:16:02.822 DEBUG 3268 --- [main] org.hibernate.SQL                        : insert into roles (name,id) values (?,default)
2026-01-10 23:16:02.827 DEBUG 3268 --- [main] org.hibernate.SQL                        : insert into roles (name,id) values (?,default)
2026-01-10 23:16:02.829  WARN 3268 --- [main] o.h.engine.jdbc.spi.SqlExceptionHelper   : SQL Error: 23505, SQLState: 23505
2026-01-10 23:16:02.829 ERROR 3268 --- [main] o.h.engine.jdbc.spi.SqlExceptionHelper   : Нарушение уникального индекса или первичного ключа: "PUBLIC.CONSTRAINT_INDEX_4 ON PUBLIC.ROLES(NAME NULLS FIRST) VALUES ( /* 4 */ 'ROLE_ADMIN' )"
Unique index or primary key violation: "PUBLIC.CONSTRAINT_INDEX_4 ON PUBLIC.ROLES(NAME NULLS FIRST) VALUES ( /* 4 */ 'ROLE_ADMIN' )"; SQL statement:
insert into roles (name,id) values (?,default) [23505-224]
2026-01-10 23:16:02.847 DEBUG 3268 --- [main] org.hibernate.SQL                        : insert into roles (name,id) values (?,default)
2026-01-10 23:16:02.850 DEBUG 3268 --- [main] org.hibernate.SQL                        : select re1_0.id,re1_0.name from roles re1_0 where re1_0.name=?
2026-01-10 23:16:02.858 DEBUG 3268 --- [main] org.hibernate.SQL                        : insert into roles (name,id) values (?,default)
2026-01-10 23:16:02.892 DEBUG 3268 --- [main] org.hibernate.SQL                        : select ue1_0.id,ue1_0.created_at,ue1_0.email,ue1_0.email_verified,ue1_0.firstname,ue1_0.lastname,ue1_0.password,ue1_0.surname,ue1_0.updated_at from users ue1_0
2026-01-10 23:16:02.908 DEBUG 3268 --- [main] org.hibernate.SQL                        : insert into users (created_at,email,email_verified,firstname,lastname,password,surname,updated_at,id) values (?,?,?,?,?,?,?,?,default)
2026-01-10 23:16:02.917 DEBUG 3268 --- [main] org.hibernate.SQL                        : select ue1_0.id,ue1_0.created_at,ue1_0.email,ue1_0.email_verified,ue1_0.firstname,ue1_0.lastname,ue1_0.password,ue1_0.surname,ue1_0.updated_at from users ue1_0 where ue1_0.email=?
2026-01-10 23:16:02.932 DEBUG 3268 --- [main] org.hibernate.SQL                        : select ue1_0.id,ue1_0.created_at,ue1_0.email,ue1_0.email_verified,ue1_0.firstname,ue1_0.lastname,ue1_0.password,ue1_0.surname,ue1_0.updated_at from users ue1_0
2026-01-10 23:16:02.936 DEBUG 3268 --- [main] org.hibernate.SQL                        : insert into users (created_at,email,email_verified,firstname,lastname,password,surname,updated_at,id) values (?,?,?,?,?,?,?,?,default)
2026-01-10 23:16:02.944 DEBUG 3268 --- [main] org.hibernate.SQL                        : insert into users (created_at,email,email_verified,firstname,lastname,password,surname,updated_at,id) values (?,?,?,?,?,?,?,?,default)
2026-01-10 23:16:02.945  WARN 3268 --- [main] o.h.engine.jdbc.spi.SqlExceptionHelper   : SQL Error: 23505, SQLState: 23505
2026-01-10 23:16:02.945 ERROR 3268 --- [main] o.h.engine.jdbc.spi.SqlExceptionHelper   : Нарушение уникального индекса или первичного ключа: "PUBLIC.CONSTRAINT_INDEX_4D ON PUBLIC.USERS(EMAIL NULLS FIRST) VALUES ( /* 2 */ 'test@test.com' )"
Unique index or primary key violation: "PUBLIC.CONSTRAINT_INDEX_4D ON PUBLIC.USERS(EMAIL NULLS FIRST) VALUES ( /* 2 */ 'test@test.com' )"; SQL statement:
insert into users (created_at,email,email_verified,firstname,lastname,password,surname,updated_at,id) values (?,?,?,?,?,?,?,?,default) [23505-224]
2026-01-10 23:16:02.951 DEBUG 3268 --- [main] org.hibernate.SQL                        : select ue1_0.id,ue1_0.created_at,ue1_0.email,ue1_0.email_verified,ue1_0.firstname,ue1_0.lastname,ue1_0.password,ue1_0.surname,ue1_0.updated_at from users ue1_0
2026-01-10 23:16:02.954 DEBUG 3268 --- [main] org.hibernate.SQL                        : insert into users (created_at,email,email_verified,firstname,lastname,password,surname,updated_at,id) values (?,?,?,?,?,?,?,?,default)
2026-01-10 23:16:02.955 DEBUG 3268 --- [main] org.hibernate.SQL                        : select ue1_0.id,ue1_0.created_at,ue1_0.email,ue1_0.email_verified,ue1_0.firstname,ue1_0.lastname,ue1_0.password,ue1_0.surname,ue1_0.updated_at from users ue1_0 where ue1_0.email=?
2026-01-10 23:16:02.967 DEBUG 3268 --- [main] org.hibernate.SQL                        : update users set created_at=?,email=?,email_verified=?,firstname=?,lastname=?,password=?,surname=?,updated_at=? where id=?
2026-01-10 23:16:02.972 DEBUG 3268 --- [main] org.hibernate.SQL                        : select ue1_0.id,ue1_0.created_at,ue1_0.email,ue1_0.email_verified,ue1_0.firstname,ue1_0.lastname,ue1_0.password,ue1_0.surname,ue1_0.updated_at from users ue1_0 where ue1_0.email=?
2026-01-10 23:16:02.980 DEBUG 3268 --- [main] org.hibernate.SQL                        : select ue1_0.id,ue1_0.created_at,ue1_0.email,ue1_0.email_verified,ue1_0.firstname,ue1_0.lastname,ue1_0.password,ue1_0.surname,ue1_0.updated_at from users ue1_0
2026-01-10 23:16:02.984 DEBUG 3268 --- [main] org.hibernate.SQL                        : insert into users (created_at,email,email_verified,firstname,lastname,password,surname,updated_at,id) values (?,?,?,?,?,?,?,?,default)
2026-01-10 23:16:02.986 DEBUG 3268 --- [main] org.hibernate.SQL                        : select ue1_0.id,ue1_0.created_at,ue1_0.email,ue1_0.email_verified,ue1_0.firstname,ue1_0.lastname,ue1_0.password,ue1_0.surname,ue1_0.updated_at from users ue1_0 where ue1_0.email=?
2026-01-10 23:16:02.994 DEBUG 3268 --- [main] org.hibernate.SQL                        : select ue1_0.id,ue1_0.created_at,ue1_0.email,ue1_0.email_verified,ue1_0.firstname,ue1_0.lastname,ue1_0.password,ue1_0.surname,ue1_0.updated_at from users ue1_0
2026-01-10 23:16:02.996 DEBUG 3268 --- [main] org.hibernate.SQL                        : insert into users (created_at,email,email_verified,firstname,lastname,password,surname,updated_at,id) values (?,?,?,?,?,?,?,?,default)
2026-01-10 23:16:03.000 DEBUG 3268 --- [main] org.hibernate.SQL                        : select ue1_0.id,ue1_0.created_at,ue1_0.email,ue1_0.email_verified,ue1_0.firstname,ue1_0.lastname,ue1_0.password,ue1_0.surname,ue1_0.updated_at from users ue1_0 where ue1_0.email=?
2026-01-10 23:16:03.003 DEBUG 3268 --- [main] org.hibernate.SQL                        : delete from users where id=?
2026-01-10 23:16:03.005 DEBUG 3268 --- [main] org.hibernate.SQL                        : select ue1_0.id,ue1_0.created_at,ue1_0.email,ue1_0.email_verified,ue1_0.firstname,ue1_0.lastname,ue1_0.password,ue1_0.surname,ue1_0.updated_at from users ue1_0 where ue1_0.email=?
2026-01-10 23:16:03.011 DEBUG 3268 --- [main] org.hibernate.SQL                        : select ue1_0.id,ue1_0.created_at,ue1_0.email,ue1_0.email_verified,ue1_0.firstname,ue1_0.lastname,ue1_0.password,ue1_0.surname,ue1_0.updated_at from users ue1_0
2026-01-10 23:16:03.014 DEBUG 3268 --- [main] org.hibernate.SQL                        : insert into users (created_at,email,email_verified,firstname,lastname,password,surname,updated_at,id) values (?,?,?,?,?,?,?,?,default)
2026-01-10 23:16:03.016 DEBUG 3268 --- [main] org.hibernate.SQL                        : select ue1_0.id,ue1_0.created_at,ue1_0.email,ue1_0.email_verified,ue1_0.firstname,ue1_0.lastname,ue1_0.password,ue1_0.surname,ue1_0.updated_at from users ue1_0 where ue1_0.email=?
2026-01-10 23:16:03.363  INFO 3268 --- [main] r.r.u.UserServiceApplicationTests        : Starting UserServiceApplicationTests using Java 21.0.8 with PID 3268 (started by elims in D:\Max\java\my-application\ecommerce-platform\user-service)
2026-01-10 23:16:03.363  INFO 3268 --- [main] r.r.u.UserServiceApplicationTests        : The following 1 profile is active: "test"
2026-01-10 23:16:03.737  WARN 3268 --- [main] org.hibernate.orm.deprecation            : HHH90000025: H2Dialect does not need to be specified explicitly using 'hibernate.dialect' (remove the property setting and it will be selected by default)
2026-01-10 23:16:03.788 DEBUG 3268 --- [main] org.hibernate.SQL                        : drop table if exists roles cascade 
2026-01-10 23:16:03.791 DEBUG 3268 --- [main] org.hibernate.SQL                        : drop table if exists user_roles cascade 
2026-01-10 23:16:03.792 DEBUG 3268 --- [main] org.hibernate.SQL                        : drop table if exists users cascade 
2026-01-10 23:16:03.793 DEBUG 3268 --- [main] org.hibernate.SQL                        : create table roles (id bigint generated by default as identity, name varchar(255) not null unique, primary key (id))
2026-01-10 23:16:03.794 DEBUG 3268 --- [main] org.hibernate.SQL                        : create table user_roles (role_id bigint not null, user_id bigint not null, primary key (role_id, user_id))
2026-01-10 23:16:03.795 DEBUG 3268 --- [main] org.hibernate.SQL                        : create table users (email_verified boolean not null, created_at timestamp(6), id bigint generated by default as identity, updated_at timestamp(6), email varchar(255) not null unique, firstname varchar(255) not null, lastname varchar(255) not null, password varchar(255) not null, surname varchar(255), primary key (id))
2026-01-10 23:16:03.797 DEBUG 3268 --- [main] org.hibernate.SQL                        : alter table if exists user_roles add constraint FKh8ciramu9cc9q3qcqiv4ue8a6 foreign key (role_id) references roles
2026-01-10 23:16:03.798 DEBUG 3268 --- [main] org.hibernate.SQL                        : alter table if exists user_roles add constraint FKhfh9dx7w3ubf1co1vdev94g3f foreign key (user_id) references users
2026-01-10 23:16:03.957  WARN 3268 --- [main] JpaBaseConfiguration$JpaWebConfiguration : spring.jpa.open-in-view is enabled by default. Therefore, database queries may be performed during view rendering. Explicitly configure spring.jpa.open-in-view to disable this warning
2026-01-10 23:16:04.214  WARN 3268 --- [main] .s.s.UserDetailsServiceAutoConfiguration : 

Using generated security password: c66b3903-941a-416a-b5c1-b3ad48af5bef

This generated password is for development use only. Your security configuration must be updated before running your application in production.

2026-01-10 23:16:04.215  INFO 3268 --- [main] r$InitializeUserDetailsManagerConfigurer : Global AuthenticationManager configured with UserDetailsService bean with name inMemoryUserDetailsManager
2026-01-10 23:16:04.257 DEBUG 3268 --- [main] o.s.s.web.DefaultSecurityFilterChain     : Will secure any request with filters: DisableEncodeUrlFilter, WebAsyncManagerIntegrationFilter, SecurityContextHolderFilter, HeaderWriterFilter, CorsFilter, CsrfFilter, LogoutFilter, UsernamePasswordAuthenticationFilter, DefaultResourcesFilter, DefaultLoginPageGeneratingFilter, DefaultLogoutPageGeneratingFilter, BasicAuthenticationFilter, RequestCacheAwareFilter, SecurityContextHolderAwareRequestFilter, AnonymousAuthenticationFilter, ExceptionTranslationFilter, AuthorizationFilter
2026-01-10 23:16:04.313  INFO 3268 --- [main] r.r.u.UserServiceApplicationTests        : Started UserServiceApplicationTests in 0.967 seconds (process running for 12.84)
2026-01-10 23:16:04.332 DEBUG 3268 --- [SpringApplicationShutdownHook] org.hibernate.SQL                        : drop table if exists roles cascade 
2026-01-10 23:16:04.335 DEBUG 3268 --- [SpringApplicationShutdownHook] org.hibernate.SQL                        : drop table if exists user_roles cascade 
2026-01-10 23:16:04.335 DEBUG 3268 --- [SpringApplicationShutdownHook] org.hibernate.SQL                        : drop table if exists users cascade 
2026-01-10 23:16:04.343 DEBUG 3268 --- [SpringApplicationShutdownHook] org.hibernate.SQL                        : drop table if exists roles cascade 
2026-01-10 23:16:04.345 DEBUG 3268 --- [SpringApplicationShutdownHook] org.hibernate.SQL                        : drop table if exists user_roles cascade 
2026-01-10 23:16:04.345 DEBUG 3268 --- [SpringApplicationShutdownHook] org.hibernate.SQL                        : drop table if exists users cascade 
2026-01-10 23:16:04.349 DEBUG 3268 --- [SpringApplicationShutdownHook] org.hibernate.SQL                        : drop table if exists roles cascade 
2026-01-10 23:16:04.350 DEBUG 3268 --- [SpringApplicationShutdownHook] org.hibernate.SQL                        : drop table if exists user_roles cascade 
2026-01-10 23:16:04.350 DEBUG 3268 --- [SpringApplicationShutdownHook] org.hibernate.SQL                        : drop table if exists users cascade 
