2026-01-11 15:05:25.483  INFO 16344 --- [main] r.r.u.controllers.UserControllerTest     : Starting UserControllerTest using Java 21.0.8 with PID 16344 (started by elims in D:\Max\java\my-application\ecommerce-platform\user-service)
2026-01-11 15:05:25.488  INFO 16344 --- [main] r.r.u.controllers.UserControllerTest     : The following 1 profile is active: "test"
2026-01-11 15:05:29.700  WARN 16344 --- [main] org.hibernate.orm.deprecation            : HHH90000025: H2Dialect does not need to be specified explicitly using 'hibernate.dialect' (remove the property setting and it will be selected by default)
2026-01-11 15:05:30.448 DEBUG 16344 --- [main] org.hibernate.SQL                        : drop table if exists roles cascade 
2026-01-11 15:05:30.453 DEBUG 16344 --- [main] org.hibernate.SQL                        : drop table if exists user_roles cascade 
2026-01-11 15:05:30.453 DEBUG 16344 --- [main] org.hibernate.SQL                        : drop table if exists users cascade 
2026-01-11 15:05:30.459 DEBUG 16344 --- [main] org.hibernate.SQL                        : create table roles (id bigint generated by default as identity, name varchar(255) not null unique, primary key (id))
2026-01-11 15:05:30.468 DEBUG 16344 --- [main] org.hibernate.SQL                        : create table user_roles (role_id bigint not null, user_id bigint not null, primary key (role_id, user_id))
2026-01-11 15:05:30.468 DEBUG 16344 --- [main] org.hibernate.SQL                        : create table users (email_verified boolean not null, created_at timestamp(6), id bigint generated by default as identity, updated_at timestamp(6), email varchar(255) not null unique, firstname varchar(255) not null, lastname varchar(255) not null, password varchar(255) not null, surname varchar(255), primary key (id))
2026-01-11 15:05:30.469 DEBUG 16344 --- [main] org.hibernate.SQL                        : alter table if exists user_roles add constraint FKh8ciramu9cc9q3qcqiv4ue8a6 foreign key (role_id) references roles
2026-01-11 15:05:30.475 DEBUG 16344 --- [main] org.hibernate.SQL                        : alter table if exists user_roles add constraint FKhfh9dx7w3ubf1co1vdev94g3f foreign key (user_id) references users
2026-01-11 15:05:31.581  WARN 16344 --- [main] JpaBaseConfiguration$JpaWebConfiguration : spring.jpa.open-in-view is enabled by default. Therefore, database queries may be performed during view rendering. Explicitly configure spring.jpa.open-in-view to disable this warning
2026-01-11 15:05:31.663  WARN 16344 --- [main] .s.s.UserDetailsServiceAutoConfiguration : 

Using generated security password: 9fb2624f-3d7f-44dd-b570-3961ca268d8b

This generated password is for development use only. Your security configuration must be updated before running your application in production.

2026-01-11 15:05:31.684  INFO 16344 --- [main] r$InitializeUserDetailsManagerConfigurer : Global AuthenticationManager configured with UserDetailsService bean with name inMemoryUserDetailsManager
2026-01-11 15:05:32.608  INFO 16344 --- [main] r.r.userservice.aspect.LoggingAspect     : >>> Incoming request: TestSecurityConfig.testSecurityFilterChain(..)
2026-01-11 15:05:32.682 DEBUG 16344 --- [main] o.s.s.web.DefaultSecurityFilterChain     : Will secure any request with filters: DisableEncodeUrlFilter, WebAsyncManagerIntegrationFilter, SecurityContextHolderFilter, HeaderWriterFilter, LogoutFilter, RequestCacheAwareFilter, SecurityContextHolderAwareRequestFilter, AnonymousAuthenticationFilter, ExceptionTranslationFilter, AuthorizationFilter
2026-01-11 15:05:32.682  INFO 16344 --- [main] r.r.userservice.aspect.LoggingAspect     : <<< Response from: TestSecurityConfig.testSecurityFilterChain(..)
2026-01-11 15:05:33.533  INFO 16344 --- [main] r.r.u.controllers.UserControllerTest     : Started UserControllerTest in 8.444 seconds (process running for 9.4)
2026-01-11 15:05:33.767 DEBUG 16344 --- [main] o.s.security.web.FilterChainProxy        : Securing GET /v1/users/all
2026-01-11 15:05:33.783 DEBUG 16344 --- [main] o.s.security.web.FilterChainProxy        : Secured GET /v1/users/all
2026-01-11 15:05:33.796  INFO 16344 --- [main] r.r.userservice.aspect.LoggingAspect     : >>> Incoming request: UserController.getAllUsers()
2026-01-11 15:05:33.803  INFO 16344 --- [main] r.r.userservice.aspect.LoggingAspect     : <<< Response from: UserController.getAllUsers()
2026-01-11 15:05:33.849 DEBUG 16344 --- [main] o.s.s.w.a.AnonymousAuthenticationFilter  : Set SecurityContextHolder to anonymous SecurityContext
2026-01-11 15:05:33.918 DEBUG 16344 --- [main] o.s.security.web.FilterChainProxy        : Securing POST /v1/users/oauth2-login
2026-01-11 15:05:33.920 DEBUG 16344 --- [main] o.s.security.web.FilterChainProxy        : Secured POST /v1/users/oauth2-login
2026-01-11 15:05:33.995  INFO 16344 --- [main] r.r.userservice.aspect.LoggingAspect     : >>> Incoming request: UserController.oauth2LoginOrRegister(..)
2026-01-11 15:05:33.996  INFO 16344 --- [main] r.r.userservice.aspect.LoggingAspect     : <<< Response from: UserController.oauth2LoginOrRegister(..)
2026-01-11 15:05:34.003 DEBUG 16344 --- [main] o.s.s.w.a.AnonymousAuthenticationFilter  : Set SecurityContextHolder to anonymous SecurityContext
2026-01-11 15:05:34.017 DEBUG 16344 --- [main] o.s.security.web.FilterChainProxy        : Securing POST /v1/users/authenticate
2026-01-11 15:05:34.017 DEBUG 16344 --- [main] o.s.security.web.FilterChainProxy        : Secured POST /v1/users/authenticate
2026-01-11 15:05:34.017  INFO 16344 --- [main] r.r.userservice.aspect.LoggingAspect     : >>> Incoming request: UserController.authenticate(..)
2026-01-11 15:05:34.028  WARN 16344 --- [main] r.r.userservice.aspect.LoggingAspect     : >>> Handling exception in: GlobalExceptionHandler.handleBadCredentialsException(..) - Exception type: BadCredentialsException - Message: Неверный email или пароль
2026-01-11 15:05:34.028  WARN 16344 --- [main] r.r.userservice.aspect.LoggingAspect     : <<< Exception handled by: GlobalExceptionHandler.handleBadCredentialsException(..)
2026-01-11 15:05:34.037 DEBUG 16344 --- [main] o.s.s.w.a.AnonymousAuthenticationFilter  : Set SecurityContextHolder to anonymous SecurityContext
2026-01-11 15:05:34.054 DEBUG 16344 --- [main] o.s.security.web.FilterChainProxy        : Securing POST /v1/users/oauth2-login
2026-01-11 15:05:34.057 DEBUG 16344 --- [main] o.s.security.web.FilterChainProxy        : Secured POST /v1/users/oauth2-login
2026-01-11 15:05:34.058  INFO 16344 --- [main] r.r.userservice.aspect.LoggingAspect     : >>> Incoming request: UserController.oauth2LoginOrRegister(..)
2026-01-11 15:05:34.058  INFO 16344 --- [main] r.r.userservice.aspect.LoggingAspect     : <<< Response from: UserController.oauth2LoginOrRegister(..)
2026-01-11 15:05:34.060 DEBUG 16344 --- [main] o.s.s.w.a.AnonymousAuthenticationFilter  : Set SecurityContextHolder to anonymous SecurityContext
2026-01-11 15:05:34.078 DEBUG 16344 --- [main] w.c.HttpSessionSecurityContextRepository : Created HttpSession as SecurityContext is non-default
2026-01-11 15:05:34.080 DEBUG 16344 --- [main] w.c.HttpSessionSecurityContextRepository : Stored SecurityContextImpl [Authentication=UsernamePasswordAuthenticationToken [Principal=org.springframework.security.core.userdetails.User [Username=test@test.com, Password=[PROTECTED], Enabled=true, AccountNonExpired=true, CredentialsNonExpired=true, AccountNonLocked=true, Granted Authorities=[ROLE_USER]], Credentials=[PROTECTED], Authenticated=true, Details=null, Granted Authorities=[ROLE_USER]]] to HttpSession [org.springframework.mock.web.MockHttpSession@18092b96]
2026-01-11 15:05:34.080 DEBUG 16344 --- [main] o.s.security.web.FilterChainProxy        : Securing GET /v1/users/me
2026-01-11 15:05:34.080 DEBUG 16344 --- [main] o.s.security.web.FilterChainProxy        : Secured GET /v1/users/me
2026-01-11 15:05:34.082 DEBUG 16344 --- [main] w.c.HttpSessionSecurityContextRepository : Retrieved SecurityContextImpl [Authentication=UsernamePasswordAuthenticationToken [Principal=org.springframework.security.core.userdetails.User [Username=test@test.com, Password=[PROTECTED], Enabled=true, AccountNonExpired=true, CredentialsNonExpired=true, AccountNonLocked=true, Granted Authorities=[ROLE_USER]], Credentials=[PROTECTED], Authenticated=true, Details=null, Granted Authorities=[ROLE_USER]]]
2026-01-11 15:05:34.082  INFO 16344 --- [main] r.r.userservice.aspect.LoggingAspect     : >>> Incoming request: UserController.getCurrentUser(..)
2026-01-11 15:05:34.082  INFO 16344 --- [main] r.r.userservice.aspect.LoggingAspect     : <<< Response from: UserController.getCurrentUser(..)
2026-01-11 15:05:34.102 DEBUG 16344 --- [main] o.s.security.web.FilterChainProxy        : Securing DELETE /v1/users/1
2026-01-11 15:05:34.104 DEBUG 16344 --- [main] o.s.security.web.FilterChainProxy        : Secured DELETE /v1/users/1
2026-01-11 15:05:34.106  INFO 16344 --- [main] r.r.userservice.aspect.LoggingAspect     : >>> Incoming request: UserController.deleteUser(..)
2026-01-11 15:05:34.108  INFO 16344 --- [main] r.r.userservice.aspect.LoggingAspect     : <<< Response from: UserController.deleteUser(..)
2026-01-11 15:05:34.109 DEBUG 16344 --- [main] o.s.s.w.a.AnonymousAuthenticationFilter  : Set SecurityContextHolder to anonymous SecurityContext
2026-01-11 15:05:34.125 DEBUG 16344 --- [main] o.s.security.web.FilterChainProxy        : Securing PUT /v1/users/1/verify
2026-01-11 15:05:34.127 DEBUG 16344 --- [main] o.s.security.web.FilterChainProxy        : Secured PUT /v1/users/1/verify
2026-01-11 15:05:34.127  INFO 16344 --- [main] r.r.userservice.aspect.LoggingAspect     : >>> Incoming request: UserController.verifyUser(..)
2026-01-11 15:05:34.127  INFO 16344 --- [main] r.r.userservice.aspect.LoggingAspect     : <<< Response from: UserController.verifyUser(..)
2026-01-11 15:05:34.130 DEBUG 16344 --- [main] o.s.s.w.a.AnonymousAuthenticationFilter  : Set SecurityContextHolder to anonymous SecurityContext
2026-01-11 15:05:34.136 DEBUG 16344 --- [main] o.s.security.web.FilterChainProxy        : Securing POST /v1/users/signup
2026-01-11 15:05:34.140 DEBUG 16344 --- [main] o.s.security.web.FilterChainProxy        : Secured POST /v1/users/signup
2026-01-11 15:05:34.141  INFO 16344 --- [main] r.r.userservice.aspect.LoggingAspect     : >>> Incoming request: UserController.registerUser(..)
2026-01-11 15:05:34.141  INFO 16344 --- [main] r.r.userservice.aspect.LoggingAspect     : <<< Response from: UserController.registerUser(..)
2026-01-11 15:05:34.141 DEBUG 16344 --- [main] o.s.s.w.a.AnonymousAuthenticationFilter  : Set SecurityContextHolder to anonymous SecurityContext
2026-01-11 15:05:34.150 DEBUG 16344 --- [main] o.s.security.web.FilterChainProxy        : Securing POST /v1/users/authenticate
2026-01-11 15:05:34.150 DEBUG 16344 --- [main] o.s.security.web.FilterChainProxy        : Secured POST /v1/users/authenticate
2026-01-11 15:05:34.151  INFO 16344 --- [main] r.r.userservice.aspect.LoggingAspect     : >>> Incoming request: UserController.authenticate(..)
2026-01-11 15:05:34.151  INFO 16344 --- [main] r.r.userservice.aspect.LoggingAspect     : <<< Response from: UserController.authenticate(..)
2026-01-11 15:05:34.151 DEBUG 16344 --- [main] o.s.s.w.a.AnonymousAuthenticationFilter  : Set SecurityContextHolder to anonymous SecurityContext
2026-01-11 15:05:34.162 DEBUG 16344 --- [main] o.s.security.web.FilterChainProxy        : Securing PUT /v1/users/1
2026-01-11 15:05:34.162 DEBUG 16344 --- [main] o.s.security.web.FilterChainProxy        : Secured PUT /v1/users/1
2026-01-11 15:05:34.167  INFO 16344 --- [main] r.r.userservice.aspect.LoggingAspect     : >>> Incoming request: UserController.updateUser(..)
2026-01-11 15:05:34.167  INFO 16344 --- [main] r.r.userservice.aspect.LoggingAspect     : <<< Response from: UserController.updateUser(..)
2026-01-11 15:05:34.167 DEBUG 16344 --- [main] o.s.s.w.a.AnonymousAuthenticationFilter  : Set SecurityContextHolder to anonymous SecurityContext
2026-01-11 15:05:34.175 DEBUG 16344 --- [main] o.s.security.web.FilterChainProxy        : Securing POST /v1/users/signup
2026-01-11 15:05:34.179 DEBUG 16344 --- [main] o.s.security.web.FilterChainProxy        : Secured POST /v1/users/signup
2026-01-11 15:05:34.179  INFO 16344 --- [main] r.r.userservice.aspect.LoggingAspect     : >>> Incoming request: UserController.registerUser(..)
2026-01-11 15:05:34.179  WARN 16344 --- [main] r.r.userservice.aspect.LoggingAspect     : >>> Handling exception in: GlobalExceptionHandler.handleUserAlreadyExists(..) - Exception type: UserAlreadyExistsException - Message: Пользователь с email test@test.com уже зарегистрирован
2026-01-11 15:05:34.181  WARN 16344 --- [main] r.r.userservice.aspect.LoggingAspect     : <<< Exception handled by: GlobalExceptionHandler.handleUserAlreadyExists(..)
2026-01-11 15:05:34.181 DEBUG 16344 --- [main] o.s.s.w.a.AnonymousAuthenticationFilter  : Set SecurityContextHolder to anonymous SecurityContext
2026-01-11 15:05:34.191 DEBUG 16344 --- [main] o.s.security.web.FilterChainProxy        : Securing DELETE /v1/users/999
2026-01-11 15:05:34.193 DEBUG 16344 --- [main] o.s.security.web.FilterChainProxy        : Secured DELETE /v1/users/999
2026-01-11 15:05:34.193  INFO 16344 --- [main] r.r.userservice.aspect.LoggingAspect     : >>> Incoming request: UserController.deleteUser(..)
2026-01-11 15:05:34.195  WARN 16344 --- [main] r.r.userservice.aspect.LoggingAspect     : >>> Handling exception in: GlobalExceptionHandler.handleUserNotFoundException(..) - Exception type: UsernameNotFoundException - Message: Пользователь с id 999 не найден
2026-01-11 15:05:34.195  WARN 16344 --- [main] r.r.userservice.aspect.LoggingAspect     : <<< Exception handled by: GlobalExceptionHandler.handleUserNotFoundException(..)
2026-01-11 15:05:34.195 DEBUG 16344 --- [main] o.s.s.w.a.AnonymousAuthenticationFilter  : Set SecurityContextHolder to anonymous SecurityContext
2026-01-11 15:05:34.287  INFO 16344 --- [main] r.r.u.repository.RoleRepositoryTest      : Starting RoleRepositoryTest using Java 21.0.8 with PID 16344 (started by elims in D:\Max\java\my-application\ecommerce-platform\user-service)
2026-01-11 15:05:34.287 DEBUG 16344 --- [main] r.r.u.repository.RoleRepositoryTest      : Running with Spring Boot v3.4.4, Spring v6.2.5
2026-01-11 15:05:34.287  INFO 16344 --- [main] r.r.u.repository.RoleRepositoryTest      : The following 1 profile is active: "test"
2026-01-11 15:05:34.465  WARN 16344 --- [main] org.hibernate.orm.deprecation            : HHH90000025: H2Dialect does not need to be specified explicitly using 'hibernate.dialect' (remove the property setting and it will be selected by default)
2026-01-11 15:05:34.535 DEBUG 16344 --- [main] org.hibernate.SQL                        : drop table if exists roles cascade 
2026-01-11 15:05:34.535 DEBUG 16344 --- [main] org.hibernate.SQL                        : drop table if exists user_roles cascade 
2026-01-11 15:05:34.535 DEBUG 16344 --- [main] org.hibernate.SQL                        : drop table if exists users cascade 
2026-01-11 15:05:34.535 DEBUG 16344 --- [main] org.hibernate.SQL                        : create table roles (id bigint generated by default as identity, name varchar(255) not null unique, primary key (id))
2026-01-11 15:05:34.538 DEBUG 16344 --- [main] org.hibernate.SQL                        : create table user_roles (role_id bigint not null, user_id bigint not null, primary key (role_id, user_id))
2026-01-11 15:05:34.538 DEBUG 16344 --- [main] org.hibernate.SQL                        : create table users (email_verified boolean not null, created_at timestamp(6), id bigint generated by default as identity, updated_at timestamp(6), email varchar(255) not null unique, firstname varchar(255) not null, lastname varchar(255) not null, password varchar(255) not null, surname varchar(255), primary key (id))
2026-01-11 15:05:34.538 DEBUG 16344 --- [main] org.hibernate.SQL                        : alter table if exists user_roles add constraint FKh8ciramu9cc9q3qcqiv4ue8a6 foreign key (role_id) references roles
2026-01-11 15:05:34.542 DEBUG 16344 --- [main] org.hibernate.SQL                        : alter table if exists user_roles add constraint FKhfh9dx7w3ubf1co1vdev94g3f foreign key (user_id) references users
2026-01-11 15:05:34.576  INFO 16344 --- [main] r.r.u.repository.RoleRepositoryTest      : Started RoleRepositoryTest in 0.34 seconds (process running for 10.447)
2026-01-11 15:05:34.657 DEBUG 16344 --- [main] org.hibernate.SQL                        : insert into roles (name,id) values (?,default)
2026-01-11 15:05:34.719 DEBUG 16344 --- [main] org.hibernate.SQL                        : insert into roles (name,id) values (?,default)
2026-01-11 15:05:34.810 DEBUG 16344 --- [main] org.hibernate.SQL                        : select re1_0.id,re1_0.name from roles re1_0
2026-01-11 15:05:34.860 DEBUG 16344 --- [main] org.hibernate.SQL                        : insert into roles (name,id) values (?,default)
2026-01-11 15:05:34.873 DEBUG 16344 --- [main] org.hibernate.SQL                        : select re1_0.id,re1_0.name from roles re1_0 where re1_0.name=?
2026-01-11 15:05:34.884 DEBUG 16344 --- [main] org.hibernate.SQL                        : select re1_0.id,re1_0.name from roles re1_0 where re1_0.name=?
2026-01-11 15:05:34.890 DEBUG 16344 --- [main] org.hibernate.SQL                        : insert into roles (name,id) values (?,default)
2026-01-11 15:05:34.895 DEBUG 16344 --- [main] org.hibernate.SQL                        : insert into roles (name,id) values (?,default)
2026-01-11 15:05:34.896  WARN 16344 --- [main] o.h.engine.jdbc.spi.SqlExceptionHelper   : SQL Error: 23505, SQLState: 23505
2026-01-11 15:05:34.896 ERROR 16344 --- [main] o.h.engine.jdbc.spi.SqlExceptionHelper   : Нарушение уникального индекса или первичного ключа: "PUBLIC.CONSTRAINT_INDEX_4 ON PUBLIC.ROLES(NAME NULLS FIRST) VALUES ( /* 4 */ 'ROLE_ADMIN' )"
Unique index or primary key violation: "PUBLIC.CONSTRAINT_INDEX_4 ON PUBLIC.ROLES(NAME NULLS FIRST) VALUES ( /* 4 */ 'ROLE_ADMIN' )"; SQL statement:
insert into roles (name,id) values (?,default) [23505-224]
2026-01-11 15:05:34.916 DEBUG 16344 --- [main] org.hibernate.SQL                        : insert into roles (name,id) values (?,default)
2026-01-11 15:05:34.920 DEBUG 16344 --- [main] org.hibernate.SQL                        : select re1_0.id,re1_0.name from roles re1_0 where re1_0.name=?
2026-01-11 15:05:34.927 DEBUG 16344 --- [main] org.hibernate.SQL                        : insert into roles (name,id) values (?,default)
2026-01-11 15:05:34.964 DEBUG 16344 --- [main] org.hibernate.SQL                        : select ue1_0.id,ue1_0.created_at,ue1_0.email,ue1_0.email_verified,ue1_0.firstname,ue1_0.lastname,ue1_0.password,ue1_0.surname,ue1_0.updated_at from users ue1_0
2026-01-11 15:05:34.975 DEBUG 16344 --- [main] org.hibernate.SQL                        : insert into users (created_at,email,email_verified,firstname,lastname,password,surname,updated_at,id) values (?,?,?,?,?,?,?,?,default)
2026-01-11 15:05:34.984 DEBUG 16344 --- [main] org.hibernate.SQL                        : select ue1_0.id,ue1_0.created_at,ue1_0.email,ue1_0.email_verified,ue1_0.firstname,ue1_0.lastname,ue1_0.password,ue1_0.surname,ue1_0.updated_at from users ue1_0 where ue1_0.email=?
2026-01-11 15:05:34.996 DEBUG 16344 --- [main] org.hibernate.SQL                        : select ue1_0.id,ue1_0.created_at,ue1_0.email,ue1_0.email_verified,ue1_0.firstname,ue1_0.lastname,ue1_0.password,ue1_0.surname,ue1_0.updated_at from users ue1_0
2026-01-11 15:05:35.000 DEBUG 16344 --- [main] org.hibernate.SQL                        : insert into users (created_at,email,email_verified,firstname,lastname,password,surname,updated_at,id) values (?,?,?,?,?,?,?,?,default)
2026-01-11 15:05:35.006 DEBUG 16344 --- [main] org.hibernate.SQL                        : insert into users (created_at,email,email_verified,firstname,lastname,password,surname,updated_at,id) values (?,?,?,?,?,?,?,?,default)
2026-01-11 15:05:35.006  WARN 16344 --- [main] o.h.engine.jdbc.spi.SqlExceptionHelper   : SQL Error: 23505, SQLState: 23505
2026-01-11 15:05:35.006 ERROR 16344 --- [main] o.h.engine.jdbc.spi.SqlExceptionHelper   : Нарушение уникального индекса или первичного ключа: "PUBLIC.CONSTRAINT_INDEX_4D ON PUBLIC.USERS(EMAIL NULLS FIRST) VALUES ( /* 2 */ 'test@test.com' )"
Unique index or primary key violation: "PUBLIC.CONSTRAINT_INDEX_4D ON PUBLIC.USERS(EMAIL NULLS FIRST) VALUES ( /* 2 */ 'test@test.com' )"; SQL statement:
insert into users (created_at,email,email_verified,firstname,lastname,password,surname,updated_at,id) values (?,?,?,?,?,?,?,?,default) [23505-224]
2026-01-11 15:05:35.015 DEBUG 16344 --- [main] org.hibernate.SQL                        : select ue1_0.id,ue1_0.created_at,ue1_0.email,ue1_0.email_verified,ue1_0.firstname,ue1_0.lastname,ue1_0.password,ue1_0.surname,ue1_0.updated_at from users ue1_0
2026-01-11 15:05:35.018 DEBUG 16344 --- [main] org.hibernate.SQL                        : insert into users (created_at,email,email_verified,firstname,lastname,password,surname,updated_at,id) values (?,?,?,?,?,?,?,?,default)
2026-01-11 15:05:35.019 DEBUG 16344 --- [main] org.hibernate.SQL                        : select ue1_0.id,ue1_0.created_at,ue1_0.email,ue1_0.email_verified,ue1_0.firstname,ue1_0.lastname,ue1_0.password,ue1_0.surname,ue1_0.updated_at from users ue1_0 where ue1_0.email=?
2026-01-11 15:05:35.031 DEBUG 16344 --- [main] org.hibernate.SQL                        : update users set created_at=?,email=?,email_verified=?,firstname=?,lastname=?,password=?,surname=?,updated_at=? where id=?
2026-01-11 15:05:35.033 DEBUG 16344 --- [main] org.hibernate.SQL                        : select ue1_0.id,ue1_0.created_at,ue1_0.email,ue1_0.email_verified,ue1_0.firstname,ue1_0.lastname,ue1_0.password,ue1_0.surname,ue1_0.updated_at from users ue1_0 where ue1_0.email=?
2026-01-11 15:05:35.043 DEBUG 16344 --- [main] org.hibernate.SQL                        : select ue1_0.id,ue1_0.created_at,ue1_0.email,ue1_0.email_verified,ue1_0.firstname,ue1_0.lastname,ue1_0.password,ue1_0.surname,ue1_0.updated_at from users ue1_0
2026-01-11 15:05:35.045 DEBUG 16344 --- [main] org.hibernate.SQL                        : insert into users (created_at,email,email_verified,firstname,lastname,password,surname,updated_at,id) values (?,?,?,?,?,?,?,?,default)
2026-01-11 15:05:35.048 DEBUG 16344 --- [main] org.hibernate.SQL                        : select ue1_0.id,ue1_0.created_at,ue1_0.email,ue1_0.email_verified,ue1_0.firstname,ue1_0.lastname,ue1_0.password,ue1_0.surname,ue1_0.updated_at from users ue1_0 where ue1_0.email=?
2026-01-11 15:05:35.053 DEBUG 16344 --- [main] org.hibernate.SQL                        : select ue1_0.id,ue1_0.created_at,ue1_0.email,ue1_0.email_verified,ue1_0.firstname,ue1_0.lastname,ue1_0.password,ue1_0.surname,ue1_0.updated_at from users ue1_0
2026-01-11 15:05:35.053 DEBUG 16344 --- [main] org.hibernate.SQL                        : insert into users (created_at,email,email_verified,firstname,lastname,password,surname,updated_at,id) values (?,?,?,?,?,?,?,?,default)
2026-01-11 15:05:35.058 DEBUG 16344 --- [main] org.hibernate.SQL                        : select ue1_0.id,ue1_0.created_at,ue1_0.email,ue1_0.email_verified,ue1_0.firstname,ue1_0.lastname,ue1_0.password,ue1_0.surname,ue1_0.updated_at from users ue1_0 where ue1_0.email=?
2026-01-11 15:05:35.063 DEBUG 16344 --- [main] org.hibernate.SQL                        : delete from users where id=?
2026-01-11 15:05:35.063 DEBUG 16344 --- [main] org.hibernate.SQL                        : select ue1_0.id,ue1_0.created_at,ue1_0.email,ue1_0.email_verified,ue1_0.firstname,ue1_0.lastname,ue1_0.password,ue1_0.surname,ue1_0.updated_at from users ue1_0 where ue1_0.email=?
2026-01-11 15:05:35.071 DEBUG 16344 --- [main] org.hibernate.SQL                        : select ue1_0.id,ue1_0.created_at,ue1_0.email,ue1_0.email_verified,ue1_0.firstname,ue1_0.lastname,ue1_0.password,ue1_0.surname,ue1_0.updated_at from users ue1_0
2026-01-11 15:05:35.073 DEBUG 16344 --- [main] org.hibernate.SQL                        : insert into users (created_at,email,email_verified,firstname,lastname,password,surname,updated_at,id) values (?,?,?,?,?,?,?,?,default)
2026-01-11 15:05:35.073 DEBUG 16344 --- [main] org.hibernate.SQL                        : select ue1_0.id,ue1_0.created_at,ue1_0.email,ue1_0.email_verified,ue1_0.firstname,ue1_0.lastname,ue1_0.password,ue1_0.surname,ue1_0.updated_at from users ue1_0 where ue1_0.email=?
2026-01-11 15:05:35.412  INFO 16344 --- [main] r.r.u.UserServiceApplicationTests        : Starting UserServiceApplicationTests using Java 21.0.8 with PID 16344 (started by elims in D:\Max\java\my-application\ecommerce-platform\user-service)
2026-01-11 15:05:35.412  INFO 16344 --- [main] r.r.u.UserServiceApplicationTests        : The following 1 profile is active: "test"
2026-01-11 15:05:35.811  WARN 16344 --- [main] org.hibernate.orm.deprecation            : HHH90000025: H2Dialect does not need to be specified explicitly using 'hibernate.dialect' (remove the property setting and it will be selected by default)
2026-01-11 15:05:35.861 DEBUG 16344 --- [main] org.hibernate.SQL                        : drop table if exists roles cascade 
2026-01-11 15:05:35.868 DEBUG 16344 --- [main] org.hibernate.SQL                        : drop table if exists user_roles cascade 
2026-01-11 15:05:35.868 DEBUG 16344 --- [main] org.hibernate.SQL                        : drop table if exists users cascade 
2026-01-11 15:05:35.870 DEBUG 16344 --- [main] org.hibernate.SQL                        : create table roles (id bigint generated by default as identity, name varchar(255) not null unique, primary key (id))
2026-01-11 15:05:35.871 DEBUG 16344 --- [main] org.hibernate.SQL                        : create table user_roles (role_id bigint not null, user_id bigint not null, primary key (role_id, user_id))
2026-01-11 15:05:35.872 DEBUG 16344 --- [main] org.hibernate.SQL                        : create table users (email_verified boolean not null, created_at timestamp(6), id bigint generated by default as identity, updated_at timestamp(6), email varchar(255) not null unique, firstname varchar(255) not null, lastname varchar(255) not null, password varchar(255) not null, surname varchar(255), primary key (id))
2026-01-11 15:05:35.872 DEBUG 16344 --- [main] org.hibernate.SQL                        : alter table if exists user_roles add constraint FKh8ciramu9cc9q3qcqiv4ue8a6 foreign key (role_id) references roles
2026-01-11 15:05:35.872 DEBUG 16344 --- [main] org.hibernate.SQL                        : alter table if exists user_roles add constraint FKhfh9dx7w3ubf1co1vdev94g3f foreign key (user_id) references users
2026-01-11 15:05:36.045  WARN 16344 --- [main] JpaBaseConfiguration$JpaWebConfiguration : spring.jpa.open-in-view is enabled by default. Therefore, database queries may be performed during view rendering. Explicitly configure spring.jpa.open-in-view to disable this warning
2026-01-11 15:05:36.332  WARN 16344 --- [main] .s.s.UserDetailsServiceAutoConfiguration : 

Using generated security password: c68dc30e-8a3a-49a1-b708-4a4c8b412563

This generated password is for development use only. Your security configuration must be updated before running your application in production.

2026-01-11 15:05:36.332  INFO 16344 --- [main] r$InitializeUserDetailsManagerConfigurer : Global AuthenticationManager configured with UserDetailsService bean with name inMemoryUserDetailsManager
2026-01-11 15:05:36.369 DEBUG 16344 --- [main] o.s.s.web.DefaultSecurityFilterChain     : Will secure any request with filters: DisableEncodeUrlFilter, WebAsyncManagerIntegrationFilter, SecurityContextHolderFilter, HeaderWriterFilter, CorsFilter, CsrfFilter, LogoutFilter, UsernamePasswordAuthenticationFilter, DefaultResourcesFilter, DefaultLoginPageGeneratingFilter, DefaultLogoutPageGeneratingFilter, BasicAuthenticationFilter, RequestCacheAwareFilter, SecurityContextHolderAwareRequestFilter, AnonymousAuthenticationFilter, ExceptionTranslationFilter, AuthorizationFilter
2026-01-11 15:05:36.461  INFO 16344 --- [main] r.r.u.UserServiceApplicationTests        : Started UserServiceApplicationTests in 1.085 seconds (process running for 12.327)
2026-01-11 15:05:36.485 DEBUG 16344 --- [SpringApplicationShutdownHook] org.hibernate.SQL                        : drop table if exists roles cascade 
2026-01-11 15:05:36.485 DEBUG 16344 --- [SpringApplicationShutdownHook] org.hibernate.SQL                        : drop table if exists user_roles cascade 
2026-01-11 15:05:36.487 DEBUG 16344 --- [SpringApplicationShutdownHook] org.hibernate.SQL                        : drop table if exists users cascade 
2026-01-11 15:05:36.491 DEBUG 16344 --- [SpringApplicationShutdownHook] org.hibernate.SQL                        : drop table if exists roles cascade 
2026-01-11 15:05:36.491 DEBUG 16344 --- [SpringApplicationShutdownHook] org.hibernate.SQL                        : drop table if exists user_roles cascade 
2026-01-11 15:05:36.494 DEBUG 16344 --- [SpringApplicationShutdownHook] org.hibernate.SQL                        : drop table if exists users cascade 
2026-01-11 15:05:36.497 DEBUG 16344 --- [SpringApplicationShutdownHook] org.hibernate.SQL                        : drop table if exists roles cascade 
2026-01-11 15:05:36.497 DEBUG 16344 --- [SpringApplicationShutdownHook] org.hibernate.SQL                        : drop table if exists user_roles cascade 
2026-01-11 15:05:36.497 DEBUG 16344 --- [SpringApplicationShutdownHook] org.hibernate.SQL                        : drop table if exists users cascade 
2026-01-11 15:09:26.304  INFO 15164 --- [main] r.r.u.controllers.UserControllerTest     : Starting UserControllerTest using Java 21.0.8 with PID 15164 (started by elims in D:\Max\java\my-application\ecommerce-platform\user-service)
2026-01-11 15:09:26.308  INFO 15164 --- [main] r.r.u.controllers.UserControllerTest     : The following 1 profile is active: "test"
2026-01-11 15:09:30.443  WARN 15164 --- [main] org.hibernate.orm.deprecation            : HHH90000025: H2Dialect does not need to be specified explicitly using 'hibernate.dialect' (remove the property setting and it will be selected by default)
2026-01-11 15:09:31.176 DEBUG 15164 --- [main] org.hibernate.SQL                        : drop table if exists roles cascade 
2026-01-11 15:09:31.179 DEBUG 15164 --- [main] org.hibernate.SQL                        : drop table if exists user_roles cascade 
2026-01-11 15:09:31.179 DEBUG 15164 --- [main] org.hibernate.SQL                        : drop table if exists users cascade 
2026-01-11 15:09:31.186 DEBUG 15164 --- [main] org.hibernate.SQL                        : create table roles (id bigint generated by default as identity, name varchar(255) not null unique, primary key (id))
2026-01-11 15:09:31.194 DEBUG 15164 --- [main] org.hibernate.SQL                        : create table user_roles (role_id bigint not null, user_id bigint not null, primary key (role_id, user_id))
2026-01-11 15:09:31.194 DEBUG 15164 --- [main] org.hibernate.SQL                        : create table users (email_verified boolean not null, created_at timestamp(6), id bigint generated by default as identity, updated_at timestamp(6), email varchar(255) not null unique, firstname varchar(255) not null, lastname varchar(255) not null, password varchar(255) not null, surname varchar(255), primary key (id))
2026-01-11 15:09:31.197 DEBUG 15164 --- [main] org.hibernate.SQL                        : alter table if exists user_roles add constraint FKh8ciramu9cc9q3qcqiv4ue8a6 foreign key (role_id) references roles
2026-01-11 15:09:31.197 DEBUG 15164 --- [main] org.hibernate.SQL                        : alter table if exists user_roles add constraint FKhfh9dx7w3ubf1co1vdev94g3f foreign key (user_id) references users
2026-01-11 15:09:32.284  WARN 15164 --- [main] JpaBaseConfiguration$JpaWebConfiguration : spring.jpa.open-in-view is enabled by default. Therefore, database queries may be performed during view rendering. Explicitly configure spring.jpa.open-in-view to disable this warning
2026-01-11 15:09:32.374  WARN 15164 --- [main] .s.s.UserDetailsServiceAutoConfiguration : 

Using generated security password: e875ac6e-70ed-425c-a2f6-0329f411e1b8

This generated password is for development use only. Your security configuration must be updated before running your application in production.

2026-01-11 15:09:32.388  INFO 15164 --- [main] r$InitializeUserDetailsManagerConfigurer : Global AuthenticationManager configured with UserDetailsService bean with name inMemoryUserDetailsManager
2026-01-11 15:09:33.371  INFO 15164 --- [main] r.r.userservice.aspect.LoggingAspect     : >>> Incoming request: TestSecurityConfig.testSecurityFilterChain(..)
2026-01-11 15:09:33.449 DEBUG 15164 --- [main] o.s.s.web.DefaultSecurityFilterChain     : Will secure any request with filters: DisableEncodeUrlFilter, WebAsyncManagerIntegrationFilter, SecurityContextHolderFilter, HeaderWriterFilter, LogoutFilter, RequestCacheAwareFilter, SecurityContextHolderAwareRequestFilter, AnonymousAuthenticationFilter, ExceptionTranslationFilter, AuthorizationFilter
2026-01-11 15:09:33.449  INFO 15164 --- [main] r.r.userservice.aspect.LoggingAspect     : <<< Response from: TestSecurityConfig.testSecurityFilterChain(..)
2026-01-11 15:09:34.466  INFO 15164 --- [main] r.r.u.controllers.UserControllerTest     : Started UserControllerTest in 8.558 seconds (process running for 9.522)
2026-01-11 15:09:34.654 DEBUG 15164 --- [main] o.s.security.web.FilterChainProxy        : Securing GET /v1/users/all
2026-01-11 15:09:34.669 DEBUG 15164 --- [main] o.s.security.web.FilterChainProxy        : Secured GET /v1/users/all
2026-01-11 15:09:34.679  INFO 15164 --- [main] r.r.userservice.aspect.LoggingAspect     : >>> Incoming request: UserController.getAllUsers()
2026-01-11 15:09:34.684  INFO 15164 --- [main] r.r.userservice.aspect.LoggingAspect     : <<< Response from: UserController.getAllUsers()
2026-01-11 15:09:34.740 DEBUG 15164 --- [main] o.s.s.w.a.AnonymousAuthenticationFilter  : Set SecurityContextHolder to anonymous SecurityContext
2026-01-11 15:09:34.800 DEBUG 15164 --- [main] o.s.security.web.FilterChainProxy        : Securing POST /v1/users/oauth2-login
2026-01-11 15:09:34.802 DEBUG 15164 --- [main] o.s.security.web.FilterChainProxy        : Secured POST /v1/users/oauth2-login
2026-01-11 15:09:34.864  INFO 15164 --- [main] r.r.userservice.aspect.LoggingAspect     : >>> Incoming request: UserController.oauth2LoginOrRegister(..)
2026-01-11 15:09:34.871  INFO 15164 --- [main] r.r.userservice.aspect.LoggingAspect     : <<< Response from: UserController.oauth2LoginOrRegister(..)
2026-01-11 15:09:34.873 DEBUG 15164 --- [main] o.s.s.w.a.AnonymousAuthenticationFilter  : Set SecurityContextHolder to anonymous SecurityContext
2026-01-11 15:09:34.895 DEBUG 15164 --- [main] o.s.security.web.FilterChainProxy        : Securing POST /v1/users/authenticate
2026-01-11 15:09:34.895 DEBUG 15164 --- [main] o.s.security.web.FilterChainProxy        : Secured POST /v1/users/authenticate
2026-01-11 15:09:34.898  INFO 15164 --- [main] r.r.userservice.aspect.LoggingAspect     : >>> Incoming request: UserController.authenticate(..)
2026-01-11 15:09:34.904  WARN 15164 --- [main] r.r.userservice.aspect.LoggingAspect     : >>> Handling exception in: GlobalExceptionHandler.handleBadCredentialsException(..) - Exception type: BadCredentialsException - Message: Неверный email или пароль
2026-01-11 15:09:34.904  WARN 15164 --- [main] r.r.userservice.aspect.LoggingAspect     : <<< Exception handled by: GlobalExceptionHandler.handleBadCredentialsException(..)
2026-01-11 15:09:34.914 DEBUG 15164 --- [main] o.s.s.w.a.AnonymousAuthenticationFilter  : Set SecurityContextHolder to anonymous SecurityContext
2026-01-11 15:09:34.928 DEBUG 15164 --- [main] o.s.security.web.FilterChainProxy        : Securing POST /v1/users/oauth2-login
2026-01-11 15:09:34.928 DEBUG 15164 --- [main] o.s.security.web.FilterChainProxy        : Secured POST /v1/users/oauth2-login
2026-01-11 15:09:34.936  INFO 15164 --- [main] r.r.userservice.aspect.LoggingAspect     : >>> Incoming request: UserController.oauth2LoginOrRegister(..)
2026-01-11 15:09:34.936  INFO 15164 --- [main] r.r.userservice.aspect.LoggingAspect     : <<< Response from: UserController.oauth2LoginOrRegister(..)
2026-01-11 15:09:34.936 DEBUG 15164 --- [main] o.s.s.w.a.AnonymousAuthenticationFilter  : Set SecurityContextHolder to anonymous SecurityContext
2026-01-11 15:09:34.956 DEBUG 15164 --- [main] w.c.HttpSessionSecurityContextRepository : Created HttpSession as SecurityContext is non-default
2026-01-11 15:09:34.956 DEBUG 15164 --- [main] w.c.HttpSessionSecurityContextRepository : Stored SecurityContextImpl [Authentication=UsernamePasswordAuthenticationToken [Principal=org.springframework.security.core.userdetails.User [Username=test@test.com, Password=[PROTECTED], Enabled=true, AccountNonExpired=true, CredentialsNonExpired=true, AccountNonLocked=true, Granted Authorities=[ROLE_USER]], Credentials=[PROTECTED], Authenticated=true, Details=null, Granted Authorities=[ROLE_USER]]] to HttpSession [org.springframework.mock.web.MockHttpSession@6e7b0234]
2026-01-11 15:09:34.956 DEBUG 15164 --- [main] o.s.security.web.FilterChainProxy        : Securing GET /v1/users/me
2026-01-11 15:09:34.959 DEBUG 15164 --- [main] o.s.security.web.FilterChainProxy        : Secured GET /v1/users/me
2026-01-11 15:09:34.959 DEBUG 15164 --- [main] w.c.HttpSessionSecurityContextRepository : Retrieved SecurityContextImpl [Authentication=UsernamePasswordAuthenticationToken [Principal=org.springframework.security.core.userdetails.User [Username=test@test.com, Password=[PROTECTED], Enabled=true, AccountNonExpired=true, CredentialsNonExpired=true, AccountNonLocked=true, Granted Authorities=[ROLE_USER]], Credentials=[PROTECTED], Authenticated=true, Details=null, Granted Authorities=[ROLE_USER]]]
2026-01-11 15:09:34.961  INFO 15164 --- [main] r.r.userservice.aspect.LoggingAspect     : >>> Incoming request: UserController.getCurrentUser(..)
2026-01-11 15:09:34.961  INFO 15164 --- [main] r.r.userservice.aspect.LoggingAspect     : <<< Response from: UserController.getCurrentUser(..)
2026-01-11 15:09:34.980 DEBUG 15164 --- [main] o.s.security.web.FilterChainProxy        : Securing DELETE /v1/users/1
2026-01-11 15:09:34.980 DEBUG 15164 --- [main] o.s.security.web.FilterChainProxy        : Secured DELETE /v1/users/1
2026-01-11 15:09:34.980  INFO 15164 --- [main] r.r.userservice.aspect.LoggingAspect     : >>> Incoming request: UserController.deleteUser(..)
2026-01-11 15:09:34.980  INFO 15164 --- [main] r.r.userservice.aspect.LoggingAspect     : <<< Response from: UserController.deleteUser(..)
2026-01-11 15:09:34.984 DEBUG 15164 --- [main] o.s.s.w.a.AnonymousAuthenticationFilter  : Set SecurityContextHolder to anonymous SecurityContext
2026-01-11 15:09:34.994 DEBUG 15164 --- [main] o.s.security.web.FilterChainProxy        : Securing PUT /v1/users/1/verify
2026-01-11 15:09:34.994 DEBUG 15164 --- [main] o.s.security.web.FilterChainProxy        : Secured PUT /v1/users/1/verify
2026-01-11 15:09:34.996  INFO 15164 --- [main] r.r.userservice.aspect.LoggingAspect     : >>> Incoming request: UserController.verifyUser(..)
2026-01-11 15:09:34.996  INFO 15164 --- [main] r.r.userservice.aspect.LoggingAspect     : <<< Response from: UserController.verifyUser(..)
2026-01-11 15:09:34.996 DEBUG 15164 --- [main] o.s.s.w.a.AnonymousAuthenticationFilter  : Set SecurityContextHolder to anonymous SecurityContext
2026-01-11 15:09:35.002 DEBUG 15164 --- [main] o.s.security.web.FilterChainProxy        : Securing POST /v1/users/signup
2026-01-11 15:09:35.002 DEBUG 15164 --- [main] o.s.security.web.FilterChainProxy        : Secured POST /v1/users/signup
2026-01-11 15:09:35.006  INFO 15164 --- [main] r.r.userservice.aspect.LoggingAspect     : >>> Incoming request: UserController.registerUser(..)
2026-01-11 15:09:35.008  INFO 15164 --- [main] r.r.userservice.aspect.LoggingAspect     : <<< Response from: UserController.registerUser(..)
2026-01-11 15:09:35.008 DEBUG 15164 --- [main] o.s.s.w.a.AnonymousAuthenticationFilter  : Set SecurityContextHolder to anonymous SecurityContext
2026-01-11 15:09:35.017 DEBUG 15164 --- [main] o.s.security.web.FilterChainProxy        : Securing POST /v1/users/authenticate
2026-01-11 15:09:35.017 DEBUG 15164 --- [main] o.s.security.web.FilterChainProxy        : Secured POST /v1/users/authenticate
2026-01-11 15:09:35.017  INFO 15164 --- [main] r.r.userservice.aspect.LoggingAspect     : >>> Incoming request: UserController.authenticate(..)
2026-01-11 15:09:35.017  INFO 15164 --- [main] r.r.userservice.aspect.LoggingAspect     : <<< Response from: UserController.authenticate(..)
2026-01-11 15:09:35.021 DEBUG 15164 --- [main] o.s.s.w.a.AnonymousAuthenticationFilter  : Set SecurityContextHolder to anonymous SecurityContext
2026-01-11 15:09:35.027 DEBUG 15164 --- [main] o.s.security.web.FilterChainProxy        : Securing PUT /v1/users/1
2026-01-11 15:09:35.027 DEBUG 15164 --- [main] o.s.security.web.FilterChainProxy        : Secured PUT /v1/users/1
2026-01-11 15:09:35.033  INFO 15164 --- [main] r.r.userservice.aspect.LoggingAspect     : >>> Incoming request: UserController.updateUser(..)
2026-01-11 15:09:35.033  INFO 15164 --- [main] r.r.userservice.aspect.LoggingAspect     : <<< Response from: UserController.updateUser(..)
2026-01-11 15:09:35.033 DEBUG 15164 --- [main] o.s.s.w.a.AnonymousAuthenticationFilter  : Set SecurityContextHolder to anonymous SecurityContext
2026-01-11 15:09:35.042 DEBUG 15164 --- [main] o.s.security.web.FilterChainProxy        : Securing POST /v1/users/signup
2026-01-11 15:09:35.042 DEBUG 15164 --- [main] o.s.security.web.FilterChainProxy        : Secured POST /v1/users/signup
2026-01-11 15:09:35.042  INFO 15164 --- [main] r.r.userservice.aspect.LoggingAspect     : >>> Incoming request: UserController.registerUser(..)
2026-01-11 15:09:35.045  WARN 15164 --- [main] r.r.userservice.aspect.LoggingAspect     : >>> Handling exception in: GlobalExceptionHandler.handleUserAlreadyExists(..) - Exception type: UserAlreadyExistsException - Message: Пользователь с email test@test.com уже зарегистрирован
2026-01-11 15:09:35.045  WARN 15164 --- [main] r.r.userservice.aspect.LoggingAspect     : <<< Exception handled by: GlobalExceptionHandler.handleUserAlreadyExists(..)
2026-01-11 15:09:35.045 DEBUG 15164 --- [main] o.s.s.w.a.AnonymousAuthenticationFilter  : Set SecurityContextHolder to anonymous SecurityContext
2026-01-11 15:09:35.058 DEBUG 15164 --- [main] o.s.security.web.FilterChainProxy        : Securing DELETE /v1/users/999
2026-01-11 15:09:35.058 DEBUG 15164 --- [main] o.s.security.web.FilterChainProxy        : Secured DELETE /v1/users/999
2026-01-11 15:09:35.058  INFO 15164 --- [main] r.r.userservice.aspect.LoggingAspect     : >>> Incoming request: UserController.deleteUser(..)
2026-01-11 15:09:35.058  WARN 15164 --- [main] r.r.userservice.aspect.LoggingAspect     : >>> Handling exception in: GlobalExceptionHandler.handleUserNotFoundException(..) - Exception type: UsernameNotFoundException - Message: Пользователь с id 999 не найден
2026-01-11 15:09:35.058  WARN 15164 --- [main] r.r.userservice.aspect.LoggingAspect     : <<< Exception handled by: GlobalExceptionHandler.handleUserNotFoundException(..)
2026-01-11 15:09:35.061 DEBUG 15164 --- [main] o.s.s.w.a.AnonymousAuthenticationFilter  : Set SecurityContextHolder to anonymous SecurityContext
2026-01-11 15:09:35.160  INFO 15164 --- [main] r.r.u.repository.RoleRepositoryTest      : Starting RoleRepositoryTest using Java 21.0.8 with PID 15164 (started by elims in D:\Max\java\my-application\ecommerce-platform\user-service)
2026-01-11 15:09:35.160 DEBUG 15164 --- [main] r.r.u.repository.RoleRepositoryTest      : Running with Spring Boot v3.4.4, Spring v6.2.5
2026-01-11 15:09:35.160  INFO 15164 --- [main] r.r.u.repository.RoleRepositoryTest      : The following 1 profile is active: "test"
2026-01-11 15:09:35.338  WARN 15164 --- [main] org.hibernate.orm.deprecation            : HHH90000025: H2Dialect does not need to be specified explicitly using 'hibernate.dialect' (remove the property setting and it will be selected by default)
2026-01-11 15:09:35.406 DEBUG 15164 --- [main] org.hibernate.SQL                        : drop table if exists roles cascade 
2026-01-11 15:09:35.407 DEBUG 15164 --- [main] org.hibernate.SQL                        : drop table if exists user_roles cascade 
2026-01-11 15:09:35.407 DEBUG 15164 --- [main] org.hibernate.SQL                        : drop table if exists users cascade 
2026-01-11 15:09:35.407 DEBUG 15164 --- [main] org.hibernate.SQL                        : create table roles (id bigint generated by default as identity, name varchar(255) not null unique, primary key (id))
2026-01-11 15:09:35.410 DEBUG 15164 --- [main] org.hibernate.SQL                        : create table user_roles (role_id bigint not null, user_id bigint not null, primary key (role_id, user_id))
2026-01-11 15:09:35.410 DEBUG 15164 --- [main] org.hibernate.SQL                        : create table users (email_verified boolean not null, created_at timestamp(6), id bigint generated by default as identity, updated_at timestamp(6), email varchar(255) not null unique, firstname varchar(255) not null, lastname varchar(255) not null, password varchar(255) not null, surname varchar(255), primary key (id))
2026-01-11 15:09:35.410 DEBUG 15164 --- [main] org.hibernate.SQL                        : alter table if exists user_roles add constraint FKh8ciramu9cc9q3qcqiv4ue8a6 foreign key (role_id) references roles
2026-01-11 15:09:35.410 DEBUG 15164 --- [main] org.hibernate.SQL                        : alter table if exists user_roles add constraint FKhfh9dx7w3ubf1co1vdev94g3f foreign key (user_id) references users
2026-01-11 15:09:35.443  INFO 15164 --- [main] r.r.u.repository.RoleRepositoryTest      : Started RoleRepositoryTest in 0.318 seconds (process running for 10.498)
2026-01-11 15:09:35.531 DEBUG 15164 --- [main] org.hibernate.SQL                        : insert into roles (name,id) values (?,default)
2026-01-11 15:09:35.586 DEBUG 15164 --- [main] org.hibernate.SQL                        : insert into roles (name,id) values (?,default)
2026-01-11 15:09:35.654 DEBUG 15164 --- [main] org.hibernate.SQL                        : select re1_0.id,re1_0.name from roles re1_0
2026-01-11 15:09:35.706 DEBUG 15164 --- [main] org.hibernate.SQL                        : insert into roles (name,id) values (?,default)
2026-01-11 15:09:35.720 DEBUG 15164 --- [main] org.hibernate.SQL                        : select re1_0.id,re1_0.name from roles re1_0 where re1_0.name=?
2026-01-11 15:09:35.725 DEBUG 15164 --- [main] org.hibernate.SQL                        : select re1_0.id,re1_0.name from roles re1_0 where re1_0.name=?
2026-01-11 15:09:35.731 DEBUG 15164 --- [main] org.hibernate.SQL                        : insert into roles (name,id) values (?,default)
2026-01-11 15:09:35.735 DEBUG 15164 --- [main] org.hibernate.SQL                        : insert into roles (name,id) values (?,default)
2026-01-11 15:09:35.737  WARN 15164 --- [main] o.h.engine.jdbc.spi.SqlExceptionHelper   : SQL Error: 23505, SQLState: 23505
2026-01-11 15:09:35.737 ERROR 15164 --- [main] o.h.engine.jdbc.spi.SqlExceptionHelper   : Нарушение уникального индекса или первичного ключа: "PUBLIC.CONSTRAINT_INDEX_4 ON PUBLIC.ROLES(NAME NULLS FIRST) VALUES ( /* 4 */ 'ROLE_ADMIN' )"
Unique index or primary key violation: "PUBLIC.CONSTRAINT_INDEX_4 ON PUBLIC.ROLES(NAME NULLS FIRST) VALUES ( /* 4 */ 'ROLE_ADMIN' )"; SQL statement:
insert into roles (name,id) values (?,default) [23505-224]
2026-01-11 15:09:35.745 DEBUG 15164 --- [main] org.hibernate.SQL                        : insert into roles (name,id) values (?,default)
2026-01-11 15:09:35.745 DEBUG 15164 --- [main] org.hibernate.SQL                        : select re1_0.id,re1_0.name from roles re1_0 where re1_0.name=?
2026-01-11 15:09:35.757 DEBUG 15164 --- [main] org.hibernate.SQL                        : insert into roles (name,id) values (?,default)
2026-01-11 15:09:35.785 DEBUG 15164 --- [main] org.hibernate.SQL                        : select ue1_0.id,ue1_0.created_at,ue1_0.email,ue1_0.email_verified,ue1_0.firstname,ue1_0.lastname,ue1_0.password,ue1_0.surname,ue1_0.updated_at from users ue1_0
2026-01-11 15:09:35.801 DEBUG 15164 --- [main] org.hibernate.SQL                        : insert into users (created_at,email,email_verified,firstname,lastname,password,surname,updated_at,id) values (?,?,?,?,?,?,?,?,default)
2026-01-11 15:09:35.811 DEBUG 15164 --- [main] org.hibernate.SQL                        : select ue1_0.id,ue1_0.created_at,ue1_0.email,ue1_0.email_verified,ue1_0.firstname,ue1_0.lastname,ue1_0.password,ue1_0.surname,ue1_0.updated_at from users ue1_0 where ue1_0.email=?
2026-01-11 15:09:35.822 DEBUG 15164 --- [main] org.hibernate.SQL                        : select ue1_0.id,ue1_0.created_at,ue1_0.email,ue1_0.email_verified,ue1_0.firstname,ue1_0.lastname,ue1_0.password,ue1_0.surname,ue1_0.updated_at from users ue1_0
2026-01-11 15:09:35.823 DEBUG 15164 --- [main] org.hibernate.SQL                        : insert into users (created_at,email,email_verified,firstname,lastname,password,surname,updated_at,id) values (?,?,?,?,?,?,?,?,default)
2026-01-11 15:09:35.830 DEBUG 15164 --- [main] org.hibernate.SQL                        : insert into users (created_at,email,email_verified,firstname,lastname,password,surname,updated_at,id) values (?,?,?,?,?,?,?,?,default)
2026-01-11 15:09:35.830  WARN 15164 --- [main] o.h.engine.jdbc.spi.SqlExceptionHelper   : SQL Error: 23505, SQLState: 23505
2026-01-11 15:09:35.830 ERROR 15164 --- [main] o.h.engine.jdbc.spi.SqlExceptionHelper   : Нарушение уникального индекса или первичного ключа: "PUBLIC.CONSTRAINT_INDEX_4D ON PUBLIC.USERS(EMAIL NULLS FIRST) VALUES ( /* 2 */ 'test@test.com' )"
Unique index or primary key violation: "PUBLIC.CONSTRAINT_INDEX_4D ON PUBLIC.USERS(EMAIL NULLS FIRST) VALUES ( /* 2 */ 'test@test.com' )"; SQL statement:
insert into users (created_at,email,email_verified,firstname,lastname,password,surname,updated_at,id) values (?,?,?,?,?,?,?,?,default) [23505-224]
2026-01-11 15:09:35.838 DEBUG 15164 --- [main] org.hibernate.SQL                        : select ue1_0.id,ue1_0.created_at,ue1_0.email,ue1_0.email_verified,ue1_0.firstname,ue1_0.lastname,ue1_0.password,ue1_0.surname,ue1_0.updated_at from users ue1_0
2026-01-11 15:09:35.841 DEBUG 15164 --- [main] org.hibernate.SQL                        : insert into users (created_at,email,email_verified,firstname,lastname,password,surname,updated_at,id) values (?,?,?,?,?,?,?,?,default)
2026-01-11 15:09:35.843 DEBUG 15164 --- [main] org.hibernate.SQL                        : select ue1_0.id,ue1_0.created_at,ue1_0.email,ue1_0.email_verified,ue1_0.firstname,ue1_0.lastname,ue1_0.password,ue1_0.surname,ue1_0.updated_at from users ue1_0 where ue1_0.email=?
2026-01-11 15:09:35.856 DEBUG 15164 --- [main] org.hibernate.SQL                        : update users set created_at=?,email=?,email_verified=?,firstname=?,lastname=?,password=?,surname=?,updated_at=? where id=?
2026-01-11 15:09:35.860 DEBUG 15164 --- [main] org.hibernate.SQL                        : select ue1_0.id,ue1_0.created_at,ue1_0.email,ue1_0.email_verified,ue1_0.firstname,ue1_0.lastname,ue1_0.password,ue1_0.surname,ue1_0.updated_at from users ue1_0 where ue1_0.email=?
2026-01-11 15:09:35.865 DEBUG 15164 --- [main] org.hibernate.SQL                        : select ue1_0.id,ue1_0.created_at,ue1_0.email,ue1_0.email_verified,ue1_0.firstname,ue1_0.lastname,ue1_0.password,ue1_0.surname,ue1_0.updated_at from users ue1_0
2026-01-11 15:09:35.867 DEBUG 15164 --- [main] org.hibernate.SQL                        : insert into users (created_at,email,email_verified,firstname,lastname,password,surname,updated_at,id) values (?,?,?,?,?,?,?,?,default)
2026-01-11 15:09:35.869 DEBUG 15164 --- [main] org.hibernate.SQL                        : select ue1_0.id,ue1_0.created_at,ue1_0.email,ue1_0.email_verified,ue1_0.firstname,ue1_0.lastname,ue1_0.password,ue1_0.surname,ue1_0.updated_at from users ue1_0 where ue1_0.email=?
2026-01-11 15:09:35.874 DEBUG 15164 --- [main] org.hibernate.SQL                        : select ue1_0.id,ue1_0.created_at,ue1_0.email,ue1_0.email_verified,ue1_0.firstname,ue1_0.lastname,ue1_0.password,ue1_0.surname,ue1_0.updated_at from users ue1_0
2026-01-11 15:09:35.878 DEBUG 15164 --- [main] org.hibernate.SQL                        : insert into users (created_at,email,email_verified,firstname,lastname,password,surname,updated_at,id) values (?,?,?,?,?,?,?,?,default)
2026-01-11 15:09:35.880 DEBUG 15164 --- [main] org.hibernate.SQL                        : select ue1_0.id,ue1_0.created_at,ue1_0.email,ue1_0.email_verified,ue1_0.firstname,ue1_0.lastname,ue1_0.password,ue1_0.surname,ue1_0.updated_at from users ue1_0 where ue1_0.email=?
2026-01-11 15:09:35.885 DEBUG 15164 --- [main] org.hibernate.SQL                        : delete from users where id=?
2026-01-11 15:09:35.890 DEBUG 15164 --- [main] org.hibernate.SQL                        : select ue1_0.id,ue1_0.created_at,ue1_0.email,ue1_0.email_verified,ue1_0.firstname,ue1_0.lastname,ue1_0.password,ue1_0.surname,ue1_0.updated_at from users ue1_0 where ue1_0.email=?
2026-01-11 15:09:35.895 DEBUG 15164 --- [main] org.hibernate.SQL                        : select ue1_0.id,ue1_0.created_at,ue1_0.email,ue1_0.email_verified,ue1_0.firstname,ue1_0.lastname,ue1_0.password,ue1_0.surname,ue1_0.updated_at from users ue1_0
2026-01-11 15:09:35.895 DEBUG 15164 --- [main] org.hibernate.SQL                        : insert into users (created_at,email,email_verified,firstname,lastname,password,surname,updated_at,id) values (?,?,?,?,?,?,?,?,default)
2026-01-11 15:09:35.900 DEBUG 15164 --- [main] org.hibernate.SQL                        : select ue1_0.id,ue1_0.created_at,ue1_0.email,ue1_0.email_verified,ue1_0.firstname,ue1_0.lastname,ue1_0.password,ue1_0.surname,ue1_0.updated_at from users ue1_0 where ue1_0.email=?
2026-01-11 15:09:36.222  INFO 15164 --- [main] r.r.u.UserServiceApplicationTests        : Starting UserServiceApplicationTests using Java 21.0.8 with PID 15164 (started by elims in D:\Max\java\my-application\ecommerce-platform\user-service)
2026-01-11 15:09:36.222  INFO 15164 --- [main] r.r.u.UserServiceApplicationTests        : The following 1 profile is active: "test"
2026-01-11 15:09:36.599  WARN 15164 --- [main] org.hibernate.orm.deprecation            : HHH90000025: H2Dialect does not need to be specified explicitly using 'hibernate.dialect' (remove the property setting and it will be selected by default)
2026-01-11 15:09:36.641 DEBUG 15164 --- [main] org.hibernate.SQL                        : drop table if exists roles cascade 
2026-01-11 15:09:36.643 DEBUG 15164 --- [main] org.hibernate.SQL                        : drop table if exists user_roles cascade 
2026-01-11 15:09:36.643 DEBUG 15164 --- [main] org.hibernate.SQL                        : drop table if exists users cascade 
2026-01-11 15:09:36.643 DEBUG 15164 --- [main] org.hibernate.SQL                        : create table roles (id bigint generated by default as identity, name varchar(255) not null unique, primary key (id))
2026-01-11 15:09:36.646 DEBUG 15164 --- [main] org.hibernate.SQL                        : create table user_roles (role_id bigint not null, user_id bigint not null, primary key (role_id, user_id))
2026-01-11 15:09:36.646 DEBUG 15164 --- [main] org.hibernate.SQL                        : create table users (email_verified boolean not null, created_at timestamp(6), id bigint generated by default as identity, updated_at timestamp(6), email varchar(255) not null unique, firstname varchar(255) not null, lastname varchar(255) not null, password varchar(255) not null, surname varchar(255), primary key (id))
2026-01-11 15:09:36.646 DEBUG 15164 --- [main] org.hibernate.SQL                        : alter table if exists user_roles add constraint FKh8ciramu9cc9q3qcqiv4ue8a6 foreign key (role_id) references roles
2026-01-11 15:09:36.649 DEBUG 15164 --- [main] org.hibernate.SQL                        : alter table if exists user_roles add constraint FKhfh9dx7w3ubf1co1vdev94g3f foreign key (user_id) references users
2026-01-11 15:09:36.806  WARN 15164 --- [main] JpaBaseConfiguration$JpaWebConfiguration : spring.jpa.open-in-view is enabled by default. Therefore, database queries may be performed during view rendering. Explicitly configure spring.jpa.open-in-view to disable this warning
2026-01-11 15:09:37.085  WARN 15164 --- [main] .s.s.UserDetailsServiceAutoConfiguration : 

Using generated security password: 135b9d42-295e-4d70-b44b-a530730041ef

This generated password is for development use only. Your security configuration must be updated before running your application in production.

2026-01-11 15:09:37.087  INFO 15164 --- [main] r$InitializeUserDetailsManagerConfigurer : Global AuthenticationManager configured with UserDetailsService bean with name inMemoryUserDetailsManager
2026-01-11 15:09:37.118 DEBUG 15164 --- [main] o.s.s.web.DefaultSecurityFilterChain     : Will secure any request with filters: DisableEncodeUrlFilter, WebAsyncManagerIntegrationFilter, SecurityContextHolderFilter, HeaderWriterFilter, CorsFilter, CsrfFilter, LogoutFilter, UsernamePasswordAuthenticationFilter, DefaultResourcesFilter, DefaultLoginPageGeneratingFilter, DefaultLogoutPageGeneratingFilter, BasicAuthenticationFilter, RequestCacheAwareFilter, SecurityContextHolderAwareRequestFilter, AnonymousAuthenticationFilter, ExceptionTranslationFilter, AuthorizationFilter
2026-01-11 15:09:37.183  INFO 15164 --- [main] r.r.u.UserServiceApplicationTests        : Started UserServiceApplicationTests in 0.979 seconds (process running for 12.238)
2026-01-11 15:09:37.210 DEBUG 15164 --- [SpringApplicationShutdownHook] org.hibernate.SQL                        : drop table if exists roles cascade 
2026-01-11 15:09:37.210 DEBUG 15164 --- [SpringApplicationShutdownHook] org.hibernate.SQL                        : drop table if exists user_roles cascade 
2026-01-11 15:09:37.210 DEBUG 15164 --- [SpringApplicationShutdownHook] org.hibernate.SQL                        : drop table if exists users cascade 
2026-01-11 15:09:37.218 DEBUG 15164 --- [SpringApplicationShutdownHook] org.hibernate.SQL                        : drop table if exists roles cascade 
2026-01-11 15:09:37.218 DEBUG 15164 --- [SpringApplicationShutdownHook] org.hibernate.SQL                        : drop table if exists user_roles cascade 
2026-01-11 15:09:37.221 DEBUG 15164 --- [SpringApplicationShutdownHook] org.hibernate.SQL                        : drop table if exists users cascade 
2026-01-11 15:09:37.224 DEBUG 15164 --- [SpringApplicationShutdownHook] org.hibernate.SQL                        : drop table if exists roles cascade 
2026-01-11 15:09:37.224 DEBUG 15164 --- [SpringApplicationShutdownHook] org.hibernate.SQL                        : drop table if exists user_roles cascade 
2026-01-11 15:09:37.224 DEBUG 15164 --- [SpringApplicationShutdownHook] org.hibernate.SQL                        : drop table if exists users cascade 
