2026-01-18 13:16:52.168 ERROR 22852 --- [main] o.h.engine.jdbc.spi.SqlExceptionHelper   : Нарушение уникального индекса или первичного ключа: "PUBLIC.CONSTRAINT_INDEX_4 ON PUBLIC.ROLES(NAME NULLS FIRST) VALUES ( /* 4 */ 'ROLE_ADMIN' )"
Unique index or primary key violation: "PUBLIC.CONSTRAINT_INDEX_4 ON PUBLIC.ROLES(NAME NULLS FIRST) VALUES ( /* 4 */ 'ROLE_ADMIN' )"; SQL statement:
insert into roles (name,id) values (?,default) [23505-224]
2026-01-18 13:16:52.293 ERROR 22852 --- [main] o.h.engine.jdbc.spi.SqlExceptionHelper   : Нарушение уникального индекса или первичного ключа: "PUBLIC.CONSTRAINT_INDEX_4D ON PUBLIC.USERS(EMAIL NULLS FIRST) VALUES ( /* 2 */ 'test@test.com' )"
Unique index or primary key violation: "PUBLIC.CONSTRAINT_INDEX_4D ON PUBLIC.USERS(EMAIL NULLS FIRST) VALUES ( /* 2 */ 'test@test.com' )"; SQL statement:
insert into users (created_at,email,email_verified,firstname,lastname,password,surname,updated_at,id) values (?,?,?,?,?,?,?,?,default) [23505-224]
2026-01-18 13:33:20.594 ERROR 12096 --- [main] o.h.engine.jdbc.spi.SqlExceptionHelper   : Нарушение уникального индекса или первичного ключа: "PUBLIC.CONSTRAINT_INDEX_4 ON PUBLIC.ROLES(NAME NULLS FIRST) VALUES ( /* 4 */ 'ROLE_ADMIN' )"
Unique index or primary key violation: "PUBLIC.CONSTRAINT_INDEX_4 ON PUBLIC.ROLES(NAME NULLS FIRST) VALUES ( /* 4 */ 'ROLE_ADMIN' )"; SQL statement:
insert into roles (name,id) values (?,default) [23505-224]
2026-01-18 13:33:20.717 ERROR 12096 --- [main] o.h.engine.jdbc.spi.SqlExceptionHelper   : Нарушение уникального индекса или первичного ключа: "PUBLIC.CONSTRAINT_INDEX_4D ON PUBLIC.USERS(EMAIL NULLS FIRST) VALUES ( /* 2 */ 'test@test.com' )"
Unique index or primary key violation: "PUBLIC.CONSTRAINT_INDEX_4D ON PUBLIC.USERS(EMAIL NULLS FIRST) VALUES ( /* 2 */ 'test@test.com' )"; SQL statement:
insert into users (created_at,email,email_verified,firstname,lastname,password,surname,updated_at,id) values (?,?,?,?,?,?,?,?,default) [23505-224]
2026-01-18 13:59:46.108 ERROR 12064 --- [main] o.h.engine.jdbc.spi.SqlExceptionHelper   : Нарушение уникального индекса или первичного ключа: "PUBLIC.CONSTRAINT_INDEX_4 ON PUBLIC.ROLES(NAME NULLS FIRST) VALUES ( /* 4 */ 'ROLE_ADMIN' )"
Unique index or primary key violation: "PUBLIC.CONSTRAINT_INDEX_4 ON PUBLIC.ROLES(NAME NULLS FIRST) VALUES ( /* 4 */ 'ROLE_ADMIN' )"; SQL statement:
insert into roles (name,id) values (?,default) [23505-224]
2026-01-18 13:59:46.225 ERROR 12064 --- [main] o.h.engine.jdbc.spi.SqlExceptionHelper   : Нарушение уникального индекса или первичного ключа: "PUBLIC.CONSTRAINT_INDEX_4D ON PUBLIC.USERS(EMAIL NULLS FIRST) VALUES ( /* 2 */ 'test@test.com' )"
Unique index or primary key violation: "PUBLIC.CONSTRAINT_INDEX_4D ON PUBLIC.USERS(EMAIL NULLS FIRST) VALUES ( /* 2 */ 'test@test.com' )"; SQL statement:
insert into users (created_at,email,email_verified,firstname,lastname,password,surname,updated_at,id) values (?,?,?,?,?,?,?,?,default) [23505-224]
2026-01-18 21:46:37.840 ERROR 20056 --- [main] o.h.engine.jdbc.spi.SqlExceptionHelper   : Нарушение уникального индекса или первичного ключа: "PUBLIC.CONSTRAINT_INDEX_4 ON PUBLIC.ROLES(NAME NULLS FIRST) VALUES ( /* 4 */ 'ROLE_ADMIN' )"
Unique index or primary key violation: "PUBLIC.CONSTRAINT_INDEX_4 ON PUBLIC.ROLES(NAME NULLS FIRST) VALUES ( /* 4 */ 'ROLE_ADMIN' )"; SQL statement:
insert into roles (name,id) values (?,default) [23505-224]
2026-01-18 21:46:37.955 ERROR 20056 --- [main] o.h.engine.jdbc.spi.SqlExceptionHelper   : Нарушение уникального индекса или первичного ключа: "PUBLIC.CONSTRAINT_INDEX_4D ON PUBLIC.USERS(EMAIL NULLS FIRST) VALUES ( /* 2 */ 'test@test.com' )"
Unique index or primary key violation: "PUBLIC.CONSTRAINT_INDEX_4D ON PUBLIC.USERS(EMAIL NULLS FIRST) VALUES ( /* 2 */ 'test@test.com' )"; SQL statement:
insert into users (created_at,email,email_verified,firstname,lastname,password,surname,updated_at,id) values (?,?,?,?,?,?,?,?,default) [23505-224]
2026-01-18 21:55:26.932 ERROR 22488 --- [main] o.h.engine.jdbc.spi.SqlExceptionHelper   : Нарушение уникального индекса или первичного ключа: "PUBLIC.CONSTRAINT_INDEX_4 ON PUBLIC.ROLES(NAME NULLS FIRST) VALUES ( /* 4 */ 'ROLE_ADMIN' )"
Unique index or primary key violation: "PUBLIC.CONSTRAINT_INDEX_4 ON PUBLIC.ROLES(NAME NULLS FIRST) VALUES ( /* 4 */ 'ROLE_ADMIN' )"; SQL statement:
insert into roles (name,id) values (?,default) [23505-224]
2026-01-18 21:55:27.044 ERROR 22488 --- [main] o.h.engine.jdbc.spi.SqlExceptionHelper   : Нарушение уникального индекса или первичного ключа: "PUBLIC.CONSTRAINT_INDEX_4D ON PUBLIC.USERS(EMAIL NULLS FIRST) VALUES ( /* 2 */ 'test@test.com' )"
Unique index or primary key violation: "PUBLIC.CONSTRAINT_INDEX_4D ON PUBLIC.USERS(EMAIL NULLS FIRST) VALUES ( /* 2 */ 'test@test.com' )"; SQL statement:
insert into users (created_at,email,email_verified,firstname,lastname,password,surname,updated_at,id) values (?,?,?,?,?,?,?,?,default) [23505-224]
