2026-01-17 23:06:15.311  INFO 15744 --- [main] r.r.u.controllers.UserControllerTest     : Starting UserControllerTest using Java 21.0.8 with PID 15744 (started by elims in D:\Max\java\my-application\ecommerce-platform\user-service)
2026-01-17 23:06:15.320  INFO 15744 --- [main] r.r.u.controllers.UserControllerTest     : The following 1 profile is active: "test"
2026-01-17 23:06:26.303  WARN 15744 --- [main] org.hibernate.orm.deprecation            : HHH90000025: H2Dialect does not need to be specified explicitly using 'hibernate.dialect' (remove the property setting and it will be selected by default)
2026-01-17 23:06:27.521 DEBUG 15744 --- [main] org.hibernate.SQL                        : drop table if exists roles cascade 
2026-01-17 23:06:27.526 DEBUG 15744 --- [main] org.hibernate.SQL                        : drop table if exists user_roles cascade 
2026-01-17 23:06:27.527 DEBUG 15744 --- [main] org.hibernate.SQL                        : drop table if exists users cascade 
2026-01-17 23:06:27.532 DEBUG 15744 --- [main] org.hibernate.SQL                        : create table roles (id bigint generated by default as identity, name varchar(255) not null unique, primary key (id))
2026-01-17 23:06:27.543 DEBUG 15744 --- [main] org.hibernate.SQL                        : create table user_roles (role_id bigint not null, user_id bigint not null, primary key (role_id, user_id))
2026-01-17 23:06:27.544 DEBUG 15744 --- [main] org.hibernate.SQL                        : create table users (email_verified boolean not null, created_at timestamp(6), id bigint generated by default as identity, updated_at timestamp(6), email varchar(255) not null unique, firstname varchar(255) not null, lastname varchar(255) not null, password varchar(255) not null, surname varchar(255), primary key (id))
2026-01-17 23:06:27.547 DEBUG 15744 --- [main] org.hibernate.SQL                        : alter table if exists user_roles add constraint FKh8ciramu9cc9q3qcqiv4ue8a6 foreign key (role_id) references roles
2026-01-17 23:06:27.567 DEBUG 15744 --- [main] org.hibernate.SQL                        : alter table if exists user_roles add constraint FKhfh9dx7w3ubf1co1vdev94g3f foreign key (user_id) references users
2026-01-17 23:06:28.358  WARN 15744 --- [main] JpaBaseConfiguration$JpaWebConfiguration : spring.jpa.open-in-view is enabled by default. Therefore, database queries may be performed during view rendering. Explicitly configure spring.jpa.open-in-view to disable this warning
2026-01-17 23:06:28.946  WARN 15744 --- [main] .s.s.UserDetailsServiceAutoConfiguration : 

Using generated security password: 663d8cf2-dc3a-4537-a81c-e13c7a3ae7f6

This generated password is for development use only. Your security configuration must be updated before running your application in production.

2026-01-17 23:06:28.958  INFO 15744 --- [main] r$InitializeUserDetailsManagerConfigurer : Global AuthenticationManager configured with UserDetailsService bean with name inMemoryUserDetailsManager
2026-01-17 23:06:29.014  INFO 15744 --- [main] r.r.userservice.aspect.LoggingAspect     : >>> Incoming request: TestSecurityConfig.testSecurityFilterChain(..)
2026-01-17 23:06:29.093 DEBUG 15744 --- [main] o.s.s.web.DefaultSecurityFilterChain     : Will secure any request with filters: DisableEncodeUrlFilter, WebAsyncManagerIntegrationFilter, SecurityContextHolderFilter, HeaderWriterFilter, LogoutFilter, RequestCacheAwareFilter, SecurityContextHolderAwareRequestFilter, AnonymousAuthenticationFilter, ExceptionTranslationFilter, AuthorizationFilter
2026-01-17 23:06:29.094  INFO 15744 --- [main] r.r.userservice.aspect.LoggingAspect     : <<< Response from: TestSecurityConfig.testSecurityFilterChain(..)
2026-01-17 23:06:29.849  INFO 15744 --- [main] r.r.u.controllers.UserControllerTest     : Started UserControllerTest in 16.382 seconds (process running for 19.598)
2026-01-17 23:06:30.025 DEBUG 15744 --- [main] o.s.security.web.FilterChainProxy        : Securing GET /v1/users/all
2026-01-17 23:06:30.040 DEBUG 15744 --- [main] o.s.security.web.FilterChainProxy        : Secured GET /v1/users/all
2026-01-17 23:06:30.060  INFO 15744 --- [main] r.r.userservice.aspect.LoggingAspect     : >>> Incoming request: UserController.getAllUsers()
2026-01-17 23:06:30.068  INFO 15744 --- [main] r.r.userservice.aspect.LoggingAspect     : <<< Response from: UserController.getAllUsers()
2026-01-17 23:06:30.130 DEBUG 15744 --- [main] o.s.s.w.a.AnonymousAuthenticationFilter  : Set SecurityContextHolder to anonymous SecurityContext
2026-01-17 23:06:30.216 DEBUG 15744 --- [main] o.s.security.web.FilterChainProxy        : Securing POST /v1/users/oauth2-login
2026-01-17 23:06:30.218 DEBUG 15744 --- [main] o.s.security.web.FilterChainProxy        : Secured POST /v1/users/oauth2-login
2026-01-17 23:06:30.307  INFO 15744 --- [main] r.r.userservice.aspect.LoggingAspect     : >>> Incoming request: UserController.oauth2LoginOrRegister(..)
2026-01-17 23:06:30.311  INFO 15744 --- [main] r.r.userservice.aspect.LoggingAspect     : <<< Response from: UserController.oauth2LoginOrRegister(..)
2026-01-17 23:06:30.323 DEBUG 15744 --- [main] o.s.s.w.a.AnonymousAuthenticationFilter  : Set SecurityContextHolder to anonymous SecurityContext
2026-01-17 23:06:30.341 DEBUG 15744 --- [main] o.s.security.web.FilterChainProxy        : Securing POST /v1/users/authenticate
2026-01-17 23:06:30.342 DEBUG 15744 --- [main] o.s.security.web.FilterChainProxy        : Secured POST /v1/users/authenticate
2026-01-17 23:06:30.345  INFO 15744 --- [main] r.r.userservice.aspect.LoggingAspect     : >>> Incoming request: UserController.authenticate(..)
2026-01-17 23:06:30.352  WARN 15744 --- [main] r.r.userservice.aspect.LoggingAspect     : >>> Handling exception in: GlobalExceptionHandler.handleBadCredentialsException(..) - Exception type: BadCredentialsException - Message: Неверный email или пароль
2026-01-17 23:06:30.353  WARN 15744 --- [main] r.r.userservice.aspect.LoggingAspect     : <<< Exception handled by: GlobalExceptionHandler.handleBadCredentialsException(..)
2026-01-17 23:06:30.363 DEBUG 15744 --- [main] o.s.s.w.a.AnonymousAuthenticationFilter  : Set SecurityContextHolder to anonymous SecurityContext
2026-01-17 23:06:30.381 DEBUG 15744 --- [main] o.s.security.web.FilterChainProxy        : Securing POST /v1/users/oauth2-login
2026-01-17 23:06:30.384 DEBUG 15744 --- [main] o.s.security.web.FilterChainProxy        : Secured POST /v1/users/oauth2-login
2026-01-17 23:06:30.387  INFO 15744 --- [main] r.r.userservice.aspect.LoggingAspect     : >>> Incoming request: UserController.oauth2LoginOrRegister(..)
2026-01-17 23:06:30.388  INFO 15744 --- [main] r.r.userservice.aspect.LoggingAspect     : <<< Response from: UserController.oauth2LoginOrRegister(..)
2026-01-17 23:06:30.388 DEBUG 15744 --- [main] o.s.s.w.a.AnonymousAuthenticationFilter  : Set SecurityContextHolder to anonymous SecurityContext
2026-01-17 23:06:30.410 DEBUG 15744 --- [main] w.c.HttpSessionSecurityContextRepository : Created HttpSession as SecurityContext is non-default
2026-01-17 23:06:30.411 DEBUG 15744 --- [main] w.c.HttpSessionSecurityContextRepository : Stored SecurityContextImpl [Authentication=UsernamePasswordAuthenticationToken [Principal=org.springframework.security.core.userdetails.User [Username=test@test.com, Password=[PROTECTED], Enabled=true, AccountNonExpired=true, CredentialsNonExpired=true, AccountNonLocked=true, Granted Authorities=[ROLE_USER]], Credentials=[PROTECTED], Authenticated=true, Details=null, Granted Authorities=[ROLE_USER]]] to HttpSession [org.springframework.mock.web.MockHttpSession@5f1ecf01]
2026-01-17 23:06:30.412 DEBUG 15744 --- [main] o.s.security.web.FilterChainProxy        : Securing GET /v1/users/me
2026-01-17 23:06:30.413 DEBUG 15744 --- [main] o.s.security.web.FilterChainProxy        : Secured GET /v1/users/me
2026-01-17 23:06:30.417 DEBUG 15744 --- [main] w.c.HttpSessionSecurityContextRepository : Retrieved SecurityContextImpl [Authentication=UsernamePasswordAuthenticationToken [Principal=org.springframework.security.core.userdetails.User [Username=test@test.com, Password=[PROTECTED], Enabled=true, AccountNonExpired=true, CredentialsNonExpired=true, AccountNonLocked=true, Granted Authorities=[ROLE_USER]], Credentials=[PROTECTED], Authenticated=true, Details=null, Granted Authorities=[ROLE_USER]]]
2026-01-17 23:06:30.417  INFO 15744 --- [main] r.r.userservice.aspect.LoggingAspect     : >>> Incoming request: UserController.getCurrentUser(..)
2026-01-17 23:06:30.418  INFO 15744 --- [main] r.r.userservice.aspect.LoggingAspect     : <<< Response from: UserController.getCurrentUser(..)
2026-01-17 23:06:30.433 DEBUG 15744 --- [main] o.s.security.web.FilterChainProxy        : Securing DELETE /v1/users/1
2026-01-17 23:06:30.435 DEBUG 15744 --- [main] o.s.security.web.FilterChainProxy        : Secured DELETE /v1/users/1
2026-01-17 23:06:30.438  INFO 15744 --- [main] r.r.userservice.aspect.LoggingAspect     : >>> Incoming request: UserController.deleteUser(..)
2026-01-17 23:06:30.439  INFO 15744 --- [main] r.r.userservice.aspect.LoggingAspect     : <<< Response from: UserController.deleteUser(..)
2026-01-17 23:06:30.442 DEBUG 15744 --- [main] o.s.s.w.a.AnonymousAuthenticationFilter  : Set SecurityContextHolder to anonymous SecurityContext
2026-01-17 23:06:30.457 DEBUG 15744 --- [main] o.s.security.web.FilterChainProxy        : Securing PUT /v1/users/1/verify
2026-01-17 23:06:30.459 DEBUG 15744 --- [main] o.s.security.web.FilterChainProxy        : Secured PUT /v1/users/1/verify
2026-01-17 23:06:30.460  INFO 15744 --- [main] r.r.userservice.aspect.LoggingAspect     : >>> Incoming request: UserController.verifyUser(..)
2026-01-17 23:06:30.460  INFO 15744 --- [main] r.r.userservice.aspect.LoggingAspect     : <<< Response from: UserController.verifyUser(..)
2026-01-17 23:06:30.462 DEBUG 15744 --- [main] o.s.s.w.a.AnonymousAuthenticationFilter  : Set SecurityContextHolder to anonymous SecurityContext
2026-01-17 23:06:30.473 DEBUG 15744 --- [main] o.s.security.web.FilterChainProxy        : Securing POST /v1/users/signup
2026-01-17 23:06:30.474 DEBUG 15744 --- [main] o.s.security.web.FilterChainProxy        : Secured POST /v1/users/signup
2026-01-17 23:06:30.475  INFO 15744 --- [main] r.r.userservice.aspect.LoggingAspect     : >>> Incoming request: UserController.registerUser(..)
2026-01-17 23:06:30.476  INFO 15744 --- [main] r.r.userservice.aspect.LoggingAspect     : <<< Response from: UserController.registerUser(..)
2026-01-17 23:06:30.476 DEBUG 15744 --- [main] o.s.s.w.a.AnonymousAuthenticationFilter  : Set SecurityContextHolder to anonymous SecurityContext
2026-01-17 23:06:30.484 DEBUG 15744 --- [main] o.s.security.web.FilterChainProxy        : Securing POST /v1/users/authenticate
2026-01-17 23:06:30.485 DEBUG 15744 --- [main] o.s.security.web.FilterChainProxy        : Secured POST /v1/users/authenticate
2026-01-17 23:06:30.485  INFO 15744 --- [main] r.r.userservice.aspect.LoggingAspect     : >>> Incoming request: UserController.authenticate(..)
2026-01-17 23:06:30.487  INFO 15744 --- [main] r.r.userservice.aspect.LoggingAspect     : <<< Response from: UserController.authenticate(..)
2026-01-17 23:06:30.488 DEBUG 15744 --- [main] o.s.s.w.a.AnonymousAuthenticationFilter  : Set SecurityContextHolder to anonymous SecurityContext
2026-01-17 23:06:30.498 DEBUG 15744 --- [main] o.s.security.web.FilterChainProxy        : Securing PUT /v1/users/1
2026-01-17 23:06:30.499 DEBUG 15744 --- [main] o.s.security.web.FilterChainProxy        : Secured PUT /v1/users/1
2026-01-17 23:06:30.510  INFO 15744 --- [main] r.r.userservice.aspect.LoggingAspect     : >>> Incoming request: UserController.updateUser(..)
2026-01-17 23:06:30.510  INFO 15744 --- [main] r.r.userservice.aspect.LoggingAspect     : <<< Response from: UserController.updateUser(..)
2026-01-17 23:06:30.513 DEBUG 15744 --- [main] o.s.s.w.a.AnonymousAuthenticationFilter  : Set SecurityContextHolder to anonymous SecurityContext
2026-01-17 23:06:30.523 DEBUG 15744 --- [main] o.s.security.web.FilterChainProxy        : Securing POST /v1/users/signup
2026-01-17 23:06:30.523 DEBUG 15744 --- [main] o.s.security.web.FilterChainProxy        : Secured POST /v1/users/signup
2026-01-17 23:06:30.525  INFO 15744 --- [main] r.r.userservice.aspect.LoggingAspect     : >>> Incoming request: UserController.registerUser(..)
2026-01-17 23:06:30.526  WARN 15744 --- [main] r.r.userservice.aspect.LoggingAspect     : >>> Handling exception in: GlobalExceptionHandler.handleUserAlreadyExists(..) - Exception type: UserAlreadyExistsException - Message: Пользователь с email test@test.com уже зарегистрирован
2026-01-17 23:06:30.526  WARN 15744 --- [main] r.r.userservice.aspect.LoggingAspect     : <<< Exception handled by: GlobalExceptionHandler.handleUserAlreadyExists(..)
2026-01-17 23:06:30.527 DEBUG 15744 --- [main] o.s.s.w.a.AnonymousAuthenticationFilter  : Set SecurityContextHolder to anonymous SecurityContext
2026-01-17 23:06:30.535 DEBUG 15744 --- [main] o.s.security.web.FilterChainProxy        : Securing DELETE /v1/users/999
2026-01-17 23:06:30.538 DEBUG 15744 --- [main] o.s.security.web.FilterChainProxy        : Secured DELETE /v1/users/999
2026-01-17 23:06:30.539  INFO 15744 --- [main] r.r.userservice.aspect.LoggingAspect     : >>> Incoming request: UserController.deleteUser(..)
2026-01-17 23:06:30.540  WARN 15744 --- [main] r.r.userservice.aspect.LoggingAspect     : >>> Handling exception in: GlobalExceptionHandler.handleUserNotFoundException(..) - Exception type: UsernameNotFoundException - Message: Пользователь с id 999 не найден
2026-01-17 23:06:30.540  WARN 15744 --- [main] r.r.userservice.aspect.LoggingAspect     : <<< Exception handled by: GlobalExceptionHandler.handleUserNotFoundException(..)
2026-01-17 23:06:30.541 DEBUG 15744 --- [main] o.s.s.w.a.AnonymousAuthenticationFilter  : Set SecurityContextHolder to anonymous SecurityContext
2026-01-17 23:06:30.661  INFO 15744 --- [main] r.r.u.repository.RoleRepositoryTest      : Starting RoleRepositoryTest using Java 21.0.8 with PID 15744 (started by elims in D:\Max\java\my-application\ecommerce-platform\user-service)
2026-01-17 23:06:30.662 DEBUG 15744 --- [main] r.r.u.repository.RoleRepositoryTest      : Running with Spring Boot v3.5.9, Spring v6.2.15
2026-01-17 23:06:30.662  INFO 15744 --- [main] r.r.u.repository.RoleRepositoryTest      : The following 1 profile is active: "test"
2026-01-17 23:06:30.860  WARN 15744 --- [main] org.hibernate.orm.deprecation            : HHH90000025: H2Dialect does not need to be specified explicitly using 'hibernate.dialect' (remove the property setting and it will be selected by default)
2026-01-17 23:06:30.902 DEBUG 15744 --- [main] org.hibernate.SQL                        : drop table if exists roles cascade 
2026-01-17 23:06:30.903 DEBUG 15744 --- [main] org.hibernate.SQL                        : drop table if exists user_roles cascade 
2026-01-17 23:06:30.903 DEBUG 15744 --- [main] org.hibernate.SQL                        : drop table if exists users cascade 
2026-01-17 23:06:30.904 DEBUG 15744 --- [main] org.hibernate.SQL                        : create table roles (id bigint generated by default as identity, name varchar(255) not null unique, primary key (id))
2026-01-17 23:06:30.906 DEBUG 15744 --- [main] org.hibernate.SQL                        : create table user_roles (role_id bigint not null, user_id bigint not null, primary key (role_id, user_id))
2026-01-17 23:06:30.907 DEBUG 15744 --- [main] org.hibernate.SQL                        : create table users (email_verified boolean not null, created_at timestamp(6), id bigint generated by default as identity, updated_at timestamp(6), email varchar(255) not null unique, firstname varchar(255) not null, lastname varchar(255) not null, password varchar(255) not null, surname varchar(255), primary key (id))
2026-01-17 23:06:30.907 DEBUG 15744 --- [main] org.hibernate.SQL                        : alter table if exists user_roles add constraint FKh8ciramu9cc9q3qcqiv4ue8a6 foreign key (role_id) references roles
2026-01-17 23:06:30.910 DEBUG 15744 --- [main] org.hibernate.SQL                        : alter table if exists user_roles add constraint FKhfh9dx7w3ubf1co1vdev94g3f foreign key (user_id) references users
2026-01-17 23:06:30.946  INFO 15744 --- [main] r.r.u.repository.RoleRepositoryTest      : Started RoleRepositoryTest in 0.322 seconds (process running for 20.695)
2026-01-17 23:06:31.000 DEBUG 15744 --- [main] org.hibernate.SQL                        : insert into roles (name,id) values (?,default)
2026-01-17 23:06:31.058 DEBUG 15744 --- [main] org.hibernate.SQL                        : insert into roles (name,id) values (?,default)
2026-01-17 23:06:31.162 DEBUG 15744 --- [main] org.hibernate.SQL                        : select re1_0.id,re1_0.name from roles re1_0
2026-01-17 23:06:31.266 DEBUG 15744 --- [main] org.hibernate.SQL                        : insert into roles (name,id) values (?,default)
2026-01-17 23:06:31.291 DEBUG 15744 --- [main] org.hibernate.SQL                        : select re1_0.id,re1_0.name from roles re1_0 where re1_0.name=?
2026-01-17 23:06:31.306 DEBUG 15744 --- [main] org.hibernate.SQL                        : select re1_0.id,re1_0.name from roles re1_0 where re1_0.name=?
2026-01-17 23:06:31.320 DEBUG 15744 --- [main] org.hibernate.SQL                        : insert into roles (name,id) values (?,default)
2026-01-17 23:06:31.326 DEBUG 15744 --- [main] org.hibernate.SQL                        : insert into roles (name,id) values (?,default)
2026-01-17 23:06:31.332  WARN 15744 --- [main] o.h.engine.jdbc.spi.SqlExceptionHelper   : SQL Error: 23505, SQLState: 23505
2026-01-17 23:06:31.332 ERROR 15744 --- [main] o.h.engine.jdbc.spi.SqlExceptionHelper   : Нарушение уникального индекса или первичного ключа: "PUBLIC.CONSTRAINT_INDEX_4 ON PUBLIC.ROLES(NAME NULLS FIRST) VALUES ( /* 4 */ 'ROLE_ADMIN' )"
Unique index or primary key violation: "PUBLIC.CONSTRAINT_INDEX_4 ON PUBLIC.ROLES(NAME NULLS FIRST) VALUES ( /* 4 */ 'ROLE_ADMIN' )"; SQL statement:
insert into roles (name,id) values (?,default) [23505-224]
2026-01-17 23:06:31.356 DEBUG 15744 --- [main] org.hibernate.SQL                        : insert into roles (name,id) values (?,default)
2026-01-17 23:06:31.359 DEBUG 15744 --- [main] org.hibernate.SQL                        : select re1_0.id,re1_0.name from roles re1_0 where re1_0.name=?
2026-01-17 23:06:31.371 DEBUG 15744 --- [main] org.hibernate.SQL                        : insert into roles (name,id) values (?,default)
2026-01-17 23:06:31.407 DEBUG 15744 --- [main] org.hibernate.SQL                        : select ue1_0.id,ue1_0.created_at,ue1_0.email,ue1_0.email_verified,ue1_0.firstname,ue1_0.lastname,ue1_0.password,ue1_0.surname,ue1_0.updated_at from users ue1_0
2026-01-17 23:06:31.422 DEBUG 15744 --- [main] org.hibernate.SQL                        : insert into users (created_at,email,email_verified,firstname,lastname,password,surname,updated_at,id) values (?,?,?,?,?,?,?,?,default)
2026-01-17 23:06:31.432 DEBUG 15744 --- [main] org.hibernate.SQL                        : select ue1_0.id,ue1_0.created_at,ue1_0.email,ue1_0.email_verified,ue1_0.firstname,ue1_0.lastname,ue1_0.password,ue1_0.surname,ue1_0.updated_at from users ue1_0 where ue1_0.email=?
2026-01-17 23:06:31.443 DEBUG 15744 --- [main] org.hibernate.SQL                        : select ue1_0.id,ue1_0.created_at,ue1_0.email,ue1_0.email_verified,ue1_0.firstname,ue1_0.lastname,ue1_0.password,ue1_0.surname,ue1_0.updated_at from users ue1_0
2026-01-17 23:06:31.446 DEBUG 15744 --- [main] org.hibernate.SQL                        : insert into users (created_at,email,email_verified,firstname,lastname,password,surname,updated_at,id) values (?,?,?,?,?,?,?,?,default)
2026-01-17 23:06:31.454 DEBUG 15744 --- [main] org.hibernate.SQL                        : insert into users (created_at,email,email_verified,firstname,lastname,password,surname,updated_at,id) values (?,?,?,?,?,?,?,?,default)
2026-01-17 23:06:31.455  WARN 15744 --- [main] o.h.engine.jdbc.spi.SqlExceptionHelper   : SQL Error: 23505, SQLState: 23505
2026-01-17 23:06:31.456 ERROR 15744 --- [main] o.h.engine.jdbc.spi.SqlExceptionHelper   : Нарушение уникального индекса или первичного ключа: "PUBLIC.CONSTRAINT_INDEX_4D ON PUBLIC.USERS(EMAIL NULLS FIRST) VALUES ( /* 2 */ 'test@test.com' )"
Unique index or primary key violation: "PUBLIC.CONSTRAINT_INDEX_4D ON PUBLIC.USERS(EMAIL NULLS FIRST) VALUES ( /* 2 */ 'test@test.com' )"; SQL statement:
insert into users (created_at,email,email_verified,firstname,lastname,password,surname,updated_at,id) values (?,?,?,?,?,?,?,?,default) [23505-224]
2026-01-17 23:06:31.462 DEBUG 15744 --- [main] org.hibernate.SQL                        : select ue1_0.id,ue1_0.created_at,ue1_0.email,ue1_0.email_verified,ue1_0.firstname,ue1_0.lastname,ue1_0.password,ue1_0.surname,ue1_0.updated_at from users ue1_0
2026-01-17 23:06:31.465 DEBUG 15744 --- [main] org.hibernate.SQL                        : insert into users (created_at,email,email_verified,firstname,lastname,password,surname,updated_at,id) values (?,?,?,?,?,?,?,?,default)
2026-01-17 23:06:31.469 DEBUG 15744 --- [main] org.hibernate.SQL                        : select ue1_0.id,ue1_0.created_at,ue1_0.email,ue1_0.email_verified,ue1_0.firstname,ue1_0.lastname,ue1_0.password,ue1_0.surname,ue1_0.updated_at from users ue1_0 where ue1_0.email=?
2026-01-17 23:06:31.480 DEBUG 15744 --- [main] org.hibernate.SQL                        : update users set created_at=?,email=?,email_verified=?,firstname=?,lastname=?,password=?,surname=?,updated_at=? where id=?
2026-01-17 23:06:31.485 DEBUG 15744 --- [main] org.hibernate.SQL                        : select ue1_0.id,ue1_0.created_at,ue1_0.email,ue1_0.email_verified,ue1_0.firstname,ue1_0.lastname,ue1_0.password,ue1_0.surname,ue1_0.updated_at from users ue1_0 where ue1_0.email=?
2026-01-17 23:06:31.495 DEBUG 15744 --- [main] org.hibernate.SQL                        : select ue1_0.id,ue1_0.created_at,ue1_0.email,ue1_0.email_verified,ue1_0.firstname,ue1_0.lastname,ue1_0.password,ue1_0.surname,ue1_0.updated_at from users ue1_0
2026-01-17 23:06:31.498 DEBUG 15744 --- [main] org.hibernate.SQL                        : insert into users (created_at,email,email_verified,firstname,lastname,password,surname,updated_at,id) values (?,?,?,?,?,?,?,?,default)
2026-01-17 23:06:31.500 DEBUG 15744 --- [main] org.hibernate.SQL                        : select ue1_0.id,ue1_0.created_at,ue1_0.email,ue1_0.email_verified,ue1_0.firstname,ue1_0.lastname,ue1_0.password,ue1_0.surname,ue1_0.updated_at from users ue1_0 where ue1_0.email=?
2026-01-17 23:06:31.508 DEBUG 15744 --- [main] org.hibernate.SQL                        : select ue1_0.id,ue1_0.created_at,ue1_0.email,ue1_0.email_verified,ue1_0.firstname,ue1_0.lastname,ue1_0.password,ue1_0.surname,ue1_0.updated_at from users ue1_0
2026-01-17 23:06:31.511 DEBUG 15744 --- [main] org.hibernate.SQL                        : insert into users (created_at,email,email_verified,firstname,lastname,password,surname,updated_at,id) values (?,?,?,?,?,?,?,?,default)
2026-01-17 23:06:31.514 DEBUG 15744 --- [main] org.hibernate.SQL                        : select ue1_0.id,ue1_0.created_at,ue1_0.email,ue1_0.email_verified,ue1_0.firstname,ue1_0.lastname,ue1_0.password,ue1_0.surname,ue1_0.updated_at from users ue1_0 where ue1_0.email=?
2026-01-17 23:06:31.522 DEBUG 15744 --- [main] org.hibernate.SQL                        : delete from users where id=?
2026-01-17 23:06:31.524 DEBUG 15744 --- [main] org.hibernate.SQL                        : select ue1_0.id,ue1_0.created_at,ue1_0.email,ue1_0.email_verified,ue1_0.firstname,ue1_0.lastname,ue1_0.password,ue1_0.surname,ue1_0.updated_at from users ue1_0 where ue1_0.email=?
2026-01-17 23:06:31.533 DEBUG 15744 --- [main] org.hibernate.SQL                        : select ue1_0.id,ue1_0.created_at,ue1_0.email,ue1_0.email_verified,ue1_0.firstname,ue1_0.lastname,ue1_0.password,ue1_0.surname,ue1_0.updated_at from users ue1_0
2026-01-17 23:06:31.535 DEBUG 15744 --- [main] org.hibernate.SQL                        : insert into users (created_at,email,email_verified,firstname,lastname,password,surname,updated_at,id) values (?,?,?,?,?,?,?,?,default)
2026-01-17 23:06:31.537 DEBUG 15744 --- [main] org.hibernate.SQL                        : select ue1_0.id,ue1_0.created_at,ue1_0.email,ue1_0.email_verified,ue1_0.firstname,ue1_0.lastname,ue1_0.password,ue1_0.surname,ue1_0.updated_at from users ue1_0 where ue1_0.email=?
2026-01-17 23:06:31.929  INFO 15744 --- [main] r.r.u.UserServiceApplicationTests        : Starting UserServiceApplicationTests using Java 21.0.8 with PID 15744 (started by elims in D:\Max\java\my-application\ecommerce-platform\user-service)
2026-01-17 23:06:31.929  INFO 15744 --- [main] r.r.u.UserServiceApplicationTests        : The following 1 profile is active: "test"
2026-01-17 23:06:32.335  WARN 15744 --- [main] org.hibernate.orm.deprecation            : HHH90000025: H2Dialect does not need to be specified explicitly using 'hibernate.dialect' (remove the property setting and it will be selected by default)
2026-01-17 23:06:32.369 DEBUG 15744 --- [main] org.hibernate.SQL                        : drop table if exists roles cascade 
2026-01-17 23:06:32.372 DEBUG 15744 --- [main] org.hibernate.SQL                        : drop table if exists user_roles cascade 
2026-01-17 23:06:32.373 DEBUG 15744 --- [main] org.hibernate.SQL                        : drop table if exists users cascade 
2026-01-17 23:06:32.374 DEBUG 15744 --- [main] org.hibernate.SQL                        : create table roles (id bigint generated by default as identity, name varchar(255) not null unique, primary key (id))
2026-01-17 23:06:32.376 DEBUG 15744 --- [main] org.hibernate.SQL                        : create table user_roles (role_id bigint not null, user_id bigint not null, primary key (role_id, user_id))
2026-01-17 23:06:32.377 DEBUG 15744 --- [main] org.hibernate.SQL                        : create table users (email_verified boolean not null, created_at timestamp(6), id bigint generated by default as identity, updated_at timestamp(6), email varchar(255) not null unique, firstname varchar(255) not null, lastname varchar(255) not null, password varchar(255) not null, surname varchar(255), primary key (id))
2026-01-17 23:06:32.377 DEBUG 15744 --- [main] org.hibernate.SQL                        : alter table if exists user_roles add constraint FKh8ciramu9cc9q3qcqiv4ue8a6 foreign key (role_id) references roles
2026-01-17 23:06:32.379 DEBUG 15744 --- [main] org.hibernate.SQL                        : alter table if exists user_roles add constraint FKhfh9dx7w3ubf1co1vdev94g3f foreign key (user_id) references users
2026-01-17 23:06:32.495  WARN 15744 --- [main] JpaBaseConfiguration$JpaWebConfiguration : spring.jpa.open-in-view is enabled by default. Therefore, database queries may be performed during view rendering. Explicitly configure spring.jpa.open-in-view to disable this warning
2026-01-17 23:06:32.737  WARN 15744 --- [main] .s.s.UserDetailsServiceAutoConfiguration : 

Using generated security password: d69cde46-925a-4578-9819-48e2b4a2d297

This generated password is for development use only. Your security configuration must be updated before running your application in production.

2026-01-17 23:06:32.737  INFO 15744 --- [main] r$InitializeUserDetailsManagerConfigurer : Global AuthenticationManager configured with UserDetailsService bean with name inMemoryUserDetailsManager
2026-01-17 23:06:32.789 DEBUG 15744 --- [main] o.s.s.web.DefaultSecurityFilterChain     : Will secure any request with filters: DisableEncodeUrlFilter, WebAsyncManagerIntegrationFilter, SecurityContextHolderFilter, HeaderWriterFilter, CorsFilter, CsrfFilter, LogoutFilter, UsernamePasswordAuthenticationFilter, DefaultResourcesFilter, DefaultLoginPageGeneratingFilter, DefaultLogoutPageGeneratingFilter, BasicAuthenticationFilter, RequestCacheAwareFilter, SecurityContextHolderAwareRequestFilter, AnonymousAuthenticationFilter, ExceptionTranslationFilter, AuthorizationFilter
2026-01-17 23:06:32.848  INFO 15744 --- [main] r.r.u.UserServiceApplicationTests        : Started UserServiceApplicationTests in 0.944 seconds (process running for 22.598)
2026-01-17 23:06:33.107 DEBUG 15744 --- [SpringApplicationShutdownHook] org.hibernate.SQL                        : drop table if exists roles cascade 
2026-01-17 23:06:33.108 DEBUG 15744 --- [SpringApplicationShutdownHook] org.hibernate.SQL                        : drop table if exists user_roles cascade 
2026-01-17 23:06:33.108 DEBUG 15744 --- [SpringApplicationShutdownHook] org.hibernate.SQL                        : drop table if exists users cascade 
2026-01-17 23:06:33.115 DEBUG 15744 --- [SpringApplicationShutdownHook] org.hibernate.SQL                        : drop table if exists roles cascade 
2026-01-17 23:06:33.117 DEBUG 15744 --- [SpringApplicationShutdownHook] org.hibernate.SQL                        : drop table if exists user_roles cascade 
2026-01-17 23:06:33.117 DEBUG 15744 --- [SpringApplicationShutdownHook] org.hibernate.SQL                        : drop table if exists users cascade 
2026-01-17 23:06:33.121 DEBUG 15744 --- [SpringApplicationShutdownHook] org.hibernate.SQL                        : drop table if exists roles cascade 
2026-01-17 23:06:33.122 DEBUG 15744 --- [SpringApplicationShutdownHook] org.hibernate.SQL                        : drop table if exists user_roles cascade 
2026-01-17 23:06:33.122 DEBUG 15744 --- [SpringApplicationShutdownHook] org.hibernate.SQL                        : drop table if exists users cascade 
2026-01-17 23:12:16.694  INFO 9864 --- [main] r.r.u.controllers.UserControllerTest     : Starting UserControllerTest using Java 21.0.8 with PID 9864 (started by elims in D:\Max\java\my-application\ecommerce-platform\user-service)
2026-01-17 23:12:16.695  INFO 9864 --- [main] r.r.u.controllers.UserControllerTest     : The following 1 profile is active: "test"
2026-01-17 23:12:21.722  WARN 9864 --- [main] org.hibernate.orm.deprecation            : HHH90000025: H2Dialect does not need to be specified explicitly using 'hibernate.dialect' (remove the property setting and it will be selected by default)
2026-01-17 23:12:23.195 DEBUG 9864 --- [main] org.hibernate.SQL                        : drop table if exists roles cascade 
2026-01-17 23:12:23.199 DEBUG 9864 --- [main] org.hibernate.SQL                        : drop table if exists user_roles cascade 
2026-01-17 23:12:23.199 DEBUG 9864 --- [main] org.hibernate.SQL                        : drop table if exists users cascade 
2026-01-17 23:12:23.204 DEBUG 9864 --- [main] org.hibernate.SQL                        : create table roles (id bigint generated by default as identity, name varchar(255) not null unique, primary key (id))
2026-01-17 23:12:23.215 DEBUG 9864 --- [main] org.hibernate.SQL                        : create table user_roles (role_id bigint not null, user_id bigint not null, primary key (role_id, user_id))
2026-01-17 23:12:23.217 DEBUG 9864 --- [main] org.hibernate.SQL                        : create table users (email_verified boolean not null, created_at timestamp(6), id bigint generated by default as identity, updated_at timestamp(6), email varchar(255) not null unique, firstname varchar(255) not null, lastname varchar(255) not null, password varchar(255) not null, surname varchar(255), primary key (id))
2026-01-17 23:12:23.220 DEBUG 9864 --- [main] org.hibernate.SQL                        : alter table if exists user_roles add constraint FKh8ciramu9cc9q3qcqiv4ue8a6 foreign key (role_id) references roles
2026-01-17 23:12:23.230 DEBUG 9864 --- [main] org.hibernate.SQL                        : alter table if exists user_roles add constraint FKhfh9dx7w3ubf1co1vdev94g3f foreign key (user_id) references users
2026-01-17 23:12:24.067  WARN 9864 --- [main] JpaBaseConfiguration$JpaWebConfiguration : spring.jpa.open-in-view is enabled by default. Therefore, database queries may be performed during view rendering. Explicitly configure spring.jpa.open-in-view to disable this warning
2026-01-17 23:12:24.598  WARN 9864 --- [main] .s.s.UserDetailsServiceAutoConfiguration : 

Using generated security password: 98d80127-a1bd-40de-8b7b-1b2001677d47

This generated password is for development use only. Your security configuration must be updated before running your application in production.

2026-01-17 23:12:24.614  INFO 9864 --- [main] r$InitializeUserDetailsManagerConfigurer : Global AuthenticationManager configured with UserDetailsService bean with name inMemoryUserDetailsManager
2026-01-17 23:12:24.675  INFO 9864 --- [main] r.r.userservice.aspect.LoggingAspect     : >>> Incoming request: TestSecurityConfig.testSecurityFilterChain(..)
2026-01-17 23:12:24.736 DEBUG 9864 --- [main] o.s.s.web.DefaultSecurityFilterChain     : Will secure any request with filters: DisableEncodeUrlFilter, WebAsyncManagerIntegrationFilter, SecurityContextHolderFilter, HeaderWriterFilter, LogoutFilter, RequestCacheAwareFilter, SecurityContextHolderAwareRequestFilter, AnonymousAuthenticationFilter, ExceptionTranslationFilter, AuthorizationFilter
2026-01-17 23:12:24.737  INFO 9864 --- [main] r.r.userservice.aspect.LoggingAspect     : <<< Response from: TestSecurityConfig.testSecurityFilterChain(..)
2026-01-17 23:12:25.446  INFO 9864 --- [main] r.r.u.controllers.UserControllerTest     : Started UserControllerTest in 9.352 seconds (process running for 11.234)
2026-01-17 23:12:25.607 DEBUG 9864 --- [main] o.s.security.web.FilterChainProxy        : Securing GET /v1/users/all
2026-01-17 23:12:25.625 DEBUG 9864 --- [main] o.s.security.web.FilterChainProxy        : Secured GET /v1/users/all
2026-01-17 23:12:25.640  INFO 9864 --- [main] r.r.userservice.aspect.LoggingAspect     : >>> Incoming request: UserController.getAllUsers()
2026-01-17 23:12:25.646  INFO 9864 --- [main] r.r.userservice.aspect.LoggingAspect     : <<< Response from: UserController.getAllUsers()
2026-01-17 23:12:25.711 DEBUG 9864 --- [main] o.s.s.w.a.AnonymousAuthenticationFilter  : Set SecurityContextHolder to anonymous SecurityContext
2026-01-17 23:12:25.784 DEBUG 9864 --- [main] o.s.security.web.FilterChainProxy        : Securing POST /v1/users/oauth2-login
2026-01-17 23:12:25.786 DEBUG 9864 --- [main] o.s.security.web.FilterChainProxy        : Secured POST /v1/users/oauth2-login
2026-01-17 23:12:25.873  INFO 9864 --- [main] r.r.userservice.aspect.LoggingAspect     : >>> Incoming request: UserController.oauth2LoginOrRegister(..)
2026-01-17 23:12:25.879  INFO 9864 --- [main] r.r.userservice.aspect.LoggingAspect     : <<< Response from: UserController.oauth2LoginOrRegister(..)
2026-01-17 23:12:25.886 DEBUG 9864 --- [main] o.s.s.w.a.AnonymousAuthenticationFilter  : Set SecurityContextHolder to anonymous SecurityContext
2026-01-17 23:12:25.918 DEBUG 9864 --- [main] o.s.security.web.FilterChainProxy        : Securing POST /v1/users/authenticate
2026-01-17 23:12:25.919 DEBUG 9864 --- [main] o.s.security.web.FilterChainProxy        : Secured POST /v1/users/authenticate
2026-01-17 23:12:25.926  INFO 9864 --- [main] r.r.userservice.aspect.LoggingAspect     : >>> Incoming request: UserController.authenticate(..)
2026-01-17 23:12:25.933  WARN 9864 --- [main] r.r.userservice.aspect.LoggingAspect     : >>> Handling exception in: GlobalExceptionHandler.handleBadCredentialsException(..) - Exception type: BadCredentialsException - Message: Неверный email или пароль
2026-01-17 23:12:25.935  WARN 9864 --- [main] r.r.userservice.aspect.LoggingAspect     : <<< Exception handled by: GlobalExceptionHandler.handleBadCredentialsException(..)
2026-01-17 23:12:25.944 DEBUG 9864 --- [main] o.s.s.w.a.AnonymousAuthenticationFilter  : Set SecurityContextHolder to anonymous SecurityContext
2026-01-17 23:12:25.962 DEBUG 9864 --- [main] o.s.security.web.FilterChainProxy        : Securing POST /v1/users/oauth2-login
2026-01-17 23:12:25.964 DEBUG 9864 --- [main] o.s.security.web.FilterChainProxy        : Secured POST /v1/users/oauth2-login
2026-01-17 23:12:25.965  INFO 9864 --- [main] r.r.userservice.aspect.LoggingAspect     : >>> Incoming request: UserController.oauth2LoginOrRegister(..)
2026-01-17 23:12:25.966  INFO 9864 --- [main] r.r.userservice.aspect.LoggingAspect     : <<< Response from: UserController.oauth2LoginOrRegister(..)
2026-01-17 23:12:25.968 DEBUG 9864 --- [main] o.s.s.w.a.AnonymousAuthenticationFilter  : Set SecurityContextHolder to anonymous SecurityContext
2026-01-17 23:12:25.991 DEBUG 9864 --- [main] w.c.HttpSessionSecurityContextRepository : Created HttpSession as SecurityContext is non-default
2026-01-17 23:12:25.992 DEBUG 9864 --- [main] w.c.HttpSessionSecurityContextRepository : Stored SecurityContextImpl [Authentication=UsernamePasswordAuthenticationToken [Principal=org.springframework.security.core.userdetails.User [Username=test@test.com, Password=[PROTECTED], Enabled=true, AccountNonExpired=true, CredentialsNonExpired=true, AccountNonLocked=true, Granted Authorities=[ROLE_USER]], Credentials=[PROTECTED], Authenticated=true, Details=null, Granted Authorities=[ROLE_USER]]] to HttpSession [org.springframework.mock.web.MockHttpSession@20d8d02d]
2026-01-17 23:12:25.994 DEBUG 9864 --- [main] o.s.security.web.FilterChainProxy        : Securing GET /v1/users/me
2026-01-17 23:12:25.997 DEBUG 9864 --- [main] o.s.security.web.FilterChainProxy        : Secured GET /v1/users/me
2026-01-17 23:12:26.000 DEBUG 9864 --- [main] w.c.HttpSessionSecurityContextRepository : Retrieved SecurityContextImpl [Authentication=UsernamePasswordAuthenticationToken [Principal=org.springframework.security.core.userdetails.User [Username=test@test.com, Password=[PROTECTED], Enabled=true, AccountNonExpired=true, CredentialsNonExpired=true, AccountNonLocked=true, Granted Authorities=[ROLE_USER]], Credentials=[PROTECTED], Authenticated=true, Details=null, Granted Authorities=[ROLE_USER]]]
2026-01-17 23:12:26.000  INFO 9864 --- [main] r.r.userservice.aspect.LoggingAspect     : >>> Incoming request: UserController.getCurrentUser(..)
2026-01-17 23:12:26.000  INFO 9864 --- [main] r.r.userservice.aspect.LoggingAspect     : <<< Response from: UserController.getCurrentUser(..)
2026-01-17 23:12:26.018 DEBUG 9864 --- [main] o.s.security.web.FilterChainProxy        : Securing DELETE /v1/users/1
2026-01-17 23:12:26.019 DEBUG 9864 --- [main] o.s.security.web.FilterChainProxy        : Secured DELETE /v1/users/1
2026-01-17 23:12:26.024  INFO 9864 --- [main] r.r.userservice.aspect.LoggingAspect     : >>> Incoming request: UserController.deleteUser(..)
2026-01-17 23:12:26.024  INFO 9864 --- [main] r.r.userservice.aspect.LoggingAspect     : <<< Response from: UserController.deleteUser(..)
2026-01-17 23:12:26.026 DEBUG 9864 --- [main] o.s.s.w.a.AnonymousAuthenticationFilter  : Set SecurityContextHolder to anonymous SecurityContext
2026-01-17 23:12:26.038 DEBUG 9864 --- [main] o.s.security.web.FilterChainProxy        : Securing PUT /v1/users/1/verify
2026-01-17 23:12:26.040 DEBUG 9864 --- [main] o.s.security.web.FilterChainProxy        : Secured PUT /v1/users/1/verify
2026-01-17 23:12:26.043  INFO 9864 --- [main] r.r.userservice.aspect.LoggingAspect     : >>> Incoming request: UserController.verifyUser(..)
2026-01-17 23:12:26.044  INFO 9864 --- [main] r.r.userservice.aspect.LoggingAspect     : <<< Response from: UserController.verifyUser(..)
2026-01-17 23:12:26.046 DEBUG 9864 --- [main] o.s.s.w.a.AnonymousAuthenticationFilter  : Set SecurityContextHolder to anonymous SecurityContext
2026-01-17 23:12:26.058 DEBUG 9864 --- [main] o.s.security.web.FilterChainProxy        : Securing POST /v1/users/signup
2026-01-17 23:12:26.059 DEBUG 9864 --- [main] o.s.security.web.FilterChainProxy        : Secured POST /v1/users/signup
2026-01-17 23:12:26.061  INFO 9864 --- [main] r.r.userservice.aspect.LoggingAspect     : >>> Incoming request: UserController.registerUser(..)
2026-01-17 23:12:26.061  INFO 9864 --- [main] r.r.userservice.aspect.LoggingAspect     : <<< Response from: UserController.registerUser(..)
2026-01-17 23:12:26.062 DEBUG 9864 --- [main] o.s.s.w.a.AnonymousAuthenticationFilter  : Set SecurityContextHolder to anonymous SecurityContext
2026-01-17 23:12:26.073 DEBUG 9864 --- [main] o.s.security.web.FilterChainProxy        : Securing POST /v1/users/authenticate
2026-01-17 23:12:26.076 DEBUG 9864 --- [main] o.s.security.web.FilterChainProxy        : Secured POST /v1/users/authenticate
2026-01-17 23:12:26.077  INFO 9864 --- [main] r.r.userservice.aspect.LoggingAspect     : >>> Incoming request: UserController.authenticate(..)
2026-01-17 23:12:26.077  INFO 9864 --- [main] r.r.userservice.aspect.LoggingAspect     : <<< Response from: UserController.authenticate(..)
2026-01-17 23:12:26.078 DEBUG 9864 --- [main] o.s.s.w.a.AnonymousAuthenticationFilter  : Set SecurityContextHolder to anonymous SecurityContext
2026-01-17 23:12:26.089 DEBUG 9864 --- [main] o.s.security.web.FilterChainProxy        : Securing PUT /v1/users/1
2026-01-17 23:12:26.090 DEBUG 9864 --- [main] o.s.security.web.FilterChainProxy        : Secured PUT /v1/users/1
2026-01-17 23:12:26.098  INFO 9864 --- [main] r.r.userservice.aspect.LoggingAspect     : >>> Incoming request: UserController.updateUser(..)
2026-01-17 23:12:26.099  INFO 9864 --- [main] r.r.userservice.aspect.LoggingAspect     : <<< Response from: UserController.updateUser(..)
2026-01-17 23:12:26.100 DEBUG 9864 --- [main] o.s.s.w.a.AnonymousAuthenticationFilter  : Set SecurityContextHolder to anonymous SecurityContext
2026-01-17 23:12:26.109 DEBUG 9864 --- [main] o.s.security.web.FilterChainProxy        : Securing POST /v1/users/signup
2026-01-17 23:12:26.111 DEBUG 9864 --- [main] o.s.security.web.FilterChainProxy        : Secured POST /v1/users/signup
2026-01-17 23:12:26.113  INFO 9864 --- [main] r.r.userservice.aspect.LoggingAspect     : >>> Incoming request: UserController.registerUser(..)
2026-01-17 23:12:26.113  WARN 9864 --- [main] r.r.userservice.aspect.LoggingAspect     : >>> Handling exception in: GlobalExceptionHandler.handleUserAlreadyExists(..) - Exception type: UserAlreadyExistsException - Message: Пользователь с email test@test.com уже зарегистрирован
2026-01-17 23:12:26.114  WARN 9864 --- [main] r.r.userservice.aspect.LoggingAspect     : <<< Exception handled by: GlobalExceptionHandler.handleUserAlreadyExists(..)
2026-01-17 23:12:26.114 DEBUG 9864 --- [main] o.s.s.w.a.AnonymousAuthenticationFilter  : Set SecurityContextHolder to anonymous SecurityContext
2026-01-17 23:12:26.124 DEBUG 9864 --- [main] o.s.security.web.FilterChainProxy        : Securing DELETE /v1/users/999
2026-01-17 23:12:26.125 DEBUG 9864 --- [main] o.s.security.web.FilterChainProxy        : Secured DELETE /v1/users/999
2026-01-17 23:12:26.126  INFO 9864 --- [main] r.r.userservice.aspect.LoggingAspect     : >>> Incoming request: UserController.deleteUser(..)
2026-01-17 23:12:26.127  WARN 9864 --- [main] r.r.userservice.aspect.LoggingAspect     : >>> Handling exception in: GlobalExceptionHandler.handleUserNotFoundException(..) - Exception type: UsernameNotFoundException - Message: Пользователь с id 999 не найден
2026-01-17 23:12:26.127  WARN 9864 --- [main] r.r.userservice.aspect.LoggingAspect     : <<< Exception handled by: GlobalExceptionHandler.handleUserNotFoundException(..)
2026-01-17 23:12:26.129 DEBUG 9864 --- [main] o.s.s.w.a.AnonymousAuthenticationFilter  : Set SecurityContextHolder to anonymous SecurityContext
2026-01-17 23:12:26.231  INFO 9864 --- [main] r.r.u.repository.RoleRepositoryTest      : Starting RoleRepositoryTest using Java 21.0.8 with PID 9864 (started by elims in D:\Max\java\my-application\ecommerce-platform\user-service)
2026-01-17 23:12:26.231 DEBUG 9864 --- [main] r.r.u.repository.RoleRepositoryTest      : Running with Spring Boot v3.5.9, Spring v6.2.15
2026-01-17 23:12:26.231  INFO 9864 --- [main] r.r.u.repository.RoleRepositoryTest      : The following 1 profile is active: "test"
2026-01-17 23:12:26.421  WARN 9864 --- [main] org.hibernate.orm.deprecation            : HHH90000025: H2Dialect does not need to be specified explicitly using 'hibernate.dialect' (remove the property setting and it will be selected by default)
2026-01-17 23:12:26.459 DEBUG 9864 --- [main] org.hibernate.SQL                        : drop table if exists roles cascade 
2026-01-17 23:12:26.459 DEBUG 9864 --- [main] org.hibernate.SQL                        : drop table if exists user_roles cascade 
2026-01-17 23:12:26.459 DEBUG 9864 --- [main] org.hibernate.SQL                        : drop table if exists users cascade 
2026-01-17 23:12:26.460 DEBUG 9864 --- [main] org.hibernate.SQL                        : create table roles (id bigint generated by default as identity, name varchar(255) not null unique, primary key (id))
2026-01-17 23:12:26.461 DEBUG 9864 --- [main] org.hibernate.SQL                        : create table user_roles (role_id bigint not null, user_id bigint not null, primary key (role_id, user_id))
2026-01-17 23:12:26.461 DEBUG 9864 --- [main] org.hibernate.SQL                        : create table users (email_verified boolean not null, created_at timestamp(6), id bigint generated by default as identity, updated_at timestamp(6), email varchar(255) not null unique, firstname varchar(255) not null, lastname varchar(255) not null, password varchar(255) not null, surname varchar(255), primary key (id))
2026-01-17 23:12:26.463 DEBUG 9864 --- [main] org.hibernate.SQL                        : alter table if exists user_roles add constraint FKh8ciramu9cc9q3qcqiv4ue8a6 foreign key (role_id) references roles
2026-01-17 23:12:26.464 DEBUG 9864 --- [main] org.hibernate.SQL                        : alter table if exists user_roles add constraint FKhfh9dx7w3ubf1co1vdev94g3f foreign key (user_id) references users
2026-01-17 23:12:26.502  INFO 9864 --- [main] r.r.u.repository.RoleRepositoryTest      : Started RoleRepositoryTest in 0.31 seconds (process running for 12.291)
2026-01-17 23:12:26.560 DEBUG 9864 --- [main] org.hibernate.SQL                        : insert into roles (name,id) values (?,default)
2026-01-17 23:12:26.601 DEBUG 9864 --- [main] org.hibernate.SQL                        : insert into roles (name,id) values (?,default)
2026-01-17 23:12:26.699 DEBUG 9864 --- [main] org.hibernate.SQL                        : select re1_0.id,re1_0.name from roles re1_0
2026-01-17 23:12:26.779 DEBUG 9864 --- [main] org.hibernate.SQL                        : insert into roles (name,id) values (?,default)
2026-01-17 23:12:26.800 DEBUG 9864 --- [main] org.hibernate.SQL                        : select re1_0.id,re1_0.name from roles re1_0 where re1_0.name=?
2026-01-17 23:12:26.812 DEBUG 9864 --- [main] org.hibernate.SQL                        : select re1_0.id,re1_0.name from roles re1_0 where re1_0.name=?
2026-01-17 23:12:26.820 DEBUG 9864 --- [main] org.hibernate.SQL                        : insert into roles (name,id) values (?,default)
2026-01-17 23:12:26.826 DEBUG 9864 --- [main] org.hibernate.SQL                        : insert into roles (name,id) values (?,default)
2026-01-17 23:12:26.829  WARN 9864 --- [main] o.h.engine.jdbc.spi.SqlExceptionHelper   : SQL Error: 23505, SQLState: 23505
2026-01-17 23:12:26.829 ERROR 9864 --- [main] o.h.engine.jdbc.spi.SqlExceptionHelper   : Нарушение уникального индекса или первичного ключа: "PUBLIC.CONSTRAINT_INDEX_4 ON PUBLIC.ROLES(NAME NULLS FIRST) VALUES ( /* 4 */ 'ROLE_ADMIN' )"
Unique index or primary key violation: "PUBLIC.CONSTRAINT_INDEX_4 ON PUBLIC.ROLES(NAME NULLS FIRST) VALUES ( /* 4 */ 'ROLE_ADMIN' )"; SQL statement:
insert into roles (name,id) values (?,default) [23505-224]
2026-01-17 23:12:26.842 DEBUG 9864 --- [main] org.hibernate.SQL                        : insert into roles (name,id) values (?,default)
2026-01-17 23:12:26.846 DEBUG 9864 --- [main] org.hibernate.SQL                        : select re1_0.id,re1_0.name from roles re1_0 where re1_0.name=?
2026-01-17 23:12:26.853 DEBUG 9864 --- [main] org.hibernate.SQL                        : insert into roles (name,id) values (?,default)
2026-01-17 23:12:26.892 DEBUG 9864 --- [main] org.hibernate.SQL                        : select ue1_0.id,ue1_0.created_at,ue1_0.email,ue1_0.email_verified,ue1_0.firstname,ue1_0.lastname,ue1_0.password,ue1_0.surname,ue1_0.updated_at from users ue1_0
2026-01-17 23:12:26.904 DEBUG 9864 --- [main] org.hibernate.SQL                        : insert into users (created_at,email,email_verified,firstname,lastname,password,surname,updated_at,id) values (?,?,?,?,?,?,?,?,default)
2026-01-17 23:12:26.917 DEBUG 9864 --- [main] org.hibernate.SQL                        : select ue1_0.id,ue1_0.created_at,ue1_0.email,ue1_0.email_verified,ue1_0.firstname,ue1_0.lastname,ue1_0.password,ue1_0.surname,ue1_0.updated_at from users ue1_0 where ue1_0.email=?
2026-01-17 23:12:26.930 DEBUG 9864 --- [main] org.hibernate.SQL                        : select ue1_0.id,ue1_0.created_at,ue1_0.email,ue1_0.email_verified,ue1_0.firstname,ue1_0.lastname,ue1_0.password,ue1_0.surname,ue1_0.updated_at from users ue1_0
2026-01-17 23:12:26.935 DEBUG 9864 --- [main] org.hibernate.SQL                        : insert into users (created_at,email,email_verified,firstname,lastname,password,surname,updated_at,id) values (?,?,?,?,?,?,?,?,default)
2026-01-17 23:12:26.942 DEBUG 9864 --- [main] org.hibernate.SQL                        : insert into users (created_at,email,email_verified,firstname,lastname,password,surname,updated_at,id) values (?,?,?,?,?,?,?,?,default)
2026-01-17 23:12:26.943  WARN 9864 --- [main] o.h.engine.jdbc.spi.SqlExceptionHelper   : SQL Error: 23505, SQLState: 23505
2026-01-17 23:12:26.943 ERROR 9864 --- [main] o.h.engine.jdbc.spi.SqlExceptionHelper   : Нарушение уникального индекса или первичного ключа: "PUBLIC.CONSTRAINT_INDEX_4D ON PUBLIC.USERS(EMAIL NULLS FIRST) VALUES ( /* 2 */ 'test@test.com' )"
Unique index or primary key violation: "PUBLIC.CONSTRAINT_INDEX_4D ON PUBLIC.USERS(EMAIL NULLS FIRST) VALUES ( /* 2 */ 'test@test.com' )"; SQL statement:
insert into users (created_at,email,email_verified,firstname,lastname,password,surname,updated_at,id) values (?,?,?,?,?,?,?,?,default) [23505-224]
2026-01-17 23:12:26.949 DEBUG 9864 --- [main] org.hibernate.SQL                        : select ue1_0.id,ue1_0.created_at,ue1_0.email,ue1_0.email_verified,ue1_0.firstname,ue1_0.lastname,ue1_0.password,ue1_0.surname,ue1_0.updated_at from users ue1_0
2026-01-17 23:12:26.952 DEBUG 9864 --- [main] org.hibernate.SQL                        : insert into users (created_at,email,email_verified,firstname,lastname,password,surname,updated_at,id) values (?,?,?,?,?,?,?,?,default)
2026-01-17 23:12:26.956 DEBUG 9864 --- [main] org.hibernate.SQL                        : select ue1_0.id,ue1_0.created_at,ue1_0.email,ue1_0.email_verified,ue1_0.firstname,ue1_0.lastname,ue1_0.password,ue1_0.surname,ue1_0.updated_at from users ue1_0 where ue1_0.email=?
2026-01-17 23:12:26.970 DEBUG 9864 --- [main] org.hibernate.SQL                        : update users set created_at=?,email=?,email_verified=?,firstname=?,lastname=?,password=?,surname=?,updated_at=? where id=?
2026-01-17 23:12:26.974 DEBUG 9864 --- [main] org.hibernate.SQL                        : select ue1_0.id,ue1_0.created_at,ue1_0.email,ue1_0.email_verified,ue1_0.firstname,ue1_0.lastname,ue1_0.password,ue1_0.surname,ue1_0.updated_at from users ue1_0 where ue1_0.email=?
2026-01-17 23:12:26.982 DEBUG 9864 --- [main] org.hibernate.SQL                        : select ue1_0.id,ue1_0.created_at,ue1_0.email,ue1_0.email_verified,ue1_0.firstname,ue1_0.lastname,ue1_0.password,ue1_0.surname,ue1_0.updated_at from users ue1_0
2026-01-17 23:12:26.985 DEBUG 9864 --- [main] org.hibernate.SQL                        : insert into users (created_at,email,email_verified,firstname,lastname,password,surname,updated_at,id) values (?,?,?,?,?,?,?,?,default)
2026-01-17 23:12:26.987 DEBUG 9864 --- [main] org.hibernate.SQL                        : select ue1_0.id,ue1_0.created_at,ue1_0.email,ue1_0.email_verified,ue1_0.firstname,ue1_0.lastname,ue1_0.password,ue1_0.surname,ue1_0.updated_at from users ue1_0 where ue1_0.email=?
2026-01-17 23:12:26.995 DEBUG 9864 --- [main] org.hibernate.SQL                        : select ue1_0.id,ue1_0.created_at,ue1_0.email,ue1_0.email_verified,ue1_0.firstname,ue1_0.lastname,ue1_0.password,ue1_0.surname,ue1_0.updated_at from users ue1_0
2026-01-17 23:12:26.999 DEBUG 9864 --- [main] org.hibernate.SQL                        : insert into users (created_at,email,email_verified,firstname,lastname,password,surname,updated_at,id) values (?,?,?,?,?,?,?,?,default)
2026-01-17 23:12:27.003 DEBUG 9864 --- [main] org.hibernate.SQL                        : select ue1_0.id,ue1_0.created_at,ue1_0.email,ue1_0.email_verified,ue1_0.firstname,ue1_0.lastname,ue1_0.password,ue1_0.surname,ue1_0.updated_at from users ue1_0 where ue1_0.email=?
2026-01-17 23:12:27.006 DEBUG 9864 --- [main] org.hibernate.SQL                        : delete from users where id=?
2026-01-17 23:12:27.009 DEBUG 9864 --- [main] org.hibernate.SQL                        : select ue1_0.id,ue1_0.created_at,ue1_0.email,ue1_0.email_verified,ue1_0.firstname,ue1_0.lastname,ue1_0.password,ue1_0.surname,ue1_0.updated_at from users ue1_0 where ue1_0.email=?
2026-01-17 23:12:27.019 DEBUG 9864 --- [main] org.hibernate.SQL                        : select ue1_0.id,ue1_0.created_at,ue1_0.email,ue1_0.email_verified,ue1_0.firstname,ue1_0.lastname,ue1_0.password,ue1_0.surname,ue1_0.updated_at from users ue1_0
2026-01-17 23:12:27.020 DEBUG 9864 --- [main] org.hibernate.SQL                        : insert into users (created_at,email,email_verified,firstname,lastname,password,surname,updated_at,id) values (?,?,?,?,?,?,?,?,default)
2026-01-17 23:12:27.024 DEBUG 9864 --- [main] org.hibernate.SQL                        : select ue1_0.id,ue1_0.created_at,ue1_0.email,ue1_0.email_verified,ue1_0.firstname,ue1_0.lastname,ue1_0.password,ue1_0.surname,ue1_0.updated_at from users ue1_0 where ue1_0.email=?
2026-01-17 23:12:27.394  INFO 9864 --- [main] r.r.u.UserServiceApplicationTests        : Starting UserServiceApplicationTests using Java 21.0.8 with PID 9864 (started by elims in D:\Max\java\my-application\ecommerce-platform\user-service)
2026-01-17 23:12:27.394  INFO 9864 --- [main] r.r.u.UserServiceApplicationTests        : The following 1 profile is active: "test"
2026-01-17 23:12:27.798  WARN 9864 --- [main] org.hibernate.orm.deprecation            : HHH90000025: H2Dialect does not need to be specified explicitly using 'hibernate.dialect' (remove the property setting and it will be selected by default)
2026-01-17 23:12:27.836 DEBUG 9864 --- [main] org.hibernate.SQL                        : drop table if exists roles cascade 
2026-01-17 23:12:27.838 DEBUG 9864 --- [main] org.hibernate.SQL                        : drop table if exists user_roles cascade 
2026-01-17 23:12:27.840 DEBUG 9864 --- [main] org.hibernate.SQL                        : drop table if exists users cascade 
2026-01-17 23:12:27.840 DEBUG 9864 --- [main] org.hibernate.SQL                        : create table roles (id bigint generated by default as identity, name varchar(255) not null unique, primary key (id))
2026-01-17 23:12:27.841 DEBUG 9864 --- [main] org.hibernate.SQL                        : create table user_roles (role_id bigint not null, user_id bigint not null, primary key (role_id, user_id))
2026-01-17 23:12:27.843 DEBUG 9864 --- [main] org.hibernate.SQL                        : create table users (email_verified boolean not null, created_at timestamp(6), id bigint generated by default as identity, updated_at timestamp(6), email varchar(255) not null unique, firstname varchar(255) not null, lastname varchar(255) not null, password varchar(255) not null, surname varchar(255), primary key (id))
2026-01-17 23:12:27.844 DEBUG 9864 --- [main] org.hibernate.SQL                        : alter table if exists user_roles add constraint FKh8ciramu9cc9q3qcqiv4ue8a6 foreign key (role_id) references roles
2026-01-17 23:12:27.846 DEBUG 9864 --- [main] org.hibernate.SQL                        : alter table if exists user_roles add constraint FKhfh9dx7w3ubf1co1vdev94g3f foreign key (user_id) references users
2026-01-17 23:12:27.966  WARN 9864 --- [main] JpaBaseConfiguration$JpaWebConfiguration : spring.jpa.open-in-view is enabled by default. Therefore, database queries may be performed during view rendering. Explicitly configure spring.jpa.open-in-view to disable this warning
2026-01-17 23:12:28.169  WARN 9864 --- [main] .s.s.UserDetailsServiceAutoConfiguration : 

Using generated security password: 71bdf6dd-967c-4e61-975f-96975822c3d4

This generated password is for development use only. Your security configuration must be updated before running your application in production.

2026-01-17 23:12:28.170  INFO 9864 --- [main] r$InitializeUserDetailsManagerConfigurer : Global AuthenticationManager configured with UserDetailsService bean with name inMemoryUserDetailsManager
2026-01-17 23:12:28.220 DEBUG 9864 --- [main] o.s.s.web.DefaultSecurityFilterChain     : Will secure any request with filters: DisableEncodeUrlFilter, WebAsyncManagerIntegrationFilter, SecurityContextHolderFilter, HeaderWriterFilter, CorsFilter, CsrfFilter, LogoutFilter, UsernamePasswordAuthenticationFilter, DefaultResourcesFilter, DefaultLoginPageGeneratingFilter, DefaultLogoutPageGeneratingFilter, BasicAuthenticationFilter, RequestCacheAwareFilter, SecurityContextHolderAwareRequestFilter, AnonymousAuthenticationFilter, ExceptionTranslationFilter, AuthorizationFilter
2026-01-17 23:12:28.286  INFO 9864 --- [main] r.r.u.UserServiceApplicationTests        : Started UserServiceApplicationTests in 0.913 seconds (process running for 14.075)
2026-01-17 23:12:28.535 DEBUG 9864 --- [SpringApplicationShutdownHook] org.hibernate.SQL                        : drop table if exists roles cascade 
2026-01-17 23:12:28.536 DEBUG 9864 --- [SpringApplicationShutdownHook] org.hibernate.SQL                        : drop table if exists user_roles cascade 
2026-01-17 23:12:28.537 DEBUG 9864 --- [SpringApplicationShutdownHook] org.hibernate.SQL                        : drop table if exists users cascade 
2026-01-17 23:12:28.542 DEBUG 9864 --- [SpringApplicationShutdownHook] org.hibernate.SQL                        : drop table if exists roles cascade 
2026-01-17 23:12:28.543 DEBUG 9864 --- [SpringApplicationShutdownHook] org.hibernate.SQL                        : drop table if exists user_roles cascade 
2026-01-17 23:12:28.543 DEBUG 9864 --- [SpringApplicationShutdownHook] org.hibernate.SQL                        : drop table if exists users cascade 
2026-01-17 23:12:28.548 DEBUG 9864 --- [SpringApplicationShutdownHook] org.hibernate.SQL                        : drop table if exists roles cascade 
2026-01-17 23:12:28.548 DEBUG 9864 --- [SpringApplicationShutdownHook] org.hibernate.SQL                        : drop table if exists user_roles cascade 
2026-01-17 23:12:28.549 DEBUG 9864 --- [SpringApplicationShutdownHook] org.hibernate.SQL                        : drop table if exists users cascade 
