2026-01-04 14:10:38.782  INFO 25012 --- [SpringApplicationShutdownHook] o.s.b.w.e.tomcat.GracefulShutdown        : Commencing graceful shutdown. Waiting for active requests to complete
2026-01-04 14:10:38.804  INFO 25012 --- [tomcat-shutdown] o.s.b.w.e.tomcat.GracefulShutdown        : Graceful shutdown complete
2026-01-04 15:25:41.051  INFO 16540 --- [main] r.r.authservice.AuthServiceApplication   : Starting AuthServiceApplication using Java 21.0.8 with PID 16540 (D:\Max\java\my-application\ecommerce-platform\auth-service\target\classes started by elims in D:\Max\java\my-application\ecommerce-platform)
2026-01-04 15:25:41.053  INFO 16540 --- [main] r.r.authservice.AuthServiceApplication   : No active profile set, falling back to 1 default profile: "default"
2026-01-04 15:25:41.769  INFO 16540 --- [main] o.s.cloud.context.scope.GenericScope     : BeanFactory id=4efee789-1bbd-3972-9cbc-cf4aeb61edc9
2026-01-04 15:25:42.054  INFO 16540 --- [main] o.s.b.w.embedded.tomcat.TomcatWebServer  : Tomcat initialized with port 9000 (http)
2026-01-04 15:25:42.065  INFO 16540 --- [main] o.a.coyote.http11.Http11NioProtocol      : Initializing ProtocolHandler ["http-nio-9000"]
2026-01-04 15:25:42.066  INFO 16540 --- [main] o.apache.catalina.core.StandardService   : Starting service [Tomcat]
2026-01-04 15:25:42.066  INFO 16540 --- [main] o.apache.catalina.core.StandardEngine    : Starting Servlet engine: [Apache Tomcat/10.1.39]
2026-01-04 15:25:42.110  INFO 16540 --- [main] o.a.c.c.C.[Tomcat].[localhost].[/]       : Initializing Spring embedded WebApplicationContext
2026-01-04 15:25:42.111  INFO 16540 --- [main] w.s.c.ServletWebServerApplicationContext : Root WebApplicationContext: initialization completed in 1020 ms
2026-01-04 15:25:42.456  INFO 16540 --- [main] r$InitializeUserDetailsManagerConfigurer : Global AuthenticationManager configured with UserDetailsService bean with name remoteUserDetailsService
2026-01-04 15:25:42.543 DEBUG 16540 --- [main] s.w.s.m.m.a.RequestMappingHandlerMapping : 19 mappings in 'requestMappingHandlerMapping'
2026-01-04 15:25:42.569 DEBUG 16540 --- [main] o.s.w.s.handler.SimpleUrlHandlerMapping  : Patterns [/webjars/**, /**, /swagger-ui*/*swagger-initializer.js, /swagger-ui*/**] in 'resourceHandlerMapping'
2026-01-04 15:25:42.597 DEBUG 16540 --- [main] o.s.s.web.DefaultSecurityFilterChain     : Will secure Or [Mvc [pattern='/api/**'], Mvc [pattern='/v1/**'], Mvc [pattern='/actuator/**']] with filters: DisableEncodeUrlFilter, WebAsyncManagerIntegrationFilter, SecurityContextHolderFilter, HeaderWriterFilter, LogoutFilter, RequestCacheAwareFilter, SecurityContextHolderAwareRequestFilter, AnonymousAuthenticationFilter, SessionManagementFilter, ExceptionTranslationFilter, AuthorizationFilter
2026-01-04 15:25:42.623 DEBUG 16540 --- [main] o.s.s.web.DefaultSecurityFilterChain     : Will secure Or [Mvc [pattern='/oauth2/**'], Mvc [pattern='/login/**']] with filters: DisableEncodeUrlFilter, WebAsyncManagerIntegrationFilter, SecurityContextHolderFilter, HeaderWriterFilter, LogoutFilter, OAuth2AuthorizationRequestRedirectFilter, OAuth2LoginAuthenticationFilter, DefaultResourcesFilter, DefaultLoginPageGeneratingFilter, DefaultLogoutPageGeneratingFilter, RequestCacheAwareFilter, SecurityContextHolderAwareRequestFilter, AnonymousAuthenticationFilter, SessionManagementFilter, ExceptionTranslationFilter, AuthorizationFilter
2026-01-04 15:25:42.629 DEBUG 16540 --- [main] o.s.s.web.DefaultSecurityFilterChain     : Will secure any request with filters: DisableEncodeUrlFilter, WebAsyncManagerIntegrationFilter, SecurityContextHolderFilter, HeaderWriterFilter, LogoutFilter, RequestCacheAwareFilter, SecurityContextHolderAwareRequestFilter, AnonymousAuthenticationFilter, ExceptionTranslationFilter, AuthorizationFilter
2026-01-04 15:25:42.650  INFO 16540 --- [main] o.s.v.b.OptionalValidatorFactoryBean     : Failed to set up a Bean Validation provider: jakarta.validation.NoProviderFoundException: Unable to create a Configuration, because no Jakarta Bean Validation provider could be found. Add a provider like Hibernate Validator (RI) to your classpath.
2026-01-04 15:25:42.762 DEBUG 16540 --- [main] s.w.s.m.m.a.RequestMappingHandlerAdapter : ControllerAdvice beans: 0 @ModelAttribute, 0 @InitBinder, 1 RequestBodyAdvice, 1 ResponseBodyAdvice
2026-01-04 15:25:42.811 DEBUG 16540 --- [main] .m.m.a.ExceptionHandlerExceptionResolver : ControllerAdvice beans: 2 @ExceptionHandler, 1 ResponseBodyAdvice
2026-01-04 15:25:42.935  WARN 16540 --- [main] iguration$LoadBalancerCaffeineWarnLogger : Spring Cloud LoadBalancer is currently working with the default cache. While this cache implementation is useful for development and tests, it's recommended to use Caffeine cache in production.You can switch to using Caffeine cache, by adding it and org.springframework.cache.caffeine.CaffeineCacheManager to the classpath.
2026-01-04 15:25:42.965  INFO 16540 --- [main] o.a.coyote.http11.Http11NioProtocol      : Starting ProtocolHandler ["http-nio-9000"]
2026-01-04 15:25:42.982  INFO 16540 --- [main] o.s.b.w.embedded.tomcat.TomcatWebServer  : Tomcat started on port 9000 (http) with context path '/'
2026-01-04 15:25:42.996  INFO 16540 --- [main] r.r.authservice.AuthServiceApplication   : Started AuthServiceApplication in 2.433 seconds (process running for 3.051)
2026-01-04 15:26:59.969  INFO 16540 --- [http-nio-9000-exec-1] o.a.c.c.C.[Tomcat].[localhost].[/]       : Initializing Spring DispatcherServlet 'dispatcherServlet'
2026-01-04 15:26:59.969  INFO 16540 --- [http-nio-9000-exec-1] o.s.web.servlet.DispatcherServlet        : Initializing Servlet 'dispatcherServlet'
2026-01-04 15:26:59.969 DEBUG 16540 --- [http-nio-9000-exec-1] o.s.web.servlet.DispatcherServlet        : Detected StandardServletMultipartResolver
2026-01-04 15:26:59.969 DEBUG 16540 --- [http-nio-9000-exec-1] o.s.web.servlet.DispatcherServlet        : Detected AcceptHeaderLocaleResolver
2026-01-04 15:26:59.969 DEBUG 16540 --- [http-nio-9000-exec-1] o.s.web.servlet.DispatcherServlet        : Detected FixedThemeResolver
2026-01-04 15:26:59.970 DEBUG 16540 --- [http-nio-9000-exec-1] o.s.web.servlet.DispatcherServlet        : Detected org.springframework.web.servlet.view.DefaultRequestToViewNameTranslator@7b30e57e
2026-01-04 15:26:59.970 DEBUG 16540 --- [http-nio-9000-exec-1] o.s.web.servlet.DispatcherServlet        : Detected org.springframework.web.servlet.support.SessionFlashMapManager@6d1bab49
2026-01-04 15:26:59.970 DEBUG 16540 --- [http-nio-9000-exec-1] o.s.web.servlet.DispatcherServlet        : enableLoggingRequestDetails='false': request parameters and headers will be masked to prevent unsafe logging of potentially sensitive data
2026-01-04 15:26:59.971  INFO 16540 --- [http-nio-9000-exec-1] o.s.web.servlet.DispatcherServlet        : Completed initialization in 1 ms
2026-01-04 15:26:59.989 DEBUG 16540 --- [http-nio-9000-exec-1] o.s.security.web.FilterChainProxy        : Securing GET /swagger-ui.html
2026-01-04 15:26:59.996 DEBUG 16540 --- [http-nio-9000-exec-1] o.s.s.w.a.AnonymousAuthenticationFilter  : Set SecurityContextHolder to anonymous SecurityContext
2026-01-04 15:27:00.018 DEBUG 16540 --- [http-nio-9000-exec-1] o.s.s.w.s.HttpSessionRequestCache        : Saved request http://localhost:9000/swagger-ui.html?continue to session
2026-01-04 15:27:00.018 DEBUG 16540 --- [http-nio-9000-exec-1] o.s.s.w.a.Http403ForbiddenEntryPoint     : Pre-authenticated entry point called. Rejecting access
2026-01-04 15:27:00.025 DEBUG 16540 --- [http-nio-9000-exec-1] o.s.security.web.FilterChainProxy        : Securing GET /error
2026-01-04 15:27:00.026 DEBUG 16540 --- [http-nio-9000-exec-1] o.s.s.w.a.AnonymousAuthenticationFilter  : Set SecurityContextHolder to anonymous SecurityContext
2026-01-04 15:27:00.028 DEBUG 16540 --- [http-nio-9000-exec-1] o.s.s.w.s.HttpSessionRequestCache        : Saved request http://localhost:9000/error?continue to session
2026-01-04 15:27:00.028 DEBUG 16540 --- [http-nio-9000-exec-1] o.s.s.w.a.Http403ForbiddenEntryPoint     : Pre-authenticated entry point called. Rejecting access
2026-01-04 15:27:04.529 DEBUG 16540 --- [http-nio-9000-exec-2] o.s.security.web.FilterChainProxy        : Securing GET /swagger-ui.html
2026-01-04 15:27:04.529 DEBUG 16540 --- [http-nio-9000-exec-2] o.s.s.w.a.AnonymousAuthenticationFilter  : Set SecurityContextHolder to anonymous SecurityContext
2026-01-04 15:27:04.532 DEBUG 16540 --- [http-nio-9000-exec-2] o.s.s.w.s.HttpSessionRequestCache        : Saved request http://localhost:9000/swagger-ui.html?continue to session
2026-01-04 15:27:04.532 DEBUG 16540 --- [http-nio-9000-exec-2] o.s.s.w.a.Http403ForbiddenEntryPoint     : Pre-authenticated entry point called. Rejecting access
2026-01-04 15:27:04.533 DEBUG 16540 --- [http-nio-9000-exec-2] o.s.security.web.FilterChainProxy        : Securing GET /error
2026-01-04 15:27:04.533 DEBUG 16540 --- [http-nio-9000-exec-2] o.s.s.w.a.AnonymousAuthenticationFilter  : Set SecurityContextHolder to anonymous SecurityContext
2026-01-04 15:27:04.534 DEBUG 16540 --- [http-nio-9000-exec-2] o.s.s.w.s.HttpSessionRequestCache        : Saved request http://localhost:9000/error?continue to session
2026-01-04 15:27:04.534 DEBUG 16540 --- [http-nio-9000-exec-2] o.s.s.w.a.Http403ForbiddenEntryPoint     : Pre-authenticated entry point called. Rejecting access
2026-01-04 15:27:09.460 DEBUG 16540 --- [http-nio-9000-exec-3] o.s.security.web.FilterChainProxy        : Securing GET /swagger-ui.html
2026-01-04 15:27:09.461 DEBUG 16540 --- [http-nio-9000-exec-3] o.s.s.w.a.AnonymousAuthenticationFilter  : Set SecurityContextHolder to anonymous SecurityContext
2026-01-04 15:27:09.461 DEBUG 16540 --- [http-nio-9000-exec-3] o.s.s.w.s.HttpSessionRequestCache        : Saved request http://localhost:9000/swagger-ui.html?continue to session
2026-01-04 15:27:09.462 DEBUG 16540 --- [http-nio-9000-exec-3] o.s.s.w.a.Http403ForbiddenEntryPoint     : Pre-authenticated entry point called. Rejecting access
2026-01-04 15:27:09.462 DEBUG 16540 --- [http-nio-9000-exec-3] o.s.security.web.FilterChainProxy        : Securing GET /error
2026-01-04 15:27:09.462 DEBUG 16540 --- [http-nio-9000-exec-3] o.s.s.w.a.AnonymousAuthenticationFilter  : Set SecurityContextHolder to anonymous SecurityContext
2026-01-04 15:27:09.463 DEBUG 16540 --- [http-nio-9000-exec-3] o.s.s.w.s.HttpSessionRequestCache        : Saved request http://localhost:9000/error?continue to session
2026-01-04 15:27:09.463 DEBUG 16540 --- [http-nio-9000-exec-3] o.s.s.w.a.Http403ForbiddenEntryPoint     : Pre-authenticated entry point called. Rejecting access
2026-01-04 16:00:17.147  INFO 16540 --- [SpringApplicationShutdownHook] o.s.b.w.e.tomcat.GracefulShutdown        : Commencing graceful shutdown. Waiting for active requests to complete
2026-01-04 16:00:17.156  INFO 16540 --- [tomcat-shutdown] o.s.b.w.e.tomcat.GracefulShutdown        : Graceful shutdown complete
2026-01-04 16:00:21.010  INFO 8208 --- [main] r.r.authservice.AuthServiceApplication   : Starting AuthServiceApplication using Java 21.0.8 with PID 8208 (D:\Max\java\my-application\ecommerce-platform\auth-service\target\classes started by elims in D:\Max\java\my-application\ecommerce-platform)
2026-01-04 16:00:21.011  INFO 8208 --- [main] r.r.authservice.AuthServiceApplication   : No active profile set, falling back to 1 default profile: "default"
2026-01-04 16:00:21.755  INFO 8208 --- [main] o.s.cloud.context.scope.GenericScope     : BeanFactory id=4efee789-1bbd-3972-9cbc-cf4aeb61edc9
2026-01-04 16:00:22.092  INFO 8208 --- [main] o.s.b.w.embedded.tomcat.TomcatWebServer  : Tomcat initialized with port 9000 (http)
2026-01-04 16:00:22.102  INFO 8208 --- [main] o.a.coyote.http11.Http11NioProtocol      : Initializing ProtocolHandler ["http-nio-9000"]
2026-01-04 16:00:22.103  INFO 8208 --- [main] o.apache.catalina.core.StandardService   : Starting service [Tomcat]
2026-01-04 16:00:22.103  INFO 8208 --- [main] o.apache.catalina.core.StandardEngine    : Starting Servlet engine: [Apache Tomcat/10.1.39]
2026-01-04 16:00:22.157  INFO 8208 --- [main] o.a.c.c.C.[Tomcat].[localhost].[/]       : Initializing Spring embedded WebApplicationContext
2026-01-04 16:00:22.158  INFO 8208 --- [main] w.s.c.ServletWebServerApplicationContext : Root WebApplicationContext: initialization completed in 1110 ms
2026-01-04 16:00:22.491  INFO 8208 --- [main] r$InitializeUserDetailsManagerConfigurer : Global AuthenticationManager configured with UserDetailsService bean with name remoteUserDetailsService
2026-01-04 16:00:22.587 DEBUG 8208 --- [main] s.w.s.m.m.a.RequestMappingHandlerMapping : 19 mappings in 'requestMappingHandlerMapping'
2026-01-04 16:00:22.613 DEBUG 8208 --- [main] o.s.w.s.handler.SimpleUrlHandlerMapping  : Patterns [/webjars/**, /**, /swagger-ui*/*swagger-initializer.js, /swagger-ui*/**] in 'resourceHandlerMapping'
2026-01-04 16:00:22.645 DEBUG 8208 --- [main] o.s.s.web.DefaultSecurityFilterChain     : Will secure Or [Mvc [pattern='/api/**'], Mvc [pattern='/v1/**'], Mvc [pattern='/actuator/**']] with filters: DisableEncodeUrlFilter, WebAsyncManagerIntegrationFilter, SecurityContextHolderFilter, HeaderWriterFilter, LogoutFilter, RequestCacheAwareFilter, SecurityContextHolderAwareRequestFilter, AnonymousAuthenticationFilter, SessionManagementFilter, ExceptionTranslationFilter, AuthorizationFilter
2026-01-04 16:00:22.672 DEBUG 8208 --- [main] o.s.s.web.DefaultSecurityFilterChain     : Will secure Or [Mvc [pattern='/oauth2/**'], Mvc [pattern='/login/**']] with filters: DisableEncodeUrlFilter, WebAsyncManagerIntegrationFilter, SecurityContextHolderFilter, HeaderWriterFilter, LogoutFilter, OAuth2AuthorizationRequestRedirectFilter, OAuth2LoginAuthenticationFilter, DefaultResourcesFilter, DefaultLoginPageGeneratingFilter, DefaultLogoutPageGeneratingFilter, RequestCacheAwareFilter, SecurityContextHolderAwareRequestFilter, AnonymousAuthenticationFilter, SessionManagementFilter, ExceptionTranslationFilter, AuthorizationFilter
2026-01-04 16:00:22.680 DEBUG 8208 --- [main] o.s.s.web.DefaultSecurityFilterChain     : Will secure any request with filters: DisableEncodeUrlFilter, WebAsyncManagerIntegrationFilter, SecurityContextHolderFilter, HeaderWriterFilter, LogoutFilter, RequestCacheAwareFilter, SecurityContextHolderAwareRequestFilter, AnonymousAuthenticationFilter, ExceptionTranslationFilter, AuthorizationFilter
2026-01-04 16:00:22.718  INFO 8208 --- [main] o.s.v.b.OptionalValidatorFactoryBean     : Failed to set up a Bean Validation provider: jakarta.validation.NoProviderFoundException: Unable to create a Configuration, because no Jakarta Bean Validation provider could be found. Add a provider like Hibernate Validator (RI) to your classpath.
2026-01-04 16:00:22.813 DEBUG 8208 --- [main] s.w.s.m.m.a.RequestMappingHandlerAdapter : ControllerAdvice beans: 0 @ModelAttribute, 0 @InitBinder, 1 RequestBodyAdvice, 1 ResponseBodyAdvice
2026-01-04 16:00:22.870 DEBUG 8208 --- [main] .m.m.a.ExceptionHandlerExceptionResolver : ControllerAdvice beans: 2 @ExceptionHandler, 1 ResponseBodyAdvice
2026-01-04 16:00:23.024  WARN 8208 --- [main] iguration$LoadBalancerCaffeineWarnLogger : Spring Cloud LoadBalancer is currently working with the default cache. While this cache implementation is useful for development and tests, it's recommended to use Caffeine cache in production.You can switch to using Caffeine cache, by adding it and org.springframework.cache.caffeine.CaffeineCacheManager to the classpath.
2026-01-04 16:00:23.052  INFO 8208 --- [main] o.a.coyote.http11.Http11NioProtocol      : Starting ProtocolHandler ["http-nio-9000"]
2026-01-04 16:00:23.066  INFO 8208 --- [main] o.s.b.w.embedded.tomcat.TomcatWebServer  : Tomcat started on port 9000 (http) with context path '/'
2026-01-04 16:00:23.078  INFO 8208 --- [main] r.r.authservice.AuthServiceApplication   : Started AuthServiceApplication in 2.601 seconds (process running for 3.258)
2026-01-04 16:00:31.912  INFO 8208 --- [http-nio-9000-exec-1] o.a.c.c.C.[Tomcat].[localhost].[/]       : Initializing Spring DispatcherServlet 'dispatcherServlet'
2026-01-04 16:00:31.913  INFO 8208 --- [http-nio-9000-exec-1] o.s.web.servlet.DispatcherServlet        : Initializing Servlet 'dispatcherServlet'
2026-01-04 16:00:31.913 DEBUG 8208 --- [http-nio-9000-exec-1] o.s.web.servlet.DispatcherServlet        : Detected StandardServletMultipartResolver
2026-01-04 16:00:31.913 DEBUG 8208 --- [http-nio-9000-exec-1] o.s.web.servlet.DispatcherServlet        : Detected AcceptHeaderLocaleResolver
2026-01-04 16:00:31.913 DEBUG 8208 --- [http-nio-9000-exec-1] o.s.web.servlet.DispatcherServlet        : Detected FixedThemeResolver
2026-01-04 16:00:31.915 DEBUG 8208 --- [http-nio-9000-exec-1] o.s.web.servlet.DispatcherServlet        : Detected org.springframework.web.servlet.view.DefaultRequestToViewNameTranslator@26a9d124
2026-01-04 16:00:31.915 DEBUG 8208 --- [http-nio-9000-exec-1] o.s.web.servlet.DispatcherServlet        : Detected org.springframework.web.servlet.support.SessionFlashMapManager@4a033a23
2026-01-04 16:00:31.915 DEBUG 8208 --- [http-nio-9000-exec-1] o.s.web.servlet.DispatcherServlet        : enableLoggingRequestDetails='false': request parameters and headers will be masked to prevent unsafe logging of potentially sensitive data
2026-01-04 16:00:31.915  INFO 8208 --- [http-nio-9000-exec-1] o.s.web.servlet.DispatcherServlet        : Completed initialization in 2 ms
2026-01-04 16:00:31.929 DEBUG 8208 --- [http-nio-9000-exec-1] o.s.security.web.FilterChainProxy        : Securing GET /swagger-ui.html
2026-01-04 16:00:31.934 DEBUG 8208 --- [http-nio-9000-exec-1] o.s.security.web.FilterChainProxy        : Secured GET /swagger-ui.html
2026-01-04 16:00:31.935 DEBUG 8208 --- [http-nio-9000-exec-1] o.s.web.servlet.DispatcherServlet        : GET "/swagger-ui.html", parameters={}
2026-01-04 16:00:31.936 DEBUG 8208 --- [http-nio-9000-exec-1] s.w.s.m.m.a.RequestMappingHandlerMapping : Mapped to org.springdoc.webmvc.ui.SwaggerWelcomeWebMvc#redirectToUi(HttpServletRequest)
2026-01-04 16:00:31.984 DEBUG 8208 --- [http-nio-9000-exec-1] o.s.w.s.m.m.a.HttpEntityMethodProcessor  : Using 'application/json;q=0.8', given [text/html, application/xhtml+xml, image/avif, image/webp, image/apng, application/xml;q=0.9, */*;q=0.8, application/signed-exchange;v=b3;q=0.7] and supported [application/json, application/*+json, application/yaml]
2026-01-04 16:00:31.986 DEBUG 8208 --- [http-nio-9000-exec-1] o.s.w.s.m.m.a.HttpEntityMethodProcessor  : Nothing to write: null body
2026-01-04 16:00:31.987 DEBUG 8208 --- [http-nio-9000-exec-1] o.s.web.servlet.DispatcherServlet        : Completed 302 FOUND
2026-01-04 16:00:31.988 DEBUG 8208 --- [http-nio-9000-exec-1] o.s.s.w.a.AnonymousAuthenticationFilter  : Set SecurityContextHolder to anonymous SecurityContext
2026-01-04 16:00:32.002 DEBUG 8208 --- [http-nio-9000-exec-2] o.s.security.web.FilterChainProxy        : Securing GET /swagger-ui/index.html
2026-01-04 16:00:32.002 DEBUG 8208 --- [http-nio-9000-exec-2] o.s.security.web.FilterChainProxy        : Secured GET /swagger-ui/index.html
2026-01-04 16:00:32.002 DEBUG 8208 --- [http-nio-9000-exec-2] o.s.web.servlet.DispatcherServlet        : GET "/swagger-ui/index.html", parameters={}
2026-01-04 16:00:32.003 DEBUG 8208 --- [http-nio-9000-exec-2] o.s.w.s.handler.SimpleUrlHandlerMapping  : Mapped to ResourceHttpRequestHandler [classpath [META-INF/resources/webjars/]]
2026-01-04 16:00:32.009 DEBUG 8208 --- [http-nio-9000-exec-2] o.s.web.servlet.DispatcherServlet        : Completed 200 OK
2026-01-04 16:00:32.009 DEBUG 8208 --- [http-nio-9000-exec-2] o.s.s.w.a.AnonymousAuthenticationFilter  : Set SecurityContextHolder to anonymous SecurityContext
2026-01-04 16:00:32.130 DEBUG 8208 --- [http-nio-9000-exec-3] o.s.security.web.FilterChainProxy        : Securing GET /swagger-ui/swagger-ui.css
2026-01-04 16:00:32.131 DEBUG 8208 --- [http-nio-9000-exec-3] o.s.security.web.FilterChainProxy        : Secured GET /swagger-ui/swagger-ui.css
2026-01-04 16:00:32.131 DEBUG 8208 --- [http-nio-9000-exec-3] o.s.web.servlet.DispatcherServlet        : GET "/swagger-ui/swagger-ui.css", parameters={}
2026-01-04 16:00:32.132 DEBUG 8208 --- [http-nio-9000-exec-3] o.s.w.s.handler.SimpleUrlHandlerMapping  : Mapped to ResourceHttpRequestHandler [classpath [META-INF/resources/webjars/]]
2026-01-04 16:00:32.132 DEBUG 8208 --- [http-nio-9000-exec-6] o.s.security.web.FilterChainProxy        : Securing GET /swagger-ui/swagger-ui-bundle.js
2026-01-04 16:00:32.132 DEBUG 8208 --- [http-nio-9000-exec-4] o.s.security.web.FilterChainProxy        : Securing GET /swagger-ui/index.css
2026-01-04 16:00:32.133 DEBUG 8208 --- [http-nio-9000-exec-6] o.s.security.web.FilterChainProxy        : Secured GET /swagger-ui/swagger-ui-bundle.js
2026-01-04 16:00:32.133 DEBUG 8208 --- [http-nio-9000-exec-6] o.s.web.servlet.DispatcherServlet        : GET "/swagger-ui/swagger-ui-bundle.js", parameters={}
2026-01-04 16:00:32.133 DEBUG 8208 --- [http-nio-9000-exec-4] o.s.security.web.FilterChainProxy        : Secured GET /swagger-ui/index.css
2026-01-04 16:00:32.133 DEBUG 8208 --- [http-nio-9000-exec-4] o.s.web.servlet.DispatcherServlet        : GET "/swagger-ui/index.css", parameters={}
2026-01-04 16:00:32.133 DEBUG 8208 --- [http-nio-9000-exec-4] o.s.w.s.handler.SimpleUrlHandlerMapping  : Mapped to ResourceHttpRequestHandler [classpath [META-INF/resources/webjars/]]
2026-01-04 16:00:32.134 DEBUG 8208 --- [http-nio-9000-exec-6] o.s.w.s.handler.SimpleUrlHandlerMapping  : Mapped to ResourceHttpRequestHandler [classpath [META-INF/resources/webjars/]]
2026-01-04 16:00:32.134 DEBUG 8208 --- [http-nio-9000-exec-7] o.s.security.web.FilterChainProxy        : Securing GET /swagger-ui/swagger-initializer.js
2026-01-04 16:00:32.135 DEBUG 8208 --- [http-nio-9000-exec-5] o.s.security.web.FilterChainProxy        : Securing GET /swagger-ui/swagger-ui-standalone-preset.js
2026-01-04 16:00:32.135 DEBUG 8208 --- [http-nio-9000-exec-7] o.s.security.web.FilterChainProxy        : Secured GET /swagger-ui/swagger-initializer.js
2026-01-04 16:00:32.135 DEBUG 8208 --- [http-nio-9000-exec-7] o.s.web.servlet.DispatcherServlet        : GET "/swagger-ui/swagger-initializer.js", parameters={}
2026-01-04 16:00:32.135 DEBUG 8208 --- [http-nio-9000-exec-5] o.s.security.web.FilterChainProxy        : Secured GET /swagger-ui/swagger-ui-standalone-preset.js
2026-01-04 16:00:32.135 DEBUG 8208 --- [http-nio-9000-exec-5] o.s.web.servlet.DispatcherServlet        : GET "/swagger-ui/swagger-ui-standalone-preset.js", parameters={}
2026-01-04 16:00:32.135 DEBUG 8208 --- [http-nio-9000-exec-7] o.s.w.s.handler.SimpleUrlHandlerMapping  : Mapped to ResourceHttpRequestHandler [classpath [META-INF/resources/webjars/]]
2026-01-04 16:00:32.135 DEBUG 8208 --- [http-nio-9000-exec-4] o.s.web.servlet.DispatcherServlet        : Completed 200 OK
2026-01-04 16:00:32.135 DEBUG 8208 --- [http-nio-9000-exec-4] o.s.s.w.a.AnonymousAuthenticationFilter  : Set SecurityContextHolder to anonymous SecurityContext
2026-01-04 16:00:32.135 DEBUG 8208 --- [http-nio-9000-exec-5] o.s.w.s.handler.SimpleUrlHandlerMapping  : Mapped to ResourceHttpRequestHandler [classpath [META-INF/resources/webjars/]]
2026-01-04 16:00:32.139 DEBUG 8208 --- [http-nio-9000-exec-3] o.s.web.servlet.DispatcherServlet        : Completed 200 OK
2026-01-04 16:00:32.139 DEBUG 8208 --- [http-nio-9000-exec-3] o.s.s.w.a.AnonymousAuthenticationFilter  : Set SecurityContextHolder to anonymous SecurityContext
2026-01-04 16:00:32.144 DEBUG 8208 --- [http-nio-9000-exec-5] o.s.web.servlet.DispatcherServlet        : Completed 200 OK
2026-01-04 16:00:32.145 DEBUG 8208 --- [http-nio-9000-exec-5] o.s.s.w.a.AnonymousAuthenticationFilter  : Set SecurityContextHolder to anonymous SecurityContext
2026-01-04 16:00:32.155 DEBUG 8208 --- [http-nio-9000-exec-6] o.s.web.servlet.DispatcherServlet        : Completed 200 OK
2026-01-04 16:00:32.155 DEBUG 8208 --- [http-nio-9000-exec-6] o.s.s.w.a.AnonymousAuthenticationFilter  : Set SecurityContextHolder to anonymous SecurityContext
2026-01-04 16:00:32.168 DEBUG 8208 --- [http-nio-9000-exec-7] o.s.web.servlet.DispatcherServlet        : Completed 200 OK
2026-01-04 16:00:32.168 DEBUG 8208 --- [http-nio-9000-exec-7] o.s.s.w.a.AnonymousAuthenticationFilter  : Set SecurityContextHolder to anonymous SecurityContext
2026-01-04 16:00:32.315 DEBUG 8208 --- [http-nio-9000-exec-8] o.s.security.web.FilterChainProxy        : Securing GET /api-docs/swagger-config
2026-01-04 16:00:32.315 DEBUG 8208 --- [http-nio-9000-exec-8] o.s.security.web.FilterChainProxy        : Secured GET /api-docs/swagger-config
2026-01-04 16:00:32.315 DEBUG 8208 --- [http-nio-9000-exec-8] o.s.web.servlet.DispatcherServlet        : GET "/api-docs/swagger-config", parameters={}
2026-01-04 16:00:32.317 DEBUG 8208 --- [http-nio-9000-exec-8] s.w.s.m.m.a.RequestMappingHandlerMapping : Mapped to org.springdoc.webmvc.ui.SwaggerConfigResource#openapiJson(HttpServletRequest)
2026-01-04 16:00:32.318 DEBUG 8208 --- [http-nio-9000-exec-9] o.s.security.web.FilterChainProxy        : Securing GET /swagger-ui/favicon-32x32.png
2026-01-04 16:00:32.318 DEBUG 8208 --- [http-nio-9000-exec-9] o.s.security.web.FilterChainProxy        : Secured GET /swagger-ui/favicon-32x32.png
2026-01-04 16:00:32.318 DEBUG 8208 --- [http-nio-9000-exec-9] o.s.web.servlet.DispatcherServlet        : GET "/swagger-ui/favicon-32x32.png", parameters={}
2026-01-04 16:00:32.318 DEBUG 8208 --- [http-nio-9000-exec-8] m.m.a.RequestResponseBodyMethodProcessor : Using 'application/json', given [*/*] and supported [application/json]
2026-01-04 16:00:32.319 DEBUG 8208 --- [http-nio-9000-exec-9] o.s.w.s.handler.SimpleUrlHandlerMapping  : Mapped to ResourceHttpRequestHandler [classpath [META-INF/resources/webjars/]]
2026-01-04 16:00:32.320 DEBUG 8208 --- [http-nio-9000-exec-9] o.s.web.servlet.DispatcherServlet        : Completed 200 OK
2026-01-04 16:00:32.322 DEBUG 8208 --- [http-nio-9000-exec-9] o.s.s.w.a.AnonymousAuthenticationFilter  : Set SecurityContextHolder to anonymous SecurityContext
2026-01-04 16:00:32.334 DEBUG 8208 --- [http-nio-9000-exec-8] m.m.a.RequestResponseBodyMethodProcessor : Writing [{configUrl=/api-docs/swagger-config, oauth2RedirectUrl=http://localhost:9000/swagger-ui/oauth2-redir (truncated)...]
2026-01-04 16:00:32.339 DEBUG 8208 --- [http-nio-9000-exec-8] o.s.web.servlet.DispatcherServlet        : Completed 200 OK
2026-01-04 16:00:32.339 DEBUG 8208 --- [http-nio-9000-exec-8] o.s.s.w.a.AnonymousAuthenticationFilter  : Set SecurityContextHolder to anonymous SecurityContext
2026-01-04 16:00:32.357 DEBUG 8208 --- [http-nio-9000-exec-10] o.s.security.web.FilterChainProxy        : Securing GET /api-docs
2026-01-04 16:00:32.357 DEBUG 8208 --- [http-nio-9000-exec-10] o.s.security.web.FilterChainProxy        : Secured GET /api-docs
2026-01-04 16:00:32.357 DEBUG 8208 --- [http-nio-9000-exec-10] o.s.web.servlet.DispatcherServlet        : GET "/api-docs", parameters={}
2026-01-04 16:00:32.358 DEBUG 8208 --- [http-nio-9000-exec-10] s.w.s.m.m.a.RequestMappingHandlerMapping : Mapped to org.springdoc.webmvc.api.OpenApiWebMvcResource#openapiJson(HttpServletRequest, String, Locale)
2026-01-04 16:00:32.434 DEBUG 8208 --- [http-nio-9000-exec-10] .m.m.a.ExceptionHandlerExceptionResolver : Using @ExceptionHandler ru.rfsnab.authservice.exceptions.GlobalExceptionHandler#handleGeneralException(Exception, HttpServletRequest)
2026-01-04 16:00:32.440  WARN 8208 --- [http-nio-9000-exec-10] r.r.authservice.aspect.LoggingAspect     : >>> Handling exception in: GlobalExceptionHandler.handleGeneralException(..) - Exception type: ServletException - Message: Handler dispatch failed: java.lang.NoSuchMethodError: 'void org.springframework.web.method.ControllerAdviceBean.<init>(java.lang.Object)'
2026-01-04 16:00:32.442 ERROR 8208 --- [http-nio-9000-exec-10] r.r.a.exceptions.GlobalExceptionHandler  : Unexpected error occurred: 
jakarta.servlet.ServletException: Handler dispatch failed: java.lang.NoSuchMethodError: 'void org.springframework.web.method.ControllerAdviceBean.<init>(java.lang.Object)'
	at org.springframework.web.servlet.DispatcherServlet.doDispatch(DispatcherServlet.java:1104)
	at org.springframework.web.servlet.DispatcherServlet.doService(DispatcherServlet.java:979)
	at org.springframework.web.servlet.FrameworkServlet.processRequest(FrameworkServlet.java:1014)
	at org.springframework.web.servlet.FrameworkServlet.doGet(FrameworkServlet.java:903)
	at jakarta.servlet.http.HttpServlet.service(HttpServlet.java:564)
	at org.springframework.web.servlet.FrameworkServlet.service(FrameworkServlet.java:885)
	at jakarta.servlet.http.HttpServlet.service(HttpServlet.java:658)
	at org.apache.catalina.core.ApplicationFilterChain.internalDoFilter(ApplicationFilterChain.java:195)
	at org.apache.catalina.core.ApplicationFilterChain.doFilter(ApplicationFilterChain.java:140)
	at org.apache.tomcat.websocket.server.WsFilter.doFilter(WsFilter.java:51)
	at org.apache.catalina.core.ApplicationFilterChain.internalDoFilter(ApplicationFilterChain.java:164)
	at org.apache.catalina.core.ApplicationFilterChain.doFilter(ApplicationFilterChain.java:140)
	at org.springframework.web.filter.CompositeFilter$VirtualFilterChain.doFilter(CompositeFilter.java:108)
	at org.springframework.security.web.FilterChainProxy.lambda$doFilterInternal$3(FilterChainProxy.java:231)
	at org.springframework.security.web.FilterChainProxy$VirtualFilterChain.doFilter(FilterChainProxy.java:365)
	at org.springframework.security.web.access.intercept.AuthorizationFilter.doFilter(AuthorizationFilter.java:101)
	at org.springframework.security.web.FilterChainProxy$VirtualFilterChain.doFilter(FilterChainProxy.java:374)
	at org.springframework.security.web.access.ExceptionTranslationFilter.doFilter(ExceptionTranslationFilter.java:126)
	at org.springframework.security.web.access.ExceptionTranslationFilter.doFilter(ExceptionTranslationFilter.java:120)
	at org.springframework.security.web.FilterChainProxy$VirtualFilterChain.doFilter(FilterChainProxy.java:374)
	at org.springframework.security.web.authentication.AnonymousAuthenticationFilter.doFilter(AnonymousAuthenticationFilter.java:100)
	at org.springframework.security.web.FilterChainProxy$VirtualFilterChain.doFilter(FilterChainProxy.java:374)
	at org.springframework.security.web.servletapi.SecurityContextHolderAwareRequestFilter.doFilter(SecurityContextHolderAwareRequestFilter.java:179)
	at org.springframework.security.web.FilterChainProxy$VirtualFilterChain.doFilter(FilterChainProxy.java:374)
	at org.springframework.security.web.savedrequest.RequestCacheAwareFilter.doFilter(RequestCacheAwareFilter.java:63)
	at org.springframework.security.web.FilterChainProxy$VirtualFilterChain.doFilter(FilterChainProxy.java:374)
	at org.springframework.security.web.authentication.logout.LogoutFilter.doFilter(LogoutFilter.java:107)
	at org.springframework.security.web.authentication.logout.LogoutFilter.doFilter(LogoutFilter.java:93)
	at org.springframework.security.web.FilterChainProxy$VirtualFilterChain.doFilter(FilterChainProxy.java:374)
	at org.springframework.security.web.header.HeaderWriterFilter.doHeadersAfter(HeaderWriterFilter.java:90)
	at org.springframework.security.web.header.HeaderWriterFilter.doFilterInternal(HeaderWriterFilter.java:75)
	at org.springframework.web.filter.OncePerRequestFilter.doFilter(OncePerRequestFilter.java:116)
	at org.springframework.security.web.FilterChainProxy$VirtualFilterChain.doFilter(FilterChainProxy.java:374)
	at org.springframework.security.web.context.SecurityContextHolderFilter.doFilter(SecurityContextHolderFilter.java:82)
	at org.springframework.security.web.context.SecurityContextHolderFilter.doFilter(SecurityContextHolderFilter.java:69)
	at org.springframework.security.web.FilterChainProxy$VirtualFilterChain.doFilter(FilterChainProxy.java:374)
	at org.springframework.security.web.context.request.async.WebAsyncManagerIntegrationFilter.doFilterInternal(WebAsyncManagerIntegrationFilter.java:62)
	at org.springframework.web.filter.OncePerRequestFilter.doFilter(OncePerRequestFilter.java:116)
	at org.springframework.security.web.FilterChainProxy$VirtualFilterChain.doFilter(FilterChainProxy.java:374)
	at org.springframework.security.web.session.DisableEncodeUrlFilter.doFilterInternal(DisableEncodeUrlFilter.java:42)
	at org.springframework.web.filter.OncePerRequestFilter.doFilter(OncePerRequestFilter.java:116)
	at org.springframework.security.web.FilterChainProxy$VirtualFilterChain.doFilter(FilterChainProxy.java:374)
	at org.springframework.security.web.FilterChainProxy.doFilterInternal(FilterChainProxy.java:233)
	at org.springframework.security.web.FilterChainProxy.doFilter(FilterChainProxy.java:191)
	at org.springframework.web.filter.CompositeFilter$VirtualFilterChain.doFilter(CompositeFilter.java:113)
	at org.springframework.web.servlet.handler.HandlerMappingIntrospector.lambda$createCacheFilter$3(HandlerMappingIntrospector.java:243)
	at org.springframework.web.filter.CompositeFilter$VirtualFilterChain.doFilter(CompositeFilter.java:113)
	at org.springframework.web.filter.CompositeFilter.doFilter(CompositeFilter.java:74)
	at org.springframework.security.config.annotation.web.configuration.WebMvcSecurityConfiguration$CompositeFilterChainProxy.doFilter(WebMvcSecurityConfiguration.java:238)
	at org.springframework.web.filter.DelegatingFilterProxy.invokeDelegate(DelegatingFilterProxy.java:362)
	at org.springframework.web.filter.DelegatingFilterProxy.doFilter(DelegatingFilterProxy.java:278)
	at org.apache.catalina.core.ApplicationFilterChain.internalDoFilter(ApplicationFilterChain.java:164)
	at org.apache.catalina.core.ApplicationFilterChain.doFilter(ApplicationFilterChain.java:140)
	at org.springframework.web.filter.RequestContextFilter.doFilterInternal(RequestContextFilter.java:100)
	at org.springframework.web.filter.OncePerRequestFilter.doFilter(OncePerRequestFilter.java:116)
	at org.apache.catalina.core.ApplicationFilterChain.internalDoFilter(ApplicationFilterChain.java:164)
	at org.apache.catalina.core.ApplicationFilterChain.doFilter(ApplicationFilterChain.java:140)
	at org.springframework.web.filter.FormContentFilter.doFilterInternal(FormContentFilter.java:93)
	at org.springframework.web.filter.OncePerRequestFilter.doFilter(OncePerRequestFilter.java:116)
	at org.apache.catalina.core.ApplicationFilterChain.internalDoFilter(ApplicationFilterChain.java:164)
	at org.apache.catalina.core.ApplicationFilterChain.doFilter(ApplicationFilterChain.java:140)
	at org.springframework.web.filter.CharacterEncodingFilter.doFilterInternal(CharacterEncodingFilter.java:201)
	at org.springframework.web.filter.OncePerRequestFilter.doFilter(OncePerRequestFilter.java:116)
	at org.apache.catalina.core.ApplicationFilterChain.internalDoFilter(ApplicationFilterChain.java:164)
	at org.apache.catalina.core.ApplicationFilterChain.doFilter(ApplicationFilterChain.java:140)
	at org.apache.catalina.core.StandardWrapperValve.invoke(StandardWrapperValve.java:167)
	at org.apache.catalina.core.StandardContextValve.invoke(StandardContextValve.java:90)
	at org.apache.catalina.authenticator.AuthenticatorBase.invoke(AuthenticatorBase.java:483)
	at org.apache.catalina.core.StandardHostValve.invoke(StandardHostValve.java:115)
	at org.apache.catalina.valves.ErrorReportValve.invoke(ErrorReportValve.java:93)
	at org.apache.catalina.core.StandardEngineValve.invoke(StandardEngineValve.java:74)
	at org.apache.catalina.connector.CoyoteAdapter.service(CoyoteAdapter.java:344)
	at org.apache.coyote.http11.Http11Processor.service(Http11Processor.java:397)
	at org.apache.coyote.AbstractProcessorLight.process(AbstractProcessorLight.java:63)
	at org.apache.coyote.AbstractProtocol$ConnectionHandler.process(AbstractProtocol.java:905)
	at org.apache.tomcat.util.net.NioEndpoint$SocketProcessor.doRun(NioEndpoint.java:1743)
	at org.apache.tomcat.util.net.SocketProcessorBase.run(SocketProcessorBase.java:52)
	at org.apache.tomcat.util.threads.ThreadPoolExecutor.runWorker(ThreadPoolExecutor.java:1190)
	at org.apache.tomcat.util.threads.ThreadPoolExecutor$Worker.run(ThreadPoolExecutor.java:659)
	at org.apache.tomcat.util.threads.TaskThread$WrappingRunnable.run(TaskThread.java:63)
	at java.base/java.lang.Thread.run(Thread.java:1583)
Caused by: java.lang.NoSuchMethodError: 'void org.springframework.web.method.ControllerAdviceBean.<init>(java.lang.Object)'
	at org.springdoc.core.service.GenericResponseService.lambda$getGenericMapResponse$8(GenericResponseService.java:706)
	at java.base/java.util.stream.ReferencePipeline$2$1.accept(ReferencePipeline.java:178)
	at java.base/java.util.Spliterators$ArraySpliterator.forEachRemaining(Spliterators.java:1024)
	at java.base/java.util.stream.AbstractPipeline.copyInto(AbstractPipeline.java:509)
	at java.base/java.util.stream.AbstractPipeline.wrapAndCopyInto(AbstractPipeline.java:499)
	at java.base/java.util.stream.AbstractPipeline.evaluate(AbstractPipeline.java:575)
	at java.base/java.util.stream.AbstractPipeline.evaluateToArrayNode(AbstractPipeline.java:260)
	at java.base/java.util.stream.ReferencePipeline.toArray(ReferencePipeline.java:616)
	at java.base/java.util.stream.ReferencePipeline.toArray(ReferencePipeline.java:622)
	at java.base/java.util.stream.ReferencePipeline.toList(ReferencePipeline.java:627)
	at org.springdoc.core.service.GenericResponseService.getGenericMapResponse(GenericResponseService.java:708)
	at org.springdoc.core.service.GenericResponseService.build(GenericResponseService.java:247)
	at org.springdoc.api.AbstractOpenApiResource.calculatePath(AbstractOpenApiResource.java:499)
	at org.springdoc.api.AbstractOpenApiResource.calculatePath(AbstractOpenApiResource.java:676)
	at org.springdoc.webmvc.api.OpenApiResource.lambda$calculatePath$11(OpenApiResource.java:220)
	at java.base/java.util.Optional.ifPresent(Optional.java:178)
	at org.springdoc.webmvc.api.OpenApiResource.calculatePath(OpenApiResource.java:201)
	at org.springdoc.webmvc.api.OpenApiResource.lambda$getPaths$2(OpenApiResource.java:171)
	at java.base/java.util.Optional.ifPresent(Optional.java:178)
	at org.springdoc.webmvc.api.OpenApiResource.getPaths(OpenApiResource.java:150)
	at org.springdoc.api.AbstractOpenApiResource.getOpenApi(AbstractOpenApiResource.java:353)
	at org.springdoc.webmvc.api.OpenApiResource.openapiJson(OpenApiResource.java:125)
	at org.springdoc.webmvc.api.OpenApiWebMvcResource.openapiJson(OpenApiWebMvcResource.java:114)
	at java.base/jdk.internal.reflect.DirectMethodHandleAccessor.invoke(DirectMethodHandleAccessor.java:103)
	at java.base/java.lang.reflect.Method.invoke(Method.java:580)
	at org.springframework.web.method.support.InvocableHandlerMethod.doInvoke(InvocableHandlerMethod.java:258)
	at org.springframework.web.method.support.InvocableHandlerMethod.invokeForRequest(InvocableHandlerMethod.java:191)
	at org.springframework.web.servlet.mvc.method.annotation.ServletInvocableHandlerMethod.invokeAndHandle(ServletInvocableHandlerMethod.java:118)
	at org.springframework.web.servlet.mvc.method.annotation.RequestMappingHandlerAdapter.invokeHandlerMethod(RequestMappingHandlerAdapter.java:986)
	at org.springframework.web.servlet.mvc.method.annotation.RequestMappingHandlerAdapter.handleInternal(RequestMappingHandlerAdapter.java:891)
	at org.springframework.web.servlet.mvc.method.AbstractHandlerMethodAdapter.handle(AbstractHandlerMethodAdapter.java:87)
	at org.springframework.web.servlet.DispatcherServlet.doDispatch(DispatcherServlet.java:1089)
	... 80 common frames omitted
2026-01-04 16:00:32.449  WARN 8208 --- [http-nio-9000-exec-10] r.r.authservice.aspect.LoggingAspect     : <<< Exception handled by: GlobalExceptionHandler.handleGeneralException(..)
2026-01-04 16:00:32.474 DEBUG 8208 --- [http-nio-9000-exec-10] o.s.w.s.m.m.a.HttpEntityMethodProcessor  : Using 'application/json', given [application/json, */*] and supported [application/json, application/*+json, application/yaml]
2026-01-04 16:00:32.475 DEBUG 8208 --- [http-nio-9000-exec-10] o.s.w.s.m.m.a.HttpEntityMethodProcessor  : Writing [ru.rfsnab.authservice.models.dto.ErrorResponse@452957d4]
2026-01-04 16:00:32.479 DEBUG 8208 --- [http-nio-9000-exec-10] .m.m.a.ExceptionHandlerExceptionResolver : Resolved [jakarta.servlet.ServletException: Handler dispatch failed: java.lang.NoSuchMethodError: 'void org.springframework.web.method.ControllerAdviceBean.<init>(java.lang.Object)']
2026-01-04 16:00:32.479 DEBUG 8208 --- [http-nio-9000-exec-10] o.s.web.servlet.DispatcherServlet        : Completed 500 INTERNAL_SERVER_ERROR
2026-01-04 16:00:32.479 DEBUG 8208 --- [http-nio-9000-exec-10] o.s.s.w.a.AnonymousAuthenticationFilter  : Set SecurityContextHolder to anonymous SecurityContext
2026-01-04 16:01:54.732  INFO 8208 --- [SpringApplicationShutdownHook] o.s.b.w.e.tomcat.GracefulShutdown        : Commencing graceful shutdown. Waiting for active requests to complete
2026-01-04 16:01:54.738  INFO 8208 --- [tomcat-shutdown] o.s.b.w.e.tomcat.GracefulShutdown        : Graceful shutdown complete
2026-01-04 16:02:01.020  INFO 16312 --- [main] r.r.authservice.AuthServiceApplication   : Starting AuthServiceApplication using Java 21.0.8 with PID 16312 (D:\Max\java\my-application\ecommerce-platform\auth-service\target\classes started by elims in D:\Max\java\my-application\ecommerce-platform)
2026-01-04 16:02:01.021  INFO 16312 --- [main] r.r.authservice.AuthServiceApplication   : No active profile set, falling back to 1 default profile: "default"
2026-01-04 16:02:01.691  INFO 16312 --- [main] o.s.cloud.context.scope.GenericScope     : BeanFactory id=57a81fcc-581c-3967-989f-05c1ec5eb265
2026-01-04 16:02:01.993  INFO 16312 --- [main] o.s.b.w.embedded.tomcat.TomcatWebServer  : Tomcat initialized with port 9000 (http)
2026-01-04 16:02:02.003  INFO 16312 --- [main] o.a.coyote.http11.Http11NioProtocol      : Initializing ProtocolHandler ["http-nio-9000"]
2026-01-04 16:02:02.004  INFO 16312 --- [main] o.apache.catalina.core.StandardService   : Starting service [Tomcat]
2026-01-04 16:02:02.004  INFO 16312 --- [main] o.apache.catalina.core.StandardEngine    : Starting Servlet engine: [Apache Tomcat/10.1.39]
2026-01-04 16:02:02.057  INFO 16312 --- [main] o.a.c.c.C.[Tomcat].[localhost].[/]       : Initializing Spring embedded WebApplicationContext
2026-01-04 16:02:02.057  INFO 16312 --- [main] w.s.c.ServletWebServerApplicationContext : Root WebApplicationContext: initialization completed in 1002 ms
2026-01-04 16:02:02.093 DEBUG 16312 --- [main] o.s.w.s.r.ResourceUrlEncodingFilter      : Filter 'resourceUrlEncodingFilter' configured for use
2026-01-04 16:02:02.390  INFO 16312 --- [main] r$InitializeUserDetailsManagerConfigurer : Global AuthenticationManager configured with UserDetailsService bean with name remoteUserDetailsService
2026-01-04 16:02:02.483 DEBUG 16312 --- [main] s.w.s.m.m.a.RequestMappingHandlerMapping : 19 mappings in 'requestMappingHandlerMapping'
2026-01-04 16:02:02.512 DEBUG 16312 --- [main] o.s.w.s.handler.SimpleUrlHandlerMapping  : Patterns [/webjars/**, /**, /swagger-ui*/*swagger-initializer.js, /swagger-ui*/**] in 'resourceHandlerMapping'
2026-01-04 16:02:02.538 DEBUG 16312 --- [main] o.s.s.web.DefaultSecurityFilterChain     : Will secure Or [Mvc [pattern='/api/**'], Mvc [pattern='/v1/**'], Mvc [pattern='/actuator/**']] with filters: DisableEncodeUrlFilter, WebAsyncManagerIntegrationFilter, SecurityContextHolderFilter, HeaderWriterFilter, LogoutFilter, RequestCacheAwareFilter, SecurityContextHolderAwareRequestFilter, AnonymousAuthenticationFilter, SessionManagementFilter, ExceptionTranslationFilter, AuthorizationFilter
2026-01-04 16:02:02.572 DEBUG 16312 --- [main] o.s.s.web.DefaultSecurityFilterChain     : Will secure Or [Mvc [pattern='/oauth2/**'], Mvc [pattern='/login/**']] with filters: DisableEncodeUrlFilter, WebAsyncManagerIntegrationFilter, SecurityContextHolderFilter, HeaderWriterFilter, LogoutFilter, OAuth2AuthorizationRequestRedirectFilter, OAuth2LoginAuthenticationFilter, DefaultResourcesFilter, DefaultLoginPageGeneratingFilter, DefaultLogoutPageGeneratingFilter, RequestCacheAwareFilter, SecurityContextHolderAwareRequestFilter, AnonymousAuthenticationFilter, SessionManagementFilter, ExceptionTranslationFilter, AuthorizationFilter
2026-01-04 16:02:02.580 DEBUG 16312 --- [main] o.s.s.web.DefaultSecurityFilterChain     : Will secure any request with filters: DisableEncodeUrlFilter, WebAsyncManagerIntegrationFilter, SecurityContextHolderFilter, HeaderWriterFilter, LogoutFilter, RequestCacheAwareFilter, SecurityContextHolderAwareRequestFilter, AnonymousAuthenticationFilter, ExceptionTranslationFilter, AuthorizationFilter
2026-01-04 16:02:02.614  INFO 16312 --- [main] o.s.v.b.OptionalValidatorFactoryBean     : Failed to set up a Bean Validation provider: jakarta.validation.NoProviderFoundException: Unable to create a Configuration, because no Jakarta Bean Validation provider could be found. Add a provider like Hibernate Validator (RI) to your classpath.
2026-01-04 16:02:02.698 DEBUG 16312 --- [main] s.w.s.m.m.a.RequestMappingHandlerAdapter : ControllerAdvice beans: 0 @ModelAttribute, 0 @InitBinder, 1 RequestBodyAdvice, 1 ResponseBodyAdvice
2026-01-04 16:02:02.744 DEBUG 16312 --- [main] .m.m.a.ExceptionHandlerExceptionResolver : ControllerAdvice beans: 2 @ExceptionHandler, 1 ResponseBodyAdvice
2026-01-04 16:02:02.929  WARN 16312 --- [main] iguration$LoadBalancerCaffeineWarnLogger : Spring Cloud LoadBalancer is currently working with the default cache. While this cache implementation is useful for development and tests, it's recommended to use Caffeine cache in production.You can switch to using Caffeine cache, by adding it and org.springframework.cache.caffeine.CaffeineCacheManager to the classpath.
2026-01-04 16:02:02.958  INFO 16312 --- [main] o.a.coyote.http11.Http11NioProtocol      : Starting ProtocolHandler ["http-nio-9000"]
2026-01-04 16:02:02.971  INFO 16312 --- [main] o.s.b.w.embedded.tomcat.TomcatWebServer  : Tomcat started on port 9000 (http) with context path '/'
2026-01-04 16:02:02.982  INFO 16312 --- [main] r.r.authservice.AuthServiceApplication   : Started AuthServiceApplication in 2.466 seconds (process running for 3.099)
2026-01-04 16:02:07.792  INFO 16312 --- [http-nio-9000-exec-1] o.a.c.c.C.[Tomcat].[localhost].[/]       : Initializing Spring DispatcherServlet 'dispatcherServlet'
2026-01-04 16:02:07.792  INFO 16312 --- [http-nio-9000-exec-1] o.s.web.servlet.DispatcherServlet        : Initializing Servlet 'dispatcherServlet'
2026-01-04 16:02:07.792 DEBUG 16312 --- [http-nio-9000-exec-1] o.s.web.servlet.DispatcherServlet        : Detected StandardServletMultipartResolver
2026-01-04 16:02:07.792 DEBUG 16312 --- [http-nio-9000-exec-1] o.s.web.servlet.DispatcherServlet        : Detected AcceptHeaderLocaleResolver
2026-01-04 16:02:07.792 DEBUG 16312 --- [http-nio-9000-exec-1] o.s.web.servlet.DispatcherServlet        : Detected FixedThemeResolver
2026-01-04 16:02:07.793 DEBUG 16312 --- [http-nio-9000-exec-1] o.s.web.servlet.DispatcherServlet        : Detected org.springframework.web.servlet.view.DefaultRequestToViewNameTranslator@77fc22ae
2026-01-04 16:02:07.795 DEBUG 16312 --- [http-nio-9000-exec-1] o.s.web.servlet.DispatcherServlet        : Detected org.springframework.web.servlet.support.SessionFlashMapManager@3a78fbdf
2026-01-04 16:02:07.795 DEBUG 16312 --- [http-nio-9000-exec-1] o.s.web.servlet.DispatcherServlet        : enableLoggingRequestDetails='false': request parameters and headers will be masked to prevent unsafe logging of potentially sensitive data
2026-01-04 16:02:07.795  INFO 16312 --- [http-nio-9000-exec-1] o.s.web.servlet.DispatcherServlet        : Completed initialization in 3 ms
2026-01-04 16:02:07.813 DEBUG 16312 --- [http-nio-9000-exec-1] o.s.security.web.FilterChainProxy        : Securing GET /swagger-ui/index.html
2026-01-04 16:02:07.819 DEBUG 16312 --- [http-nio-9000-exec-1] o.s.security.web.FilterChainProxy        : Secured GET /swagger-ui/index.html
2026-01-04 16:02:07.822 DEBUG 16312 --- [http-nio-9000-exec-1] o.s.web.servlet.DispatcherServlet        : GET "/swagger-ui/index.html", parameters={}
2026-01-04 16:02:07.825 DEBUG 16312 --- [http-nio-9000-exec-1] o.s.w.s.handler.SimpleUrlHandlerMapping  : Mapped to ResourceHttpRequestHandler [classpath [META-INF/resources/webjars/]]
2026-01-04 16:02:07.853 DEBUG 16312 --- [http-nio-9000-exec-1] o.s.web.servlet.DispatcherServlet        : Completed 200 OK
2026-01-04 16:02:07.854 DEBUG 16312 --- [http-nio-9000-exec-1] o.s.s.w.a.AnonymousAuthenticationFilter  : Set SecurityContextHolder to anonymous SecurityContext
2026-01-04 16:02:07.894 DEBUG 16312 --- [http-nio-9000-exec-2] o.s.security.web.FilterChainProxy        : Securing GET /swagger-ui/swagger-ui.css
2026-01-04 16:02:07.894 DEBUG 16312 --- [http-nio-9000-exec-2] o.s.security.web.FilterChainProxy        : Secured GET /swagger-ui/swagger-ui.css
2026-01-04 16:02:07.894 DEBUG 16312 --- [http-nio-9000-exec-2] o.s.web.servlet.DispatcherServlet        : GET "/swagger-ui/swagger-ui.css", parameters={}
2026-01-04 16:02:07.895 DEBUG 16312 --- [http-nio-9000-exec-2] o.s.w.s.handler.SimpleUrlHandlerMapping  : Mapped to ResourceHttpRequestHandler [classpath [META-INF/resources/webjars/]]
2026-01-04 16:02:07.897 DEBUG 16312 --- [http-nio-9000-exec-4] o.s.security.web.FilterChainProxy        : Securing GET /swagger-ui/swagger-ui-bundle.js
2026-01-04 16:02:07.897 DEBUG 16312 --- [http-nio-9000-exec-3] o.s.security.web.FilterChainProxy        : Securing GET /swagger-ui/index.css
2026-01-04 16:02:07.897 DEBUG 16312 --- [http-nio-9000-exec-4] o.s.security.web.FilterChainProxy        : Secured GET /swagger-ui/swagger-ui-bundle.js
2026-01-04 16:02:07.897 DEBUG 16312 --- [http-nio-9000-exec-3] o.s.security.web.FilterChainProxy        : Secured GET /swagger-ui/index.css
2026-01-04 16:02:07.897 DEBUG 16312 --- [http-nio-9000-exec-8] o.s.security.web.FilterChainProxy        : Securing GET /swagger-ui/swagger-initializer.js
2026-01-04 16:02:07.897 DEBUG 16312 --- [http-nio-9000-exec-4] o.s.web.servlet.DispatcherServlet        : GET "/swagger-ui/swagger-ui-bundle.js", parameters={}
2026-01-04 16:02:07.897 DEBUG 16312 --- [http-nio-9000-exec-3] o.s.web.servlet.DispatcherServlet        : GET "/swagger-ui/index.css", parameters={}
2026-01-04 16:02:07.897 DEBUG 16312 --- [http-nio-9000-exec-8] o.s.security.web.FilterChainProxy        : Secured GET /swagger-ui/swagger-initializer.js
2026-01-04 16:02:07.897 DEBUG 16312 --- [http-nio-9000-exec-8] o.s.web.servlet.DispatcherServlet        : GET "/swagger-ui/swagger-initializer.js", parameters={}
2026-01-04 16:02:07.898 DEBUG 16312 --- [http-nio-9000-exec-5] o.s.security.web.FilterChainProxy        : Securing GET /swagger-ui/swagger-ui-standalone-preset.js
2026-01-04 16:02:07.898 DEBUG 16312 --- [http-nio-9000-exec-4] o.s.w.s.handler.SimpleUrlHandlerMapping  : Mapped to ResourceHttpRequestHandler [classpath [META-INF/resources/webjars/]]
2026-01-04 16:02:07.898 DEBUG 16312 --- [http-nio-9000-exec-8] o.s.w.s.handler.SimpleUrlHandlerMapping  : Mapped to ResourceHttpRequestHandler [classpath [META-INF/resources/webjars/]]
2026-01-04 16:02:07.898 DEBUG 16312 --- [http-nio-9000-exec-5] o.s.security.web.FilterChainProxy        : Secured GET /swagger-ui/swagger-ui-standalone-preset.js
2026-01-04 16:02:07.898 DEBUG 16312 --- [http-nio-9000-exec-3] o.s.w.s.handler.SimpleUrlHandlerMapping  : Mapped to ResourceHttpRequestHandler [classpath [META-INF/resources/webjars/]]
2026-01-04 16:02:07.898 DEBUG 16312 --- [http-nio-9000-exec-5] o.s.web.servlet.DispatcherServlet        : GET "/swagger-ui/swagger-ui-standalone-preset.js", parameters={}
2026-01-04 16:02:07.899 DEBUG 16312 --- [http-nio-9000-exec-5] o.s.w.s.handler.SimpleUrlHandlerMapping  : Mapped to ResourceHttpRequestHandler [classpath [META-INF/resources/webjars/]]
2026-01-04 16:02:07.900 DEBUG 16312 --- [http-nio-9000-exec-3] o.s.web.servlet.DispatcherServlet        : Completed 200 OK
2026-01-04 16:02:07.901 DEBUG 16312 --- [http-nio-9000-exec-3] o.s.s.w.a.AnonymousAuthenticationFilter  : Set SecurityContextHolder to anonymous SecurityContext
2026-01-04 16:02:07.902 DEBUG 16312 --- [http-nio-9000-exec-2] o.s.web.servlet.DispatcherServlet        : Completed 200 OK
2026-01-04 16:02:07.902 DEBUG 16312 --- [http-nio-9000-exec-2] o.s.s.w.a.AnonymousAuthenticationFilter  : Set SecurityContextHolder to anonymous SecurityContext
2026-01-04 16:02:07.905 DEBUG 16312 --- [http-nio-9000-exec-5] o.s.web.servlet.DispatcherServlet        : Completed 200 OK
2026-01-04 16:02:07.906 DEBUG 16312 --- [http-nio-9000-exec-5] o.s.s.w.a.AnonymousAuthenticationFilter  : Set SecurityContextHolder to anonymous SecurityContext
2026-01-04 16:02:07.914 DEBUG 16312 --- [http-nio-9000-exec-4] o.s.web.servlet.DispatcherServlet        : Completed 200 OK
2026-01-04 16:02:07.915 DEBUG 16312 --- [http-nio-9000-exec-4] o.s.s.w.a.AnonymousAuthenticationFilter  : Set SecurityContextHolder to anonymous SecurityContext
2026-01-04 16:02:07.933 DEBUG 16312 --- [http-nio-9000-exec-8] o.s.web.servlet.DispatcherServlet        : Completed 200 OK
2026-01-04 16:02:07.933 DEBUG 16312 --- [http-nio-9000-exec-8] o.s.s.w.a.AnonymousAuthenticationFilter  : Set SecurityContextHolder to anonymous SecurityContext
2026-01-04 16:02:08.016 DEBUG 16312 --- [http-nio-9000-exec-6] o.s.security.web.FilterChainProxy        : Securing GET /swagger-ui/favicon-32x32.png
2026-01-04 16:02:08.016 DEBUG 16312 --- [http-nio-9000-exec-6] o.s.security.web.FilterChainProxy        : Secured GET /swagger-ui/favicon-32x32.png
2026-01-04 16:02:08.016 DEBUG 16312 --- [http-nio-9000-exec-6] o.s.web.servlet.DispatcherServlet        : GET "/swagger-ui/favicon-32x32.png", parameters={}
2026-01-04 16:02:08.016 DEBUG 16312 --- [http-nio-9000-exec-7] o.s.security.web.FilterChainProxy        : Securing GET /api-docs/swagger-config
2026-01-04 16:02:08.018 DEBUG 16312 --- [http-nio-9000-exec-7] o.s.security.web.FilterChainProxy        : Secured GET /api-docs/swagger-config
2026-01-04 16:02:08.018 DEBUG 16312 --- [http-nio-9000-exec-6] o.s.w.s.handler.SimpleUrlHandlerMapping  : Mapped to ResourceHttpRequestHandler [classpath [META-INF/resources/webjars/]]
2026-01-04 16:02:08.018 DEBUG 16312 --- [http-nio-9000-exec-7] o.s.web.servlet.DispatcherServlet        : GET "/api-docs/swagger-config", parameters={}
2026-01-04 16:02:08.018 DEBUG 16312 --- [http-nio-9000-exec-7] s.w.s.m.m.a.RequestMappingHandlerMapping : Mapped to org.springdoc.webmvc.ui.SwaggerConfigResource#openapiJson(HttpServletRequest)
2026-01-04 16:02:08.020 DEBUG 16312 --- [http-nio-9000-exec-6] o.s.web.servlet.DispatcherServlet        : Completed 200 OK
2026-01-04 16:02:08.020 DEBUG 16312 --- [http-nio-9000-exec-6] o.s.s.w.a.AnonymousAuthenticationFilter  : Set SecurityContextHolder to anonymous SecurityContext
2026-01-04 16:02:08.035 DEBUG 16312 --- [http-nio-9000-exec-7] m.m.a.RequestResponseBodyMethodProcessor : Using 'application/json', given [*/*] and supported [application/json]
2026-01-04 16:02:08.057 DEBUG 16312 --- [http-nio-9000-exec-7] m.m.a.RequestResponseBodyMethodProcessor : Writing [{configUrl=/api-docs/swagger-config, oauth2RedirectUrl=http://localhost:9000/swagger-ui/oauth2-redir (truncated)...]
2026-01-04 16:02:08.064 DEBUG 16312 --- [http-nio-9000-exec-7] o.s.web.servlet.DispatcherServlet        : Completed 200 OK
2026-01-04 16:02:08.064 DEBUG 16312 --- [http-nio-9000-exec-7] o.s.s.w.a.AnonymousAuthenticationFilter  : Set SecurityContextHolder to anonymous SecurityContext
2026-01-04 16:02:08.073 DEBUG 16312 --- [http-nio-9000-exec-9] o.s.security.web.FilterChainProxy        : Securing GET /api-docs
2026-01-04 16:02:08.073 DEBUG 16312 --- [http-nio-9000-exec-9] o.s.security.web.FilterChainProxy        : Secured GET /api-docs
2026-01-04 16:02:08.073 DEBUG 16312 --- [http-nio-9000-exec-9] o.s.web.servlet.DispatcherServlet        : GET "/api-docs", parameters={}
2026-01-04 16:02:08.074 DEBUG 16312 --- [http-nio-9000-exec-9] s.w.s.m.m.a.RequestMappingHandlerMapping : Mapped to org.springdoc.webmvc.api.OpenApiWebMvcResource#openapiJson(HttpServletRequest, String, Locale)
2026-01-04 16:02:08.342  INFO 16312 --- [http-nio-9000-exec-9] o.springdoc.api.AbstractOpenApiResource  : Init duration for springdoc-openapi is: 261 ms
2026-01-04 16:02:08.374 DEBUG 16312 --- [http-nio-9000-exec-9] m.m.a.RequestResponseBodyMethodProcessor : Using 'application/json', given [application/json, */*] and supported [application/json]
2026-01-04 16:02:08.375 DEBUG 16312 --- [http-nio-9000-exec-9] m.m.a.RequestResponseBodyMethodProcessor : Writing [{123, 34, 111, 112, 101, 110, 97, 112, 105, 34, 58, 34, 51, 46, 48, 46, 49, 34, 44, 34, 105, 110, 10 (truncated)...]
2026-01-04 16:02:08.376 DEBUG 16312 --- [http-nio-9000-exec-9] o.s.web.servlet.DispatcherServlet        : Completed 200 OK
2026-01-04 16:02:08.376 DEBUG 16312 --- [http-nio-9000-exec-9] o.s.s.w.a.AnonymousAuthenticationFilter  : Set SecurityContextHolder to anonymous SecurityContext
