2026-01-03 12:30:47.529  INFO 25068 --- [main] r.r.authservice.AuthServiceApplication   : Starting AuthServiceApplication using Java 21.0.8 with PID 25068 (D:\Max\java\my-application\ecommerce-platform\auth-service\target\classes started by elims in D:\Max\java\my-application\ecommerce-platform)
2026-01-03 12:30:47.534  INFO 25068 --- [main] r.r.authservice.AuthServiceApplication   : No active profile set, falling back to 1 default profile: "default"
2026-01-03 12:30:48.518  INFO 25068 --- [main] o.s.cloud.context.scope.GenericScope     : BeanFactory id=d8608169-7b12-36ff-9cb5-f92bdeaee09d
2026-01-03 12:30:48.877  INFO 25068 --- [main] o.s.b.w.embedded.tomcat.TomcatWebServer  : Tomcat initialized with port 9000 (http)
2026-01-03 12:30:48.889  INFO 25068 --- [main] o.a.coyote.http11.Http11NioProtocol      : Initializing ProtocolHandler ["http-nio-9000"]
2026-01-03 12:30:48.892  INFO 25068 --- [main] o.apache.catalina.core.StandardService   : Starting service [Tomcat]
2026-01-03 12:30:48.892  INFO 25068 --- [main] o.apache.catalina.core.StandardEngine    : Starting Servlet engine: [Apache Tomcat/10.1.39]
2026-01-03 12:30:48.943  INFO 25068 --- [main] o.a.c.c.C.[Tomcat].[localhost].[/]       : Initializing Spring embedded WebApplicationContext
2026-01-03 12:30:48.943  INFO 25068 --- [main] w.s.c.ServletWebServerApplicationContext : Root WebApplicationContext: initialization completed in 1372 ms
2026-01-03 12:30:49.264  INFO 25068 --- [main] r$InitializeUserDetailsManagerConfigurer : Global AuthenticationManager configured with UserDetailsService bean with name remoteUserDetailsService
2026-01-03 12:30:49.390 DEBUG 25068 --- [main] s.w.s.m.m.a.RequestMappingHandlerMapping : 15 mappings in 'requestMappingHandlerMapping'
2026-01-03 12:30:49.422 DEBUG 25068 --- [main] o.s.w.s.handler.SimpleUrlHandlerMapping  : Patterns [/webjars/**, /**] in 'resourceHandlerMapping'
2026-01-03 12:30:49.460 DEBUG 25068 --- [main] o.s.s.web.DefaultSecurityFilterChain     : Will secure Or [Mvc [pattern='/api/**'], Mvc [pattern='/v1/**'], Mvc [pattern='/actuator/**']] with filters: DisableEncodeUrlFilter, WebAsyncManagerIntegrationFilter, SecurityContextHolderFilter, HeaderWriterFilter, LogoutFilter, RequestCacheAwareFilter, SecurityContextHolderAwareRequestFilter, AnonymousAuthenticationFilter, SessionManagementFilter, ExceptionTranslationFilter, AuthorizationFilter
2026-01-03 12:30:49.489 DEBUG 25068 --- [main] o.s.s.web.DefaultSecurityFilterChain     : Will secure Or [Mvc [pattern='/oauth2/**'], Mvc [pattern='/login/**']] with filters: DisableEncodeUrlFilter, WebAsyncManagerIntegrationFilter, SecurityContextHolderFilter, HeaderWriterFilter, LogoutFilter, OAuth2AuthorizationRequestRedirectFilter, OAuth2LoginAuthenticationFilter, DefaultResourcesFilter, DefaultLoginPageGeneratingFilter, DefaultLogoutPageGeneratingFilter, RequestCacheAwareFilter, SecurityContextHolderAwareRequestFilter, AnonymousAuthenticationFilter, SessionManagementFilter, ExceptionTranslationFilter, AuthorizationFilter
2026-01-03 12:30:49.496 DEBUG 25068 --- [main] o.s.s.web.DefaultSecurityFilterChain     : Will secure any request with filters: DisableEncodeUrlFilter, WebAsyncManagerIntegrationFilter, SecurityContextHolderFilter, HeaderWriterFilter, LogoutFilter, RequestCacheAwareFilter, SecurityContextHolderAwareRequestFilter, AnonymousAuthenticationFilter, ExceptionTranslationFilter, AuthorizationFilter
2026-01-03 12:30:49.536  INFO 25068 --- [main] o.s.v.b.OptionalValidatorFactoryBean     : Failed to set up a Bean Validation provider: jakarta.validation.NoProviderFoundException: Unable to create a Configuration, because no Jakarta Bean Validation provider could be found. Add a provider like Hibernate Validator (RI) to your classpath.
2026-01-03 12:30:49.659 DEBUG 25068 --- [main] s.w.s.m.m.a.RequestMappingHandlerAdapter : ControllerAdvice beans: 0 @ModelAttribute, 0 @InitBinder, 1 RequestBodyAdvice, 1 ResponseBodyAdvice
2026-01-03 12:30:49.727 DEBUG 25068 --- [main] .m.m.a.ExceptionHandlerExceptionResolver : ControllerAdvice beans: 1 @ExceptionHandler, 1 ResponseBodyAdvice
2026-01-03 12:30:49.855  WARN 25068 --- [main] iguration$LoadBalancerCaffeineWarnLogger : Spring Cloud LoadBalancer is currently working with the default cache. While this cache implementation is useful for development and tests, it's recommended to use Caffeine cache in production.You can switch to using Caffeine cache, by adding it and org.springframework.cache.caffeine.CaffeineCacheManager to the classpath.
2026-01-03 12:30:49.895  INFO 25068 --- [main] o.a.coyote.http11.Http11NioProtocol      : Starting ProtocolHandler ["http-nio-9000"]
2026-01-03 12:30:49.911  INFO 25068 --- [main] o.s.b.w.embedded.tomcat.TomcatWebServer  : Tomcat started on port 9000 (http) with context path '/'
2026-01-03 12:30:49.922  INFO 25068 --- [main] r.r.authservice.AuthServiceApplication   : Started AuthServiceApplication in 2.901 seconds (process running for 3.549)
2026-01-03 12:30:55.701  INFO 25068 --- [SpringApplicationShutdownHook] o.s.b.w.e.tomcat.GracefulShutdown        : Commencing graceful shutdown. Waiting for active requests to complete
2026-01-03 12:30:55.707  INFO 25068 --- [tomcat-shutdown] o.s.b.w.e.tomcat.GracefulShutdown        : Graceful shutdown complete
2026-01-03 12:33:00.626  INFO 17688 --- [main] r.r.authservice.AuthServiceApplication   : Starting AuthServiceApplication using Java 21.0.8 with PID 17688 (D:\Max\java\my-application\ecommerce-platform\auth-service\target\classes started by elims in D:\Max\java\my-application\ecommerce-platform)
2026-01-03 12:33:00.627  INFO 17688 --- [main] r.r.authservice.AuthServiceApplication   : No active profile set, falling back to 1 default profile: "default"
2026-01-03 12:33:01.356  INFO 17688 --- [main] o.s.cloud.context.scope.GenericScope     : BeanFactory id=d8608169-7b12-36ff-9cb5-f92bdeaee09d
2026-01-03 12:33:01.665  INFO 17688 --- [main] o.s.b.w.embedded.tomcat.TomcatWebServer  : Tomcat initialized with port 9000 (http)
2026-01-03 12:33:01.674  INFO 17688 --- [main] o.a.coyote.http11.Http11NioProtocol      : Initializing ProtocolHandler ["http-nio-9000"]
2026-01-03 12:33:01.675  INFO 17688 --- [main] o.apache.catalina.core.StandardService   : Starting service [Tomcat]
2026-01-03 12:33:01.675  INFO 17688 --- [main] o.apache.catalina.core.StandardEngine    : Starting Servlet engine: [Apache Tomcat/10.1.39]
2026-01-03 12:33:01.718  INFO 17688 --- [main] o.a.c.c.C.[Tomcat].[localhost].[/]       : Initializing Spring embedded WebApplicationContext
2026-01-03 12:33:01.718  INFO 17688 --- [main] w.s.c.ServletWebServerApplicationContext : Root WebApplicationContext: initialization completed in 1057 ms
2026-01-03 12:33:02.002  INFO 17688 --- [main] r$InitializeUserDetailsManagerConfigurer : Global AuthenticationManager configured with UserDetailsService bean with name remoteUserDetailsService
2026-01-03 12:33:02.109 DEBUG 17688 --- [main] s.w.s.m.m.a.RequestMappingHandlerMapping : 15 mappings in 'requestMappingHandlerMapping'
2026-01-03 12:33:02.134 DEBUG 17688 --- [main] o.s.w.s.handler.SimpleUrlHandlerMapping  : Patterns [/webjars/**, /**] in 'resourceHandlerMapping'
2026-01-03 12:33:02.162 DEBUG 17688 --- [main] o.s.s.web.DefaultSecurityFilterChain     : Will secure Or [Mvc [pattern='/api/**'], Mvc [pattern='/v1/**'], Mvc [pattern='/actuator/**']] with filters: DisableEncodeUrlFilter, WebAsyncManagerIntegrationFilter, SecurityContextHolderFilter, HeaderWriterFilter, LogoutFilter, RequestCacheAwareFilter, SecurityContextHolderAwareRequestFilter, AnonymousAuthenticationFilter, SessionManagementFilter, ExceptionTranslationFilter, AuthorizationFilter
2026-01-03 12:33:02.189 DEBUG 17688 --- [main] o.s.s.web.DefaultSecurityFilterChain     : Will secure Or [Mvc [pattern='/oauth2/**'], Mvc [pattern='/login/**']] with filters: DisableEncodeUrlFilter, WebAsyncManagerIntegrationFilter, SecurityContextHolderFilter, HeaderWriterFilter, LogoutFilter, OAuth2AuthorizationRequestRedirectFilter, OAuth2LoginAuthenticationFilter, DefaultResourcesFilter, DefaultLoginPageGeneratingFilter, DefaultLogoutPageGeneratingFilter, RequestCacheAwareFilter, SecurityContextHolderAwareRequestFilter, AnonymousAuthenticationFilter, SessionManagementFilter, ExceptionTranslationFilter, AuthorizationFilter
2026-01-03 12:33:02.198 DEBUG 17688 --- [main] o.s.s.web.DefaultSecurityFilterChain     : Will secure any request with filters: DisableEncodeUrlFilter, WebAsyncManagerIntegrationFilter, SecurityContextHolderFilter, HeaderWriterFilter, LogoutFilter, RequestCacheAwareFilter, SecurityContextHolderAwareRequestFilter, AnonymousAuthenticationFilter, ExceptionTranslationFilter, AuthorizationFilter
2026-01-03 12:33:02.229  INFO 17688 --- [main] o.s.v.b.OptionalValidatorFactoryBean     : Failed to set up a Bean Validation provider: jakarta.validation.NoProviderFoundException: Unable to create a Configuration, because no Jakarta Bean Validation provider could be found. Add a provider like Hibernate Validator (RI) to your classpath.
2026-01-03 12:33:02.319 DEBUG 17688 --- [main] s.w.s.m.m.a.RequestMappingHandlerAdapter : ControllerAdvice beans: 0 @ModelAttribute, 0 @InitBinder, 1 RequestBodyAdvice, 1 ResponseBodyAdvice
2026-01-03 12:33:02.376 DEBUG 17688 --- [main] .m.m.a.ExceptionHandlerExceptionResolver : ControllerAdvice beans: 1 @ExceptionHandler, 1 ResponseBodyAdvice
2026-01-03 12:33:02.480  WARN 17688 --- [main] iguration$LoadBalancerCaffeineWarnLogger : Spring Cloud LoadBalancer is currently working with the default cache. While this cache implementation is useful for development and tests, it's recommended to use Caffeine cache in production.You can switch to using Caffeine cache, by adding it and org.springframework.cache.caffeine.CaffeineCacheManager to the classpath.
2026-01-03 12:33:02.509  INFO 17688 --- [main] o.a.coyote.http11.Http11NioProtocol      : Starting ProtocolHandler ["http-nio-9000"]
2026-01-03 12:33:02.521  INFO 17688 --- [main] o.s.b.w.embedded.tomcat.TomcatWebServer  : Tomcat started on port 9000 (http) with context path '/'
2026-01-03 12:33:02.532  INFO 17688 --- [main] r.r.authservice.AuthServiceApplication   : Started AuthServiceApplication in 2.411 seconds (process running for 3.017)
2026-01-03 12:34:01.937  INFO 17688 --- [http-nio-9000-exec-1] o.a.c.c.C.[Tomcat].[localhost].[/]       : Initializing Spring DispatcherServlet 'dispatcherServlet'
2026-01-03 12:34:01.937  INFO 17688 --- [http-nio-9000-exec-1] o.s.web.servlet.DispatcherServlet        : Initializing Servlet 'dispatcherServlet'
2026-01-03 12:34:01.938 DEBUG 17688 --- [http-nio-9000-exec-1] o.s.web.servlet.DispatcherServlet        : Detected StandardServletMultipartResolver
2026-01-03 12:34:01.938 DEBUG 17688 --- [http-nio-9000-exec-1] o.s.web.servlet.DispatcherServlet        : Detected AcceptHeaderLocaleResolver
2026-01-03 12:34:01.938 DEBUG 17688 --- [http-nio-9000-exec-1] o.s.web.servlet.DispatcherServlet        : Detected FixedThemeResolver
2026-01-03 12:34:01.939 DEBUG 17688 --- [http-nio-9000-exec-1] o.s.web.servlet.DispatcherServlet        : Detected org.springframework.web.servlet.view.DefaultRequestToViewNameTranslator@10dbff88
2026-01-03 12:34:01.939 DEBUG 17688 --- [http-nio-9000-exec-1] o.s.web.servlet.DispatcherServlet        : Detected org.springframework.web.servlet.support.SessionFlashMapManager@7dcdefaa
2026-01-03 12:34:01.939 DEBUG 17688 --- [http-nio-9000-exec-1] o.s.web.servlet.DispatcherServlet        : enableLoggingRequestDetails='false': request parameters and headers will be masked to prevent unsafe logging of potentially sensitive data
2026-01-03 12:34:01.940  INFO 17688 --- [http-nio-9000-exec-1] o.s.web.servlet.DispatcherServlet        : Completed initialization in 2 ms
2026-01-03 12:34:01.958 DEBUG 17688 --- [http-nio-9000-exec-1] o.s.security.web.FilterChainProxy        : Securing GET /oauth2/success?data=%7B%22access_token%22%3A%22eyJhbGciOiJIUzI1NiJ9.eyJzdWIiOiJlbGltczc3N0B5YW5kZXgucnUiLCJyb2xlcyI6WyJST0xFX0FETUlOIl0sImlhdCI6MTc2NzM1NDQzNiwiZXhwIjoxNzY3MzU4MDM2fQ.rWK_t-MHSFN8CTipdu6bWVeBx3-rTMgBPSVkDds3878%22%2C%22refresh_token%22%3A%22eyJhbGciOiJIUzI1NiJ9.eyJzdWIiOiJlbGltczc3N0B5YW5kZXgucnUiLCJyb2xlcyI6WyJST0xFX0FETUlOIl0sImlhdCI6MTc2NzM1NDQzNiwiZXhwIjoxNzY3NDQwODM2fQ.HJ6Y5vWvR3xeCJGdmCI2Q5ZVQ25iZ9NQvn6ptUnlCoc%22%2C%22token_type%22%3A%22Bearer%22%2C%22expires_in%22%3A3600%2C%22user%22%3A%7B%22id%22%3A12%2C%22email%22%3A%22elims777%40yandex.ru%22%2C%22firstname%22%3A%22%D0%9C%D0%B0%D0%BA%D1%81%22%2C%22lastname%22%3A%22%D0%9A%D0%BE%D0%BA%D0%BE%D1%80%D0%B8%D0%BD%22%2C%22surname%22%3Anull%2C%22createdAt%22%3A%222025-12-07T16%3A37%3A55.776851%22%2C%22updatedAt%22%3A%222025-12-07T16%3A38%3A19.666746%22%2C%22emailVerified%22%3Atrue%2C%22roles%22%3A%5B%7B%22id%22%3A1%2C%22name%22%3A%22ROLE_ADMIN%22%7D%5D%7D%7D
2026-01-03 12:34:01.979 DEBUG 17688 --- [http-nio-9000-exec-1] o.s.s.w.a.AnonymousAuthenticationFilter  : Set SecurityContextHolder to anonymous SecurityContext
2026-01-03 12:34:01.981 DEBUG 17688 --- [http-nio-9000-exec-1] o.s.security.web.FilterChainProxy        : Secured GET /oauth2/success?data=%7B%22access_token%22%3A%22eyJhbGciOiJIUzI1NiJ9.eyJzdWIiOiJlbGltczc3N0B5YW5kZXgucnUiLCJyb2xlcyI6WyJST0xFX0FETUlOIl0sImlhdCI6MTc2NzM1NDQzNiwiZXhwIjoxNzY3MzU4MDM2fQ.rWK_t-MHSFN8CTipdu6bWVeBx3-rTMgBPSVkDds3878%22%2C%22refresh_token%22%3A%22eyJhbGciOiJIUzI1NiJ9.eyJzdWIiOiJlbGltczc3N0B5YW5kZXgucnUiLCJyb2xlcyI6WyJST0xFX0FETUlOIl0sImlhdCI6MTc2NzM1NDQzNiwiZXhwIjoxNzY3NDQwODM2fQ.HJ6Y5vWvR3xeCJGdmCI2Q5ZVQ25iZ9NQvn6ptUnlCoc%22%2C%22token_type%22%3A%22Bearer%22%2C%22expires_in%22%3A3600%2C%22user%22%3A%7B%22id%22%3A12%2C%22email%22%3A%22elims777%40yandex.ru%22%2C%22firstname%22%3A%22%D0%9C%D0%B0%D0%BA%D1%81%22%2C%22lastname%22%3A%22%D0%9A%D0%BE%D0%BA%D0%BE%D1%80%D0%B8%D0%BD%22%2C%22surname%22%3Anull%2C%22createdAt%22%3A%222025-12-07T16%3A37%3A55.776851%22%2C%22updatedAt%22%3A%222025-12-07T16%3A38%3A19.666746%22%2C%22emailVerified%22%3Atrue%2C%22roles%22%3A%5B%7B%22id%22%3A1%2C%22name%22%3A%22ROLE_ADMIN%22%7D%5D%7D%7D
2026-01-03 12:34:01.984 DEBUG 17688 --- [http-nio-9000-exec-1] o.s.web.servlet.DispatcherServlet        : GET "/oauth2/success?data=%7B%22access_token%22%3A%22eyJhbGciOiJIUzI1NiJ9.eyJzdWIiOiJlbGltczc3N0B5YW5kZXgucnUiLCJyb2xlcyI6WyJST0xFX0FETUlOIl0sImlhdCI6MTc2NzM1NDQzNiwiZXhwIjoxNzY3MzU4MDM2fQ.rWK_t-MHSFN8CTipdu6bWVeBx3-rTMgBPSVkDds3878%22%2C%22refresh_token%22%3A%22eyJhbGciOiJIUzI1NiJ9.eyJzdWIiOiJlbGltczc3N0B5YW5kZXgucnUiLCJyb2xlcyI6WyJST0xFX0FETUlOIl0sImlhdCI6MTc2NzM1NDQzNiwiZXhwIjoxNzY3NDQwODM2fQ.HJ6Y5vWvR3xeCJGdmCI2Q5ZVQ25iZ9NQvn6ptUnlCoc%22%2C%22token_type%22%3A%22Bearer%22%2C%22expires_in%22%3A3600%2C%22user%22%3A%7B%22id%22%3A12%2C%22email%22%3A%22elims777%40yandex.ru%22%2C%22firstname%22%3A%22%D0%9C%D0%B0%D0%BA%D1%81%22%2C%22lastname%22%3A%22%D0%9A%D0%BE%D0%BA%D0%BE%D1%80%D0%B8%D0%BD%22%2C%22surname%22%3Anull%2C%22createdAt%22%3A%222025-12-07T16%3A37%3A55.776851%22%2C%22updatedAt%22%3A%222025-12-07T16%3A38%3A19.666746%22%2C%22emailVerified%22%3Atrue%2C%22roles%22%3A%5B%7B%22id%22%3A1%2C%22name%22%3A%22ROLE_ADMIN%22%7D%5D%7D%7D", parameters={masked}
2026-01-03 12:34:01.985 DEBUG 17688 --- [http-nio-9000-exec-1] s.w.s.m.m.a.RequestMappingHandlerMapping : Mapped to ru.rfsnab.authservice.controllers.AuthPageController#success()
2026-01-03 12:34:01.998  INFO 17688 --- [http-nio-9000-exec-1] r.r.authservice.aspect.LoggingAspect     : >>> Incoming request: AuthPageController.success()
2026-01-03 12:34:02.000  INFO 17688 --- [http-nio-9000-exec-1] r.r.authservice.aspect.LoggingAspect     : <<< Response from: AuthPageController.success()
2026-01-03 12:34:02.010 DEBUG 17688 --- [http-nio-9000-exec-1] o.s.w.s.v.ContentNegotiatingViewResolver : Selected 'text/html' given [text/html, application/xhtml+xml, image/avif, image/webp, image/apng, application/xml;q=0.9, */*;q=0.8, application/signed-exchange;v=b3;q=0.7]
2026-01-03 12:34:02.176 DEBUG 17688 --- [http-nio-9000-exec-1] o.s.web.servlet.DispatcherServlet        : Completed 200 OK
2026-01-03 12:34:05.908 DEBUG 17688 --- [http-nio-9000-exec-2] o.s.security.web.FilterChainProxy        : Securing POST /v1/auth/logout
2026-01-03 12:34:05.909 DEBUG 17688 --- [http-nio-9000-exec-2] o.s.s.w.a.AnonymousAuthenticationFilter  : Set SecurityContextHolder to anonymous SecurityContext
2026-01-03 12:34:05.909 DEBUG 17688 --- [http-nio-9000-exec-2] o.s.security.web.FilterChainProxy        : Secured POST /v1/auth/logout
2026-01-03 12:34:05.910 DEBUG 17688 --- [http-nio-9000-exec-2] o.s.web.servlet.DispatcherServlet        : POST "/v1/auth/logout", parameters={}
2026-01-03 12:34:05.910 DEBUG 17688 --- [http-nio-9000-exec-2] s.w.s.m.m.a.RequestMappingHandlerMapping : Mapped to ru.rfsnab.authservice.controllers.AuthController#logout()
2026-01-03 12:34:05.911  INFO 17688 --- [http-nio-9000-exec-2] r.r.authservice.aspect.LoggingAspect     : >>> Incoming request: AuthController.logout()
2026-01-03 12:34:05.916  INFO 17688 --- [http-nio-9000-exec-2] r.r.authservice.aspect.LoggingAspect     : <<< Response from: AuthController.logout()
2026-01-03 12:34:05.949 DEBUG 17688 --- [http-nio-9000-exec-2] o.s.w.s.m.m.a.HttpEntityMethodProcessor  : Using 'application/json', given [*/*] and supported [application/json, application/*+json]
2026-01-03 12:34:05.950 DEBUG 17688 --- [http-nio-9000-exec-2] o.s.w.s.m.m.a.HttpEntityMethodProcessor  : Writing [{message=Logout successful, status=success}]
2026-01-03 12:34:05.967 DEBUG 17688 --- [http-nio-9000-exec-2] o.s.web.servlet.DispatcherServlet        : Completed 200 OK
2026-01-03 12:34:06.204 DEBUG 17688 --- [http-nio-9000-exec-3] o.s.security.web.FilterChainProxy        : Securing GET /
2026-01-03 12:34:06.204 DEBUG 17688 --- [http-nio-9000-exec-3] o.s.security.web.FilterChainProxy        : Secured GET /
2026-01-03 12:34:06.205 DEBUG 17688 --- [http-nio-9000-exec-3] o.s.web.servlet.DispatcherServlet        : GET "/", parameters={}
2026-01-03 12:34:06.205 DEBUG 17688 --- [http-nio-9000-exec-3] s.w.s.m.m.a.RequestMappingHandlerMapping : Mapped to ru.rfsnab.authservice.controllers.AuthPageController#home()
2026-01-03 12:34:06.206  INFO 17688 --- [http-nio-9000-exec-3] r.r.authservice.aspect.LoggingAspect     : >>> Incoming request: AuthPageController.home()
2026-01-03 12:34:06.206  INFO 17688 --- [http-nio-9000-exec-3] r.r.authservice.aspect.LoggingAspect     : <<< Response from: AuthPageController.home()
2026-01-03 12:34:06.207 DEBUG 17688 --- [http-nio-9000-exec-3] o.s.w.s.v.ContentNegotiatingViewResolver : Selected 'text/html' given [text/html, application/xhtml+xml, image/avif, image/webp, image/apng, application/xml;q=0.9, */*;q=0.8, application/signed-exchange;v=b3;q=0.7]
2026-01-03 12:34:06.216 DEBUG 17688 --- [http-nio-9000-exec-3] o.s.web.servlet.DispatcherServlet        : Completed 200 OK
2026-01-03 12:34:06.216 DEBUG 17688 --- [http-nio-9000-exec-3] o.s.s.w.a.AnonymousAuthenticationFilter  : Set SecurityContextHolder to anonymous SecurityContext
2026-01-03 12:34:40.657 DEBUG 17688 --- [http-nio-9000-exec-4] o.s.security.web.FilterChainProxy        : Securing GET /auth/register
2026-01-03 12:34:40.657 DEBUG 17688 --- [http-nio-9000-exec-4] o.s.security.web.FilterChainProxy        : Secured GET /auth/register
2026-01-03 12:34:40.657 DEBUG 17688 --- [http-nio-9000-exec-4] o.s.web.servlet.DispatcherServlet        : GET "/auth/register", parameters={}
2026-01-03 12:34:40.657 DEBUG 17688 --- [http-nio-9000-exec-4] s.w.s.m.m.a.RequestMappingHandlerMapping : Mapped to ru.rfsnab.authservice.controllers.AuthPageController#registerPage()
2026-01-03 12:34:40.659  INFO 17688 --- [http-nio-9000-exec-4] r.r.authservice.aspect.LoggingAspect     : >>> Incoming request: AuthPageController.registerPage()
2026-01-03 12:34:40.659  INFO 17688 --- [http-nio-9000-exec-4] r.r.authservice.aspect.LoggingAspect     : <<< Response from: AuthPageController.registerPage()
2026-01-03 12:34:40.660 DEBUG 17688 --- [http-nio-9000-exec-4] o.s.w.s.v.ContentNegotiatingViewResolver : Selected 'text/html' given [text/html, application/xhtml+xml, image/avif, image/webp, image/apng, application/xml;q=0.9, */*;q=0.8, application/signed-exchange;v=b3;q=0.7]
2026-01-03 12:34:40.668 DEBUG 17688 --- [http-nio-9000-exec-4] o.s.web.servlet.DispatcherServlet        : Completed 200 OK
2026-01-03 12:34:40.669 DEBUG 17688 --- [http-nio-9000-exec-4] o.s.s.w.a.AnonymousAuthenticationFilter  : Set SecurityContextHolder to anonymous SecurityContext
2026-01-03 12:35:05.511 DEBUG 17688 --- [http-nio-9000-exec-5] o.s.security.web.FilterChainProxy        : Securing POST /api/v1/register
2026-01-03 12:35:05.511 DEBUG 17688 --- [http-nio-9000-exec-5] o.s.s.w.a.AnonymousAuthenticationFilter  : Set SecurityContextHolder to anonymous SecurityContext
2026-01-03 12:35:05.511 DEBUG 17688 --- [http-nio-9000-exec-5] o.s.security.web.FilterChainProxy        : Secured POST /api/v1/register
2026-01-03 12:35:05.511 DEBUG 17688 --- [http-nio-9000-exec-5] o.s.web.servlet.DispatcherServlet        : POST "/api/v1/register", parameters={}
2026-01-03 12:35:05.511 DEBUG 17688 --- [http-nio-9000-exec-5] s.w.s.m.m.a.RequestMappingHandlerMapping : Mapped to ru.rfsnab.authservice.controllers.RegistrationController#registerJson(RegistrationRequest)
2026-01-03 12:35:05.562 DEBUG 17688 --- [http-nio-9000-exec-5] m.m.a.RequestResponseBodyMethodProcessor : Read "application/json;charset=UTF-8" to [ru.rfsnab.authservice.models.dto.RegistrationRequest@6375f46d]
2026-01-03 12:35:05.567  INFO 17688 --- [http-nio-9000-exec-5] r.r.authservice.aspect.LoggingAspect     : >>> Incoming request: RegistrationController.registerJson(..)
2026-01-03 12:35:05.679 DEBUG 17688 --- [http-nio-9000-exec-5] o.s.web.client.RestTemplate              : HTTP POST http://localhost:8081/v1/users/signup
2026-01-03 12:35:05.695 DEBUG 17688 --- [http-nio-9000-exec-5] o.s.web.client.RestTemplate              : Accept=[application/json, application/*+json]
2026-01-03 12:35:05.702 DEBUG 17688 --- [http-nio-9000-exec-5] o.s.web.client.RestTemplate              : Writing [ru.rfsnab.authservice.models.dto.RegistrationRequest@6375f46d] with org.springframework.http.converter.json.MappingJackson2HttpMessageConverter
2026-01-03 12:35:06.694 DEBUG 17688 --- [http-nio-9000-exec-5] o.s.web.client.RestTemplate              : Response 201 CREATED
2026-01-03 12:35:06.695 DEBUG 17688 --- [http-nio-9000-exec-5] o.s.web.client.RestTemplate              : Reading to [ru.rfsnab.authservice.models.dto.UserDtoResponse]
2026-01-03 12:35:06.701  INFO 17688 --- [http-nio-9000-exec-5] r.r.authservice.aspect.LoggingAspect     : <<< Response from: RegistrationController.registerJson(..)
2026-01-03 12:35:06.702 DEBUG 17688 --- [http-nio-9000-exec-5] o.s.w.s.m.m.a.HttpEntityMethodProcessor  : Using 'application/json', given [*/*] and supported [application/json]
2026-01-03 12:35:06.704 DEBUG 17688 --- [http-nio-9000-exec-5] o.s.w.s.m.m.a.HttpEntityMethodProcessor  : Writing [ru.rfsnab.authservice.models.dto.UserDtoResponse@5efbdac2]
2026-01-03 12:35:06.711 DEBUG 17688 --- [http-nio-9000-exec-5] o.s.web.servlet.DispatcherServlet        : Completed 201 CREATED
2026-01-03 12:35:11.733 DEBUG 17688 --- [http-nio-9000-exec-6] o.s.security.web.FilterChainProxy        : Securing GET /
2026-01-03 12:35:11.733 DEBUG 17688 --- [http-nio-9000-exec-6] o.s.security.web.FilterChainProxy        : Secured GET /
2026-01-03 12:35:11.734 DEBUG 17688 --- [http-nio-9000-exec-6] o.s.web.servlet.DispatcherServlet        : GET "/", parameters={}
2026-01-03 12:35:11.734 DEBUG 17688 --- [http-nio-9000-exec-6] s.w.s.m.m.a.RequestMappingHandlerMapping : Mapped to ru.rfsnab.authservice.controllers.AuthPageController#home()
2026-01-03 12:35:11.734  INFO 17688 --- [http-nio-9000-exec-6] r.r.authservice.aspect.LoggingAspect     : >>> Incoming request: AuthPageController.home()
2026-01-03 12:35:11.734  INFO 17688 --- [http-nio-9000-exec-6] r.r.authservice.aspect.LoggingAspect     : <<< Response from: AuthPageController.home()
2026-01-03 12:35:11.735 DEBUG 17688 --- [http-nio-9000-exec-6] o.s.w.s.v.ContentNegotiatingViewResolver : Selected 'text/html' given [text/html, application/xhtml+xml, image/avif, image/webp, image/apng, application/xml;q=0.9, */*;q=0.8, application/signed-exchange;v=b3;q=0.7]
2026-01-03 12:35:11.737 DEBUG 17688 --- [http-nio-9000-exec-6] o.s.web.servlet.DispatcherServlet        : Completed 200 OK
2026-01-03 12:35:11.737 DEBUG 17688 --- [http-nio-9000-exec-6] o.s.s.w.a.AnonymousAuthenticationFilter  : Set SecurityContextHolder to anonymous SecurityContext
2026-01-03 13:01:50.692  INFO 17688 --- [SpringApplicationShutdownHook] o.s.b.w.e.tomcat.GracefulShutdown        : Commencing graceful shutdown. Waiting for active requests to complete
2026-01-03 13:01:50.702  INFO 17688 --- [tomcat-shutdown] o.s.b.w.e.tomcat.GracefulShutdown        : Graceful shutdown complete
2026-01-03 13:01:52.750  INFO 25012 --- [main] r.r.authservice.AuthServiceApplication   : Starting AuthServiceApplication using Java 21.0.8 with PID 25012 (D:\Max\java\my-application\ecommerce-platform\auth-service\target\classes started by elims in D:\Max\java\my-application\ecommerce-platform)
2026-01-03 13:01:52.751  INFO 25012 --- [main] r.r.authservice.AuthServiceApplication   : No active profile set, falling back to 1 default profile: "default"
2026-01-03 13:01:53.381  INFO 25012 --- [main] o.s.cloud.context.scope.GenericScope     : BeanFactory id=d8608169-7b12-36ff-9cb5-f92bdeaee09d
2026-01-03 13:01:53.642  INFO 25012 --- [main] o.s.b.w.embedded.tomcat.TomcatWebServer  : Tomcat initialized with port 9000 (http)
2026-01-03 13:01:53.650  INFO 25012 --- [main] o.a.coyote.http11.Http11NioProtocol      : Initializing ProtocolHandler ["http-nio-9000"]
2026-01-03 13:01:53.651  INFO 25012 --- [main] o.apache.catalina.core.StandardService   : Starting service [Tomcat]
2026-01-03 13:01:53.651  INFO 25012 --- [main] o.apache.catalina.core.StandardEngine    : Starting Servlet engine: [Apache Tomcat/10.1.39]
2026-01-03 13:01:53.689  INFO 25012 --- [main] o.a.c.c.C.[Tomcat].[localhost].[/]       : Initializing Spring embedded WebApplicationContext
2026-01-03 13:01:53.689  INFO 25012 --- [main] w.s.c.ServletWebServerApplicationContext : Root WebApplicationContext: initialization completed in 903 ms
2026-01-03 13:01:53.970  INFO 25012 --- [main] r$InitializeUserDetailsManagerConfigurer : Global AuthenticationManager configured with UserDetailsService bean with name remoteUserDetailsService
2026-01-03 13:01:54.058 DEBUG 25012 --- [main] s.w.s.m.m.a.RequestMappingHandlerMapping : 15 mappings in 'requestMappingHandlerMapping'
2026-01-03 13:01:54.077 DEBUG 25012 --- [main] o.s.w.s.handler.SimpleUrlHandlerMapping  : Patterns [/webjars/**, /**] in 'resourceHandlerMapping'
2026-01-03 13:01:54.104 DEBUG 25012 --- [main] o.s.s.web.DefaultSecurityFilterChain     : Will secure Or [Mvc [pattern='/api/**'], Mvc [pattern='/v1/**'], Mvc [pattern='/actuator/**']] with filters: DisableEncodeUrlFilter, WebAsyncManagerIntegrationFilter, SecurityContextHolderFilter, HeaderWriterFilter, LogoutFilter, RequestCacheAwareFilter, SecurityContextHolderAwareRequestFilter, AnonymousAuthenticationFilter, SessionManagementFilter, ExceptionTranslationFilter, AuthorizationFilter
2026-01-03 13:01:54.127 DEBUG 25012 --- [main] o.s.s.web.DefaultSecurityFilterChain     : Will secure Or [Mvc [pattern='/oauth2/**'], Mvc [pattern='/login/**']] with filters: DisableEncodeUrlFilter, WebAsyncManagerIntegrationFilter, SecurityContextHolderFilter, HeaderWriterFilter, LogoutFilter, OAuth2AuthorizationRequestRedirectFilter, OAuth2LoginAuthenticationFilter, DefaultResourcesFilter, DefaultLoginPageGeneratingFilter, DefaultLogoutPageGeneratingFilter, RequestCacheAwareFilter, SecurityContextHolderAwareRequestFilter, AnonymousAuthenticationFilter, SessionManagementFilter, ExceptionTranslationFilter, AuthorizationFilter
2026-01-03 13:01:54.133 DEBUG 25012 --- [main] o.s.s.web.DefaultSecurityFilterChain     : Will secure any request with filters: DisableEncodeUrlFilter, WebAsyncManagerIntegrationFilter, SecurityContextHolderFilter, HeaderWriterFilter, LogoutFilter, RequestCacheAwareFilter, SecurityContextHolderAwareRequestFilter, AnonymousAuthenticationFilter, ExceptionTranslationFilter, AuthorizationFilter
2026-01-03 13:01:54.158  INFO 25012 --- [main] o.s.v.b.OptionalValidatorFactoryBean     : Failed to set up a Bean Validation provider: jakarta.validation.NoProviderFoundException: Unable to create a Configuration, because no Jakarta Bean Validation provider could be found. Add a provider like Hibernate Validator (RI) to your classpath.
2026-01-03 13:01:54.230 DEBUG 25012 --- [main] s.w.s.m.m.a.RequestMappingHandlerAdapter : ControllerAdvice beans: 0 @ModelAttribute, 0 @InitBinder, 1 RequestBodyAdvice, 1 ResponseBodyAdvice
2026-01-03 13:01:54.280 DEBUG 25012 --- [main] .m.m.a.ExceptionHandlerExceptionResolver : ControllerAdvice beans: 1 @ExceptionHandler, 1 ResponseBodyAdvice
2026-01-03 13:01:54.372  WARN 25012 --- [main] iguration$LoadBalancerCaffeineWarnLogger : Spring Cloud LoadBalancer is currently working with the default cache. While this cache implementation is useful for development and tests, it's recommended to use Caffeine cache in production.You can switch to using Caffeine cache, by adding it and org.springframework.cache.caffeine.CaffeineCacheManager to the classpath.
2026-01-03 13:01:54.402  INFO 25012 --- [main] o.a.coyote.http11.Http11NioProtocol      : Starting ProtocolHandler ["http-nio-9000"]
2026-01-03 13:01:54.415  INFO 25012 --- [main] o.s.b.w.embedded.tomcat.TomcatWebServer  : Tomcat started on port 9000 (http) with context path '/'
2026-01-03 13:01:54.425  INFO 25012 --- [main] r.r.authservice.AuthServiceApplication   : Started AuthServiceApplication in 2.174 seconds (process running for 2.78)
2026-01-03 13:02:25.259  INFO 25012 --- [http-nio-9000-exec-1] o.a.c.c.C.[Tomcat].[localhost].[/]       : Initializing Spring DispatcherServlet 'dispatcherServlet'
2026-01-03 13:02:25.260  INFO 25012 --- [http-nio-9000-exec-1] o.s.web.servlet.DispatcherServlet        : Initializing Servlet 'dispatcherServlet'
2026-01-03 13:02:25.260 DEBUG 25012 --- [http-nio-9000-exec-1] o.s.web.servlet.DispatcherServlet        : Detected StandardServletMultipartResolver
2026-01-03 13:02:25.261 DEBUG 25012 --- [http-nio-9000-exec-1] o.s.web.servlet.DispatcherServlet        : Detected AcceptHeaderLocaleResolver
2026-01-03 13:02:25.261 DEBUG 25012 --- [http-nio-9000-exec-1] o.s.web.servlet.DispatcherServlet        : Detected FixedThemeResolver
2026-01-03 13:02:25.261 DEBUG 25012 --- [http-nio-9000-exec-1] o.s.web.servlet.DispatcherServlet        : Detected org.springframework.web.servlet.view.DefaultRequestToViewNameTranslator@ae87afc
2026-01-03 13:02:25.262 DEBUG 25012 --- [http-nio-9000-exec-1] o.s.web.servlet.DispatcherServlet        : Detected org.springframework.web.servlet.support.SessionFlashMapManager@26d45bd0
2026-01-03 13:02:25.262 DEBUG 25012 --- [http-nio-9000-exec-1] o.s.web.servlet.DispatcherServlet        : enableLoggingRequestDetails='false': request parameters and headers will be masked to prevent unsafe logging of potentially sensitive data
2026-01-03 13:02:25.262  INFO 25012 --- [http-nio-9000-exec-1] o.s.web.servlet.DispatcherServlet        : Completed initialization in 2 ms
2026-01-03 13:02:25.274 DEBUG 25012 --- [http-nio-9000-exec-1] o.s.security.web.FilterChainProxy        : Securing GET /oauth2/authorization/yandex
2026-01-03 13:02:25.299 DEBUG 25012 --- [http-nio-9000-exec-1] o.s.s.web.DefaultRedirectStrategy        : Redirecting to https://oauth.yandex.ru/authorize?response_type=code&client_id=df043e8b879d4c719d04ed26b5e04061&scope=login:email%20login:info&state=egI--CE9jzA3b343icQ83tkcYQVqP9p245LBGMsB7rI%3D&redirect_uri=http://localhost:9000/login/oauth2/code/yandex
2026-01-03 13:02:37.063 DEBUG 25012 --- [http-nio-9000-exec-2] o.s.security.web.FilterChainProxy        : Securing GET /login/oauth2/code/yandex?code=ue4drvhyqr7rzpun&state=egI--CE9jzA3b343icQ83tkcYQVqP9p245LBGMsB7rI%3D&cid=qp22b55c3dt1wncz6h9v7rr5f8
2026-01-03 13:02:37.163 DEBUG 25012 --- [http-nio-9000-exec-2] o.s.web.client.RestTemplate              : HTTP POST https://oauth.yandex.ru/token
2026-01-03 13:02:37.171 DEBUG 25012 --- [http-nio-9000-exec-2] o.s.web.client.RestTemplate              : Accept=[application/json, application/*+json]
2026-01-03 13:02:37.172 DEBUG 25012 --- [http-nio-9000-exec-2] o.s.web.client.RestTemplate              : Writing [{grant_type=[authorization_code], code=[ue4drvhyqr7rzpun], redirect_uri=[http://localhost:9000/login/oauth2/code/yandex]}] as "application/x-www-form-urlencoded;charset=UTF-8"
2026-01-03 13:02:37.667 DEBUG 25012 --- [http-nio-9000-exec-2] o.s.web.client.RestTemplate              : Response 200 OK
2026-01-03 13:02:37.669 DEBUG 25012 --- [http-nio-9000-exec-2] o.s.web.client.RestTemplate              : Reading to [org.springframework.security.oauth2.core.endpoint.OAuth2AccessTokenResponse] as "application/json"
2026-01-03 13:02:37.713 DEBUG 25012 --- [http-nio-9000-exec-2] o.s.web.client.RestTemplate              : HTTP GET https://login.yandex.ru/info
2026-01-03 13:02:37.714 DEBUG 25012 --- [http-nio-9000-exec-2] o.s.web.client.RestTemplate              : Accept=[application/json, application/*+json]
2026-01-03 13:02:37.943 DEBUG 25012 --- [http-nio-9000-exec-2] o.s.web.client.RestTemplate              : Response 200 OK
2026-01-03 13:02:37.944 DEBUG 25012 --- [http-nio-9000-exec-2] o.s.web.client.RestTemplate              : Reading to [java.util.Map<java.lang.String, java.lang.Object>]
2026-01-03 13:02:37.951 DEBUG 25012 --- [http-nio-9000-exec-2] .s.ChangeSessionIdAuthenticationStrategy : Changed session id from 2527928AF98D8E21D05A3A25BAB1F524
2026-01-03 13:02:37.953 DEBUG 25012 --- [http-nio-9000-exec-2] w.c.HttpSessionSecurityContextRepository : Stored SecurityContextImpl [Authentication=OAuth2AuthenticationToken [Principal=Name: [elims777], Granted Authorities: [[OAUTH2_USER]], User Attributes: [{id=9703920, login=elims777, client_id=df043e8b879d4c719d04ed26b5e04061, display_name=Макс К., real_name=Макс Кокорин, first_name=Макс, last_name=Кокорин, sex=male, default_email=elims777@yandex.ru, emails=[elims777@yandex.ru], psuid=1.AA7nhw.A2K9WNWYbUo8NfRiVKxtwg.4lonSN9G8ZwpVp05mR20zA}], Credentials=[PROTECTED], Authenticated=true, Details=WebAuthenticationDetails [RemoteIpAddress=0:0:0:0:0:0:0:1, SessionId=2527928AF98D8E21D05A3A25BAB1F524], Granted Authorities=[OAUTH2_USER]]] to HttpSession [org.apache.catalina.session.StandardSessionFacade@77ddfa3a]
2026-01-03 13:02:37.953 DEBUG 25012 --- [http-nio-9000-exec-2] .s.o.c.w.OAuth2LoginAuthenticationFilter : Set SecurityContextHolder to OAuth2AuthenticationToken [Principal=Name: [elims777], Granted Authorities: [[OAUTH2_USER]], User Attributes: [{id=9703920, login=elims777, client_id=df043e8b879d4c719d04ed26b5e04061, display_name=Макс К., real_name=Макс Кокорин, first_name=Макс, last_name=Кокорин, sex=male, default_email=elims777@yandex.ru, emails=[elims777@yandex.ru], psuid=1.AA7nhw.A2K9WNWYbUo8NfRiVKxtwg.4lonSN9G8ZwpVp05mR20zA}], Credentials=[PROTECTED], Authenticated=true, Details=WebAuthenticationDetails [RemoteIpAddress=0:0:0:0:0:0:0:1, SessionId=2527928AF98D8E21D05A3A25BAB1F524], Granted Authorities=[OAUTH2_USER]]
2026-01-03 13:02:37.957 DEBUG 25012 --- [http-nio-9000-exec-2] r.r.authservice.aspect.LoggingAspect     : --- Executing util: OAuth2LoginSuccessHandler.onAuthenticationSuccess(..) with params: [org.springframework.security.web.header.HeaderWriterFilter$HeaderWriterRequest@6e2cff80, org.springframework.security.web.header.HeaderWriterFilter$HeaderWriterResponse@143cddae, OAuth2AuthenticationToken [Principal=Name: [elims777], Granted Authorities: [[OAUTH2_USER]], User Attributes: [{id=9703920, login=elims777, client_id=df043e8b879d4c719d04ed26b5e04061, display_name=Макс К., real_name=Макс Кокорин, first_name=Макс, last_name=Кокорин, sex=male, default_email=elims777@yandex.ru, emails=[elims777@yandex.ru], psuid=1.AA7nhw.A2K9WNWYbUo8NfRiVKxtwg.4lonSN9G8ZwpVp05mR20zA}], Credentials=[PROTECTED], Authenticated=true, Details=WebAuthenticationDetails [RemoteIpAddress=0:0:0:0:0:0:0:1, SessionId=2527928AF98D8E21D05A3A25BAB1F524], Granted Authorities=[OAUTH2_USER]]]
2026-01-03 13:02:37.959  INFO 25012 --- [http-nio-9000-exec-2] r.r.a.utils.OAuth2LoginSuccessHandler    : === OAuth2LoginSuccessHandler вызван ===
2026-01-03 13:02:37.960  INFO 25012 --- [http-nio-9000-exec-2] r.r.a.utils.OAuth2LoginSuccessHandler    : Request URI: /login/oauth2/code/yandex
2026-01-03 13:02:37.960  INFO 25012 --- [http-nio-9000-exec-2] r.r.a.utils.OAuth2LoginSuccessHandler    : OAuth2User attributes: {id=9703920, login=elims777, client_id=df043e8b879d4c719d04ed26b5e04061, display_name=Макс К., real_name=Макс Кокорин, first_name=Макс, last_name=Кокорин, sex=male, default_email=elims777@yandex.ru, emails=[elims777@yandex.ru], psuid=1.AA7nhw.A2K9WNWYbUo8NfRiVKxtwg.4lonSN9G8ZwpVp05mR20zA}
2026-01-03 13:02:37.960  INFO 25012 --- [http-nio-9000-exec-2] r.r.a.utils.OAuth2LoginSuccessHandler    : OAuth2 login для email: elims777@yandex.ru, firstname: Макс, lastname: Кокорин
2026-01-03 13:02:38.058 DEBUG 25012 --- [http-nio-9000-exec-2] o.s.web.client.RestTemplate              : HTTP POST http://localhost:8081/v1/users/oauth2-login
2026-01-03 13:02:38.092 DEBUG 25012 --- [http-nio-9000-exec-2] o.s.web.client.RestTemplate              : Accept=[application/json, application/*+json]
2026-01-03 13:02:38.109 DEBUG 25012 --- [http-nio-9000-exec-2] o.s.web.client.RestTemplate              : Writing [ru.rfsnab.authservice.models.dto.RegistrationRequest@44e5b035] with org.springframework.http.converter.json.MappingJackson2HttpMessageConverter
2026-01-03 13:02:38.480 DEBUG 25012 --- [http-nio-9000-exec-2] o.s.web.client.RestTemplate              : Response 200 OK
2026-01-03 13:02:38.481 DEBUG 25012 --- [http-nio-9000-exec-2] o.s.web.client.RestTemplate              : Reading to [ru.rfsnab.authservice.models.dto.UserDtoResponse]
2026-01-03 13:02:38.484  INFO 25012 --- [http-nio-9000-exec-2] r.r.a.utils.OAuth2LoginSuccessHandler    : OAuth2 login/register успешен для: elims777@yandex.ru
2026-01-03 13:02:38.484 DEBUG 25012 --- [http-nio-9000-exec-2] r.r.authservice.aspect.LoggingAspect     : --- Executing util: RoleExtractor.extractRoles(..) with params: [ru.rfsnab.authservice.models.dto.UserDtoResponse@58d6d052]
2026-01-03 13:02:38.485 DEBUG 25012 --- [http-nio-9000-exec-2] r.r.authservice.aspect.LoggingAspect     : --- Util completed: RoleExtractor.extractRoles(..) returned: ArrayList
2026-01-03 13:02:38.485 DEBUG 25012 --- [http-nio-9000-exec-2] r.r.authservice.aspect.LoggingAspect     : --- Executing util: JWTService.generateToken(..) with params: [elims777@yandex.ru, [ROLE_ADMIN]]
2026-01-03 13:02:38.586 DEBUG 25012 --- [http-nio-9000-exec-2] r.r.authservice.aspect.LoggingAspect     : --- Util completed: JWTService.generateToken(..) returned: String
2026-01-03 13:02:38.587 DEBUG 25012 --- [http-nio-9000-exec-2] r.r.authservice.aspect.LoggingAspect     : --- Executing util: JWTService.generateRefreshToken(..) with params: [elims777@yandex.ru, [ROLE_ADMIN]]
2026-01-03 13:02:38.587 DEBUG 25012 --- [http-nio-9000-exec-2] r.r.authservice.aspect.LoggingAspect     : --- Util completed: JWTService.generateRefreshToken(..) returned: String
2026-01-03 13:02:38.587  INFO 25012 --- [http-nio-9000-exec-2] r.r.a.utils.OAuth2LoginSuccessHandler    : Токены сгенерированы успешно
2026-01-03 13:02:38.588  INFO 25012 --- [http-nio-9000-exec-2] r.r.a.utils.OAuth2LoginSuccessHandler    : Access token: eyJhbGciOiJIUzI1NiJ9...
2026-01-03 13:02:38.592  INFO 25012 --- [http-nio-9000-exec-2] r.r.a.utils.OAuth2LoginSuccessHandler    : Редирект на: /oauth2/success?data=%7B%22access_token%22%3A%22eyJhbGciOiJIUzI1NiJ9.eyJzdWIiOiJlbGltczc3N0B5YW5kZXgucnUiLCJyb2xlcyI6WyJST0xFX0FETUlOIl0sImlhdCI6MTc2NzQzNDU1OCwiZXhwIjoxNzY3NDM4MTU4fQ.5rgfCGtCQC7-iV69W-aTt3UOC4Gv5KMuZo-DRKeK5Po%22%2C%22refresh_token%22%3A%22eyJhbGciOiJIUzI1NiJ9.eyJzdWIiOiJlbGltczc3N0B5YW5kZXgucnUiLCJyb2xlcyI6WyJST0xFX0FETUlOIl0sImlhdCI6MTc2NzQzNDU1OCwiZXhwIjoxNzY3NTIwOTU4fQ.O7urTG6V8FtcMhjm_yqYXE6ZiKFHwPv2_tpCPDoAcdo%22%2C%22token_type%22%3A%22Bearer%22%2C%22expires_in%22%3A3600%2C%22user%22%3A%7B%22id%22%3A12%2C%22email%22%3A%22elims777%40yandex.ru%22%2C%22firstname%22%3A%22%D0%9C%D0%B0%D0%BA%D1%81%22%2C%22lastname%22%3A%22%D0%9A%D0%BE%D0%BA%D0%BE%D1%80%D0%B8%D0%BD%22%2C%22surname%22%3Anull%2C%22createdAt%22%3A%222025-12-07T16%3A37%3A55.776851%22%2C%22updatedAt%22%3A%222025-12-07T16%3A38%3A19.666746%22%2C%22emailVerified%22%3Atrue%2C%22roles%22%3A%5B%7B%22id%22%3A1%2C%22name%22%3A%22ROLE_ADMIN%22%7D%5D%7D%7D
2026-01-03 13:02:38.593 DEBUG 25012 --- [http-nio-9000-exec-2] r.r.authservice.aspect.LoggingAspect     : --- Util completed: OAuth2LoginSuccessHandler.onAuthenticationSuccess(..) returned: null
2026-01-03 13:02:38.617 DEBUG 25012 --- [http-nio-9000-exec-3] o.s.security.web.FilterChainProxy        : Securing GET /oauth2/success?data=%7B%22access_token%22%3A%22eyJhbGciOiJIUzI1NiJ9.eyJzdWIiOiJlbGltczc3N0B5YW5kZXgucnUiLCJyb2xlcyI6WyJST0xFX0FETUlOIl0sImlhdCI6MTc2NzQzNDU1OCwiZXhwIjoxNzY3NDM4MTU4fQ.5rgfCGtCQC7-iV69W-aTt3UOC4Gv5KMuZo-DRKeK5Po%22%2C%22refresh_token%22%3A%22eyJhbGciOiJIUzI1NiJ9.eyJzdWIiOiJlbGltczc3N0B5YW5kZXgucnUiLCJyb2xlcyI6WyJST0xFX0FETUlOIl0sImlhdCI6MTc2NzQzNDU1OCwiZXhwIjoxNzY3NTIwOTU4fQ.O7urTG6V8FtcMhjm_yqYXE6ZiKFHwPv2_tpCPDoAcdo%22%2C%22token_type%22%3A%22Bearer%22%2C%22expires_in%22%3A3600%2C%22user%22%3A%7B%22id%22%3A12%2C%22email%22%3A%22elims777%40yandex.ru%22%2C%22firstname%22%3A%22%D0%9C%D0%B0%D0%BA%D1%81%22%2C%22lastname%22%3A%22%D0%9A%D0%BE%D0%BA%D0%BE%D1%80%D0%B8%D0%BD%22%2C%22surname%22%3Anull%2C%22createdAt%22%3A%222025-12-07T16%3A37%3A55.776851%22%2C%22updatedAt%22%3A%222025-12-07T16%3A38%3A19.666746%22%2C%22emailVerified%22%3Atrue%2C%22roles%22%3A%5B%7B%22id%22%3A1%2C%22name%22%3A%22ROLE_ADMIN%22%7D%5D%7D%7D
2026-01-03 13:02:38.619 DEBUG 25012 --- [http-nio-9000-exec-3] o.s.security.web.FilterChainProxy        : Secured GET /oauth2/success?data=%7B%22access_token%22%3A%22eyJhbGciOiJIUzI1NiJ9.eyJzdWIiOiJlbGltczc3N0B5YW5kZXgucnUiLCJyb2xlcyI6WyJST0xFX0FETUlOIl0sImlhdCI6MTc2NzQzNDU1OCwiZXhwIjoxNzY3NDM4MTU4fQ.5rgfCGtCQC7-iV69W-aTt3UOC4Gv5KMuZo-DRKeK5Po%22%2C%22refresh_token%22%3A%22eyJhbGciOiJIUzI1NiJ9.eyJzdWIiOiJlbGltczc3N0B5YW5kZXgucnUiLCJyb2xlcyI6WyJST0xFX0FETUlOIl0sImlhdCI6MTc2NzQzNDU1OCwiZXhwIjoxNzY3NTIwOTU4fQ.O7urTG6V8FtcMhjm_yqYXE6ZiKFHwPv2_tpCPDoAcdo%22%2C%22token_type%22%3A%22Bearer%22%2C%22expires_in%22%3A3600%2C%22user%22%3A%7B%22id%22%3A12%2C%22email%22%3A%22elims777%40yandex.ru%22%2C%22firstname%22%3A%22%D0%9C%D0%B0%D0%BA%D1%81%22%2C%22lastname%22%3A%22%D0%9A%D0%BE%D0%BA%D0%BE%D1%80%D0%B8%D0%BD%22%2C%22surname%22%3Anull%2C%22createdAt%22%3A%222025-12-07T16%3A37%3A55.776851%22%2C%22updatedAt%22%3A%222025-12-07T16%3A38%3A19.666746%22%2C%22emailVerified%22%3Atrue%2C%22roles%22%3A%5B%7B%22id%22%3A1%2C%22name%22%3A%22ROLE_ADMIN%22%7D%5D%7D%7D
2026-01-03 13:02:38.621 DEBUG 25012 --- [http-nio-9000-exec-3] o.s.web.servlet.DispatcherServlet        : GET "/oauth2/success?data=%7B%22access_token%22%3A%22eyJhbGciOiJIUzI1NiJ9.eyJzdWIiOiJlbGltczc3N0B5YW5kZXgucnUiLCJyb2xlcyI6WyJST0xFX0FETUlOIl0sImlhdCI6MTc2NzQzNDU1OCwiZXhwIjoxNzY3NDM4MTU4fQ.5rgfCGtCQC7-iV69W-aTt3UOC4Gv5KMuZo-DRKeK5Po%22%2C%22refresh_token%22%3A%22eyJhbGciOiJIUzI1NiJ9.eyJzdWIiOiJlbGltczc3N0B5YW5kZXgucnUiLCJyb2xlcyI6WyJST0xFX0FETUlOIl0sImlhdCI6MTc2NzQzNDU1OCwiZXhwIjoxNzY3NTIwOTU4fQ.O7urTG6V8FtcMhjm_yqYXE6ZiKFHwPv2_tpCPDoAcdo%22%2C%22token_type%22%3A%22Bearer%22%2C%22expires_in%22%3A3600%2C%22user%22%3A%7B%22id%22%3A12%2C%22email%22%3A%22elims777%40yandex.ru%22%2C%22firstname%22%3A%22%D0%9C%D0%B0%D0%BA%D1%81%22%2C%22lastname%22%3A%22%D0%9A%D0%BE%D0%BA%D0%BE%D1%80%D0%B8%D0%BD%22%2C%22surname%22%3Anull%2C%22createdAt%22%3A%222025-12-07T16%3A37%3A55.776851%22%2C%22updatedAt%22%3A%222025-12-07T16%3A38%3A19.666746%22%2C%22emailVerified%22%3Atrue%2C%22roles%22%3A%5B%7B%22id%22%3A1%2C%22name%22%3A%22ROLE_ADMIN%22%7D%5D%7D%7D", parameters={masked}
2026-01-03 13:02:38.621 DEBUG 25012 --- [http-nio-9000-exec-3] s.w.s.m.m.a.RequestMappingHandlerMapping : Mapped to ru.rfsnab.authservice.controllers.AuthPageController#success()
2026-01-03 13:02:38.631  INFO 25012 --- [http-nio-9000-exec-3] r.r.authservice.aspect.LoggingAspect     : >>> Incoming request: AuthPageController.success()
2026-01-03 13:02:38.631  INFO 25012 --- [http-nio-9000-exec-3] r.r.authservice.aspect.LoggingAspect     : <<< Response from: AuthPageController.success()
2026-01-03 13:02:38.641 DEBUG 25012 --- [http-nio-9000-exec-3] o.s.w.s.v.ContentNegotiatingViewResolver : Selected 'text/html' given [text/html, application/xhtml+xml, image/avif, image/webp, image/apng, application/xml;q=0.9, */*;q=0.8, application/signed-exchange;v=b3;q=0.7]
2026-01-03 13:02:38.803 DEBUG 25012 --- [http-nio-9000-exec-3] o.s.web.servlet.DispatcherServlet        : Completed 200 OK
2026-01-03 13:02:38.804 DEBUG 25012 --- [http-nio-9000-exec-3] w.c.HttpSessionSecurityContextRepository : Retrieved SecurityContextImpl [Authentication=OAuth2AuthenticationToken [Principal=Name: [elims777], Granted Authorities: [[OAUTH2_USER]], User Attributes: [{id=9703920, login=elims777, client_id=df043e8b879d4c719d04ed26b5e04061, display_name=Макс К., real_name=Макс Кокорин, first_name=Макс, last_name=Кокорин, sex=male, default_email=elims777@yandex.ru, emails=[elims777@yandex.ru], psuid=1.AA7nhw.A2K9WNWYbUo8NfRiVKxtwg.4lonSN9G8ZwpVp05mR20zA}], Credentials=[PROTECTED], Authenticated=true, Details=WebAuthenticationDetails [RemoteIpAddress=0:0:0:0:0:0:0:1, SessionId=2527928AF98D8E21D05A3A25BAB1F524], Granted Authorities=[OAUTH2_USER]]]
