2026-03-01 11:25:53.229  INFO 3728 --- [background-preinit] o.h.validator.internal.util.Version      : HV000001: Hibernate Validator 8.0.3.Final
2026-03-01 11:25:53.286  INFO 3728 --- [main] r.r.n.NotificationServiceApplication     : Starting NotificationServiceApplication using Java 21.0.8 with PID 3728 (D:\Max\java\my-application\ecommerce-platform\notification-service\target\classes started by elims in D:\Max\java\my-application\ecommerce-platform)
2026-03-01 11:25:53.287 DEBUG 3728 --- [main] r.r.n.NotificationServiceApplication     : Running with Spring Boot v3.5.9, Spring v6.2.15
2026-03-01 11:25:53.288  INFO 3728 --- [main] r.r.n.NotificationServiceApplication     : No active profile set, falling back to 1 default profile: "default"
2026-03-01 11:25:54.044  INFO 3728 --- [main] .s.d.r.c.RepositoryConfigurationDelegate : Bootstrapping Spring Data JPA repositories in DEFAULT mode.
2026-03-01 11:25:54.089  INFO 3728 --- [main] .s.d.r.c.RepositoryConfigurationDelegate : Finished Spring Data repository scanning in 38 ms. Found 1 JPA repository interface.
2026-03-01 11:25:54.631  INFO 3728 --- [main] o.s.b.w.embedded.tomcat.TomcatWebServer  : Tomcat initialized with port 8082 (http)
2026-03-01 11:25:54.643  INFO 3728 --- [main] o.a.coyote.http11.Http11NioProtocol      : Initializing ProtocolHandler ["http-nio-8082"]
2026-03-01 11:25:54.645  INFO 3728 --- [main] o.apache.catalina.core.StandardService   : Starting service [Tomcat]
2026-03-01 11:25:54.645  INFO 3728 --- [main] o.apache.catalina.core.StandardEngine    : Starting Servlet engine: [Apache Tomcat/10.1.50]
2026-03-01 11:25:54.705  INFO 3728 --- [main] o.a.c.c.C.[Tomcat].[localhost].[/]       : Initializing Spring embedded WebApplicationContext
2026-03-01 11:25:54.706  INFO 3728 --- [main] w.s.c.ServletWebServerApplicationContext : Root WebApplicationContext: initialization completed in 1374 ms
2026-03-01 11:25:54.888  INFO 3728 --- [main] o.hibernate.jpa.internal.util.LogHelper  : HHH000204: Processing PersistenceUnitInfo [name: default]
2026-03-01 11:25:54.949  INFO 3728 --- [main] org.hibernate.Version                    : HHH000412: Hibernate ORM core version 6.6.39.Final
2026-03-01 11:25:54.981  INFO 3728 --- [main] o.h.c.internal.RegionFactoryInitiator    : HHH000026: Second-level cache disabled
2026-03-01 11:25:55.258  INFO 3728 --- [main] o.s.o.j.p.SpringPersistenceUnitInfo      : No LoadTimeWeaver setup: ignoring JPA class transformer
2026-03-01 11:25:55.288  INFO 3728 --- [main] com.zaxxer.hikari.HikariDataSource       : HikariPool-1 - Starting...
2026-03-01 11:25:55.438  INFO 3728 --- [main] com.zaxxer.hikari.pool.HikariPool        : HikariPool-1 - Added connection org.postgresql.jdbc.PgConnection@4cadd4d4
2026-03-01 11:25:55.442  INFO 3728 --- [main] com.zaxxer.hikari.HikariDataSource       : HikariPool-1 - Start completed.
2026-03-01 11:25:55.495  WARN 3728 --- [main] org.hibernate.orm.deprecation            : HHH90000025: PostgreSQLDialect does not need to be specified explicitly using 'hibernate.dialect' (remove the property setting and it will be selected by default)
2026-03-01 11:25:55.525  INFO 3728 --- [main] org.hibernate.orm.connections.pooling    : HHH10001005: Database info:
	Database JDBC URL [Connecting through datasource 'HikariDataSource (HikariPool-1)']
	Database driver: undefined/unknown
	Database version: 16.11
	Autocommit mode: undefined/unknown
	Isolation level: undefined/unknown
	Minimum pool size: undefined/unknown
	Maximum pool size: undefined/unknown
2026-03-01 11:25:56.281  INFO 3728 --- [main] o.h.e.t.j.p.i.JtaPlatformInitiator       : HHH000489: No JTA platform available (set 'hibernate.transaction.jta.platform' to enable JTA platform integration)
2026-03-01 11:25:56.372  INFO 3728 --- [main] j.LocalContainerEntityManagerFactoryBean : Initialized JPA EntityManagerFactory for persistence unit 'default'
2026-03-01 11:25:56.771  INFO 3728 --- [main] r.r.n.handler.NotificationRouter         : Зарегистрировано 2 notification handler(s): [OrderHandler, UserRegisteredHandler]
2026-03-01 11:25:56.879  WARN 3728 --- [main] JpaBaseConfiguration$JpaWebConfiguration : spring.jpa.open-in-view is enabled by default. Therefore, database queries may be performed during view rendering. Explicitly configure spring.jpa.open-in-view to disable this warning
2026-03-01 11:25:57.351  INFO 3728 --- [main] o.a.coyote.http11.Http11NioProtocol      : Starting ProtocolHandler ["http-nio-8082"]
2026-03-01 11:25:57.368  INFO 3728 --- [main] o.s.b.w.embedded.tomcat.TomcatWebServer  : Tomcat started on port 8082 (http) with context path '/'
2026-03-01 11:25:57.409  INFO 3728 --- [main] o.a.k.clients.consumer.ConsumerConfig    : ConsumerConfig values: 
	allow.auto.create.topics = true
	auto.commit.interval.ms = 5000
	auto.include.jmx.reporter = true
	auto.offset.reset = earliest
	bootstrap.servers = [localhost:9092]
	check.crcs = true
	client.dns.lookup = use_all_dns_ips
	client.id = consumer-notification-service-group-1
	client.rack = 
	connections.max.idle.ms = 540000
	default.api.timeout.ms = 60000
	enable.auto.commit = false
	enable.metrics.push = true
	exclude.internal.topics = true
	fetch.max.bytes = 52428800
	fetch.max.wait.ms = 500
	fetch.min.bytes = 1
	group.id = notification-service-group
	group.instance.id = null
	group.protocol = classic
	group.remote.assignor = null
	heartbeat.interval.ms = 3000
	interceptor.classes = []
	internal.leave.group.on.close = true
	internal.throw.on.fetch.stable.offset.unsupported = false
	isolation.level = read_uncommitted
	key.deserializer = class org.apache.kafka.common.serialization.StringDeserializer
	max.partition.fetch.bytes = 1048576
	max.poll.interval.ms = 300000
	max.poll.records = 500
	metadata.max.age.ms = 300000
	metadata.recovery.strategy = none
	metric.reporters = []
	metrics.num.samples = 2
	metrics.recording.level = INFO
	metrics.sample.window.ms = 30000
	partition.assignment.strategy = [class org.apache.kafka.clients.consumer.RangeAssignor, class org.apache.kafka.clients.consumer.CooperativeStickyAssignor]
	receive.buffer.bytes = 65536
	reconnect.backoff.max.ms = 1000
	reconnect.backoff.ms = 50
	request.timeout.ms = 30000
	retry.backoff.max.ms = 1000
	retry.backoff.ms = 100
	sasl.client.callback.handler.class = null
	sasl.jaas.config = null
	sasl.kerberos.kinit.cmd = /usr/bin/kinit
	sasl.kerberos.min.time.before.relogin = 60000
	sasl.kerberos.service.name = null
	sasl.kerberos.ticket.renew.jitter = 0.05
	sasl.kerberos.ticket.renew.window.factor = 0.8
	sasl.login.callback.handler.class = null
	sasl.login.class = null
	sasl.login.connect.timeout.ms = null
	sasl.login.read.timeout.ms = null
	sasl.login.refresh.buffer.seconds = 300
	sasl.login.refresh.min.period.seconds = 60
	sasl.login.refresh.window.factor = 0.8
	sasl.login.refresh.window.jitter = 0.05
	sasl.login.retry.backoff.max.ms = 10000
	sasl.login.retry.backoff.ms = 100
	sasl.mechanism = GSSAPI
	sasl.oauthbearer.clock.skew.seconds = 30
	sasl.oauthbearer.expected.audience = null
	sasl.oauthbearer.expected.issuer = null
	sasl.oauthbearer.header.urlencode = false
	sasl.oauthbearer.jwks.endpoint.refresh.ms = 3600000
	sasl.oauthbearer.jwks.endpoint.retry.backoff.max.ms = 10000
	sasl.oauthbearer.jwks.endpoint.retry.backoff.ms = 100
	sasl.oauthbearer.jwks.endpoint.url = null
	sasl.oauthbearer.scope.claim.name = scope
	sasl.oauthbearer.sub.claim.name = sub
	sasl.oauthbearer.token.endpoint.url = null
	security.protocol = PLAINTEXT
	security.providers = null
	send.buffer.bytes = 131072
	session.timeout.ms = 45000
	socket.connection.setup.timeout.max.ms = 30000
	socket.connection.setup.timeout.ms = 10000
	ssl.cipher.suites = null
	ssl.enabled.protocols = [TLSv1.2, TLSv1.3]
	ssl.endpoint.identification.algorithm = https
	ssl.engine.factory.class = null
	ssl.key.password = null
	ssl.keymanager.algorithm = SunX509
	ssl.keystore.certificate.chain = null
	ssl.keystore.key = null
	ssl.keystore.location = null
	ssl.keystore.password = null
	ssl.keystore.type = JKS
	ssl.protocol = TLSv1.3
	ssl.provider = null
	ssl.secure.random.implementation = null
	ssl.trustmanager.algorithm = PKIX
	ssl.truststore.certificates = null
	ssl.truststore.location = null
	ssl.truststore.password = null
	ssl.truststore.type = JKS
	value.deserializer = class org.apache.kafka.common.serialization.StringDeserializer

2026-03-01 11:25:57.462  INFO 3728 --- [main] o.a.k.c.t.i.KafkaMetricsCollector        : initializing Kafka metrics collector
2026-03-01 11:25:57.546  INFO 3728 --- [main] o.a.kafka.common.utils.AppInfoParser     : Kafka version: 3.9.1
2026-03-01 11:25:57.546  INFO 3728 --- [main] o.a.kafka.common.utils.AppInfoParser     : Kafka commitId: f745dfdcee2b9851
2026-03-01 11:25:57.546  INFO 3728 --- [main] o.a.kafka.common.utils.AppInfoParser     : Kafka startTimeMs: 1772353557545
2026-03-01 11:25:57.549  INFO 3728 --- [main] o.a.k.c.c.i.ClassicKafkaConsumer         : [Consumer clientId=consumer-notification-service-group-1, groupId=notification-service-group] Subscribed to topic(s): user-events, order-events
2026-03-01 11:25:57.567  INFO 3728 --- [main] r.r.n.NotificationServiceApplication     : Started NotificationServiceApplication in 5.011 seconds (process running for 5.744)
2026-03-01 11:25:57.961  INFO 3728 --- [org.springframework.kafka.KafkaListenerEndpointContainer#0-0-C-1] org.apache.kafka.clients.NetworkClient   : [Consumer clientId=consumer-notification-service-group-1, groupId=notification-service-group] Node -1 disconnected.
2026-03-01 11:25:57.964  INFO 3728 --- [org.springframework.kafka.KafkaListenerEndpointContainer#0-0-C-1] org.apache.kafka.clients.NetworkClient   : [Consumer clientId=consumer-notification-service-group-1, groupId=notification-service-group] Cancelled in-flight API_VERSIONS request with correlation id 1 due to node -1 being disconnected (elapsed time since creation: 41ms, elapsed time since send: 41ms, throttle time: 0ms, request timeout: 30000ms)
2026-03-01 11:25:57.965  WARN 3728 --- [org.springframework.kafka.KafkaListenerEndpointContainer#0-0-C-1] org.apache.kafka.clients.NetworkClient   : [Consumer clientId=consumer-notification-service-group-1, groupId=notification-service-group] Bootstrap broker localhost:9092 (id: -1 rack: null) disconnected
2026-03-01 11:25:58.058  INFO 3728 --- [org.springframework.kafka.KafkaListenerEndpointContainer#0-0-C-1] org.apache.kafka.clients.NetworkClient   : [Consumer clientId=consumer-notification-service-group-1, groupId=notification-service-group] Node -1 disconnected.
2026-03-01 11:25:58.058  INFO 3728 --- [org.springframework.kafka.KafkaListenerEndpointContainer#0-0-C-1] org.apache.kafka.clients.NetworkClient   : [Consumer clientId=consumer-notification-service-group-1, groupId=notification-service-group] Cancelled in-flight API_VERSIONS request with correlation id 2 due to node -1 being disconnected (elapsed time since creation: 4ms, elapsed time since send: 4ms, throttle time: 0ms, request timeout: 30000ms)
2026-03-01 11:25:58.058  WARN 3728 --- [org.springframework.kafka.KafkaListenerEndpointContainer#0-0-C-1] org.apache.kafka.clients.NetworkClient   : [Consumer clientId=consumer-notification-service-group-1, groupId=notification-service-group] Bootstrap broker localhost:9092 (id: -1 rack: null) disconnected
2026-03-01 11:25:58.184  INFO 3728 --- [org.springframework.kafka.KafkaListenerEndpointContainer#0-0-C-1] org.apache.kafka.clients.NetworkClient   : [Consumer clientId=consumer-notification-service-group-1, groupId=notification-service-group] Node -1 disconnected.
2026-03-01 11:25:58.184  INFO 3728 --- [org.springframework.kafka.KafkaListenerEndpointContainer#0-0-C-1] org.apache.kafka.clients.NetworkClient   : [Consumer clientId=consumer-notification-service-group-1, groupId=notification-service-group] Cancelled in-flight API_VERSIONS request with correlation id 3 due to node -1 being disconnected (elapsed time since creation: 2ms, elapsed time since send: 2ms, throttle time: 0ms, request timeout: 30000ms)
2026-03-01 11:25:58.185  WARN 3728 --- [org.springframework.kafka.KafkaListenerEndpointContainer#0-0-C-1] org.apache.kafka.clients.NetworkClient   : [Consumer clientId=consumer-notification-service-group-1, groupId=notification-service-group] Bootstrap broker localhost:9092 (id: -1 rack: null) disconnected
2026-03-01 11:25:58.433  INFO 3728 --- [org.springframework.kafka.KafkaListenerEndpointContainer#0-0-C-1] org.apache.kafka.clients.NetworkClient   : [Consumer clientId=consumer-notification-service-group-1, groupId=notification-service-group] Node -1 disconnected.
2026-03-01 11:25:58.434  INFO 3728 --- [org.springframework.kafka.KafkaListenerEndpointContainer#0-0-C-1] org.apache.kafka.clients.NetworkClient   : [Consumer clientId=consumer-notification-service-group-1, groupId=notification-service-group] Cancelled in-flight API_VERSIONS request with correlation id 4 due to node -1 being disconnected (elapsed time since creation: 1ms, elapsed time since send: 1ms, throttle time: 0ms, request timeout: 30000ms)
2026-03-01 11:25:58.434  WARN 3728 --- [org.springframework.kafka.KafkaListenerEndpointContainer#0-0-C-1] org.apache.kafka.clients.NetworkClient   : [Consumer clientId=consumer-notification-service-group-1, groupId=notification-service-group] Bootstrap broker localhost:9092 (id: -1 rack: null) disconnected
2026-03-01 11:25:58.851  INFO 3728 --- [org.springframework.kafka.KafkaListenerEndpointContainer#0-0-C-1] org.apache.kafka.clients.NetworkClient   : [Consumer clientId=consumer-notification-service-group-1, groupId=notification-service-group] Node -1 disconnected.
2026-03-01 11:25:58.852  INFO 3728 --- [org.springframework.kafka.KafkaListenerEndpointContainer#0-0-C-1] org.apache.kafka.clients.NetworkClient   : [Consumer clientId=consumer-notification-service-group-1, groupId=notification-service-group] Cancelled in-flight API_VERSIONS request with correlation id 5 due to node -1 being disconnected (elapsed time since creation: 1ms, elapsed time since send: 1ms, throttle time: 0ms, request timeout: 30000ms)
2026-03-01 11:25:58.852  WARN 3728 --- [org.springframework.kafka.KafkaListenerEndpointContainer#0-0-C-1] org.apache.kafka.clients.NetworkClient   : [Consumer clientId=consumer-notification-service-group-1, groupId=notification-service-group] Bootstrap broker localhost:9092 (id: -1 rack: null) disconnected
2026-03-01 11:25:59.539  INFO 3728 --- [org.springframework.kafka.KafkaListenerEndpointContainer#0-0-C-1] org.apache.kafka.clients.NetworkClient   : [Consumer clientId=consumer-notification-service-group-1, groupId=notification-service-group] Node -1 disconnected.
2026-03-01 11:25:59.540  INFO 3728 --- [org.springframework.kafka.KafkaListenerEndpointContainer#0-0-C-1] org.apache.kafka.clients.NetworkClient   : [Consumer clientId=consumer-notification-service-group-1, groupId=notification-service-group] Cancelled in-flight API_VERSIONS request with correlation id 6 due to node -1 being disconnected (elapsed time since creation: 2ms, elapsed time since send: 2ms, throttle time: 0ms, request timeout: 30000ms)
2026-03-01 11:25:59.540  WARN 3728 --- [org.springframework.kafka.KafkaListenerEndpointContainer#0-0-C-1] org.apache.kafka.clients.NetworkClient   : [Consumer clientId=consumer-notification-service-group-1, groupId=notification-service-group] Bootstrap broker localhost:9092 (id: -1 rack: null) disconnected
2026-03-01 11:26:00.534  INFO 3728 --- [org.springframework.kafka.KafkaListenerEndpointContainer#0-0-C-1] org.apache.kafka.clients.NetworkClient   : [Consumer clientId=consumer-notification-service-group-1, groupId=notification-service-group] Node -1 disconnected.
2026-03-01 11:26:00.534  INFO 3728 --- [org.springframework.kafka.KafkaListenerEndpointContainer#0-0-C-1] org.apache.kafka.clients.NetworkClient   : [Consumer clientId=consumer-notification-service-group-1, groupId=notification-service-group] Cancelled in-flight API_VERSIONS request with correlation id 7 due to node -1 being disconnected (elapsed time since creation: 2ms, elapsed time since send: 2ms, throttle time: 0ms, request timeout: 30000ms)
2026-03-01 11:26:00.535  WARN 3728 --- [org.springframework.kafka.KafkaListenerEndpointContainer#0-0-C-1] org.apache.kafka.clients.NetworkClient   : [Consumer clientId=consumer-notification-service-group-1, groupId=notification-service-group] Bootstrap broker localhost:9092 (id: -1 rack: null) disconnected
2026-03-01 11:26:01.591  INFO 3728 --- [org.springframework.kafka.KafkaListenerEndpointContainer#0-0-C-1] org.apache.kafka.clients.NetworkClient   : [Consumer clientId=consumer-notification-service-group-1, groupId=notification-service-group] Node -1 disconnected.
2026-03-01 11:26:01.592  INFO 3728 --- [org.springframework.kafka.KafkaListenerEndpointContainer#0-0-C-1] org.apache.kafka.clients.NetworkClient   : [Consumer clientId=consumer-notification-service-group-1, groupId=notification-service-group] Cancelled in-flight API_VERSIONS request with correlation id 8 due to node -1 being disconnected (elapsed time since creation: 2ms, elapsed time since send: 2ms, throttle time: 0ms, request timeout: 30000ms)
2026-03-01 11:26:01.592  WARN 3728 --- [org.springframework.kafka.KafkaListenerEndpointContainer#0-0-C-1] org.apache.kafka.clients.NetworkClient   : [Consumer clientId=consumer-notification-service-group-1, groupId=notification-service-group] Bootstrap broker localhost:9092 (id: -1 rack: null) disconnected
2026-03-01 11:26:02.579  INFO 3728 --- [org.springframework.kafka.KafkaListenerEndpointContainer#0-0-C-1] org.apache.kafka.clients.NetworkClient   : [Consumer clientId=consumer-notification-service-group-1, groupId=notification-service-group] Node -1 disconnected.
2026-03-01 11:26:02.579  INFO 3728 --- [org.springframework.kafka.KafkaListenerEndpointContainer#0-0-C-1] org.apache.kafka.clients.NetworkClient   : [Consumer clientId=consumer-notification-service-group-1, groupId=notification-service-group] Cancelled in-flight API_VERSIONS request with correlation id 9 due to node -1 being disconnected (elapsed time since creation: 2ms, elapsed time since send: 2ms, throttle time: 0ms, request timeout: 30000ms)
2026-03-01 11:26:02.579  WARN 3728 --- [org.springframework.kafka.KafkaListenerEndpointContainer#0-0-C-1] org.apache.kafka.clients.NetworkClient   : [Consumer clientId=consumer-notification-service-group-1, groupId=notification-service-group] Bootstrap broker localhost:9092 (id: -1 rack: null) disconnected
2026-03-01 11:26:03.586  INFO 3728 --- [org.springframework.kafka.KafkaListenerEndpointContainer#0-0-C-1] org.apache.kafka.clients.NetworkClient   : [Consumer clientId=consumer-notification-service-group-1, groupId=notification-service-group] Node -1 disconnected.
2026-03-01 11:26:03.586  INFO 3728 --- [org.springframework.kafka.KafkaListenerEndpointContainer#0-0-C-1] org.apache.kafka.clients.NetworkClient   : [Consumer clientId=consumer-notification-service-group-1, groupId=notification-service-group] Cancelled in-flight API_VERSIONS request with correlation id 11 due to node -1 being disconnected (elapsed time since creation: 1ms, elapsed time since send: 1ms, throttle time: 0ms, request timeout: 30000ms)
2026-03-01 11:26:03.586  WARN 3728 --- [org.springframework.kafka.KafkaListenerEndpointContainer#0-0-C-1] org.apache.kafka.clients.NetworkClient   : [Consumer clientId=consumer-notification-service-group-1, groupId=notification-service-group] Bootstrap broker localhost:9092 (id: -1 rack: null) disconnected
2026-03-01 11:26:04.597  INFO 3728 --- [org.springframework.kafka.KafkaListenerEndpointContainer#0-0-C-1] org.apache.kafka.clients.NetworkClient   : [Consumer clientId=consumer-notification-service-group-1, groupId=notification-service-group] Node -1 disconnected.
2026-03-01 11:26:04.597  INFO 3728 --- [org.springframework.kafka.KafkaListenerEndpointContainer#0-0-C-1] org.apache.kafka.clients.NetworkClient   : [Consumer clientId=consumer-notification-service-group-1, groupId=notification-service-group] Cancelled in-flight API_VERSIONS request with correlation id 12 due to node -1 being disconnected (elapsed time since creation: 2ms, elapsed time since send: 2ms, throttle time: 0ms, request timeout: 30000ms)
2026-03-01 11:26:04.597  WARN 3728 --- [org.springframework.kafka.KafkaListenerEndpointContainer#0-0-C-1] org.apache.kafka.clients.NetworkClient   : [Consumer clientId=consumer-notification-service-group-1, groupId=notification-service-group] Bootstrap broker localhost:9092 (id: -1 rack: null) disconnected
2026-03-01 11:26:05.609  INFO 3728 --- [org.springframework.kafka.KafkaListenerEndpointContainer#0-0-C-1] org.apache.kafka.clients.NetworkClient   : [Consumer clientId=consumer-notification-service-group-1, groupId=notification-service-group] Node -1 disconnected.
2026-03-01 11:26:05.610  INFO 3728 --- [org.springframework.kafka.KafkaListenerEndpointContainer#0-0-C-1] org.apache.kafka.clients.NetworkClient   : [Consumer clientId=consumer-notification-service-group-1, groupId=notification-service-group] Cancelled in-flight API_VERSIONS request with correlation id 13 due to node -1 being disconnected (elapsed time since creation: 1ms, elapsed time since send: 1ms, throttle time: 0ms, request timeout: 30000ms)
2026-03-01 11:26:05.610  WARN 3728 --- [org.springframework.kafka.KafkaListenerEndpointContainer#0-0-C-1] org.apache.kafka.clients.NetworkClient   : [Consumer clientId=consumer-notification-service-group-1, groupId=notification-service-group] Bootstrap broker localhost:9092 (id: -1 rack: null) disconnected
2026-03-01 11:26:06.623  INFO 3728 --- [org.springframework.kafka.KafkaListenerEndpointContainer#0-0-C-1] org.apache.kafka.clients.NetworkClient   : [Consumer clientId=consumer-notification-service-group-1, groupId=notification-service-group] Node -1 disconnected.
2026-03-01 11:26:06.623  WARN 3728 --- [org.springframework.kafka.KafkaListenerEndpointContainer#0-0-C-1] org.apache.kafka.clients.NetworkClient   : [Consumer clientId=consumer-notification-service-group-1, groupId=notification-service-group] Connection to node -1 (localhost/127.0.0.1:9092) could not be established. Node may not be available.
2026-03-01 11:26:06.623  WARN 3728 --- [org.springframework.kafka.KafkaListenerEndpointContainer#0-0-C-1] org.apache.kafka.clients.NetworkClient   : [Consumer clientId=consumer-notification-service-group-1, groupId=notification-service-group] Bootstrap broker localhost:9092 (id: -1 rack: null) disconnected
2026-03-01 11:26:07.697  INFO 3728 --- [org.springframework.kafka.KafkaListenerEndpointContainer#0-0-C-1] org.apache.kafka.clients.NetworkClient   : [Consumer clientId=consumer-notification-service-group-1, groupId=notification-service-group] Node -1 disconnected.
2026-03-01 11:26:07.697  INFO 3728 --- [org.springframework.kafka.KafkaListenerEndpointContainer#0-0-C-1] org.apache.kafka.clients.NetworkClient   : [Consumer clientId=consumer-notification-service-group-1, groupId=notification-service-group] Cancelled in-flight API_VERSIONS request with correlation id 14 due to node -1 being disconnected (elapsed time since creation: 1ms, elapsed time since send: 1ms, throttle time: 0ms, request timeout: 30000ms)
2026-03-01 11:26:07.697  WARN 3728 --- [org.springframework.kafka.KafkaListenerEndpointContainer#0-0-C-1] org.apache.kafka.clients.NetworkClient   : [Consumer clientId=consumer-notification-service-group-1, groupId=notification-service-group] Bootstrap broker localhost:9092 (id: -1 rack: null) disconnected
2026-03-01 11:26:08.700  INFO 3728 --- [org.springframework.kafka.KafkaListenerEndpointContainer#0-0-C-1] org.apache.kafka.clients.NetworkClient   : [Consumer clientId=consumer-notification-service-group-1, groupId=notification-service-group] Node -1 disconnected.
2026-03-01 11:26:08.700  INFO 3728 --- [org.springframework.kafka.KafkaListenerEndpointContainer#0-0-C-1] org.apache.kafka.clients.NetworkClient   : [Consumer clientId=consumer-notification-service-group-1, groupId=notification-service-group] Cancelled in-flight API_VERSIONS request with correlation id 15 due to node -1 being disconnected (elapsed time since creation: 1ms, elapsed time since send: 1ms, throttle time: 0ms, request timeout: 30000ms)
2026-03-01 11:26:08.700  WARN 3728 --- [org.springframework.kafka.KafkaListenerEndpointContainer#0-0-C-1] org.apache.kafka.clients.NetworkClient   : [Consumer clientId=consumer-notification-service-group-1, groupId=notification-service-group] Bootstrap broker localhost:9092 (id: -1 rack: null) disconnected
2026-03-01 11:26:09.705  INFO 3728 --- [org.springframework.kafka.KafkaListenerEndpointContainer#0-0-C-1] org.apache.kafka.clients.NetworkClient   : [Consumer clientId=consumer-notification-service-group-1, groupId=notification-service-group] Node -1 disconnected.
2026-03-01 11:26:09.706  INFO 3728 --- [org.springframework.kafka.KafkaListenerEndpointContainer#0-0-C-1] org.apache.kafka.clients.NetworkClient   : [Consumer clientId=consumer-notification-service-group-1, groupId=notification-service-group] Cancelled in-flight API_VERSIONS request with correlation id 16 due to node -1 being disconnected (elapsed time since creation: 2ms, elapsed time since send: 2ms, throttle time: 0ms, request timeout: 30000ms)
2026-03-01 11:26:09.706  WARN 3728 --- [org.springframework.kafka.KafkaListenerEndpointContainer#0-0-C-1] org.apache.kafka.clients.NetworkClient   : [Consumer clientId=consumer-notification-service-group-1, groupId=notification-service-group] Bootstrap broker localhost:9092 (id: -1 rack: null) disconnected
2026-03-01 11:26:10.705  INFO 3728 --- [org.springframework.kafka.KafkaListenerEndpointContainer#0-0-C-1] org.apache.kafka.clients.NetworkClient   : [Consumer clientId=consumer-notification-service-group-1, groupId=notification-service-group] Node -1 disconnected.
2026-03-01 11:26:10.705  INFO 3728 --- [org.springframework.kafka.KafkaListenerEndpointContainer#0-0-C-1] org.apache.kafka.clients.NetworkClient   : [Consumer clientId=consumer-notification-service-group-1, groupId=notification-service-group] Cancelled in-flight API_VERSIONS request with correlation id 17 due to node -1 being disconnected (elapsed time since creation: 1ms, elapsed time since send: 1ms, throttle time: 0ms, request timeout: 30000ms)
2026-03-01 11:26:10.706  WARN 3728 --- [org.springframework.kafka.KafkaListenerEndpointContainer#0-0-C-1] org.apache.kafka.clients.NetworkClient   : [Consumer clientId=consumer-notification-service-group-1, groupId=notification-service-group] Bootstrap broker localhost:9092 (id: -1 rack: null) disconnected
2026-03-01 11:26:11.883  WARN 3728 --- [org.springframework.kafka.KafkaListenerEndpointContainer#0-0-C-1] org.apache.kafka.clients.NetworkClient   : [Consumer clientId=consumer-notification-service-group-1, groupId=notification-service-group] The metadata response from the cluster reported a recoverable issue with correlation id 20 : {user-events=LEADER_NOT_AVAILABLE, order-events=LEADER_NOT_AVAILABLE}
2026-03-01 11:26:11.885  INFO 3728 --- [org.springframework.kafka.KafkaListenerEndpointContainer#0-0-C-1] org.apache.kafka.clients.Metadata        : [Consumer clientId=consumer-notification-service-group-1, groupId=notification-service-group] Cluster ID: WnlpH66PTB2jvW0PGV5wCg
2026-03-01 11:26:12.117  INFO 3728 --- [org.springframework.kafka.KafkaListenerEndpointContainer#0-0-C-1] o.a.k.c.c.internals.ConsumerCoordinator  : [Consumer clientId=consumer-notification-service-group-1, groupId=notification-service-group] Discovered group coordinator localhost:9092 (id: 2147483646 rack: null)
2026-03-01 11:26:12.121  INFO 3728 --- [org.springframework.kafka.KafkaListenerEndpointContainer#0-0-C-1] o.a.k.c.c.internals.ConsumerCoordinator  : [Consumer clientId=consumer-notification-service-group-1, groupId=notification-service-group] (Re-)joining group
2026-03-01 11:26:12.149  INFO 3728 --- [org.springframework.kafka.KafkaListenerEndpointContainer#0-0-C-1] o.a.k.c.c.internals.ConsumerCoordinator  : [Consumer clientId=consumer-notification-service-group-1, groupId=notification-service-group] Request joining group due to: need to re-join with the given member-id: consumer-notification-service-group-1-11b0145a-aadb-439e-9970-5f137d8e9848
2026-03-01 11:26:12.149  INFO 3728 --- [org.springframework.kafka.KafkaListenerEndpointContainer#0-0-C-1] o.a.k.c.c.internals.ConsumerCoordinator  : [Consumer clientId=consumer-notification-service-group-1, groupId=notification-service-group] (Re-)joining group
2026-03-01 11:26:15.165  INFO 3728 --- [org.springframework.kafka.KafkaListenerEndpointContainer#0-0-C-1] o.a.k.c.c.internals.ConsumerCoordinator  : [Consumer clientId=consumer-notification-service-group-1, groupId=notification-service-group] Successfully joined group with generation Generation{generationId=3, memberId='consumer-notification-service-group-1-11b0145a-aadb-439e-9970-5f137d8e9848', protocol='range'}
2026-03-01 11:26:15.172  INFO 3728 --- [org.springframework.kafka.KafkaListenerEndpointContainer#0-0-C-1] o.a.k.c.c.internals.ConsumerCoordinator  : [Consumer clientId=consumer-notification-service-group-1, groupId=notification-service-group] Finished assignment for group at generation 3: {consumer-notification-service-group-1-11b0145a-aadb-439e-9970-5f137d8e9848=Assignment(partitions=[user-events-0, order-events-0])}
2026-03-01 11:26:15.214  INFO 3728 --- [org.springframework.kafka.KafkaListenerEndpointContainer#0-0-C-1] o.a.k.c.c.internals.ConsumerCoordinator  : [Consumer clientId=consumer-notification-service-group-1, groupId=notification-service-group] Successfully synced group in generation Generation{generationId=3, memberId='consumer-notification-service-group-1-11b0145a-aadb-439e-9970-5f137d8e9848', protocol='range'}
2026-03-01 11:26:15.215  INFO 3728 --- [org.springframework.kafka.KafkaListenerEndpointContainer#0-0-C-1] o.a.k.c.c.internals.ConsumerCoordinator  : [Consumer clientId=consumer-notification-service-group-1, groupId=notification-service-group] Notifying assignor about the new Assignment(partitions=[user-events-0, order-events-0])
2026-03-01 11:26:15.220  INFO 3728 --- [org.springframework.kafka.KafkaListenerEndpointContainer#0-0-C-1] k.c.c.i.ConsumerRebalanceListenerInvoker : [Consumer clientId=consumer-notification-service-group-1, groupId=notification-service-group] Adding newly assigned partitions: order-events-0, user-events-0
2026-03-01 11:26:15.241  INFO 3728 --- [org.springframework.kafka.KafkaListenerEndpointContainer#0-0-C-1] o.a.k.c.c.internals.ConsumerCoordinator  : [Consumer clientId=consumer-notification-service-group-1, groupId=notification-service-group] Found no committed offset for partition user-events-0
2026-03-01 11:26:15.241  INFO 3728 --- [org.springframework.kafka.KafkaListenerEndpointContainer#0-0-C-1] o.a.k.c.c.internals.ConsumerCoordinator  : [Consumer clientId=consumer-notification-service-group-1, groupId=notification-service-group] Found no committed offset for partition order-events-0
2026-03-01 11:26:15.263  INFO 3728 --- [org.springframework.kafka.KafkaListenerEndpointContainer#0-0-C-1] o.a.k.c.c.internals.SubscriptionState    : [Consumer clientId=consumer-notification-service-group-1, groupId=notification-service-group] Resetting offset for partition user-events-0 to position FetchPosition{offset=0, offsetEpoch=Optional.empty, currentLeader=LeaderAndEpoch{leader=Optional[localhost:9092 (id: 1 rack: null)], epoch=0}}.
2026-03-01 11:26:15.264  INFO 3728 --- [org.springframework.kafka.KafkaListenerEndpointContainer#0-0-C-1] o.a.k.c.c.internals.SubscriptionState    : [Consumer clientId=consumer-notification-service-group-1, groupId=notification-service-group] Resetting offset for partition order-events-0 to position FetchPosition{offset=0, offsetEpoch=Optional.empty, currentLeader=LeaderAndEpoch{leader=Optional[localhost:9092 (id: 1 rack: null)], epoch=0}}.
2026-03-01 11:26:15.265  INFO 3728 --- [org.springframework.kafka.KafkaListenerEndpointContainer#0-0-C-1] o.s.k.l.KafkaMessageListenerContainer    : notification-service-group: partitions assigned: [order-events-0, user-events-0]
2026-03-01 11:36:21.026  INFO 3728 --- [org.springframework.kafka.KafkaListenerEndpointContainer#0-0-C-1] r.r.n.kafka.KafkaListenerService         : Kafka event: topic=order-events, eventType=ORDER_CREATED, key=null
2026-03-01 11:36:21.027 DEBUG 3728 --- [org.springframework.kafka.KafkaListenerEndpointContainer#0-0-C-1] r.r.n.handler.NotificationRouter         : Роутинг order-events:ORDER_CREATED -> OrderHandler
2026-03-01 11:36:22.267 ERROR 3728 --- [org.springframework.kafka.KafkaListenerEndpointContainer#0-0-C-1] r.r.n.handler.OrderHandler               : Ошибка обработки order-event: {"eventType":"ORDER_CREATED","orderId":"550e8400-e29b-41d4-a716-446655440000","orderNumber":"TEST-00001","userId":1,"status":"Заказ создан","totalAmount":15000.00,"customerEmail":"твой@email.com","timestamp":"2026-02-27T12:00:00"}
org.springframework.mail.MailSendException: Failed messages: jakarta.mail.SendFailedException: Invalid Addresses;
  nested exception is:
	org.eclipse.angus.mail.smtp.SMTPAddressFailedException: 501 <B2>9@email.com>: malformed address: 9@email.com> may not follow <B2>
; message exceptions (1) are:
Failed message 1: jakarta.mail.SendFailedException: Invalid Addresses;
  nested exception is:
	org.eclipse.angus.mail.smtp.SMTPAddressFailedException: 501 <B2>9@email.com>: malformed address: 9@email.com> may not follow <B2>

	at org.springframework.mail.javamail.JavaMailSenderImpl.doSend(JavaMailSenderImpl.java:453)
	at org.springframework.mail.javamail.JavaMailSenderImpl.send(JavaMailSenderImpl.java:317)
	at org.springframework.mail.MailSender.send(MailSender.java:42)
	at ru.rfsnab.notificationservice.service.EmailService.sendOrderCreatedEmail(EmailService.java:83)
	at ru.rfsnab.notificationservice.handler.OrderHandler.handleOrderCreated(OrderHandler.java:50)
	at ru.rfsnab.notificationservice.handler.OrderHandler.handle(OrderHandler.java:38)
	at ru.rfsnab.notificationservice.handler.NotificationRouter.lambda$route$2(NotificationRouter.java:46)
	at java.base/java.util.Optional.ifPresentOrElse(Optional.java:196)
	at ru.rfsnab.notificationservice.handler.NotificationRouter.route(NotificationRouter.java:42)
	at ru.rfsnab.notificationservice.kafka.KafkaListenerService.onMessage(KafkaListenerService.java:39)
	at java.base/jdk.internal.reflect.DirectMethodHandleAccessor.invoke(DirectMethodHandleAccessor.java:103)
	at java.base/java.lang.reflect.Method.invoke(Method.java:580)
	at org.springframework.messaging.handler.invocation.InvocableHandlerMethod.doInvoke(InvocableHandlerMethod.java:169)
	at org.springframework.kafka.listener.adapter.KotlinAwareInvocableHandlerMethod.doInvoke(KotlinAwareInvocableHandlerMethod.java:45)
	at org.springframework.messaging.handler.invocation.InvocableHandlerMethod.invoke(InvocableHandlerMethod.java:119)
	at org.springframework.kafka.listener.adapter.HandlerAdapter.invoke(HandlerAdapter.java:78)
	at org.springframework.kafka.listener.adapter.MessagingMessageListenerAdapter.invokeHandler(MessagingMessageListenerAdapter.java:475)
	at org.springframework.kafka.listener.adapter.MessagingMessageListenerAdapter.invoke(MessagingMessageListenerAdapter.java:421)
	at org.springframework.kafka.listener.adapter.RecordMessagingMessageListenerAdapter.onMessage(RecordMessagingMessageListenerAdapter.java:85)
	at org.springframework.kafka.listener.adapter.RecordMessagingMessageListenerAdapter.onMessage(RecordMessagingMessageListenerAdapter.java:50)
	at org.springframework.kafka.listener.KafkaMessageListenerContainer$ListenerConsumer.doInvokeOnMessage(KafkaMessageListenerContainer.java:2887)
	at org.springframework.kafka.listener.KafkaMessageListenerContainer$ListenerConsumer.invokeOnMessage(KafkaMessageListenerContainer.java:2865)
	at org.springframework.kafka.listener.KafkaMessageListenerContainer$ListenerConsumer.doInvokeRecordListener(KafkaMessageListenerContainer.java:2777)
	at org.springframework.kafka.listener.KafkaMessageListenerContainer$ListenerConsumer.doInvokeWithRecords(KafkaMessageListenerContainer.java:2614)
	at org.springframework.kafka.listener.KafkaMessageListenerContainer$ListenerConsumer.invokeRecordListener(KafkaMessageListenerContainer.java:2503)
	at org.springframework.kafka.listener.KafkaMessageListenerContainer$ListenerConsumer.invokeListener(KafkaMessageListenerContainer.java:2152)
	at org.springframework.kafka.listener.KafkaMessageListenerContainer$ListenerConsumer.invokeIfHaveRecords(KafkaMessageListenerContainer.java:1528)
	at org.springframework.kafka.listener.KafkaMessageListenerContainer$ListenerConsumer.pollAndInvoke(KafkaMessageListenerContainer.java:1466)
	at org.springframework.kafka.listener.KafkaMessageListenerContainer$ListenerConsumer.run(KafkaMessageListenerContainer.java:1335)
	at java.base/java.util.concurrent.CompletableFuture$AsyncRun.run(CompletableFuture.java:1804)
	at java.base/java.lang.Thread.run(Thread.java:1583)
2026-03-01 11:50:20.663  INFO 3728 --- [org.springframework.kafka.KafkaListenerEndpointContainer#0-0-C-1] r.r.n.kafka.KafkaListenerService         : Kafka event: topic=order-events, eventType=ORDER_CREATED, key=null
2026-03-01 11:50:20.663 DEBUG 3728 --- [org.springframework.kafka.KafkaListenerEndpointContainer#0-0-C-1] r.r.n.handler.NotificationRouter         : Роутинг order-events:ORDER_CREATED -> OrderHandler
2026-03-01 11:50:22.446  INFO 3728 --- [org.springframework.kafka.KafkaListenerEndpointContainer#0-0-C-1] r.r.n.handler.OrderHandler               : Order created email: order=TEST-00001, email=elims777@gmail.com
2026-03-01 11:55:25.378  INFO 3728 --- [org.springframework.kafka.KafkaListenerEndpointContainer#0-0-C-1] r.r.n.kafka.KafkaListenerService         : Kafka event: topic=order-events, eventType=ORDER_PAID, key=null
2026-03-01 11:55:25.378 DEBUG 3728 --- [org.springframework.kafka.KafkaListenerEndpointContainer#0-0-C-1] r.r.n.handler.NotificationRouter         : Роутинг order-events:ORDER_PAID -> OrderHandler
2026-03-01 11:55:26.812  INFO 3728 --- [org.springframework.kafka.KafkaListenerEndpointContainer#0-0-C-1] r.r.n.handler.OrderHandler               : Order paid email: order=TEST-00001, email=elims777@gmail.com
2026-03-01 11:56:02.468  INFO 3728 --- [org.springframework.kafka.KafkaListenerEndpointContainer#0-0-C-1] r.r.n.kafka.KafkaListenerService         : Kafka event: topic=order-events, eventType=ORDER_CANCELLED, key=null
2026-03-01 11:56:02.469 DEBUG 3728 --- [org.springframework.kafka.KafkaListenerEndpointContainer#0-0-C-1] r.r.n.handler.NotificationRouter         : Роутинг order-events:ORDER_CANCELLED -> OrderHandler
2026-03-01 11:56:04.182  INFO 3728 --- [org.springframework.kafka.KafkaListenerEndpointContainer#0-0-C-1] r.r.n.handler.OrderHandler               : Order cancelled email: order=TEST-00002, email=elims777@gmail.com
2026-03-01 11:56:38.266  INFO 3728 --- [org.springframework.kafka.KafkaListenerEndpointContainer#0-0-C-1] r.r.n.kafka.KafkaListenerService         : Kafka event: topic=order-events, eventType=ORDER_STATUS_CHANGED, key=null
2026-03-01 11:56:38.266 DEBUG 3728 --- [org.springframework.kafka.KafkaListenerEndpointContainer#0-0-C-1] r.r.n.handler.NotificationRouter         : Роутинг order-events:ORDER_STATUS_CHANGED -> OrderHandler
2026-03-01 11:56:40.001  INFO 3728 --- [org.springframework.kafka.KafkaListenerEndpointContainer#0-0-C-1] r.r.n.handler.OrderHandler               : Order status changed email: order=TEST-00001, status=Передан в доставку, email=elims777@gmail.com
2026-03-01 11:58:56.749  INFO 3728 --- [org.springframework.kafka.KafkaListenerEndpointContainer#0-0-C-1] k.c.c.i.ConsumerRebalanceListenerInvoker : [Consumer clientId=consumer-notification-service-group-1, groupId=notification-service-group] Revoke previously assigned partitions order-events-0, user-events-0
2026-03-01 11:58:56.749  INFO 3728 --- [org.springframework.kafka.KafkaListenerEndpointContainer#0-0-C-1] o.s.k.l.KafkaMessageListenerContainer    : notification-service-group: partitions revoked: [order-events-0, user-events-0]
2026-03-01 11:58:56.750  INFO 3728 --- [org.springframework.kafka.KafkaListenerEndpointContainer#0-0-C-1] o.a.k.c.c.internals.ConsumerCoordinator  : [Consumer clientId=consumer-notification-service-group-1, groupId=notification-service-group] Member consumer-notification-service-group-1-11b0145a-aadb-439e-9970-5f137d8e9848 sending LeaveGroup request to coordinator localhost:9092 (id: 2147483646 rack: null) due to the consumer unsubscribed from all topics
2026-03-01 11:58:56.750  INFO 3728 --- [org.springframework.kafka.KafkaListenerEndpointContainer#0-0-C-1] o.a.k.c.c.internals.ConsumerCoordinator  : [Consumer clientId=consumer-notification-service-group-1, groupId=notification-service-group] Resetting generation and member id due to: consumer pro-actively leaving the group
2026-03-01 11:58:56.750  INFO 3728 --- [org.springframework.kafka.KafkaListenerEndpointContainer#0-0-C-1] o.a.k.c.c.internals.ConsumerCoordinator  : [Consumer clientId=consumer-notification-service-group-1, groupId=notification-service-group] Request joining group due to: consumer pro-actively leaving the group
2026-03-01 11:58:56.750  INFO 3728 --- [org.springframework.kafka.KafkaListenerEndpointContainer#0-0-C-1] o.a.k.c.c.i.ClassicKafkaConsumer         : [Consumer clientId=consumer-notification-service-group-1, groupId=notification-service-group] Unsubscribed all topics or patterns and assigned partitions
2026-03-01 11:58:56.753  INFO 3728 --- [org.springframework.kafka.KafkaListenerEndpointContainer#0-0-C-1] o.a.k.c.c.internals.ConsumerCoordinator  : [Consumer clientId=consumer-notification-service-group-1, groupId=notification-service-group] Resetting generation and member id due to: consumer pro-actively leaving the group
2026-03-01 11:58:56.753  INFO 3728 --- [org.springframework.kafka.KafkaListenerEndpointContainer#0-0-C-1] o.a.k.c.c.internals.ConsumerCoordinator  : [Consumer clientId=consumer-notification-service-group-1, groupId=notification-service-group] Request joining group due to: consumer pro-actively leaving the group
2026-03-01 11:58:56.888  INFO 3728 --- [org.springframework.kafka.KafkaListenerEndpointContainer#0-0-C-1] o.apache.kafka.common.metrics.Metrics    : Metrics scheduler closed
2026-03-01 11:58:56.888  INFO 3728 --- [org.springframework.kafka.KafkaListenerEndpointContainer#0-0-C-1] o.apache.kafka.common.metrics.Metrics    : Closing reporter org.apache.kafka.common.metrics.JmxReporter
2026-03-01 11:58:56.888  INFO 3728 --- [org.springframework.kafka.KafkaListenerEndpointContainer#0-0-C-1] o.apache.kafka.common.metrics.Metrics    : Closing reporter org.apache.kafka.common.telemetry.internals.ClientTelemetryReporter
2026-03-01 11:58:56.888  INFO 3728 --- [org.springframework.kafka.KafkaListenerEndpointContainer#0-0-C-1] o.apache.kafka.common.metrics.Metrics    : Metrics reporters closed
2026-03-01 11:58:56.894  INFO 3728 --- [org.springframework.kafka.KafkaListenerEndpointContainer#0-0-C-1] o.a.kafka.common.utils.AppInfoParser     : App info kafka.consumer for consumer-notification-service-group-1 unregistered
2026-03-01 11:58:56.894  INFO 3728 --- [org.springframework.kafka.KafkaListenerEndpointContainer#0-0-C-1] o.s.k.l.KafkaMessageListenerContainer    : notification-service-group: Consumer stopped
2026-03-01 11:58:56.896  INFO 3728 --- [SpringApplicationShutdownHook] o.s.b.w.e.tomcat.GracefulShutdown        : Commencing graceful shutdown. Waiting for active requests to complete
2026-03-01 11:58:56.904  INFO 3728 --- [tomcat-shutdown] o.s.b.w.e.tomcat.GracefulShutdown        : Graceful shutdown complete
2026-03-01 11:58:56.909  INFO 3728 --- [SpringApplicationShutdownHook] j.LocalContainerEntityManagerFactoryBean : Closing JPA EntityManagerFactory for persistence unit 'default'
2026-03-01 11:58:56.912  INFO 3728 --- [SpringApplicationShutdownHook] com.zaxxer.hikari.HikariDataSource       : HikariPool-1 - Shutdown initiated...
2026-03-01 11:58:56.914  INFO 3728 --- [SpringApplicationShutdownHook] com.zaxxer.hikari.HikariDataSource       : HikariPool-1 - Shutdown completed.
