2026-01-04 14:10:38.482  INFO 17836 --- [org.springframework.kafka.KafkaListenerEndpointContainer#0-0-C-1] k.c.c.i.ConsumerRebalanceListenerInvoker : [Consumer clientId=consumer-notification-service-group-1, groupId=notification-service-group] Revoke previously assigned partitions user-events-0
2026-01-04 14:10:38.492  INFO 17836 --- [org.springframework.kafka.KafkaListenerEndpointContainer#0-0-C-1] o.s.k.l.KafkaMessageListenerContainer    : notification-service-group: partitions revoked: [user-events-0]
2026-01-04 14:10:38.494  INFO 17836 --- [org.springframework.kafka.KafkaListenerEndpointContainer#0-0-C-1] o.a.k.c.c.internals.ConsumerCoordinator  : [Consumer clientId=consumer-notification-service-group-1, groupId=notification-service-group] Member consumer-notification-service-group-1-55596033-15af-4e84-847d-53a699a53780 sending LeaveGroup request to coordinator localhost:9092 (id: 2147483646 rack: null) due to the consumer unsubscribed from all topics
2026-01-04 14:10:38.495  INFO 17836 --- [org.springframework.kafka.KafkaListenerEndpointContainer#0-0-C-1] o.a.k.c.c.internals.ConsumerCoordinator  : [Consumer clientId=consumer-notification-service-group-1, groupId=notification-service-group] Resetting generation and member id due to: consumer pro-actively leaving the group
2026-01-04 14:10:38.495  INFO 17836 --- [org.springframework.kafka.KafkaListenerEndpointContainer#0-0-C-1] o.a.k.c.c.internals.ConsumerCoordinator  : [Consumer clientId=consumer-notification-service-group-1, groupId=notification-service-group] Request joining group due to: consumer pro-actively leaving the group
2026-01-04 14:10:38.495  INFO 17836 --- [org.springframework.kafka.KafkaListenerEndpointContainer#0-0-C-1] o.a.k.c.c.internals.LegacyKafkaConsumer  : [Consumer clientId=consumer-notification-service-group-1, groupId=notification-service-group] Unsubscribed all topics or patterns and assigned partitions
2026-01-04 14:10:38.499  INFO 17836 --- [org.springframework.kafka.KafkaListenerEndpointContainer#0-0-C-1] o.a.k.c.c.internals.ConsumerCoordinator  : [Consumer clientId=consumer-notification-service-group-1, groupId=notification-service-group] Resetting generation and member id due to: consumer pro-actively leaving the group
2026-01-04 14:10:38.499  INFO 17836 --- [org.springframework.kafka.KafkaListenerEndpointContainer#0-0-C-1] o.a.k.c.c.internals.ConsumerCoordinator  : [Consumer clientId=consumer-notification-service-group-1, groupId=notification-service-group] Request joining group due to: consumer pro-actively leaving the group
2026-01-04 14:10:38.591  INFO 17836 --- [org.springframework.kafka.KafkaListenerEndpointContainer#0-0-C-1] o.apache.kafka.common.metrics.Metrics    : Metrics scheduler closed
2026-01-04 14:10:38.591  INFO 17836 --- [org.springframework.kafka.KafkaListenerEndpointContainer#0-0-C-1] o.apache.kafka.common.metrics.Metrics    : Closing reporter org.apache.kafka.common.metrics.JmxReporter
2026-01-04 14:10:38.591  INFO 17836 --- [org.springframework.kafka.KafkaListenerEndpointContainer#0-0-C-1] o.apache.kafka.common.metrics.Metrics    : Closing reporter org.apache.kafka.common.telemetry.internals.ClientTelemetryReporter
2026-01-04 14:10:38.591  INFO 17836 --- [org.springframework.kafka.KafkaListenerEndpointContainer#0-0-C-1] o.apache.kafka.common.metrics.Metrics    : Metrics reporters closed
2026-01-04 14:10:38.602  INFO 17836 --- [org.springframework.kafka.KafkaListenerEndpointContainer#0-0-C-1] o.a.kafka.common.utils.AppInfoParser     : App info kafka.consumer for consumer-notification-service-group-1 unregistered
2026-01-04 14:10:38.604  INFO 17836 --- [org.springframework.kafka.KafkaListenerEndpointContainer#0-0-C-1] o.s.k.l.KafkaMessageListenerContainer    : notification-service-group: Consumer stopped
2026-01-04 14:10:38.608  INFO 17836 --- [SpringApplicationShutdownHook] o.s.b.w.e.tomcat.GracefulShutdown        : Commencing graceful shutdown. Waiting for active requests to complete
2026-01-04 14:10:38.618  INFO 17836 --- [tomcat-shutdown] o.s.b.w.e.tomcat.GracefulShutdown        : Graceful shutdown complete
2026-01-04 14:10:38.625  INFO 17836 --- [SpringApplicationShutdownHook] j.LocalContainerEntityManagerFactoryBean : Closing JPA EntityManagerFactory for persistence unit 'default'
2026-01-04 14:10:38.631  INFO 17836 --- [SpringApplicationShutdownHook] com.zaxxer.hikari.HikariDataSource       : HikariPool-1 - Shutdown initiated...
2026-01-04 14:10:38.634  INFO 17836 --- [SpringApplicationShutdownHook] com.zaxxer.hikari.HikariDataSource       : HikariPool-1 - Shutdown completed.
2026-01-04 15:25:49.246  INFO 1312 --- [background-preinit] o.h.validator.internal.util.Version      : HV000001: Hibernate Validator 8.0.2.Final
2026-01-04 15:25:49.286  INFO 1312 --- [main] r.r.n.NotificationServiceApplication     : Starting NotificationServiceApplication using Java 21.0.8 with PID 1312 (D:\Max\java\my-application\ecommerce-platform\notification-service\target\classes started by elims in D:\Max\java\my-application\ecommerce-platform)
2026-01-04 15:25:49.286 DEBUG 1312 --- [main] r.r.n.NotificationServiceApplication     : Running with Spring Boot v3.4.4, Spring v6.2.5
2026-01-04 15:25:49.287  INFO 1312 --- [main] r.r.n.NotificationServiceApplication     : No active profile set, falling back to 1 default profile: "default"
2026-01-04 15:25:49.762  INFO 1312 --- [main] .s.d.r.c.RepositoryConfigurationDelegate : Bootstrapping Spring Data JPA repositories in DEFAULT mode.
2026-01-04 15:25:49.805  INFO 1312 --- [main] .s.d.r.c.RepositoryConfigurationDelegate : Finished Spring Data repository scanning in 33 ms. Found 1 JPA repository interface.
2026-01-04 15:25:50.255  INFO 1312 --- [main] o.s.b.w.embedded.tomcat.TomcatWebServer  : Tomcat initialized with port 8082 (http)
2026-01-04 15:25:50.262  INFO 1312 --- [main] o.a.coyote.http11.Http11NioProtocol      : Initializing ProtocolHandler ["http-nio-8082"]
2026-01-04 15:25:50.263  INFO 1312 --- [main] o.apache.catalina.core.StandardService   : Starting service [Tomcat]
2026-01-04 15:25:50.263  INFO 1312 --- [main] o.apache.catalina.core.StandardEngine    : Starting Servlet engine: [Apache Tomcat/10.1.39]
2026-01-04 15:25:50.310  INFO 1312 --- [main] o.a.c.c.C.[Tomcat].[localhost].[/]       : Initializing Spring embedded WebApplicationContext
2026-01-04 15:25:50.311  INFO 1312 --- [main] w.s.c.ServletWebServerApplicationContext : Root WebApplicationContext: initialization completed in 989 ms
2026-01-04 15:25:50.422  INFO 1312 --- [main] o.hibernate.jpa.internal.util.LogHelper  : HHH000204: Processing PersistenceUnitInfo [name: default]
2026-01-04 15:25:50.453  INFO 1312 --- [main] org.hibernate.Version                    : HHH000412: Hibernate ORM core version 6.6.11.Final
2026-01-04 15:25:50.479  INFO 1312 --- [main] o.h.c.internal.RegionFactoryInitiator    : HHH000026: Second-level cache disabled
2026-01-04 15:25:50.675  INFO 1312 --- [main] o.s.o.j.p.SpringPersistenceUnitInfo      : No LoadTimeWeaver setup: ignoring JPA class transformer
2026-01-04 15:25:50.698  INFO 1312 --- [main] com.zaxxer.hikari.HikariDataSource       : HikariPool-1 - Starting...
2026-01-04 15:25:50.815  INFO 1312 --- [main] com.zaxxer.hikari.pool.HikariPool        : HikariPool-1 - Added connection org.postgresql.jdbc.PgConnection@11295cb1
2026-01-04 15:25:50.818  INFO 1312 --- [main] com.zaxxer.hikari.HikariDataSource       : HikariPool-1 - Start completed.
2026-01-04 15:25:50.854  WARN 1312 --- [main] org.hibernate.orm.deprecation            : HHH90000025: PostgreSQLDialect does not need to be specified explicitly using 'hibernate.dialect' (remove the property setting and it will be selected by default)
2026-01-04 15:25:50.870  INFO 1312 --- [main] org.hibernate.orm.connections.pooling    : HHH10001005: Database info:
	Database JDBC URL [Connecting through datasource 'HikariDataSource (HikariPool-1)']
	Database driver: undefined/unknown
	Database version: 16.4
	Autocommit mode: undefined/unknown
	Isolation level: undefined/unknown
	Minimum pool size: undefined/unknown
	Maximum pool size: undefined/unknown
2026-01-04 15:25:51.509  INFO 1312 --- [main] o.h.e.t.j.p.i.JtaPlatformInitiator       : HHH000489: No JTA platform available (set 'hibernate.transaction.jta.platform' to enable JTA platform integration)
2026-01-04 15:25:51.578  INFO 1312 --- [main] j.LocalContainerEntityManagerFactoryBean : Initialized JPA EntityManagerFactory for persistence unit 'default'
2026-01-04 15:25:51.921  WARN 1312 --- [main] JpaBaseConfiguration$JpaWebConfiguration : spring.jpa.open-in-view is enabled by default. Therefore, database queries may be performed during view rendering. Explicitly configure spring.jpa.open-in-view to disable this warning
2026-01-04 15:25:52.254  INFO 1312 --- [main] o.a.coyote.http11.Http11NioProtocol      : Starting ProtocolHandler ["http-nio-8082"]
2026-01-04 15:25:52.269  INFO 1312 --- [main] o.s.b.w.embedded.tomcat.TomcatWebServer  : Tomcat started on port 8082 (http) with context path '/'
2026-01-04 15:25:52.302  INFO 1312 --- [main] o.a.k.clients.consumer.ConsumerConfig    : ConsumerConfig values: 
	allow.auto.create.topics = true
	auto.commit.interval.ms = 5000
	auto.include.jmx.reporter = true
	auto.offset.reset = earliest
	bootstrap.servers = [localhost:9092]
	check.crcs = true
	client.dns.lookup = use_all_dns_ips
	client.id = consumer-notification-service-group-1
	client.rack = 
	connections.max.idle.ms = 540000
	default.api.timeout.ms = 60000
	enable.auto.commit = false
	enable.metrics.push = true
	exclude.internal.topics = true
	fetch.max.bytes = 52428800
	fetch.max.wait.ms = 500
	fetch.min.bytes = 1
	group.id = notification-service-group
	group.instance.id = null
	group.protocol = classic
	group.remote.assignor = null
	heartbeat.interval.ms = 3000
	interceptor.classes = []
	internal.leave.group.on.close = true
	internal.throw.on.fetch.stable.offset.unsupported = false
	isolation.level = read_uncommitted
	key.deserializer = class org.apache.kafka.common.serialization.StringDeserializer
	max.partition.fetch.bytes = 1048576
	max.poll.interval.ms = 300000
	max.poll.records = 500
	metadata.max.age.ms = 300000
	metadata.recovery.strategy = none
	metric.reporters = []
	metrics.num.samples = 2
	metrics.recording.level = INFO
	metrics.sample.window.ms = 30000
	partition.assignment.strategy = [class org.apache.kafka.clients.consumer.RangeAssignor, class org.apache.kafka.clients.consumer.CooperativeStickyAssignor]
	receive.buffer.bytes = 65536
	reconnect.backoff.max.ms = 1000
	reconnect.backoff.ms = 50
	request.timeout.ms = 30000
	retry.backoff.max.ms = 1000
	retry.backoff.ms = 100
	sasl.client.callback.handler.class = null
	sasl.jaas.config = null
	sasl.kerberos.kinit.cmd = /usr/bin/kinit
	sasl.kerberos.min.time.before.relogin = 60000
	sasl.kerberos.service.name = null
	sasl.kerberos.ticket.renew.jitter = 0.05
	sasl.kerberos.ticket.renew.window.factor = 0.8
	sasl.login.callback.handler.class = null
	sasl.login.class = null
	sasl.login.connect.timeout.ms = null
	sasl.login.read.timeout.ms = null
	sasl.login.refresh.buffer.seconds = 300
	sasl.login.refresh.min.period.seconds = 60
	sasl.login.refresh.window.factor = 0.8
	sasl.login.refresh.window.jitter = 0.05
	sasl.login.retry.backoff.max.ms = 10000
	sasl.login.retry.backoff.ms = 100
	sasl.mechanism = GSSAPI
	sasl.oauthbearer.clock.skew.seconds = 30
	sasl.oauthbearer.expected.audience = null
	sasl.oauthbearer.expected.issuer = null
	sasl.oauthbearer.jwks.endpoint.refresh.ms = 3600000
	sasl.oauthbearer.jwks.endpoint.retry.backoff.max.ms = 10000
	sasl.oauthbearer.jwks.endpoint.retry.backoff.ms = 100
	sasl.oauthbearer.jwks.endpoint.url = null
	sasl.oauthbearer.scope.claim.name = scope
	sasl.oauthbearer.sub.claim.name = sub
	sasl.oauthbearer.token.endpoint.url = null
	security.protocol = PLAINTEXT
	security.providers = null
	send.buffer.bytes = 131072
	session.timeout.ms = 45000
	socket.connection.setup.timeout.max.ms = 30000
	socket.connection.setup.timeout.ms = 10000
	ssl.cipher.suites = null
	ssl.enabled.protocols = [TLSv1.2, TLSv1.3]
	ssl.endpoint.identification.algorithm = https
	ssl.engine.factory.class = null
	ssl.key.password = null
	ssl.keymanager.algorithm = SunX509
	ssl.keystore.certificate.chain = null
	ssl.keystore.key = null
	ssl.keystore.location = null
	ssl.keystore.password = null
	ssl.keystore.type = JKS
	ssl.protocol = TLSv1.3
	ssl.provider = null
	ssl.secure.random.implementation = null
	ssl.trustmanager.algorithm = PKIX
	ssl.truststore.certificates = null
	ssl.truststore.location = null
	ssl.truststore.password = null
	ssl.truststore.type = JKS
	value.deserializer = class org.springframework.kafka.support.serializer.JsonDeserializer

2026-01-04 15:25:52.341  INFO 1312 --- [main] o.a.k.c.t.i.KafkaMetricsCollector        : initializing Kafka metrics collector
2026-01-04 15:25:52.441  INFO 1312 --- [main] o.a.kafka.common.utils.AppInfoParser     : Kafka version: 3.8.1
2026-01-04 15:25:52.441  INFO 1312 --- [main] o.a.kafka.common.utils.AppInfoParser     : Kafka commitId: 70d6ff42debf7e17
2026-01-04 15:25:52.441  INFO 1312 --- [main] o.a.kafka.common.utils.AppInfoParser     : Kafka startTimeMs: 1767529552439
2026-01-04 15:25:52.444  INFO 1312 --- [main] o.a.k.c.c.internals.LegacyKafkaConsumer  : [Consumer clientId=consumer-notification-service-group-1, groupId=notification-service-group] Subscribed to topic(s): user-events
2026-01-04 15:25:52.465  INFO 1312 --- [main] r.r.n.NotificationServiceApplication     : Started NotificationServiceApplication in 3.66 seconds (process running for 4.167)
2026-01-04 15:25:52.838  INFO 1312 --- [org.springframework.kafka.KafkaListenerEndpointContainer#0-0-C-1] org.apache.kafka.clients.Metadata        : [Consumer clientId=consumer-notification-service-group-1, groupId=notification-service-group] Cluster ID: VZLIQzAOTcS0qxpl_WI_8g
2026-01-04 15:25:52.845  INFO 1312 --- [org.springframework.kafka.KafkaListenerEndpointContainer#0-0-C-1] o.a.k.c.c.internals.ConsumerCoordinator  : [Consumer clientId=consumer-notification-service-group-1, groupId=notification-service-group] Discovered group coordinator localhost:9092 (id: 2147483646 rack: null)
2026-01-04 15:25:52.848  INFO 1312 --- [org.springframework.kafka.KafkaListenerEndpointContainer#0-0-C-1] o.a.k.c.c.internals.ConsumerCoordinator  : [Consumer clientId=consumer-notification-service-group-1, groupId=notification-service-group] (Re-)joining group
2026-01-04 15:25:52.901  INFO 1312 --- [org.springframework.kafka.KafkaListenerEndpointContainer#0-0-C-1] o.a.k.c.c.internals.ConsumerCoordinator  : [Consumer clientId=consumer-notification-service-group-1, groupId=notification-service-group] Request joining group due to: need to re-join with the given member-id: consumer-notification-service-group-1-a8e7f177-296c-4d1e-9ff1-b5293d306dcd
2026-01-04 15:25:52.901  INFO 1312 --- [org.springframework.kafka.KafkaListenerEndpointContainer#0-0-C-1] o.a.k.c.c.internals.ConsumerCoordinator  : [Consumer clientId=consumer-notification-service-group-1, groupId=notification-service-group] (Re-)joining group
2026-01-04 15:25:55.896  INFO 1312 --- [org.springframework.kafka.KafkaListenerEndpointContainer#0-0-C-1] o.a.k.c.c.internals.ConsumerCoordinator  : [Consumer clientId=consumer-notification-service-group-1, groupId=notification-service-group] Successfully joined group with generation Generation{generationId=5, memberId='consumer-notification-service-group-1-a8e7f177-296c-4d1e-9ff1-b5293d306dcd', protocol='range'}
2026-01-04 15:25:55.901  INFO 1312 --- [org.springframework.kafka.KafkaListenerEndpointContainer#0-0-C-1] o.a.k.c.c.internals.ConsumerCoordinator  : [Consumer clientId=consumer-notification-service-group-1, groupId=notification-service-group] Finished assignment for group at generation 5: {consumer-notification-service-group-1-a8e7f177-296c-4d1e-9ff1-b5293d306dcd=Assignment(partitions=[user-events-0])}
2026-01-04 15:25:55.994  INFO 1312 --- [org.springframework.kafka.KafkaListenerEndpointContainer#0-0-C-1] o.a.k.c.c.internals.ConsumerCoordinator  : [Consumer clientId=consumer-notification-service-group-1, groupId=notification-service-group] Successfully synced group in generation Generation{generationId=5, memberId='consumer-notification-service-group-1-a8e7f177-296c-4d1e-9ff1-b5293d306dcd', protocol='range'}
2026-01-04 15:25:55.995  INFO 1312 --- [org.springframework.kafka.KafkaListenerEndpointContainer#0-0-C-1] o.a.k.c.c.internals.ConsumerCoordinator  : [Consumer clientId=consumer-notification-service-group-1, groupId=notification-service-group] Notifying assignor about the new Assignment(partitions=[user-events-0])
2026-01-04 15:25:55.997  INFO 1312 --- [org.springframework.kafka.KafkaListenerEndpointContainer#0-0-C-1] k.c.c.i.ConsumerRebalanceListenerInvoker : [Consumer clientId=consumer-notification-service-group-1, groupId=notification-service-group] Adding newly assigned partitions: user-events-0
2026-01-04 15:25:56.034  INFO 1312 --- [org.springframework.kafka.KafkaListenerEndpointContainer#0-0-C-1] o.a.k.c.c.internals.ConsumerUtils        : Setting offset for partition user-events-0 to the committed offset FetchPosition{offset=11, offsetEpoch=Optional.empty, currentLeader=LeaderAndEpoch{leader=Optional[localhost:9092 (id: 1 rack: null)], epoch=0}}
2026-01-04 15:25:56.035  INFO 1312 --- [org.springframework.kafka.KafkaListenerEndpointContainer#0-0-C-1] o.s.k.l.KafkaMessageListenerContainer    : notification-service-group: partitions assigned: [user-events-0]
2026-01-04 15:34:53.200  INFO 1312 --- [org.springframework.kafka.KafkaListenerEndpointContainer#0-0-C-1] org.apache.kafka.clients.NetworkClient   : [Consumer clientId=consumer-notification-service-group-1, groupId=notification-service-group] Node -1 disconnected.
2026-01-04 15:44:52.902  INFO 1312 --- [org.springframework.kafka.KafkaListenerEndpointContainer#0-0-C-1] org.apache.kafka.clients.NetworkClient   : [Consumer clientId=consumer-notification-service-group-1, groupId=notification-service-group] Node -1 disconnected.
