2026-01-02 13:40:48.264  INFO 25452 --- [SpringApplicationShutdownHook] o.s.b.w.e.tomcat.GracefulShutdown        : Commencing graceful shutdown. Waiting for active requests to complete
2026-01-02 13:40:48.298  INFO 25452 --- [tomcat-shutdown] o.s.b.w.e.tomcat.GracefulShutdown        : Graceful shutdown complete
2026-01-02 13:40:48.319 DEBUG 25452 --- [idle-connection-reaper] s.a.a.h.a.i.conn.IdleConnectionReaper    : Reaper thread: 
java.lang.InterruptedException: sleep interrupted
	at java.base/java.lang.Thread.sleep0(Native Method)
	at java.base/java.lang.Thread.sleep(Thread.java:509)
	at software.amazon.awssdk.http.apache.internal.conn.IdleConnectionReaper$ReaperTask.run(IdleConnectionReaper.java:150)
	at java.base/java.util.concurrent.ThreadPoolExecutor.runWorker(ThreadPoolExecutor.java:1144)
	at java.base/java.util.concurrent.ThreadPoolExecutor$Worker.run(ThreadPoolExecutor.java:642)
	at java.base/java.lang.Thread.run(Thread.java:1583)
2026-01-02 13:40:48.328 DEBUG 25452 --- [idle-connection-reaper] s.a.a.h.a.i.conn.IdleConnectionReaper    : Shutting down reaper thread.
2026-01-02 13:40:48.329  INFO 25452 --- [SpringApplicationShutdownHook] j.LocalContainerEntityManagerFactoryBean : Closing JPA EntityManagerFactory for persistence unit 'default'
2026-01-02 13:40:48.342  INFO 25452 --- [SpringApplicationShutdownHook] com.zaxxer.hikari.HikariDataSource       : HikariPool-1 - Shutdown initiated...
2026-01-02 13:40:48.346  INFO 25452 --- [SpringApplicationShutdownHook] com.zaxxer.hikari.HikariDataSource       : HikariPool-1 - Shutdown completed.
2026-01-02 14:40:51.626  INFO 23972 --- [background-preinit] o.h.validator.internal.util.Version      : HV000001: Hibernate Validator 8.0.2.Final
2026-01-02 14:40:51.676  INFO 23972 --- [main] r.r.p.ProductServiceApplication          : Starting ProductServiceApplication using Java 21.0.8 with PID 23972 (D:\Max\java\my-application\ecommerce-platform\product-service\target\classes started by elims in D:\Max\java\my-application\ecommerce-platform)
2026-01-02 14:40:51.676 DEBUG 23972 --- [main] r.r.p.ProductServiceApplication          : Running with Spring Boot v3.4.4, Spring v6.2.5
2026-01-02 14:40:51.676  INFO 23972 --- [main] r.r.p.ProductServiceApplication          : No active profile set, falling back to 1 default profile: "default"
2026-01-02 14:40:52.611  INFO 23972 --- [main] .s.d.r.c.RepositoryConfigurationDelegate : Bootstrapping Spring Data JPA repositories in DEFAULT mode.
2026-01-02 14:40:52.659  INFO 23972 --- [main] .s.d.r.c.RepositoryConfigurationDelegate : Finished Spring Data repository scanning in 42 ms. Found 5 JPA repository interfaces.
2026-01-02 14:40:53.385  INFO 23972 --- [main] o.s.b.w.embedded.tomcat.TomcatWebServer  : Tomcat initialized with port 8083 (http)
2026-01-02 14:40:53.395  INFO 23972 --- [main] o.a.coyote.http11.Http11NioProtocol      : Initializing ProtocolHandler ["http-nio-8083"]
2026-01-02 14:40:53.410  INFO 23972 --- [main] o.apache.catalina.core.StandardService   : Starting service [Tomcat]
2026-01-02 14:40:53.410  INFO 23972 --- [main] o.apache.catalina.core.StandardEngine    : Starting Servlet engine: [Apache Tomcat/10.1.39]
2026-01-02 14:40:53.455  INFO 23972 --- [main] o.a.c.c.C.[Tomcat].[localhost].[/]       : Initializing Spring embedded WebApplicationContext
2026-01-02 14:40:53.455  INFO 23972 --- [main] w.s.c.ServletWebServerApplicationContext : Root WebApplicationContext: initialization completed in 1744 ms
2026-01-02 14:40:53.647 DEBUG 23972 --- [main] r.r.p.security.JwtAuthenticationFilter   : Filter 'jwtAuthenticationFilter' configured for use
2026-01-02 14:40:53.836  INFO 23972 --- [main] com.zaxxer.hikari.HikariDataSource       : HikariPool-1 - Starting...
2026-01-02 14:40:53.958  INFO 23972 --- [main] com.zaxxer.hikari.pool.HikariPool        : HikariPool-1 - Added connection org.postgresql.jdbc.PgConnection@464d5365
2026-01-02 14:40:53.960  INFO 23972 --- [main] com.zaxxer.hikari.HikariDataSource       : HikariPool-1 - Start completed.
2026-01-02 14:40:53.985  INFO 23972 --- [main] org.flywaydb.core.FlywayExecutor         : Database: jdbc:postgresql://localhost:5435/ecommerce_products (PostgreSQL 16.4)
2026-01-02 14:40:54.044  INFO 23972 --- [main] o.f.core.internal.command.DbValidate     : Successfully validated 1 migration (execution time 00:00.028s)
2026-01-02 14:40:54.083  INFO 23972 --- [main] o.f.core.internal.command.DbMigrate      : Current version of schema "public": 20251209204550
2026-01-02 14:40:54.086  INFO 23972 --- [main] o.f.core.internal.command.DbMigrate      : Schema "public" is up to date. No migration necessary.
2026-01-02 14:40:54.175  INFO 23972 --- [main] o.hibernate.jpa.internal.util.LogHelper  : HHH000204: Processing PersistenceUnitInfo [name: default]
2026-01-02 14:40:54.222  INFO 23972 --- [main] org.hibernate.Version                    : HHH000412: Hibernate ORM core version 6.6.11.Final
2026-01-02 14:40:54.254  INFO 23972 --- [main] o.h.c.internal.RegionFactoryInitiator    : HHH000026: Second-level cache disabled
2026-01-02 14:40:54.463  INFO 23972 --- [main] o.s.o.j.p.SpringPersistenceUnitInfo      : No LoadTimeWeaver setup: ignoring JPA class transformer
2026-01-02 14:40:54.507  WARN 23972 --- [main] org.hibernate.orm.deprecation            : HHH90000025: PostgreSQLDialect does not need to be specified explicitly using 'hibernate.dialect' (remove the property setting and it will be selected by default)
2026-01-02 14:40:54.520  INFO 23972 --- [main] org.hibernate.orm.connections.pooling    : HHH10001005: Database info:
	Database JDBC URL [Connecting through datasource 'HikariDataSource (HikariPool-1)']
	Database driver: undefined/unknown
	Database version: 16.4
	Autocommit mode: undefined/unknown
	Isolation level: undefined/unknown
	Minimum pool size: undefined/unknown
	Maximum pool size: undefined/unknown
2026-01-02 14:40:55.396  INFO 23972 --- [main] o.h.e.t.j.p.i.JtaPlatformInitiator       : HHH000489: No JTA platform available (set 'hibernate.transaction.jta.platform' to enable JTA platform integration)
2026-01-02 14:40:55.435  INFO 23972 --- [main] j.LocalContainerEntityManagerFactoryBean : Initialized JPA EntityManagerFactory for persistence unit 'default'
2026-01-02 14:40:55.808  INFO 23972 --- [main] o.s.d.j.r.query.QueryEnhancerFactory     : Hibernate is in classpath; If applicable, HQL parser will be used.
2026-01-02 14:40:56.422 DEBUG 23972 --- [main] r.r.productservice.aspect.LoggingAspect  : --- DB query: ListCrudRepository.findAll() whith params: []
2026-01-02 14:40:56.496 DEBUG 23972 --- [main] org.hibernate.SQL                        : 
    select
        c1_0.id,
        c1_0.created_at,
        c1_0.description,
        c1_0.display_order,
        c1_0.is_active,
        c1_0.name,
        c1_0.parent_id,
        c1_0.slug,
        c1_0.updated_at 
    from
        categories c1_0
2026-01-02 14:40:56.527 DEBUG 23972 --- [main] r.r.productservice.aspect.LoggingAspect  : --- DB result: ListCrudRepository.findAll() returned: ArrayList
2026-01-02 14:40:57.436  WARN 23972 --- [main] JpaBaseConfiguration$JpaWebConfiguration : spring.jpa.open-in-view is enabled by default. Therefore, database queries may be performed during view rendering. Explicitly configure spring.jpa.open-in-view to disable this warning
2026-01-02 14:40:57.484  WARN 23972 --- [main] .s.s.UserDetailsServiceAutoConfiguration : 

Using generated security password: bc4e3d57-548c-4f18-8d7d-b8eca5d5901d

This generated password is for development use only. Your security configuration must be updated before running your application in production.

2026-01-02 14:40:57.497  INFO 23972 --- [main] r$InitializeUserDetailsManagerConfigurer : Global AuthenticationManager configured with UserDetailsService bean with name inMemoryUserDetailsManager
2026-01-02 14:40:58.052  INFO 23972 --- [main] o.s.b.a.e.web.EndpointLinksResolver      : Exposing 3 endpoints beneath base path '/actuator'
2026-01-02 14:40:58.854  INFO 23972 --- [main] o.a.coyote.http11.Http11NioProtocol      : Starting ProtocolHandler ["http-nio-8083"]
2026-01-02 14:40:58.884  INFO 23972 --- [main] o.s.b.w.embedded.tomcat.TomcatWebServer  : Tomcat started on port 8083 (http) with context path '/'
2026-01-02 14:40:58.901  INFO 23972 --- [main] r.r.p.ProductServiceApplication          : Started ProductServiceApplication in 7.745 seconds (process running for 8.388)
2026-01-02 14:40:59.389  INFO 23972 --- [RMI TCP Connection(1)-192.168.0.28] o.a.c.c.C.[Tomcat].[localhost].[/]       : Initializing Spring DispatcherServlet 'dispatcherServlet'
2026-01-02 14:40:59.389  INFO 23972 --- [RMI TCP Connection(1)-192.168.0.28] o.s.web.servlet.DispatcherServlet        : Initializing Servlet 'dispatcherServlet'
2026-01-02 14:40:59.392  INFO 23972 --- [RMI TCP Connection(1)-192.168.0.28] o.s.web.servlet.DispatcherServlet        : Completed initialization in 2 ms
2026-01-02 14:45:15.550  INFO 23972 --- [SpringApplicationShutdownHook] o.s.b.w.e.tomcat.GracefulShutdown        : Commencing graceful shutdown. Waiting for active requests to complete
2026-01-02 14:45:15.561  INFO 23972 --- [tomcat-shutdown] o.s.b.w.e.tomcat.GracefulShutdown        : Graceful shutdown complete
2026-01-02 14:45:15.579  INFO 23972 --- [SpringApplicationShutdownHook] j.LocalContainerEntityManagerFactoryBean : Closing JPA EntityManagerFactory for persistence unit 'default'
2026-01-02 14:45:15.576 DEBUG 23972 --- [idle-connection-reaper] s.a.a.h.a.i.conn.IdleConnectionReaper    : Reaper thread: 
java.lang.InterruptedException: sleep interrupted
	at java.base/java.lang.Thread.sleep0(Native Method)
	at java.base/java.lang.Thread.sleep(Thread.java:509)
	at software.amazon.awssdk.http.apache.internal.conn.IdleConnectionReaper$ReaperTask.run(IdleConnectionReaper.java:150)
	at java.base/java.util.concurrent.ThreadPoolExecutor.runWorker(ThreadPoolExecutor.java:1144)
	at java.base/java.util.concurrent.ThreadPoolExecutor$Worker.run(ThreadPoolExecutor.java:642)
	at java.base/java.lang.Thread.run(Thread.java:1583)
2026-01-02 14:45:15.583 DEBUG 23972 --- [idle-connection-reaper] s.a.a.h.a.i.conn.IdleConnectionReaper    : Shutting down reaper thread.
2026-01-02 14:45:15.585  INFO 23972 --- [SpringApplicationShutdownHook] com.zaxxer.hikari.HikariDataSource       : HikariPool-1 - Shutdown initiated...
2026-01-02 14:45:15.591  INFO 23972 --- [SpringApplicationShutdownHook] com.zaxxer.hikari.HikariDataSource       : HikariPool-1 - Shutdown completed.
2026-01-02 14:46:24.886  INFO 11472 --- [background-preinit] o.h.validator.internal.util.Version      : HV000001: Hibernate Validator 8.0.2.Final
2026-01-02 14:46:24.926  INFO 11472 --- [main] r.r.p.ProductServiceApplication          : Starting ProductServiceApplication using Java 21.0.8 with PID 11472 (D:\Max\java\my-application\ecommerce-platform\product-service\target\classes started by elims in D:\Max\java\my-application\ecommerce-platform)
2026-01-02 14:46:24.926 DEBUG 11472 --- [main] r.r.p.ProductServiceApplication          : Running with Spring Boot v3.4.4, Spring v6.2.5
2026-01-02 14:46:24.927  INFO 11472 --- [main] r.r.p.ProductServiceApplication          : No active profile set, falling back to 1 default profile: "default"
2026-01-02 14:46:25.954  INFO 11472 --- [main] .s.d.r.c.RepositoryConfigurationDelegate : Bootstrapping Spring Data JPA repositories in DEFAULT mode.
2026-01-02 14:46:26.025  INFO 11472 --- [main] .s.d.r.c.RepositoryConfigurationDelegate : Finished Spring Data repository scanning in 60 ms. Found 5 JPA repository interfaces.
2026-01-02 14:46:26.874  INFO 11472 --- [main] o.s.b.w.embedded.tomcat.TomcatWebServer  : Tomcat initialized with port 8083 (http)
2026-01-02 14:46:26.886  INFO 11472 --- [main] o.a.coyote.http11.Http11NioProtocol      : Initializing ProtocolHandler ["http-nio-8083"]
2026-01-02 14:46:26.888  INFO 11472 --- [main] o.apache.catalina.core.StandardService   : Starting service [Tomcat]
2026-01-02 14:46:26.888  INFO 11472 --- [main] o.apache.catalina.core.StandardEngine    : Starting Servlet engine: [Apache Tomcat/10.1.39]
2026-01-02 14:46:26.954  INFO 11472 --- [main] o.a.c.c.C.[Tomcat].[localhost].[/]       : Initializing Spring embedded WebApplicationContext
2026-01-02 14:46:26.955  INFO 11472 --- [main] w.s.c.ServletWebServerApplicationContext : Root WebApplicationContext: initialization completed in 1993 ms
2026-01-02 14:46:27.211 DEBUG 11472 --- [main] r.r.p.security.JwtAuthenticationFilter   : Filter 'jwtAuthenticationFilter' configured for use
2026-01-02 14:46:27.455  INFO 11472 --- [main] com.zaxxer.hikari.HikariDataSource       : HikariPool-1 - Starting...
2026-01-02 14:46:27.589  INFO 11472 --- [main] com.zaxxer.hikari.pool.HikariPool        : HikariPool-1 - Added connection org.postgresql.jdbc.PgConnection@38394dc3
2026-01-02 14:46:27.591  INFO 11472 --- [main] com.zaxxer.hikari.HikariDataSource       : HikariPool-1 - Start completed.
2026-01-02 14:46:27.619  INFO 11472 --- [main] org.flywaydb.core.FlywayExecutor         : Database: jdbc:postgresql://localhost:5435/ecommerce_products (PostgreSQL 16.4)
2026-01-02 14:46:27.686  INFO 11472 --- [main] o.f.core.internal.command.DbValidate     : Successfully validated 1 migration (execution time 00:00.033s)
2026-01-02 14:46:27.736  INFO 11472 --- [main] o.f.core.internal.command.DbMigrate      : Current version of schema "public": 20251209204550
2026-01-02 14:46:27.742  INFO 11472 --- [main] o.f.core.internal.command.DbMigrate      : Schema "public" is up to date. No migration necessary.
2026-01-02 14:46:27.850  INFO 11472 --- [main] o.hibernate.jpa.internal.util.LogHelper  : HHH000204: Processing PersistenceUnitInfo [name: default]
2026-01-02 14:46:27.897  INFO 11472 --- [main] org.hibernate.Version                    : HHH000412: Hibernate ORM core version 6.6.11.Final
2026-01-02 14:46:27.924  INFO 11472 --- [main] o.h.c.internal.RegionFactoryInitiator    : HHH000026: Second-level cache disabled
2026-01-02 14:46:28.176  INFO 11472 --- [main] o.s.o.j.p.SpringPersistenceUnitInfo      : No LoadTimeWeaver setup: ignoring JPA class transformer
2026-01-02 14:46:28.213  WARN 11472 --- [main] org.hibernate.orm.deprecation            : HHH90000025: PostgreSQLDialect does not need to be specified explicitly using 'hibernate.dialect' (remove the property setting and it will be selected by default)
2026-01-02 14:46:28.226  INFO 11472 --- [main] org.hibernate.orm.connections.pooling    : HHH10001005: Database info:
	Database JDBC URL [Connecting through datasource 'HikariDataSource (HikariPool-1)']
	Database driver: undefined/unknown
	Database version: 16.4
	Autocommit mode: undefined/unknown
	Isolation level: undefined/unknown
	Minimum pool size: undefined/unknown
	Maximum pool size: undefined/unknown
2026-01-02 14:46:29.083  INFO 11472 --- [main] o.h.e.t.j.p.i.JtaPlatformInitiator       : HHH000489: No JTA platform available (set 'hibernate.transaction.jta.platform' to enable JTA platform integration)
2026-01-02 14:46:29.124  INFO 11472 --- [main] j.LocalContainerEntityManagerFactoryBean : Initialized JPA EntityManagerFactory for persistence unit 'default'
2026-01-02 14:46:29.453  INFO 11472 --- [main] o.s.d.j.r.query.QueryEnhancerFactory     : Hibernate is in classpath; If applicable, HQL parser will be used.
2026-01-02 14:46:30.218 DEBUG 11472 --- [main] r.r.productservice.aspect.LoggingAspect  : --- DB query: ListCrudRepository.findAll() whith params: []
2026-01-02 14:46:30.299 DEBUG 11472 --- [main] org.hibernate.SQL                        : 
    select
        c1_0.id,
        c1_0.created_at,
        c1_0.description,
        c1_0.display_order,
        c1_0.is_active,
        c1_0.name,
        c1_0.parent_id,
        c1_0.slug,
        c1_0.updated_at 
    from
        categories c1_0
2026-01-02 14:46:30.337 DEBUG 11472 --- [main] r.r.productservice.aspect.LoggingAspect  : --- DB result: ListCrudRepository.findAll() returned: ArrayList
2026-01-02 14:46:31.308  WARN 11472 --- [main] JpaBaseConfiguration$JpaWebConfiguration : spring.jpa.open-in-view is enabled by default. Therefore, database queries may be performed during view rendering. Explicitly configure spring.jpa.open-in-view to disable this warning
2026-01-02 14:46:31.352  WARN 11472 --- [main] .s.s.UserDetailsServiceAutoConfiguration : 

Using generated security password: e3071590-bf76-4638-8b24-3721ee941bca

This generated password is for development use only. Your security configuration must be updated before running your application in production.

2026-01-02 14:46:31.366  INFO 11472 --- [main] r$InitializeUserDetailsManagerConfigurer : Global AuthenticationManager configured with UserDetailsService bean with name inMemoryUserDetailsManager
2026-01-02 14:46:31.996  INFO 11472 --- [main] o.s.b.a.e.web.EndpointLinksResolver      : Exposing 3 endpoints beneath base path '/actuator'
2026-01-02 14:46:32.836  INFO 11472 --- [main] o.a.coyote.http11.Http11NioProtocol      : Starting ProtocolHandler ["http-nio-8083"]
2026-01-02 14:46:32.854  INFO 11472 --- [main] o.s.b.w.embedded.tomcat.TomcatWebServer  : Tomcat started on port 8083 (http) with context path '/'
2026-01-02 14:46:32.866  INFO 11472 --- [main] r.r.p.ProductServiceApplication          : Started ProductServiceApplication in 8.424 seconds (process running for 8.981)
2026-01-02 14:46:33.252  INFO 11472 --- [RMI TCP Connection(1)-192.168.0.28] o.a.c.c.C.[Tomcat].[localhost].[/]       : Initializing Spring DispatcherServlet 'dispatcherServlet'
2026-01-02 14:46:33.252  INFO 11472 --- [RMI TCP Connection(1)-192.168.0.28] o.s.web.servlet.DispatcherServlet        : Initializing Servlet 'dispatcherServlet'
2026-01-02 14:46:33.255  INFO 11472 --- [RMI TCP Connection(1)-192.168.0.28] o.s.web.servlet.DispatcherServlet        : Completed initialization in 2 ms
2026-01-02 14:48:42.868  INFO 11472 --- [SpringApplicationShutdownHook] o.s.b.w.e.tomcat.GracefulShutdown        : Commencing graceful shutdown. Waiting for active requests to complete
2026-01-02 14:48:42.879  INFO 11472 --- [tomcat-shutdown] o.s.b.w.e.tomcat.GracefulShutdown        : Graceful shutdown complete
2026-01-02 14:48:42.891  INFO 11472 --- [SpringApplicationShutdownHook] j.LocalContainerEntityManagerFactoryBean : Closing JPA EntityManagerFactory for persistence unit 'default'
2026-01-02 14:48:42.888 DEBUG 11472 --- [idle-connection-reaper] s.a.a.h.a.i.conn.IdleConnectionReaper    : Reaper thread: 
java.lang.InterruptedException: sleep interrupted
	at java.base/java.lang.Thread.sleep0(Native Method)
	at java.base/java.lang.Thread.sleep(Thread.java:509)
	at software.amazon.awssdk.http.apache.internal.conn.IdleConnectionReaper$ReaperTask.run(IdleConnectionReaper.java:150)
	at java.base/java.util.concurrent.ThreadPoolExecutor.runWorker(ThreadPoolExecutor.java:1144)
	at java.base/java.util.concurrent.ThreadPoolExecutor$Worker.run(ThreadPoolExecutor.java:642)
	at java.base/java.lang.Thread.run(Thread.java:1583)
2026-01-02 14:48:42.893 DEBUG 11472 --- [idle-connection-reaper] s.a.a.h.a.i.conn.IdleConnectionReaper    : Shutting down reaper thread.
2026-01-02 14:48:42.895  INFO 11472 --- [SpringApplicationShutdownHook] com.zaxxer.hikari.HikariDataSource       : HikariPool-1 - Shutdown initiated...
2026-01-02 14:48:42.900  INFO 11472 --- [SpringApplicationShutdownHook] com.zaxxer.hikari.HikariDataSource       : HikariPool-1 - Shutdown completed.
