2025-12-22 20:46:41.706  INFO 18520 --- [background-preinit] o.h.validator.internal.util.Version      : HV000001: Hibernate Validator 8.0.2.Final
2025-12-22 20:46:41.746  INFO 18520 --- [main] r.r.p.ProductServiceApplication          : Starting ProductServiceApplication using Java 21.0.8 with PID 18520 (D:\Max\java\my-application\ecommerce-platform\product-service\target\classes started by elims in D:\Max\java\my-application\ecommerce-platform)
2025-12-22 20:46:41.747 DEBUG 18520 --- [main] r.r.p.ProductServiceApplication          : Running with Spring Boot v3.4.4, Spring v6.2.5
2025-12-22 20:46:41.748  INFO 18520 --- [main] r.r.p.ProductServiceApplication          : No active profile set, falling back to 1 default profile: "default"
2025-12-22 20:46:42.526  INFO 18520 --- [main] .s.d.r.c.RepositoryConfigurationDelegate : Bootstrapping Spring Data JPA repositories in DEFAULT mode.
2025-12-22 20:46:42.576  INFO 18520 --- [main] .s.d.r.c.RepositoryConfigurationDelegate : Finished Spring Data repository scanning in 43 ms. Found 5 JPA repository interfaces.
2025-12-22 20:46:43.291  INFO 18520 --- [main] o.s.b.w.embedded.tomcat.TomcatWebServer  : Tomcat initialized with port 8083 (http)
2025-12-22 20:46:43.303  INFO 18520 --- [main] o.a.coyote.http11.Http11NioProtocol      : Initializing ProtocolHandler ["http-nio-8083"]
2025-12-22 20:46:43.304  INFO 18520 --- [main] o.apache.catalina.core.StandardService   : Starting service [Tomcat]
2025-12-22 20:46:43.304  INFO 18520 --- [main] o.apache.catalina.core.StandardEngine    : Starting Servlet engine: [Apache Tomcat/10.1.39]
2025-12-22 20:46:43.352  INFO 18520 --- [main] o.a.c.c.C.[Tomcat].[localhost].[/]       : Initializing Spring embedded WebApplicationContext
2025-12-22 20:46:43.352  INFO 18520 --- [main] w.s.c.ServletWebServerApplicationContext : Root WebApplicationContext: initialization completed in 1567 ms
2025-12-22 20:46:43.727  INFO 18520 --- [main] com.zaxxer.hikari.HikariDataSource       : HikariPool-1 - Starting...
2025-12-22 20:46:43.868  INFO 18520 --- [main] com.zaxxer.hikari.pool.HikariPool        : HikariPool-1 - Added connection org.postgresql.jdbc.PgConnection@283bb8b7
2025-12-22 20:46:43.869  INFO 18520 --- [main] com.zaxxer.hikari.HikariDataSource       : HikariPool-1 - Start completed.
2025-12-22 20:46:43.898  INFO 18520 --- [main] org.flywaydb.core.FlywayExecutor         : Database: jdbc:postgresql://localhost:5435/ecommerce_products (PostgreSQL 16.4)
2025-12-22 20:46:43.977  INFO 18520 --- [main] o.f.core.internal.command.DbValidate     : Successfully validated 1 migration (execution time 00:00.037s)
2025-12-22 20:46:44.013  INFO 18520 --- [main] o.f.core.internal.command.DbMigrate      : Current version of schema "public": 20251209204550
2025-12-22 20:46:44.018  INFO 18520 --- [main] o.f.core.internal.command.DbMigrate      : Schema "public" is up to date. No migration necessary.
2025-12-22 20:46:44.104  INFO 18520 --- [main] o.hibernate.jpa.internal.util.LogHelper  : HHH000204: Processing PersistenceUnitInfo [name: default]
2025-12-22 20:46:44.157  INFO 18520 --- [main] org.hibernate.Version                    : HHH000412: Hibernate ORM core version 6.6.11.Final
2025-12-22 20:46:44.187  INFO 18520 --- [main] o.h.c.internal.RegionFactoryInitiator    : HHH000026: Second-level cache disabled
2025-12-22 20:46:44.431  INFO 18520 --- [main] o.s.o.j.p.SpringPersistenceUnitInfo      : No LoadTimeWeaver setup: ignoring JPA class transformer
2025-12-22 20:46:44.481  WARN 18520 --- [main] org.hibernate.orm.deprecation            : HHH90000025: PostgreSQLDialect does not need to be specified explicitly using 'hibernate.dialect' (remove the property setting and it will be selected by default)
2025-12-22 20:46:44.495  INFO 18520 --- [main] org.hibernate.orm.connections.pooling    : HHH10001005: Database info:
	Database JDBC URL [Connecting through datasource 'HikariDataSource (HikariPool-1)']
	Database driver: undefined/unknown
	Database version: 16.4
	Autocommit mode: undefined/unknown
	Isolation level: undefined/unknown
	Minimum pool size: undefined/unknown
	Maximum pool size: undefined/unknown
2025-12-22 20:46:45.362  INFO 18520 --- [main] o.h.e.t.j.p.i.JtaPlatformInitiator       : HHH000489: No JTA platform available (set 'hibernate.transaction.jta.platform' to enable JTA platform integration)
2025-12-22 20:46:45.426  INFO 18520 --- [main] j.LocalContainerEntityManagerFactoryBean : Initialized JPA EntityManagerFactory for persistence unit 'default'
2025-12-22 20:46:45.839  INFO 18520 --- [main] o.s.d.j.r.query.QueryEnhancerFactory     : Hibernate is in classpath; If applicable, HQL parser will be used.
2025-12-22 20:46:46.407  WARN 18520 --- [main] ConfigServletWebServerApplicationContext : Exception encountered during context initialization - cancelling refresh attempt: org.springframework.beans.factory.UnsatisfiedDependencyException: Error creating bean with name 'categoryController' defined in file [D:\Max\java\my-application\ecommerce-platform\product-service\target\classes\ru\rfsnab\productservice\controller\CategoryController.class]: Unsatisfied dependency expressed through constructor parameter 0: Error creating bean with name 'categoryService' defined in file [D:\Max\java\my-application\ecommerce-platform\product-service\target\classes\ru\rfsnab\productservice\service\CategoryService.class]: Unsatisfied dependency expressed through constructor parameter 1: Error creating bean with name 'productService' defined in file [D:\Max\java\my-application\ecommerce-platform\product-service\target\classes\ru\rfsnab\productservice\service\ProductService.class]: Unsatisfied dependency expressed through constructor parameter 0: Error creating bean with name 'productRepository' defined in ru.rfsnab.productservice.repository.ProductRepository defined in @EnableJpaRepositories declared on JpaRepositoriesRegistrar.EnableJpaRepositoriesConfiguration: Could not create query for public abstract org.springframework.data.domain.Page ru.rfsnab.productservice.repository.ProductRepository.findByCategoryId(java.lang.Long); Reason: Paging query needs to have a Pageable parameter; Offending method: public abstract org.springframework.data.domain.Page ru.rfsnab.productservice.repository.ProductRepository.findByCategoryId(java.lang.Long)
2025-12-22 20:46:46.407  INFO 18520 --- [main] j.LocalContainerEntityManagerFactoryBean : Closing JPA EntityManagerFactory for persistence unit 'default'
2025-12-22 20:46:46.411  INFO 18520 --- [main] com.zaxxer.hikari.HikariDataSource       : HikariPool-1 - Shutdown initiated...
2025-12-22 20:46:46.415  INFO 18520 --- [main] com.zaxxer.hikari.HikariDataSource       : HikariPool-1 - Shutdown completed.
2025-12-22 20:46:46.417  INFO 18520 --- [main] o.apache.catalina.core.StandardService   : Stopping service [Tomcat]
2025-12-22 20:46:46.430  INFO 18520 --- [main] .s.b.a.l.ConditionEvaluationReportLogger : 

Error starting ApplicationContext. To display the condition evaluation report re-run your application with 'debug' enabled.
2025-12-22 20:46:46.443 ERROR 18520 --- [main] o.s.boot.SpringApplication               : Application run failed
org.springframework.beans.factory.UnsatisfiedDependencyException: Error creating bean with name 'categoryController' defined in file [D:\Max\java\my-application\ecommerce-platform\product-service\target\classes\ru\rfsnab\productservice\controller\CategoryController.class]: Unsatisfied dependency expressed through constructor parameter 0: Error creating bean with name 'categoryService' defined in file [D:\Max\java\my-application\ecommerce-platform\product-service\target\classes\ru\rfsnab\productservice\service\CategoryService.class]: Unsatisfied dependency expressed through constructor parameter 1: Error creating bean with name 'productService' defined in file [D:\Max\java\my-application\ecommerce-platform\product-service\target\classes\ru\rfsnab\productservice\service\ProductService.class]: Unsatisfied dependency expressed through constructor parameter 0: Error creating bean with name 'productRepository' defined in ru.rfsnab.productservice.repository.ProductRepository defined in @EnableJpaRepositories declared on JpaRepositoriesRegistrar.EnableJpaRepositoriesConfiguration: Could not create query for public abstract org.springframework.data.domain.Page ru.rfsnab.productservice.repository.ProductRepository.findByCategoryId(java.lang.Long); Reason: Paging query needs to have a Pageable parameter; Offending method: public abstract org.springframework.data.domain.Page ru.rfsnab.productservice.repository.ProductRepository.findByCategoryId(java.lang.Long)
	at org.springframework.beans.factory.support.ConstructorResolver.createArgumentArray(ConstructorResolver.java:804)
	at org.springframework.beans.factory.support.ConstructorResolver.autowireConstructor(ConstructorResolver.java:240)
	at org.springframework.beans.factory.support.AbstractAutowireCapableBeanFactory.autowireConstructor(AbstractAutowireCapableBeanFactory.java:1381)
	at org.springframework.beans.factory.support.AbstractAutowireCapableBeanFactory.createBeanInstance(AbstractAutowireCapableBeanFactory.java:1218)
	at org.springframework.beans.factory.support.AbstractAutowireCapableBeanFactory.doCreateBean(AbstractAutowireCapableBeanFactory.java:563)
	at org.springframework.beans.factory.support.AbstractAutowireCapableBeanFactory.createBean(AbstractAutowireCapableBeanFactory.java:523)
	at org.springframework.beans.factory.support.AbstractBeanFactory.lambda$doGetBean$0(AbstractBeanFactory.java:339)
	at org.springframework.beans.factory.support.DefaultSingletonBeanRegistry.getSingleton(DefaultSingletonBeanRegistry.java:347)
	at org.springframework.beans.factory.support.AbstractBeanFactory.doGetBean(AbstractBeanFactory.java:337)
	at org.springframework.beans.factory.support.AbstractBeanFactory.getBean(AbstractBeanFactory.java:202)
	at org.springframework.beans.factory.support.DefaultListableBeanFactory.instantiateSingleton(DefaultListableBeanFactory.java:1155)
	at org.springframework.beans.factory.support.DefaultListableBeanFactory.preInstantiateSingleton(DefaultListableBeanFactory.java:1121)
	at org.springframework.beans.factory.support.DefaultListableBeanFactory.preInstantiateSingletons(DefaultListableBeanFactory.java:1056)
	at org.springframework.context.support.AbstractApplicationContext.finishBeanFactoryInitialization(AbstractApplicationContext.java:987)
	at org.springframework.context.support.AbstractApplicationContext.refresh(AbstractApplicationContext.java:627)
	at org.springframework.boot.web.servlet.context.ServletWebServerApplicationContext.refresh(ServletWebServerApplicationContext.java:146)
	at org.springframework.boot.SpringApplication.refresh(SpringApplication.java:752)
	at org.springframework.boot.SpringApplication.refreshContext(SpringApplication.java:439)
	at org.springframework.boot.SpringApplication.run(SpringApplication.java:318)
	at org.springframework.boot.SpringApplication.run(SpringApplication.java:1361)
	at org.springframework.boot.SpringApplication.run(SpringApplication.java:1350)
	at ru.rfsnab.productservice.ProductServiceApplication.main(ProductServiceApplication.java:10)
Caused by: org.springframework.beans.factory.UnsatisfiedDependencyException: Error creating bean with name 'categoryService' defined in file [D:\Max\java\my-application\ecommerce-platform\product-service\target\classes\ru\rfsnab\productservice\service\CategoryService.class]: Unsatisfied dependency expressed through constructor parameter 1: Error creating bean with name 'productService' defined in file [D:\Max\java\my-application\ecommerce-platform\product-service\target\classes\ru\rfsnab\productservice\service\ProductService.class]: Unsatisfied dependency expressed through constructor parameter 0: Error creating bean with name 'productRepository' defined in ru.rfsnab.productservice.repository.ProductRepository defined in @EnableJpaRepositories declared on JpaRepositoriesRegistrar.EnableJpaRepositoriesConfiguration: Could not create query for public abstract org.springframework.data.domain.Page ru.rfsnab.productservice.repository.ProductRepository.findByCategoryId(java.lang.Long); Reason: Paging query needs to have a Pageable parameter; Offending method: public abstract org.springframework.data.domain.Page ru.rfsnab.productservice.repository.ProductRepository.findByCategoryId(java.lang.Long)
	at org.springframework.beans.factory.support.ConstructorResolver.createArgumentArray(ConstructorResolver.java:804)
	at org.springframework.beans.factory.support.ConstructorResolver.autowireConstructor(ConstructorResolver.java:240)
	at org.springframework.beans.factory.support.AbstractAutowireCapableBeanFactory.autowireConstructor(AbstractAutowireCapableBeanFactory.java:1381)
	at org.springframework.beans.factory.support.AbstractAutowireCapableBeanFactory.createBeanInstance(AbstractAutowireCapableBeanFactory.java:1218)
	at org.springframework.beans.factory.support.AbstractAutowireCapableBeanFactory.doCreateBean(AbstractAutowireCapableBeanFactory.java:563)
	at org.springframework.beans.factory.support.AbstractAutowireCapableBeanFactory.createBean(AbstractAutowireCapableBeanFactory.java:523)
	at org.springframework.beans.factory.support.AbstractBeanFactory.lambda$doGetBean$0(AbstractBeanFactory.java:339)
	at org.springframework.beans.factory.support.DefaultSingletonBeanRegistry.getSingleton(DefaultSingletonBeanRegistry.java:347)
	at org.springframework.beans.factory.support.AbstractBeanFactory.doGetBean(AbstractBeanFactory.java:337)
	at org.springframework.beans.factory.support.AbstractBeanFactory.getBean(AbstractBeanFactory.java:202)
	at org.springframework.beans.factory.support.DefaultListableBeanFactory.doResolveDependency(DefaultListableBeanFactory.java:1609)
	at org.springframework.beans.factory.support.DefaultListableBeanFactory.resolveDependency(DefaultListableBeanFactory.java:1555)
	at org.springframework.beans.factory.support.ConstructorResolver.resolveAutowiredArgument(ConstructorResolver.java:913)
	at org.springframework.beans.factory.support.ConstructorResolver.createArgumentArray(ConstructorResolver.java:791)
	... 21 common frames omitted
Caused by: org.springframework.beans.factory.UnsatisfiedDependencyException: Error creating bean with name 'productService' defined in file [D:\Max\java\my-application\ecommerce-platform\product-service\target\classes\ru\rfsnab\productservice\service\ProductService.class]: Unsatisfied dependency expressed through constructor parameter 0: Error creating bean with name 'productRepository' defined in ru.rfsnab.productservice.repository.ProductRepository defined in @EnableJpaRepositories declared on JpaRepositoriesRegistrar.EnableJpaRepositoriesConfiguration: Could not create query for public abstract org.springframework.data.domain.Page ru.rfsnab.productservice.repository.ProductRepository.findByCategoryId(java.lang.Long); Reason: Paging query needs to have a Pageable parameter; Offending method: public abstract org.springframework.data.domain.Page ru.rfsnab.productservice.repository.ProductRepository.findByCategoryId(java.lang.Long)
	at org.springframework.beans.factory.support.ConstructorResolver.createArgumentArray(ConstructorResolver.java:804)
	at org.springframework.beans.factory.support.ConstructorResolver.autowireConstructor(ConstructorResolver.java:240)
	at org.springframework.beans.factory.support.AbstractAutowireCapableBeanFactory.autowireConstructor(AbstractAutowireCapableBeanFactory.java:1381)
	at org.springframework.beans.factory.support.AbstractAutowireCapableBeanFactory.createBeanInstance(AbstractAutowireCapableBeanFactory.java:1218)
	at org.springframework.beans.factory.support.AbstractAutowireCapableBeanFactory.doCreateBean(AbstractAutowireCapableBeanFactory.java:563)
	at org.springframework.beans.factory.support.AbstractAutowireCapableBeanFactory.createBean(AbstractAutowireCapableBeanFactory.java:523)
	at org.springframework.beans.factory.support.AbstractBeanFactory.lambda$doGetBean$0(AbstractBeanFactory.java:339)
	at org.springframework.beans.factory.support.DefaultSingletonBeanRegistry.getSingleton(DefaultSingletonBeanRegistry.java:347)
	at org.springframework.beans.factory.support.AbstractBeanFactory.doGetBean(AbstractBeanFactory.java:337)
	at org.springframework.beans.factory.support.AbstractBeanFactory.getBean(AbstractBeanFactory.java:202)
	at org.springframework.beans.factory.support.DefaultListableBeanFactory.doResolveDependency(DefaultListableBeanFactory.java:1609)
	at org.springframework.beans.factory.support.DefaultListableBeanFactory.resolveDependency(DefaultListableBeanFactory.java:1555)
	at org.springframework.beans.factory.support.ConstructorResolver.resolveAutowiredArgument(ConstructorResolver.java:913)
	at org.springframework.beans.factory.support.ConstructorResolver.createArgumentArray(ConstructorResolver.java:791)
	... 34 common frames omitted
Caused by: org.springframework.beans.factory.BeanCreationException: Error creating bean with name 'productRepository' defined in ru.rfsnab.productservice.repository.ProductRepository defined in @EnableJpaRepositories declared on JpaRepositoriesRegistrar.EnableJpaRepositoriesConfiguration: Could not create query for public abstract org.springframework.data.domain.Page ru.rfsnab.productservice.repository.ProductRepository.findByCategoryId(java.lang.Long); Reason: Paging query needs to have a Pageable parameter; Offending method: public abstract org.springframework.data.domain.Page ru.rfsnab.productservice.repository.ProductRepository.findByCategoryId(java.lang.Long)
	at org.springframework.beans.factory.support.AbstractAutowireCapableBeanFactory.initializeBean(AbstractAutowireCapableBeanFactory.java:1812)
	at org.springframework.beans.factory.support.AbstractAutowireCapableBeanFactory.doCreateBean(AbstractAutowireCapableBeanFactory.java:601)
	at org.springframework.beans.factory.support.AbstractAutowireCapableBeanFactory.createBean(AbstractAutowireCapableBeanFactory.java:523)
	at org.springframework.beans.factory.support.AbstractBeanFactory.lambda$doGetBean$0(AbstractBeanFactory.java:339)
	at org.springframework.beans.factory.support.DefaultSingletonBeanRegistry.getSingleton(DefaultSingletonBeanRegistry.java:347)
	at org.springframework.beans.factory.support.AbstractBeanFactory.doGetBean(AbstractBeanFactory.java:337)
	at org.springframework.beans.factory.support.AbstractBeanFactory.getBean(AbstractBeanFactory.java:202)
	at org.springframework.beans.factory.support.DefaultListableBeanFactory.doResolveDependency(DefaultListableBeanFactory.java:1609)
	at org.springframework.beans.factory.support.DefaultListableBeanFactory.resolveDependency(DefaultListableBeanFactory.java:1555)
	at org.springframework.beans.factory.support.ConstructorResolver.resolveAutowiredArgument(ConstructorResolver.java:913)
	at org.springframework.beans.factory.support.ConstructorResolver.createArgumentArray(ConstructorResolver.java:791)
	... 47 common frames omitted
Caused by: org.springframework.data.repository.query.QueryCreationException: Could not create query for public abstract org.springframework.data.domain.Page ru.rfsnab.productservice.repository.ProductRepository.findByCategoryId(java.lang.Long); Reason: Paging query needs to have a Pageable parameter; Offending method: public abstract org.springframework.data.domain.Page ru.rfsnab.productservice.repository.ProductRepository.findByCategoryId(java.lang.Long)
	at org.springframework.data.repository.query.QueryCreationException.create(QueryCreationException.java:101)
	at org.springframework.data.repository.core.support.QueryExecutorMethodInterceptor.lookupQuery(QueryExecutorMethodInterceptor.java:120)
	at org.springframework.data.repository.core.support.QueryExecutorMethodInterceptor.mapMethodsToQuery(QueryExecutorMethodInterceptor.java:104)
	at org.springframework.data.repository.core.support.QueryExecutorMethodInterceptor.lambda$new$0(QueryExecutorMethodInterceptor.java:92)
	at java.base/java.util.Optional.map(Optional.java:260)
	at org.springframework.data.repository.core.support.QueryExecutorMethodInterceptor.<init>(QueryExecutorMethodInterceptor.java:92)
	at org.springframework.data.repository.core.support.RepositoryFactorySupport.getRepository(RepositoryFactorySupport.java:431)
	at org.springframework.data.repository.core.support.RepositoryFactoryBeanSupport.lambda$afterPropertiesSet$4(RepositoryFactoryBeanSupport.java:350)
	at org.springframework.data.util.Lazy.getNullable(Lazy.java:135)
	at org.springframework.data.util.Lazy.get(Lazy.java:113)
	at org.springframework.data.repository.core.support.RepositoryFactoryBeanSupport.afterPropertiesSet(RepositoryFactoryBeanSupport.java:356)
	at org.springframework.data.jpa.repository.support.JpaRepositoryFactoryBean.afterPropertiesSet(JpaRepositoryFactoryBean.java:132)
	at org.springframework.beans.factory.support.AbstractAutowireCapableBeanFactory.invokeInitMethods(AbstractAutowireCapableBeanFactory.java:1859)
	at org.springframework.beans.factory.support.AbstractAutowireCapableBeanFactory.initializeBean(AbstractAutowireCapableBeanFactory.java:1808)
	... 57 common frames omitted
Caused by: java.lang.IllegalArgumentException: Paging query needs to have a Pageable parameter; Offending method: public abstract org.springframework.data.domain.Page ru.rfsnab.productservice.repository.ProductRepository.findByCategoryId(java.lang.Long)
	at org.springframework.util.Assert.isTrue(Assert.java:116)
	at org.springframework.data.repository.query.QueryMethod.validate(QueryMethod.java:130)
	at org.springframework.data.repository.query.QueryMethod.<init>(QueryMethod.java:103)
	at org.springframework.data.jpa.repository.query.JpaQueryMethod.<init>(JpaQueryMethod.java:102)
	at org.springframework.data.jpa.repository.query.DefaultJpaQueryMethodFactory.build(DefaultJpaQueryMethodFactory.java:44)
	at org.springframework.data.jpa.repository.query.JpaQueryLookupStrategy$AbstractQueryLookupStrategy.resolveQuery(JpaQueryLookupStrategy.java:98)
	at org.springframework.data.repository.core.support.QueryExecutorMethodInterceptor.lookupQuery(QueryExecutorMethodInterceptor.java:116)
	... 69 common frames omitted
2025-12-22 21:21:36.604  INFO 8060 --- [background-preinit] o.h.validator.internal.util.Version      : HV000001: Hibernate Validator 8.0.2.Final
2025-12-22 21:21:36.649  INFO 8060 --- [main] r.r.p.ProductServiceApplication          : Starting ProductServiceApplication using Java 21.0.8 with PID 8060 (D:\Max\java\my-application\ecommerce-platform\product-service\target\classes started by elims in D:\Max\java\my-application\ecommerce-platform)
2025-12-22 21:21:36.650 DEBUG 8060 --- [main] r.r.p.ProductServiceApplication          : Running with Spring Boot v3.4.4, Spring v6.2.5
2025-12-22 21:21:36.650  INFO 8060 --- [main] r.r.p.ProductServiceApplication          : No active profile set, falling back to 1 default profile: "default"
2025-12-22 21:21:37.375  INFO 8060 --- [main] .s.d.r.c.RepositoryConfigurationDelegate : Bootstrapping Spring Data JPA repositories in DEFAULT mode.
2025-12-22 21:21:37.427  INFO 8060 --- [main] .s.d.r.c.RepositoryConfigurationDelegate : Finished Spring Data repository scanning in 45 ms. Found 5 JPA repository interfaces.
2025-12-22 21:21:38.096  INFO 8060 --- [main] o.s.b.w.embedded.tomcat.TomcatWebServer  : Tomcat initialized with port 8083 (http)
2025-12-22 21:21:38.105  INFO 8060 --- [main] o.a.coyote.http11.Http11NioProtocol      : Initializing ProtocolHandler ["http-nio-8083"]
2025-12-22 21:21:38.107  INFO 8060 --- [main] o.apache.catalina.core.StandardService   : Starting service [Tomcat]
2025-12-22 21:21:38.107  INFO 8060 --- [main] o.apache.catalina.core.StandardEngine    : Starting Servlet engine: [Apache Tomcat/10.1.39]
2025-12-22 21:21:38.155  INFO 8060 --- [main] o.a.c.c.C.[Tomcat].[localhost].[/]       : Initializing Spring embedded WebApplicationContext
2025-12-22 21:21:38.156  INFO 8060 --- [main] w.s.c.ServletWebServerApplicationContext : Root WebApplicationContext: initialization completed in 1475 ms
2025-12-22 21:21:38.581  INFO 8060 --- [main] com.zaxxer.hikari.HikariDataSource       : HikariPool-1 - Starting...
2025-12-22 21:21:38.710  INFO 8060 --- [main] com.zaxxer.hikari.pool.HikariPool        : HikariPool-1 - Added connection org.postgresql.jdbc.PgConnection@6c1f15df
2025-12-22 21:21:38.712  INFO 8060 --- [main] com.zaxxer.hikari.HikariDataSource       : HikariPool-1 - Start completed.
2025-12-22 21:21:38.736  INFO 8060 --- [main] org.flywaydb.core.FlywayExecutor         : Database: jdbc:postgresql://localhost:5435/ecommerce_products (PostgreSQL 16.4)
2025-12-22 21:21:38.797  INFO 8060 --- [main] o.f.core.internal.command.DbValidate     : Successfully validated 1 migration (execution time 00:00.030s)
2025-12-22 21:21:38.846  INFO 8060 --- [main] o.f.core.internal.command.DbMigrate      : Current version of schema "public": 20251209204550
2025-12-22 21:21:38.849  INFO 8060 --- [main] o.f.core.internal.command.DbMigrate      : Schema "public" is up to date. No migration necessary.
2025-12-22 21:21:38.974  INFO 8060 --- [main] o.hibernate.jpa.internal.util.LogHelper  : HHH000204: Processing PersistenceUnitInfo [name: default]
2025-12-22 21:21:39.034  INFO 8060 --- [main] org.hibernate.Version                    : HHH000412: Hibernate ORM core version 6.6.11.Final
2025-12-22 21:21:39.070  INFO 8060 --- [main] o.h.c.internal.RegionFactoryInitiator    : HHH000026: Second-level cache disabled
2025-12-22 21:21:39.313  INFO 8060 --- [main] o.s.o.j.p.SpringPersistenceUnitInfo      : No LoadTimeWeaver setup: ignoring JPA class transformer
2025-12-22 21:21:39.366  WARN 8060 --- [main] org.hibernate.orm.deprecation            : HHH90000025: PostgreSQLDialect does not need to be specified explicitly using 'hibernate.dialect' (remove the property setting and it will be selected by default)
2025-12-22 21:21:39.380  INFO 8060 --- [main] org.hibernate.orm.connections.pooling    : HHH10001005: Database info:
	Database JDBC URL [Connecting through datasource 'HikariDataSource (HikariPool-1)']
	Database driver: undefined/unknown
	Database version: 16.4
	Autocommit mode: undefined/unknown
	Isolation level: undefined/unknown
	Minimum pool size: undefined/unknown
	Maximum pool size: undefined/unknown
2025-12-22 21:21:40.219  INFO 8060 --- [main] o.h.e.t.j.p.i.JtaPlatformInitiator       : HHH000489: No JTA platform available (set 'hibernate.transaction.jta.platform' to enable JTA platform integration)
2025-12-22 21:21:40.258  INFO 8060 --- [main] j.LocalContainerEntityManagerFactoryBean : Initialized JPA EntityManagerFactory for persistence unit 'default'
2025-12-22 21:21:40.645  INFO 8060 --- [main] o.s.d.j.r.query.QueryEnhancerFactory     : Hibernate is in classpath; If applicable, HQL parser will be used.
2025-12-22 21:21:41.261 DEBUG 8060 --- [main] r.r.productservice.aspect.LoggingAspect  : --- DB query: ListCrudRepository.findAll() whith params: []
2025-12-22 21:21:41.328 DEBUG 8060 --- [main] org.hibernate.SQL                        : 
    select
        c1_0.id,
        c1_0.created_at,
        c1_0.description,
        c1_0.display_order,
        c1_0.is_active,
        c1_0.name,
        c1_0.parent_id,
        c1_0.slug,
        c1_0.updated_at 
    from
        categories c1_0
2025-12-22 21:21:41.365 DEBUG 8060 --- [main] r.r.productservice.aspect.LoggingAspect  : --- DB result: ListCrudRepository.findAll() returned: ArrayList
2025-12-22 21:21:42.181  WARN 8060 --- [main] JpaBaseConfiguration$JpaWebConfiguration : spring.jpa.open-in-view is enabled by default. Therefore, database queries may be performed during view rendering. Explicitly configure spring.jpa.open-in-view to disable this warning
2025-12-22 21:21:42.304  WARN 8060 --- [main] ConfigServletWebServerApplicationContext : Exception encountered during context initialization - cancelling refresh attempt: org.springframework.beans.factory.BeanCreationException: Error creating bean with name 'requestMappingHandlerMapping' defined in class path resource [org/springframework/boot/autoconfigure/web/servlet/WebMvcAutoConfiguration$EnableWebMvcConfiguration.class]: Invalid mapping on handler class [ru.rfsnab.productservice.controller.ProductImageController]: public org.springframework.http.ResponseEntity ru.rfsnab.productservice.controller.ProductImageController.deleteImage(java.lang.Long,java.lang.Long)
2025-12-22 21:21:42.306  INFO 8060 --- [main] j.LocalContainerEntityManagerFactoryBean : Closing JPA EntityManagerFactory for persistence unit 'default'
2025-12-22 21:21:42.305 DEBUG 8060 --- [idle-connection-reaper] s.a.a.h.a.i.conn.IdleConnectionReaper    : Reaper thread: 
java.lang.InterruptedException: sleep interrupted
	at java.base/java.lang.Thread.sleep0(Native Method)
	at java.base/java.lang.Thread.sleep(Thread.java:509)
	at software.amazon.awssdk.http.apache.internal.conn.IdleConnectionReaper$ReaperTask.run(IdleConnectionReaper.java:150)
	at java.base/java.util.concurrent.ThreadPoolExecutor.runWorker(ThreadPoolExecutor.java:1144)
	at java.base/java.util.concurrent.ThreadPoolExecutor$Worker.run(ThreadPoolExecutor.java:642)
	at java.base/java.lang.Thread.run(Thread.java:1583)
2025-12-22 21:21:42.307 DEBUG 8060 --- [idle-connection-reaper] s.a.a.h.a.i.conn.IdleConnectionReaper    : Shutting down reaper thread.
2025-12-22 21:21:42.308  INFO 8060 --- [main] com.zaxxer.hikari.HikariDataSource       : HikariPool-1 - Shutdown initiated...
2025-12-22 21:21:42.311  INFO 8060 --- [main] com.zaxxer.hikari.HikariDataSource       : HikariPool-1 - Shutdown completed.
2025-12-22 21:21:42.314  INFO 8060 --- [main] o.apache.catalina.core.StandardService   : Stopping service [Tomcat]
2025-12-22 21:21:42.326  INFO 8060 --- [main] .s.b.a.l.ConditionEvaluationReportLogger : 

Error starting ApplicationContext. To display the condition evaluation report re-run your application with 'debug' enabled.
2025-12-22 21:21:42.337 ERROR 8060 --- [main] o.s.b.d.LoggingFailureAnalysisReporter   : 

***************************
APPLICATION FAILED TO START
***************************

Description:

Invalid mapping pattern detected:
/{imageId
         ^
Expected close capture character after variable name }

Action:

Fix this pattern in your application or switch to the legacy parser implementation with 'spring.mvc.pathmatch.matching-strategy=ant_path_matcher'.

2025-12-22 21:22:26.167  INFO 13580 --- [background-preinit] o.h.validator.internal.util.Version      : HV000001: Hibernate Validator 8.0.2.Final
2025-12-22 21:22:26.210  INFO 13580 --- [main] r.r.p.ProductServiceApplication          : Starting ProductServiceApplication using Java 21.0.8 with PID 13580 (D:\Max\java\my-application\ecommerce-platform\product-service\target\classes started by elims in D:\Max\java\my-application\ecommerce-platform)
2025-12-22 21:22:26.210 DEBUG 13580 --- [main] r.r.p.ProductServiceApplication          : Running with Spring Boot v3.4.4, Spring v6.2.5
2025-12-22 21:22:26.211  INFO 13580 --- [main] r.r.p.ProductServiceApplication          : No active profile set, falling back to 1 default profile: "default"
2025-12-22 21:22:26.866  INFO 13580 --- [main] .s.d.r.c.RepositoryConfigurationDelegate : Bootstrapping Spring Data JPA repositories in DEFAULT mode.
2025-12-22 21:22:26.916  INFO 13580 --- [main] .s.d.r.c.RepositoryConfigurationDelegate : Finished Spring Data repository scanning in 43 ms. Found 5 JPA repository interfaces.
2025-12-22 21:22:27.501  INFO 13580 --- [main] o.s.b.w.embedded.tomcat.TomcatWebServer  : Tomcat initialized with port 8083 (http)
2025-12-22 21:22:27.509  INFO 13580 --- [main] o.a.coyote.http11.Http11NioProtocol      : Initializing ProtocolHandler ["http-nio-8083"]
2025-12-22 21:22:27.511  INFO 13580 --- [main] o.apache.catalina.core.StandardService   : Starting service [Tomcat]
2025-12-22 21:22:27.511  INFO 13580 --- [main] o.apache.catalina.core.StandardEngine    : Starting Servlet engine: [Apache Tomcat/10.1.39]
2025-12-22 21:22:27.546  INFO 13580 --- [main] o.a.c.c.C.[Tomcat].[localhost].[/]       : Initializing Spring embedded WebApplicationContext
2025-12-22 21:22:27.546  INFO 13580 --- [main] w.s.c.ServletWebServerApplicationContext : Root WebApplicationContext: initialization completed in 1304 ms
2025-12-22 21:22:27.894  INFO 13580 --- [main] com.zaxxer.hikari.HikariDataSource       : HikariPool-1 - Starting...
2025-12-22 21:22:27.995  INFO 13580 --- [main] com.zaxxer.hikari.pool.HikariPool        : HikariPool-1 - Added connection org.postgresql.jdbc.PgConnection@4f8900b0
2025-12-22 21:22:27.996  INFO 13580 --- [main] com.zaxxer.hikari.HikariDataSource       : HikariPool-1 - Start completed.
2025-12-22 21:22:28.016  INFO 13580 --- [main] org.flywaydb.core.FlywayExecutor         : Database: jdbc:postgresql://localhost:5435/ecommerce_products (PostgreSQL 16.4)
2025-12-22 21:22:28.053  INFO 13580 --- [main] o.f.core.internal.command.DbValidate     : Successfully validated 1 migration (execution time 00:00.018s)
2025-12-22 21:22:28.090  INFO 13580 --- [main] o.f.core.internal.command.DbMigrate      : Current version of schema "public": 20251209204550
2025-12-22 21:22:28.094  INFO 13580 --- [main] o.f.core.internal.command.DbMigrate      : Schema "public" is up to date. No migration necessary.
2025-12-22 21:22:28.208  INFO 13580 --- [main] o.hibernate.jpa.internal.util.LogHelper  : HHH000204: Processing PersistenceUnitInfo [name: default]
2025-12-22 21:22:28.237  INFO 13580 --- [main] org.hibernate.Version                    : HHH000412: Hibernate ORM core version 6.6.11.Final
2025-12-22 21:22:28.260  INFO 13580 --- [main] o.h.c.internal.RegionFactoryInitiator    : HHH000026: Second-level cache disabled
2025-12-22 21:22:28.424  INFO 13580 --- [main] o.s.o.j.p.SpringPersistenceUnitInfo      : No LoadTimeWeaver setup: ignoring JPA class transformer
2025-12-22 21:22:28.476  WARN 13580 --- [main] org.hibernate.orm.deprecation            : HHH90000025: PostgreSQLDialect does not need to be specified explicitly using 'hibernate.dialect' (remove the property setting and it will be selected by default)
2025-12-22 21:22:28.488  INFO 13580 --- [main] org.hibernate.orm.connections.pooling    : HHH10001005: Database info:
	Database JDBC URL [Connecting through datasource 'HikariDataSource (HikariPool-1)']
	Database driver: undefined/unknown
	Database version: 16.4
	Autocommit mode: undefined/unknown
	Isolation level: undefined/unknown
	Minimum pool size: undefined/unknown
	Maximum pool size: undefined/unknown
2025-12-22 21:22:29.221  INFO 13580 --- [main] o.h.e.t.j.p.i.JtaPlatformInitiator       : HHH000489: No JTA platform available (set 'hibernate.transaction.jta.platform' to enable JTA platform integration)
2025-12-22 21:22:29.252  INFO 13580 --- [main] j.LocalContainerEntityManagerFactoryBean : Initialized JPA EntityManagerFactory for persistence unit 'default'
2025-12-22 21:22:29.617  INFO 13580 --- [main] o.s.d.j.r.query.QueryEnhancerFactory     : Hibernate is in classpath; If applicable, HQL parser will be used.
2025-12-22 21:22:30.186 DEBUG 13580 --- [main] r.r.productservice.aspect.LoggingAspect  : --- DB query: ListCrudRepository.findAll() whith params: []
2025-12-22 21:22:30.254 DEBUG 13580 --- [main] org.hibernate.SQL                        : 
    select
        c1_0.id,
        c1_0.created_at,
        c1_0.description,
        c1_0.display_order,
        c1_0.is_active,
        c1_0.name,
        c1_0.parent_id,
        c1_0.slug,
        c1_0.updated_at 
    from
        categories c1_0
2025-12-22 21:22:30.278 DEBUG 13580 --- [main] r.r.productservice.aspect.LoggingAspect  : --- DB result: ListCrudRepository.findAll() returned: ArrayList
2025-12-22 21:22:30.993  WARN 13580 --- [main] JpaBaseConfiguration$JpaWebConfiguration : spring.jpa.open-in-view is enabled by default. Therefore, database queries may be performed during view rendering. Explicitly configure spring.jpa.open-in-view to disable this warning
2025-12-22 21:22:31.793  INFO 13580 --- [main] o.s.b.a.e.web.EndpointLinksResolver      : Exposing 3 endpoints beneath base path '/actuator'
2025-12-22 21:22:31.848  INFO 13580 --- [main] o.a.coyote.http11.Http11NioProtocol      : Starting ProtocolHandler ["http-nio-8083"]
2025-12-22 21:22:31.862  INFO 13580 --- [main] o.s.b.w.embedded.tomcat.TomcatWebServer  : Tomcat started on port 8083 (http) with context path '/'
2025-12-22 21:22:31.870  INFO 13580 --- [main] r.r.p.ProductServiceApplication          : Started ProductServiceApplication in 6.105 seconds (process running for 6.595)
2025-12-22 21:22:32.080  INFO 13580 --- [RMI TCP Connection(1)-192.168.0.28] o.a.c.c.C.[Tomcat].[localhost].[/]       : Initializing Spring DispatcherServlet 'dispatcherServlet'
2025-12-22 21:22:32.080  INFO 13580 --- [RMI TCP Connection(1)-192.168.0.28] o.s.web.servlet.DispatcherServlet        : Initializing Servlet 'dispatcherServlet'
2025-12-22 21:22:32.081  INFO 13580 --- [RMI TCP Connection(1)-192.168.0.28] o.s.web.servlet.DispatcherServlet        : Completed initialization in 1 ms
2025-12-22 21:25:13.548  INFO 13580 --- [http-nio-8083-exec-2] r.r.productservice.aspect.LoggingAspect  : >>> Incoming request: CategoryController.getCategoryTree() with args: []
2025-12-22 21:25:13.549 DEBUG 13580 --- [http-nio-8083-exec-2] r.r.productservice.aspect.LoggingAspect  : ==> Executing service: CategoryService.getCategoryTree() whith args: []
2025-12-22 21:25:13.549 DEBUG 13580 --- [http-nio-8083-exec-2] r.r.productservice.aspect.LoggingAspect  : <== Service completed: CategoryService.getCategoryTree() in 0 ms
2025-12-22 21:25:13.552  INFO 13580 --- [http-nio-8083-exec-2] r.r.productservice.aspect.LoggingAspect  : <<< Response from: CategoryController.getCategoryTree() with result type: <200 OK OK,[],[]>
2025-12-22 21:27:43.843  INFO 13580 --- [http-nio-8083-exec-3] r.r.productservice.aspect.LoggingAspect  : >>> Incoming request: CategoryController.getCategoryById(..) with args: [999]
2025-12-22 21:27:43.843 DEBUG 13580 --- [http-nio-8083-exec-3] r.r.productservice.aspect.LoggingAspect  : ==> Executing service: CategoryService.getCategoryById(..) whith args: [999]
2025-12-22 21:27:43.845 DEBUG 13580 --- [http-nio-8083-exec-3] r.r.productservice.aspect.LoggingAspect  : --- DB query: CrudRepository.findById(..) whith params: [999]
2025-12-22 21:27:43.852 DEBUG 13580 --- [http-nio-8083-exec-3] org.hibernate.SQL                        : 
    select
        c1_0.id,
        c1_0.created_at,
        c1_0.description,
        c1_0.display_order,
        c1_0.is_active,
        c1_0.name,
        c1_0.parent_id,
        c1_0.slug,
        c1_0.updated_at 
    from
        categories c1_0 
    where
        c1_0.id=?
2025-12-22 21:27:43.857 DEBUG 13580 --- [http-nio-8083-exec-3] r.r.productservice.aspect.LoggingAspect  : --- DB result: CrudRepository.findById(..) returned: Optional
2025-12-22 21:27:43.857 ERROR 13580 --- [http-nio-8083-exec-3] r.r.productservice.aspect.LoggingAspect  : <!> Service failed: CategoryService.getCategoryById(..) after 14 ms - Error: Категория с slug='Категория не найдена: 999' не найдена
2025-12-22 21:27:43.858 ERROR 13580 --- [http-nio-8083-exec-3] r.r.productservice.aspect.LoggingAspect  : !!! Exception in controller: CategoryController.getCategoryById(..) - Error: Категория с slug='Категория не найдена: 999' не найдена
2025-12-22 21:27:43.861  WARN 13580 --- [http-nio-8083-exec-3] r.r.productservice.aspect.LoggingAspect  : >>> Handling exception in: GlobalExceptionHandler.handleCategoryNotFound(..) - Exception type: CategoryNotFoundException - Message: Категория с slug='Категория не найдена: 999' не найдена
2025-12-22 21:27:43.862 ERROR 13580 --- [http-nio-8083-exec-3] r.r.p.exception.GlobalExceptionHandler   : Category not found: Категория с slug='Категория не найдена: 999' не найдена
2025-12-22 21:27:43.862  WARN 13580 --- [http-nio-8083-exec-3] r.r.productservice.aspect.LoggingAspect  : <<< Exception handled by: GlobalExceptionHandler.handleCategoryNotFound(..)
2025-12-22 21:27:59.863  INFO 13580 --- [http-nio-8083-exec-4] r.r.productservice.aspect.LoggingAspect  : >>> Incoming request: CategoryController.getCategoryById(..) with args: [999]
2025-12-22 21:27:59.863 DEBUG 13580 --- [http-nio-8083-exec-4] r.r.productservice.aspect.LoggingAspect  : ==> Executing service: CategoryService.getCategoryById(..) whith args: [999]
2025-12-22 21:27:59.864 DEBUG 13580 --- [http-nio-8083-exec-4] r.r.productservice.aspect.LoggingAspect  : --- DB query: CrudRepository.findById(..) whith params: [999]
2025-12-22 21:27:59.866 DEBUG 13580 --- [http-nio-8083-exec-4] org.hibernate.SQL                        : 
    select
        c1_0.id,
        c1_0.created_at,
        c1_0.description,
        c1_0.display_order,
        c1_0.is_active,
        c1_0.name,
        c1_0.parent_id,
        c1_0.slug,
        c1_0.updated_at 
    from
        categories c1_0 
    where
        c1_0.id=?
2025-12-22 21:27:59.870 DEBUG 13580 --- [http-nio-8083-exec-4] r.r.productservice.aspect.LoggingAspect  : --- DB result: CrudRepository.findById(..) returned: Optional
2025-12-22 21:27:59.870 ERROR 13580 --- [http-nio-8083-exec-4] r.r.productservice.aspect.LoggingAspect  : <!> Service failed: CategoryService.getCategoryById(..) after 6 ms - Error: Категория с slug='Категория не найдена: 999' не найдена
2025-12-22 21:27:59.870 ERROR 13580 --- [http-nio-8083-exec-4] r.r.productservice.aspect.LoggingAspect  : !!! Exception in controller: CategoryController.getCategoryById(..) - Error: Категория с slug='Категория не найдена: 999' не найдена
2025-12-22 21:27:59.871  WARN 13580 --- [http-nio-8083-exec-4] r.r.productservice.aspect.LoggingAspect  : >>> Handling exception in: GlobalExceptionHandler.handleCategoryNotFound(..) - Exception type: CategoryNotFoundException - Message: Категория с slug='Категория не найдена: 999' не найдена
2025-12-22 21:27:59.872 ERROR 13580 --- [http-nio-8083-exec-4] r.r.p.exception.GlobalExceptionHandler   : Category not found: Категория с slug='Категория не найдена: 999' не найдена
2025-12-22 21:27:59.872  WARN 13580 --- [http-nio-8083-exec-4] r.r.productservice.aspect.LoggingAspect  : <<< Exception handled by: GlobalExceptionHandler.handleCategoryNotFound(..)
2025-12-22 21:30:31.278  INFO 13580 --- [http-nio-8083-exec-7] r.r.productservice.aspect.LoggingAspect  : >>> Incoming request: CategoryController.createCategory(..) with args: [ru.rfsnab.productservice.dto.CategoryRequest@488bd742]
2025-12-22 21:30:31.286 DEBUG 13580 --- [http-nio-8083-exec-7] r.r.productservice.aspect.LoggingAspect  : ==> Executing service: CategoryService.createCategory(..) whith args: [ru.rfsnab.productservice.model.Category@43fe36aa]
2025-12-22 21:30:31.287 DEBUG 13580 --- [http-nio-8083-exec-7] r.r.productservice.aspect.LoggingAspect  : ==> Executing service: SlugGeneratorService.generateSlug(..) whith args: [???????? ?????????]
2025-12-22 21:30:31.289 ERROR 13580 --- [http-nio-8083-exec-7] r.r.productservice.aspect.LoggingAspect  : <!> Service failed: SlugGeneratorService.generateSlug(..) after 2 ms - Error: Не удалось сгенерировать slug из: ???????? ?????????
2025-12-22 21:30:31.289 ERROR 13580 --- [http-nio-8083-exec-7] r.r.productservice.aspect.LoggingAspect  : <!> Service failed: CategoryService.createCategory(..) after 2 ms - Error: Не удалось сгенерировать slug из: ???????? ?????????
2025-12-22 21:30:31.292 ERROR 13580 --- [http-nio-8083-exec-7] r.r.productservice.aspect.LoggingAspect  : !!! Exception in controller: CategoryController.createCategory(..) - Error: Не удалось сгенерировать slug из: ???????? ?????????
2025-12-22 21:30:31.293  WARN 13580 --- [http-nio-8083-exec-7] r.r.productservice.aspect.LoggingAspect  : >>> Handling exception in: GlobalExceptionHandler.handleGenericException(..) - Exception type: IllegalArgumentException - Message: Не удалось сгенерировать slug из: ???????? ?????????
2025-12-22 21:30:31.293 ERROR 13580 --- [http-nio-8083-exec-7] r.r.p.exception.GlobalExceptionHandler   : Unexpected error: 
java.lang.IllegalArgumentException: Не удалось сгенерировать slug из: ???????? ?????????
	at ru.rfsnab.productservice.service.SlugGeneratorService.generateSlug(SlugGeneratorService.java:63)
	at java.base/jdk.internal.reflect.DirectMethodHandleAccessor.invoke(DirectMethodHandleAccessor.java:103)
	at java.base/java.lang.reflect.Method.invoke(Method.java:580)
	at org.springframework.aop.support.AopUtils.invokeJoinpointUsingReflection(AopUtils.java:359)
	at org.springframework.aop.framework.ReflectiveMethodInvocation.invokeJoinpoint(ReflectiveMethodInvocation.java:196)
	at org.springframework.aop.framework.ReflectiveMethodInvocation.proceed(ReflectiveMethodInvocation.java:163)
	at org.springframework.aop.aspectj.MethodInvocationProceedingJoinPoint.proceed(MethodInvocationProceedingJoinPoint.java:89)
	at ru.rfsnab.productservice.aspect.LoggingAspect.logAroundService(LoggingAspect.java:80)
	at java.base/jdk.internal.reflect.DirectMethodHandleAccessor.invoke(DirectMethodHandleAccessor.java:103)
	at java.base/java.lang.reflect.Method.invoke(Method.java:580)
	at org.springframework.aop.aspectj.AbstractAspectJAdvice.invokeAdviceMethodWithGivenArgs(AbstractAspectJAdvice.java:642)
	at org.springframework.aop.aspectj.AbstractAspectJAdvice.invokeAdviceMethod(AbstractAspectJAdvice.java:632)
	at org.springframework.aop.aspectj.AspectJAroundAdvice.invoke(AspectJAroundAdvice.java:71)
	at org.springframework.aop.framework.ReflectiveMethodInvocation.proceed(ReflectiveMethodInvocation.java:184)
	at org.springframework.aop.interceptor.ExposeInvocationInterceptor.invoke(ExposeInvocationInterceptor.java:97)
	at org.springframework.aop.framework.ReflectiveMethodInvocation.proceed(ReflectiveMethodInvocation.java:184)
	at org.springframework.aop.framework.CglibAopProxy$DynamicAdvisedInterceptor.intercept(CglibAopProxy.java:727)
	at ru.rfsnab.productservice.service.SlugGeneratorService$$SpringCGLIB$$0.generateSlug(<generated>)
	at ru.rfsnab.productservice.service.CategoryService.createCategory(CategoryService.java:114)
	at java.base/jdk.internal.reflect.DirectMethodHandleAccessor.invoke(DirectMethodHandleAccessor.java:103)
	at java.base/java.lang.reflect.Method.invoke(Method.java:580)
	at org.springframework.aop.support.AopUtils.invokeJoinpointUsingReflection(AopUtils.java:359)
	at org.springframework.aop.framework.ReflectiveMethodInvocation.invokeJoinpoint(ReflectiveMethodInvocation.java:196)
	at org.springframework.aop.framework.ReflectiveMethodInvocation.proceed(ReflectiveMethodInvocation.java:163)
	at org.springframework.aop.aspectj.MethodInvocationProceedingJoinPoint.proceed(MethodInvocationProceedingJoinPoint.java:89)
	at ru.rfsnab.productservice.aspect.LoggingAspect.logAroundService(LoggingAspect.java:80)
	at java.base/jdk.internal.reflect.DirectMethodHandleAccessor.invoke(DirectMethodHandleAccessor.java:103)
	at java.base/java.lang.reflect.Method.invoke(Method.java:580)
	at org.springframework.aop.aspectj.AbstractAspectJAdvice.invokeAdviceMethodWithGivenArgs(AbstractAspectJAdvice.java:642)
	at org.springframework.aop.aspectj.AbstractAspectJAdvice.invokeAdviceMethod(AbstractAspectJAdvice.java:632)
	at org.springframework.aop.aspectj.AspectJAroundAdvice.invoke(AspectJAroundAdvice.java:71)
	at org.springframework.aop.framework.ReflectiveMethodInvocation.proceed(ReflectiveMethodInvocation.java:184)
	at org.springframework.transaction.interceptor.TransactionAspectSupport.invokeWithinTransaction(TransactionAspectSupport.java:380)
	at org.springframework.transaction.interceptor.TransactionInterceptor.invoke(TransactionInterceptor.java:119)
	at org.springframework.aop.framework.ReflectiveMethodInvocation.proceed(ReflectiveMethodInvocation.java:184)
	at org.springframework.aop.interceptor.ExposeInvocationInterceptor.invoke(ExposeInvocationInterceptor.java:97)
	at org.springframework.aop.framework.ReflectiveMethodInvocation.proceed(ReflectiveMethodInvocation.java:184)
	at org.springframework.aop.framework.CglibAopProxy$DynamicAdvisedInterceptor.intercept(CglibAopProxy.java:727)
	at ru.rfsnab.productservice.service.CategoryService$$SpringCGLIB$$0.createCategory(<generated>)
	at ru.rfsnab.productservice.controller.CategoryController.createCategory(CategoryController.java:55)
	at java.base/jdk.internal.reflect.DirectMethodHandleAccessor.invoke(DirectMethodHandleAccessor.java:103)
	at java.base/java.lang.reflect.Method.invoke(Method.java:580)
	at org.springframework.aop.support.AopUtils.invokeJoinpointUsingReflection(AopUtils.java:359)
	at org.springframework.aop.framework.ReflectiveMethodInvocation.invokeJoinpoint(ReflectiveMethodInvocation.java:196)
	at org.springframework.aop.framework.ReflectiveMethodInvocation.proceed(ReflectiveMethodInvocation.java:163)
	at org.springframework.aop.aspectj.AspectJAfterThrowingAdvice.invoke(AspectJAfterThrowingAdvice.java:64)
	at org.springframework.aop.framework.ReflectiveMethodInvocation.proceed(ReflectiveMethodInvocation.java:184)
	at org.springframework.aop.framework.adapter.AfterReturningAdviceInterceptor.invoke(AfterReturningAdviceInterceptor.java:57)
	at org.springframework.aop.framework.ReflectiveMethodInvocation.proceed(ReflectiveMethodInvocation.java:184)
	at org.springframework.aop.framework.adapter.MethodBeforeAdviceInterceptor.invoke(MethodBeforeAdviceInterceptor.java:58)
	at org.springframework.aop.framework.ReflectiveMethodInvocation.proceed(ReflectiveMethodInvocation.java:184)
	at org.springframework.aop.interceptor.ExposeInvocationInterceptor.invoke(ExposeInvocationInterceptor.java:97)
	at org.springframework.aop.framework.ReflectiveMethodInvocation.proceed(ReflectiveMethodInvocation.java:184)
	at org.springframework.aop.framework.CglibAopProxy$DynamicAdvisedInterceptor.intercept(CglibAopProxy.java:727)
	at ru.rfsnab.productservice.controller.CategoryController$$SpringCGLIB$$0.createCategory(<generated>)
	at java.base/jdk.internal.reflect.DirectMethodHandleAccessor.invoke(DirectMethodHandleAccessor.java:103)
	at java.base/java.lang.reflect.Method.invoke(Method.java:580)
	at org.springframework.web.method.support.InvocableHandlerMethod.doInvoke(InvocableHandlerMethod.java:258)
	at org.springframework.web.method.support.InvocableHandlerMethod.invokeForRequest(InvocableHandlerMethod.java:191)
	at org.springframework.web.servlet.mvc.method.annotation.ServletInvocableHandlerMethod.invokeAndHandle(ServletInvocableHandlerMethod.java:118)
	at org.springframework.web.servlet.mvc.method.annotation.RequestMappingHandlerAdapter.invokeHandlerMethod(RequestMappingHandlerAdapter.java:986)
	at org.springframework.web.servlet.mvc.method.annotation.RequestMappingHandlerAdapter.handleInternal(RequestMappingHandlerAdapter.java:891)
	at org.springframework.web.servlet.mvc.method.AbstractHandlerMethodAdapter.handle(AbstractHandlerMethodAdapter.java:87)
	at org.springframework.web.servlet.DispatcherServlet.doDispatch(DispatcherServlet.java:1089)
	at org.springframework.web.servlet.DispatcherServlet.doService(DispatcherServlet.java:979)
	at org.springframework.web.servlet.FrameworkServlet.processRequest(FrameworkServlet.java:1014)
	at org.springframework.web.servlet.FrameworkServlet.doPost(FrameworkServlet.java:914)
	at jakarta.servlet.http.HttpServlet.service(HttpServlet.java:590)
	at org.springframework.web.servlet.FrameworkServlet.service(FrameworkServlet.java:885)
	at jakarta.servlet.http.HttpServlet.service(HttpServlet.java:658)
	at org.apache.catalina.core.ApplicationFilterChain.internalDoFilter(ApplicationFilterChain.java:195)
	at org.apache.catalina.core.ApplicationFilterChain.doFilter(ApplicationFilterChain.java:140)
	at org.apache.tomcat.websocket.server.WsFilter.doFilter(WsFilter.java:51)
	at org.apache.catalina.core.ApplicationFilterChain.internalDoFilter(ApplicationFilterChain.java:164)
	at org.apache.catalina.core.ApplicationFilterChain.doFilter(ApplicationFilterChain.java:140)
	at org.springframework.web.filter.RequestContextFilter.doFilterInternal(RequestContextFilter.java:100)
	at org.springframework.web.filter.OncePerRequestFilter.doFilter(OncePerRequestFilter.java:116)
	at org.apache.catalina.core.ApplicationFilterChain.internalDoFilter(ApplicationFilterChain.java:164)
	at org.apache.catalina.core.ApplicationFilterChain.doFilter(ApplicationFilterChain.java:140)
	at org.springframework.web.filter.FormContentFilter.doFilterInternal(FormContentFilter.java:93)
	at org.springframework.web.filter.OncePerRequestFilter.doFilter(OncePerRequestFilter.java:116)
	at org.apache.catalina.core.ApplicationFilterChain.internalDoFilter(ApplicationFilterChain.java:164)
	at org.apache.catalina.core.ApplicationFilterChain.doFilter(ApplicationFilterChain.java:140)
	at org.springframework.web.filter.ServerHttpObservationFilter.doFilterInternal(ServerHttpObservationFilter.java:114)
	at org.springframework.web.filter.OncePerRequestFilter.doFilter(OncePerRequestFilter.java:116)
	at org.apache.catalina.core.ApplicationFilterChain.internalDoFilter(ApplicationFilterChain.java:164)
	at org.apache.catalina.core.ApplicationFilterChain.doFilter(ApplicationFilterChain.java:140)
	at org.springframework.web.filter.CharacterEncodingFilter.doFilterInternal(CharacterEncodingFilter.java:201)
	at org.springframework.web.filter.OncePerRequestFilter.doFilter(OncePerRequestFilter.java:116)
	at org.apache.catalina.core.ApplicationFilterChain.internalDoFilter(ApplicationFilterChain.java:164)
	at org.apache.catalina.core.ApplicationFilterChain.doFilter(ApplicationFilterChain.java:140)
	at org.apache.catalina.core.StandardWrapperValve.invoke(StandardWrapperValve.java:167)
	at org.apache.catalina.core.StandardContextValve.invoke(StandardContextValve.java:90)
	at org.apache.catalina.authenticator.AuthenticatorBase.invoke(AuthenticatorBase.java:483)
	at org.apache.catalina.core.StandardHostValve.invoke(StandardHostValve.java:115)
	at org.apache.catalina.valves.ErrorReportValve.invoke(ErrorReportValve.java:93)
	at org.apache.catalina.core.StandardEngineValve.invoke(StandardEngineValve.java:74)
	at org.apache.catalina.connector.CoyoteAdapter.service(CoyoteAdapter.java:344)
	at org.apache.coyote.http11.Http11Processor.service(Http11Processor.java:397)
	at org.apache.coyote.AbstractProcessorLight.process(AbstractProcessorLight.java:63)
	at org.apache.coyote.AbstractProtocol$ConnectionHandler.process(AbstractProtocol.java:905)
	at org.apache.tomcat.util.net.NioEndpoint$SocketProcessor.doRun(NioEndpoint.java:1743)
	at org.apache.tomcat.util.net.SocketProcessorBase.run(SocketProcessorBase.java:52)
	at org.apache.tomcat.util.threads.ThreadPoolExecutor.runWorker(ThreadPoolExecutor.java:1190)
	at org.apache.tomcat.util.threads.ThreadPoolExecutor$Worker.run(ThreadPoolExecutor.java:659)
	at org.apache.tomcat.util.threads.TaskThread$WrappingRunnable.run(TaskThread.java:63)
	at java.base/java.lang.Thread.run(Thread.java:1583)
2025-12-22 21:30:31.297  WARN 13580 --- [http-nio-8083-exec-7] r.r.productservice.aspect.LoggingAspect  : <<< Exception handled by: GlobalExceptionHandler.handleGenericException(..)
2025-12-22 21:47:28.803  INFO 13580 --- [http-nio-8083-exec-10] r.r.productservice.aspect.LoggingAspect  : >>> Incoming request: CategoryController.createCategory(..) with args: [ru.rfsnab.productservice.dto.CategoryRequest@7b70c849]
2025-12-22 21:47:28.807 DEBUG 13580 --- [http-nio-8083-exec-10] r.r.productservice.aspect.LoggingAspect  : ==> Executing service: CategoryService.createCategory(..) whith args: [ru.rfsnab.productservice.model.Category@76f2e6f4]
2025-12-22 21:47:28.807 DEBUG 13580 --- [http-nio-8083-exec-10] r.r.productservice.aspect.LoggingAspect  : ==> Executing service: SlugGeneratorService.generateSlug(..) whith args: [Testovaya kategoriya]
2025-12-22 21:47:28.807 DEBUG 13580 --- [http-nio-8083-exec-10] r.r.productservice.aspect.LoggingAspect  : <== Service completed: SlugGeneratorService.generateSlug(..) in 0 ms
2025-12-22 21:47:28.808 DEBUG 13580 --- [http-nio-8083-exec-10] r.r.productservice.aspect.LoggingAspect  : --- DB query: CategoryRepository.existsBySlug(..) whith params: [testovaya-kategoriya]
2025-12-22 21:47:28.846 DEBUG 13580 --- [http-nio-8083-exec-10] org.hibernate.SQL                        : 
    select
        c1_0.id 
    from
        categories c1_0 
    where
        c1_0.slug=? 
    fetch
        first ? rows only
2025-12-22 21:47:28.866 DEBUG 13580 --- [http-nio-8083-exec-10] r.r.productservice.aspect.LoggingAspect  : --- DB result: CategoryRepository.existsBySlug(..) returned: Boolean
2025-12-22 21:47:28.867 DEBUG 13580 --- [http-nio-8083-exec-10] r.r.productservice.aspect.LoggingAspect  : --- DB query: CrudRepository.save(..) whith params: [ru.rfsnab.productservice.model.Category@76f2e6f4]
2025-12-22 21:47:28.909 DEBUG 13580 --- [http-nio-8083-exec-10] org.hibernate.SQL                        : 
    insert 
    into
        categories
        (created_at, description, display_order, is_active, name, parent_id, slug, updated_at) 
    values
        (?, ?, ?, ?, ?, ?, ?, ?)
2025-12-22 21:47:28.944 DEBUG 13580 --- [http-nio-8083-exec-10] r.r.productservice.aspect.LoggingAspect  : --- DB result: CrudRepository.save(..) returned: Category
2025-12-22 21:47:28.944 DEBUG 13580 --- [http-nio-8083-exec-10] r.r.productservice.aspect.LoggingAspect  : --- DB query: ListCrudRepository.findAll() whith params: []
2025-12-22 21:47:28.954 DEBUG 13580 --- [http-nio-8083-exec-10] org.hibernate.SQL                        : 
    select
        c1_0.id,
        c1_0.created_at,
        c1_0.description,
        c1_0.display_order,
        c1_0.is_active,
        c1_0.name,
        c1_0.parent_id,
        c1_0.slug,
        c1_0.updated_at 
    from
        categories c1_0
2025-12-22 21:47:28.959 DEBUG 13580 --- [http-nio-8083-exec-10] r.r.productservice.aspect.LoggingAspect  : --- DB result: ListCrudRepository.findAll() returned: ArrayList
2025-12-22 21:47:28.961 DEBUG 13580 --- [http-nio-8083-exec-10] r.r.productservice.aspect.LoggingAspect  : <== Service completed: CategoryService.createCategory(..) in 154 ms
2025-12-22 21:47:28.969  INFO 13580 --- [http-nio-8083-exec-10] r.r.productservice.aspect.LoggingAspect  : <<< Response from: CategoryController.createCategory(..) with result type: <200 OK OK,ru.rfsnab.productservice.dto.CategoryResponse@170f6c6f,[]>
2025-12-22 21:49:09.811  INFO 13580 --- [http-nio-8083-exec-1] r.r.productservice.aspect.LoggingAspect  : >>> Incoming request: CategoryController.getCategoryTree() with args: []
2025-12-22 21:49:09.811 DEBUG 13580 --- [http-nio-8083-exec-1] r.r.productservice.aspect.LoggingAspect  : ==> Executing service: CategoryService.getCategoryTree() whith args: []
2025-12-22 21:49:09.812 DEBUG 13580 --- [http-nio-8083-exec-1] r.r.productservice.aspect.LoggingAspect  : <== Service completed: CategoryService.getCategoryTree() in 0 ms
2025-12-22 21:49:09.812  INFO 13580 --- [http-nio-8083-exec-1] r.r.productservice.aspect.LoggingAspect  : <<< Response from: CategoryController.getCategoryTree() with result type: <200 OK OK,[ru.rfsnab.productservice.dto.CategoryTreeDTO@44d6c319],[]>
2025-12-22 21:50:05.198  INFO 13580 --- [http-nio-8083-exec-3] r.r.productservice.aspect.LoggingAspect  : >>> Incoming request: CategoryController.createCategory(..) with args: [ru.rfsnab.productservice.dto.CategoryRequest@263f6976]
2025-12-22 21:50:05.201 DEBUG 13580 --- [http-nio-8083-exec-3] r.r.productservice.aspect.LoggingAspect  : ==> Executing service: CategoryService.createCategory(..) whith args: [ru.rfsnab.productservice.model.Category@32ec861f]
2025-12-22 21:50:05.201 DEBUG 13580 --- [http-nio-8083-exec-3] r.r.productservice.aspect.LoggingAspect  : ==> Executing service: SlugGeneratorService.generateSlug(..) whith args: [Child Category]
2025-12-22 21:50:05.203 DEBUG 13580 --- [http-nio-8083-exec-3] r.r.productservice.aspect.LoggingAspect  : <== Service completed: SlugGeneratorService.generateSlug(..) in 0 ms
2025-12-22 21:50:05.203 DEBUG 13580 --- [http-nio-8083-exec-3] r.r.productservice.aspect.LoggingAspect  : --- DB query: CategoryRepository.existsBySlug(..) whith params: [child-category]
2025-12-22 21:50:05.205 DEBUG 13580 --- [http-nio-8083-exec-3] org.hibernate.SQL                        : 
    select
        c1_0.id 
    from
        categories c1_0 
    where
        c1_0.slug=? 
    fetch
        first ? rows only
2025-12-22 21:50:05.209 DEBUG 13580 --- [http-nio-8083-exec-3] r.r.productservice.aspect.LoggingAspect  : --- DB result: CategoryRepository.existsBySlug(..) returned: Boolean
2025-12-22 21:50:05.209 DEBUG 13580 --- [http-nio-8083-exec-3] r.r.productservice.aspect.LoggingAspect  : --- DB query: CrudRepository.findById(..) whith params: [1]
2025-12-22 21:50:05.210 DEBUG 13580 --- [http-nio-8083-exec-3] org.hibernate.SQL                        : 
    select
        c1_0.id,
        c1_0.created_at,
        c1_0.description,
        c1_0.display_order,
        c1_0.is_active,
        c1_0.name,
        c1_0.parent_id,
        c1_0.slug,
        c1_0.updated_at 
    from
        categories c1_0 
    where
        c1_0.id=?
2025-12-22 21:50:05.217 DEBUG 13580 --- [http-nio-8083-exec-3] r.r.productservice.aspect.LoggingAspect  : --- DB result: CrudRepository.findById(..) returned: Optional
2025-12-22 21:50:05.217 DEBUG 13580 --- [http-nio-8083-exec-3] r.r.productservice.aspect.LoggingAspect  : --- DB query: CrudRepository.save(..) whith params: [ru.rfsnab.productservice.model.Category@32ec861f]
2025-12-22 21:50:05.219 DEBUG 13580 --- [http-nio-8083-exec-3] org.hibernate.SQL                        : 
    insert 
    into
        categories
        (created_at, description, display_order, is_active, name, parent_id, slug, updated_at) 
    values
        (?, ?, ?, ?, ?, ?, ?, ?)
2025-12-22 21:50:05.224 DEBUG 13580 --- [http-nio-8083-exec-3] r.r.productservice.aspect.LoggingAspect  : --- DB result: CrudRepository.save(..) returned: Category
2025-12-22 21:50:05.225 DEBUG 13580 --- [http-nio-8083-exec-3] r.r.productservice.aspect.LoggingAspect  : --- DB query: ListCrudRepository.findAll() whith params: []
2025-12-22 21:50:05.230 DEBUG 13580 --- [http-nio-8083-exec-3] org.hibernate.SQL                        : 
    select
        c1_0.id,
        c1_0.created_at,
        c1_0.description,
        c1_0.display_order,
        c1_0.is_active,
        c1_0.name,
        c1_0.parent_id,
        c1_0.slug,
        c1_0.updated_at 
    from
        categories c1_0
2025-12-22 21:50:05.234 DEBUG 13580 --- [http-nio-8083-exec-3] r.r.productservice.aspect.LoggingAspect  : --- DB result: ListCrudRepository.findAll() returned: ArrayList
2025-12-22 21:50:05.234 DEBUG 13580 --- [http-nio-8083-exec-3] r.r.productservice.aspect.LoggingAspect  : <== Service completed: CategoryService.createCategory(..) in 33 ms
2025-12-22 21:50:05.238  INFO 13580 --- [http-nio-8083-exec-3] r.r.productservice.aspect.LoggingAspect  : <<< Response from: CategoryController.createCategory(..) with result type: <200 OK OK,ru.rfsnab.productservice.dto.CategoryResponse@1de0bc9e,[]>
2025-12-22 21:51:39.542  INFO 13580 --- [http-nio-8083-exec-6] r.r.productservice.aspect.LoggingAspect  : >>> Incoming request: CategoryController.getCategoryTree() with args: []
2025-12-22 21:51:39.543 DEBUG 13580 --- [http-nio-8083-exec-6] r.r.productservice.aspect.LoggingAspect  : ==> Executing service: CategoryService.getCategoryTree() whith args: []
2025-12-22 21:51:39.543 DEBUG 13580 --- [http-nio-8083-exec-6] r.r.productservice.aspect.LoggingAspect  : <== Service completed: CategoryService.getCategoryTree() in 0 ms
2025-12-22 21:51:39.543  INFO 13580 --- [http-nio-8083-exec-6] r.r.productservice.aspect.LoggingAspect  : <<< Response from: CategoryController.getCategoryTree() with result type: <200 OK OK,[ru.rfsnab.productservice.dto.CategoryTreeDTO@53eda841],[]>
2025-12-22 21:54:21.572  INFO 13580 --- [SpringApplicationShutdownHook] o.s.b.w.e.tomcat.GracefulShutdown        : Commencing graceful shutdown. Waiting for active requests to complete
2025-12-22 21:54:21.581  INFO 13580 --- [tomcat-shutdown] o.s.b.w.e.tomcat.GracefulShutdown        : Graceful shutdown complete
2025-12-22 21:54:21.590  INFO 13580 --- [SpringApplicationShutdownHook] j.LocalContainerEntityManagerFactoryBean : Closing JPA EntityManagerFactory for persistence unit 'default'
2025-12-22 21:54:21.593 DEBUG 13580 --- [idle-connection-reaper] s.a.a.h.a.i.conn.IdleConnectionReaper    : Reaper thread: 
java.lang.InterruptedException: sleep interrupted
	at java.base/java.lang.Thread.sleep0(Native Method)
	at java.base/java.lang.Thread.sleep(Thread.java:509)
	at software.amazon.awssdk.http.apache.internal.conn.IdleConnectionReaper$ReaperTask.run(IdleConnectionReaper.java:150)
	at java.base/java.util.concurrent.ThreadPoolExecutor.runWorker(ThreadPoolExecutor.java:1144)
	at java.base/java.util.concurrent.ThreadPoolExecutor$Worker.run(ThreadPoolExecutor.java:642)
	at java.base/java.lang.Thread.run(Thread.java:1583)
2025-12-22 21:54:21.593 DEBUG 13580 --- [idle-connection-reaper] s.a.a.h.a.i.conn.IdleConnectionReaper    : Shutting down reaper thread.
2025-12-22 21:54:21.596  INFO 13580 --- [SpringApplicationShutdownHook] com.zaxxer.hikari.HikariDataSource       : HikariPool-1 - Shutdown initiated...
2025-12-22 21:54:21.599  INFO 13580 --- [SpringApplicationShutdownHook] com.zaxxer.hikari.HikariDataSource       : HikariPool-1 - Shutdown completed.
