2025-12-24 22:15:51.502  INFO 13376 --- [background-preinit] o.h.validator.internal.util.Version      : HV000001: Hibernate Validator 8.0.2.Final
2025-12-24 22:15:51.539  INFO 13376 --- [main] r.r.p.ProductServiceApplication          : Starting ProductServiceApplication using Java 21.0.8 with PID 13376 (D:\Max\java\my-application\ecommerce-platform\product-service\target\classes started by elims in D:\Max\java\my-application\ecommerce-platform)
2025-12-24 22:15:51.542 DEBUG 13376 --- [main] r.r.p.ProductServiceApplication          : Running with Spring Boot v3.4.4, Spring v6.2.5
2025-12-24 22:15:51.543  INFO 13376 --- [main] r.r.p.ProductServiceApplication          : No active profile set, falling back to 1 default profile: "default"
2025-12-24 22:15:52.332  INFO 13376 --- [main] .s.d.r.c.RepositoryConfigurationDelegate : Bootstrapping Spring Data JPA repositories in DEFAULT mode.
2025-12-24 22:15:52.388  INFO 13376 --- [main] .s.d.r.c.RepositoryConfigurationDelegate : Finished Spring Data repository scanning in 43 ms. Found 5 JPA repository interfaces.
2025-12-24 22:15:53.131  INFO 13376 --- [main] o.s.b.w.embedded.tomcat.TomcatWebServer  : Tomcat initialized with port 8083 (http)
2025-12-24 22:15:53.140  INFO 13376 --- [main] o.a.coyote.http11.Http11NioProtocol      : Initializing ProtocolHandler ["http-nio-8083"]
2025-12-24 22:15:53.140  INFO 13376 --- [main] o.apache.catalina.core.StandardService   : Starting service [Tomcat]
2025-12-24 22:15:53.140  INFO 13376 --- [main] o.apache.catalina.core.StandardEngine    : Starting Servlet engine: [Apache Tomcat/10.1.39]
2025-12-24 22:15:53.194  INFO 13376 --- [main] o.a.c.c.C.[Tomcat].[localhost].[/]       : Initializing Spring embedded WebApplicationContext
2025-12-24 22:15:53.194  INFO 13376 --- [main] w.s.c.ServletWebServerApplicationContext : Root WebApplicationContext: initialization completed in 1623 ms
2025-12-24 22:15:53.381 DEBUG 13376 --- [main] r.r.p.security.JwtAuthenticationFilter   : Filter 'jwtAuthenticationFilter' configured for use
2025-12-24 22:15:53.609  INFO 13376 --- [main] com.zaxxer.hikari.HikariDataSource       : HikariPool-1 - Starting...
2025-12-24 22:15:54.649  WARN 13376 --- [main] ConfigServletWebServerApplicationContext : Exception encountered during context initialization - cancelling refresh attempt: org.springframework.beans.factory.BeanCreationException: Error creating bean with name 'entityManagerFactory' defined in class path resource [org/springframework/boot/autoconfigure/orm/jpa/HibernateJpaConfiguration.class]: Failed to initialize dependency 'flywayInitializer' of LoadTimeWeaverAware bean 'entityManagerFactory': Error creating bean with name 'flywayInitializer' defined in class path resource [org/springframework/boot/autoconfigure/flyway/FlywayAutoConfiguration$FlywayConfiguration.class]: Unable to obtain connection from database: Подсоединение по адресу localhost:5435 отклонено. Проверьте что хост и порт указаны правильно и что postmaster принимает TCP/IP-подсоединения.
-----------------------------------------------------------------------------------------------------------------------------------------------------------------------------------------
SQL State  : 08001
Error Code : 0
Message    : Подсоединение по адресу localhost:5435 отклонено. Проверьте что хост и порт указаны правильно и что postmaster принимает TCP/IP-подсоединения.

2025-12-24 22:15:54.652  INFO 13376 --- [main] o.apache.catalina.core.StandardService   : Stopping service [Tomcat]
2025-12-24 22:15:54.665  INFO 13376 --- [main] .s.b.a.l.ConditionEvaluationReportLogger : 

Error starting ApplicationContext. To display the condition evaluation report re-run your application with 'debug' enabled.
2025-12-24 22:15:54.677 ERROR 13376 --- [main] o.s.boot.SpringApplication               : Application run failed
org.springframework.beans.factory.BeanCreationException: Error creating bean with name 'entityManagerFactory' defined in class path resource [org/springframework/boot/autoconfigure/orm/jpa/HibernateJpaConfiguration.class]: Failed to initialize dependency 'flywayInitializer' of LoadTimeWeaverAware bean 'entityManagerFactory': Error creating bean with name 'flywayInitializer' defined in class path resource [org/springframework/boot/autoconfigure/flyway/FlywayAutoConfiguration$FlywayConfiguration.class]: Unable to obtain connection from database: Подсоединение по адресу localhost:5435 отклонено. Проверьте что хост и порт указаны правильно и что postmaster принимает TCP/IP-подсоединения.
-----------------------------------------------------------------------------------------------------------------------------------------------------------------------------------------
SQL State  : 08001
Error Code : 0
Message    : Подсоединение по адресу localhost:5435 отклонено. Проверьте что хост и порт указаны правильно и что postmaster принимает TCP/IP-подсоединения.

	at org.springframework.beans.factory.support.AbstractBeanFactory.doGetBean(AbstractBeanFactory.java:328)
	at org.springframework.beans.factory.support.AbstractBeanFactory.getBean(AbstractBeanFactory.java:207)
	at org.springframework.context.support.AbstractApplicationContext.finishBeanFactoryInitialization(AbstractApplicationContext.java:970)
	at org.springframework.context.support.AbstractApplicationContext.refresh(AbstractApplicationContext.java:627)
	at org.springframework.boot.web.servlet.context.ServletWebServerApplicationContext.refresh(ServletWebServerApplicationContext.java:146)
	at org.springframework.boot.SpringApplication.refresh(SpringApplication.java:752)
	at org.springframework.boot.SpringApplication.refreshContext(SpringApplication.java:439)
	at org.springframework.boot.SpringApplication.run(SpringApplication.java:318)
	at org.springframework.boot.SpringApplication.run(SpringApplication.java:1361)
	at org.springframework.boot.SpringApplication.run(SpringApplication.java:1350)
	at ru.rfsnab.productservice.ProductServiceApplication.main(ProductServiceApplication.java:10)
Caused by: org.springframework.beans.factory.BeanCreationException: Error creating bean with name 'flywayInitializer' defined in class path resource [org/springframework/boot/autoconfigure/flyway/FlywayAutoConfiguration$FlywayConfiguration.class]: Unable to obtain connection from database: Подсоединение по адресу localhost:5435 отклонено. Проверьте что хост и порт указаны правильно и что postmaster принимает TCP/IP-подсоединения.
-----------------------------------------------------------------------------------------------------------------------------------------------------------------------------------------
SQL State  : 08001
Error Code : 0
Message    : Подсоединение по адресу localhost:5435 отклонено. Проверьте что хост и порт указаны правильно и что postmaster принимает TCP/IP-подсоединения.

	at org.springframework.beans.factory.support.AbstractAutowireCapableBeanFactory.initializeBean(AbstractAutowireCapableBeanFactory.java:1812)
	at org.springframework.beans.factory.support.AbstractAutowireCapableBeanFactory.doCreateBean(AbstractAutowireCapableBeanFactory.java:601)
	at org.springframework.beans.factory.support.AbstractAutowireCapableBeanFactory.createBean(AbstractAutowireCapableBeanFactory.java:523)
	at org.springframework.beans.factory.support.AbstractBeanFactory.lambda$doGetBean$0(AbstractBeanFactory.java:339)
	at org.springframework.beans.factory.support.DefaultSingletonBeanRegistry.getSingleton(DefaultSingletonBeanRegistry.java:347)
	at org.springframework.beans.factory.support.AbstractBeanFactory.doGetBean(AbstractBeanFactory.java:337)
	at org.springframework.beans.factory.support.AbstractBeanFactory.getBean(AbstractBeanFactory.java:202)
	at org.springframework.beans.factory.support.AbstractBeanFactory.doGetBean(AbstractBeanFactory.java:315)
	... 10 common frames omitted
Caused by: org.flywaydb.core.internal.exception.sqlExceptions.FlywaySqlUnableToConnectToDbException: Unable to obtain connection from database: Подсоединение по адресу localhost:5435 отклонено. Проверьте что хост и порт указаны правильно и что postmaster принимает TCP/IP-подсоединения.
-----------------------------------------------------------------------------------------------------------------------------------------------------------------------------------------
SQL State  : 08001
Error Code : 0
Message    : Подсоединение по адресу localhost:5435 отклонено. Проверьте что хост и порт указаны правильно и что postmaster принимает TCP/IP-подсоединения.

	at org.flywaydb.core.internal.jdbc.JdbcUtils.openConnection(JdbcUtils.java:70)
	at org.flywaydb.core.internal.jdbc.JdbcConnectionFactory.<init>(JdbcConnectionFactory.java:76)
	at org.flywaydb.core.FlywayExecutor.execute(FlywayExecutor.java:137)
	at org.flywaydb.core.Flyway.migrate(Flyway.java:187)
	at org.springframework.boot.autoconfigure.flyway.FlywayMigrationInitializer.afterPropertiesSet(FlywayMigrationInitializer.java:66)
	at org.springframework.beans.factory.support.AbstractAutowireCapableBeanFactory.invokeInitMethods(AbstractAutowireCapableBeanFactory.java:1859)
	at org.springframework.beans.factory.support.AbstractAutowireCapableBeanFactory.initializeBean(AbstractAutowireCapableBeanFactory.java:1808)
	... 17 common frames omitted
Caused by: org.postgresql.util.PSQLException: Подсоединение по адресу localhost:5435 отклонено. Проверьте что хост и порт указаны правильно и что postmaster принимает TCP/IP-подсоединения.
	at org.postgresql.core.v3.ConnectionFactoryImpl.openConnectionImpl(ConnectionFactoryImpl.java:352)
	at org.postgresql.core.ConnectionFactory.openConnection(ConnectionFactory.java:54)
	at org.postgresql.jdbc.PgConnection.<init>(PgConnection.java:273)
	at org.postgresql.Driver.makeConnection(Driver.java:446)
	at org.postgresql.Driver.connect(Driver.java:298)
	at com.zaxxer.hikari.util.DriverDataSource.getConnection(DriverDataSource.java:137)
	at com.zaxxer.hikari.pool.PoolBase.newConnection(PoolBase.java:360)
	at com.zaxxer.hikari.pool.PoolBase.newPoolEntry(PoolBase.java:202)
	at com.zaxxer.hikari.pool.HikariPool.createPoolEntry(HikariPool.java:461)
	at com.zaxxer.hikari.pool.HikariPool.checkFailFast(HikariPool.java:550)
	at com.zaxxer.hikari.pool.HikariPool.<init>(HikariPool.java:98)
	at com.zaxxer.hikari.HikariDataSource.getConnection(HikariDataSource.java:111)
	at org.flywaydb.core.internal.jdbc.JdbcUtils.openConnection(JdbcUtils.java:65)
	... 23 common frames omitted
Caused by: java.net.ConnectException: Connection refused: getsockopt
	at java.base/sun.nio.ch.Net.pollConnect(Native Method)
	at java.base/sun.nio.ch.Net.pollConnectNow(Net.java:682)
	at java.base/sun.nio.ch.NioSocketImpl.timedFinishConnect(NioSocketImpl.java:542)
	at java.base/sun.nio.ch.NioSocketImpl.connect(NioSocketImpl.java:592)
	at java.base/java.net.SocksSocketImpl.connect(SocksSocketImpl.java:327)
	at java.base/java.net.Socket.connect(Socket.java:751)
	at org.postgresql.core.PGStream.createSocket(PGStream.java:260)
	at org.postgresql.core.PGStream.<init>(PGStream.java:121)
	at org.postgresql.core.v3.ConnectionFactoryImpl.tryConnect(ConnectionFactoryImpl.java:140)
	at org.postgresql.core.v3.ConnectionFactoryImpl.openConnectionImpl(ConnectionFactoryImpl.java:268)
	... 35 common frames omitted
2025-12-24 22:16:14.327  INFO 5524 --- [background-preinit] o.h.validator.internal.util.Version      : HV000001: Hibernate Validator 8.0.2.Final
2025-12-24 22:16:14.369  INFO 5524 --- [main] r.r.p.ProductServiceApplication          : Starting ProductServiceApplication using Java 21.0.8 with PID 5524 (D:\Max\java\my-application\ecommerce-platform\product-service\target\classes started by elims in D:\Max\java\my-application\ecommerce-platform)
2025-12-24 22:16:14.370 DEBUG 5524 --- [main] r.r.p.ProductServiceApplication          : Running with Spring Boot v3.4.4, Spring v6.2.5
2025-12-24 22:16:14.371  INFO 5524 --- [main] r.r.p.ProductServiceApplication          : No active profile set, falling back to 1 default profile: "default"
2025-12-24 22:16:15.116  INFO 5524 --- [main] .s.d.r.c.RepositoryConfigurationDelegate : Bootstrapping Spring Data JPA repositories in DEFAULT mode.
2025-12-24 22:16:15.167  INFO 5524 --- [main] .s.d.r.c.RepositoryConfigurationDelegate : Finished Spring Data repository scanning in 44 ms. Found 5 JPA repository interfaces.
2025-12-24 22:16:15.855  INFO 5524 --- [main] o.s.b.w.embedded.tomcat.TomcatWebServer  : Tomcat initialized with port 8083 (http)
2025-12-24 22:16:15.867  INFO 5524 --- [main] o.a.coyote.http11.Http11NioProtocol      : Initializing ProtocolHandler ["http-nio-8083"]
2025-12-24 22:16:15.868  INFO 5524 --- [main] o.apache.catalina.core.StandardService   : Starting service [Tomcat]
2025-12-24 22:16:15.868  INFO 5524 --- [main] o.apache.catalina.core.StandardEngine    : Starting Servlet engine: [Apache Tomcat/10.1.39]
2025-12-24 22:16:15.921  INFO 5524 --- [main] o.a.c.c.C.[Tomcat].[localhost].[/]       : Initializing Spring embedded WebApplicationContext
2025-12-24 22:16:15.921  INFO 5524 --- [main] w.s.c.ServletWebServerApplicationContext : Root WebApplicationContext: initialization completed in 1514 ms
2025-12-24 22:16:16.097 DEBUG 5524 --- [main] r.r.p.security.JwtAuthenticationFilter   : Filter 'jwtAuthenticationFilter' configured for use
2025-12-24 22:16:16.352  INFO 5524 --- [main] com.zaxxer.hikari.HikariDataSource       : HikariPool-1 - Starting...
2025-12-24 22:16:16.483  INFO 5524 --- [main] com.zaxxer.hikari.pool.HikariPool        : HikariPool-1 - Added connection org.postgresql.jdbc.PgConnection@66944c7c
2025-12-24 22:16:16.484  INFO 5524 --- [main] com.zaxxer.hikari.HikariDataSource       : HikariPool-1 - Start completed.
2025-12-24 22:16:16.511  INFO 5524 --- [main] org.flywaydb.core.FlywayExecutor         : Database: jdbc:postgresql://localhost:5435/ecommerce_products (PostgreSQL 16.4)
2025-12-24 22:16:16.584  INFO 5524 --- [main] o.f.core.internal.command.DbValidate     : Successfully validated 1 migration (execution time 00:00.034s)
2025-12-24 22:16:16.637  INFO 5524 --- [main] o.f.core.internal.command.DbMigrate      : Current version of schema "public": 20251209204550
2025-12-24 22:16:16.642  INFO 5524 --- [main] o.f.core.internal.command.DbMigrate      : Schema "public" is up to date. No migration necessary.
2025-12-24 22:16:16.762  INFO 5524 --- [main] o.hibernate.jpa.internal.util.LogHelper  : HHH000204: Processing PersistenceUnitInfo [name: default]
2025-12-24 22:16:16.822  INFO 5524 --- [main] org.hibernate.Version                    : HHH000412: Hibernate ORM core version 6.6.11.Final
2025-12-24 22:16:16.860  INFO 5524 --- [main] o.h.c.internal.RegionFactoryInitiator    : HHH000026: Second-level cache disabled
2025-12-24 22:16:17.093  INFO 5524 --- [main] o.s.o.j.p.SpringPersistenceUnitInfo      : No LoadTimeWeaver setup: ignoring JPA class transformer
2025-12-24 22:16:17.141  WARN 5524 --- [main] org.hibernate.orm.deprecation            : HHH90000025: PostgreSQLDialect does not need to be specified explicitly using 'hibernate.dialect' (remove the property setting and it will be selected by default)
2025-12-24 22:16:17.154  INFO 5524 --- [main] org.hibernate.orm.connections.pooling    : HHH10001005: Database info:
	Database JDBC URL [Connecting through datasource 'HikariDataSource (HikariPool-1)']
	Database driver: undefined/unknown
	Database version: 16.4
	Autocommit mode: undefined/unknown
	Isolation level: undefined/unknown
	Minimum pool size: undefined/unknown
	Maximum pool size: undefined/unknown
2025-12-24 22:16:18.005  INFO 5524 --- [main] o.h.e.t.j.p.i.JtaPlatformInitiator       : HHH000489: No JTA platform available (set 'hibernate.transaction.jta.platform' to enable JTA platform integration)
2025-12-24 22:16:18.055  INFO 5524 --- [main] j.LocalContainerEntityManagerFactoryBean : Initialized JPA EntityManagerFactory for persistence unit 'default'
2025-12-24 22:16:18.425  INFO 5524 --- [main] o.s.d.j.r.query.QueryEnhancerFactory     : Hibernate is in classpath; If applicable, HQL parser will be used.
2025-12-24 22:16:19.044 DEBUG 5524 --- [main] r.r.productservice.aspect.LoggingAspect  : --- DB query: ListCrudRepository.findAll() whith params: []
2025-12-24 22:16:19.118 DEBUG 5524 --- [main] org.hibernate.SQL                        : 
    select
        c1_0.id,
        c1_0.created_at,
        c1_0.description,
        c1_0.display_order,
        c1_0.is_active,
        c1_0.name,
        c1_0.parent_id,
        c1_0.slug,
        c1_0.updated_at 
    from
        categories c1_0
2025-12-24 22:16:19.152 DEBUG 5524 --- [main] r.r.productservice.aspect.LoggingAspect  : --- DB result: ListCrudRepository.findAll() returned: ArrayList
2025-12-24 22:16:19.933  WARN 5524 --- [main] JpaBaseConfiguration$JpaWebConfiguration : spring.jpa.open-in-view is enabled by default. Therefore, database queries may be performed during view rendering. Explicitly configure spring.jpa.open-in-view to disable this warning
2025-12-24 22:16:19.972  WARN 5524 --- [main] .s.s.UserDetailsServiceAutoConfiguration : 

Using generated security password: b4c3adbb-e047-4e04-a3df-fd19d429efe8

This generated password is for development use only. Your security configuration must be updated before running your application in production.

2025-12-24 22:16:19.983  INFO 5524 --- [main] r$InitializeUserDetailsManagerConfigurer : Global AuthenticationManager configured with UserDetailsService bean with name inMemoryUserDetailsManager
2025-12-24 22:16:20.524  INFO 5524 --- [main] o.s.b.a.e.web.EndpointLinksResolver      : Exposing 3 endpoints beneath base path '/actuator'
2025-12-24 22:16:21.128  INFO 5524 --- [main] o.a.coyote.http11.Http11NioProtocol      : Starting ProtocolHandler ["http-nio-8083"]
2025-12-24 22:16:21.142  INFO 5524 --- [main] o.s.b.w.embedded.tomcat.TomcatWebServer  : Tomcat started on port 8083 (http) with context path '/'
2025-12-24 22:16:21.153  INFO 5524 --- [main] r.r.p.ProductServiceApplication          : Started ProductServiceApplication in 7.269 seconds (process running for 7.802)
2025-12-24 22:16:21.361  INFO 5524 --- [RMI TCP Connection(1)-192.168.0.28] o.a.c.c.C.[Tomcat].[localhost].[/]       : Initializing Spring DispatcherServlet 'dispatcherServlet'
2025-12-24 22:16:21.361  INFO 5524 --- [RMI TCP Connection(1)-192.168.0.28] o.s.web.servlet.DispatcherServlet        : Initializing Servlet 'dispatcherServlet'
2025-12-24 22:16:21.363  INFO 5524 --- [RMI TCP Connection(1)-192.168.0.28] o.s.web.servlet.DispatcherServlet        : Completed initialization in 2 ms
2025-12-24 22:17:40.475  INFO 5524 --- [http-nio-8083-exec-1] r.r.productservice.aspect.LoggingAspect  : >>> Incoming request: CategoryController.getCategoryTree() with args: []
2025-12-24 22:17:40.477 DEBUG 5524 --- [http-nio-8083-exec-1] r.r.productservice.aspect.LoggingAspect  : ==> Executing service: CategoryService.getCategoryTree() whith args: []
2025-12-24 22:17:40.477 DEBUG 5524 --- [http-nio-8083-exec-1] r.r.productservice.aspect.LoggingAspect  : <== Service completed: CategoryService.getCategoryTree() in 0 ms
2025-12-24 22:17:40.483  INFO 5524 --- [http-nio-8083-exec-1] r.r.productservice.aspect.LoggingAspect  : <<< Response from: CategoryController.getCategoryTree() with result type: <200 OK OK,[ru.rfsnab.productservice.dto.CategoryTreeDTO@60b2fa0b],[]>
2025-12-24 22:27:12.028  INFO 5524 --- [SpringApplicationShutdownHook] o.s.b.w.e.tomcat.GracefulShutdown        : Commencing graceful shutdown. Waiting for active requests to complete
2025-12-24 22:27:12.036  INFO 5524 --- [tomcat-shutdown] o.s.b.w.e.tomcat.GracefulShutdown        : Graceful shutdown complete
2025-12-24 22:27:12.042  INFO 5524 --- [SpringApplicationShutdownHook] j.LocalContainerEntityManagerFactoryBean : Closing JPA EntityManagerFactory for persistence unit 'default'
2025-12-24 22:27:12.042 DEBUG 5524 --- [idle-connection-reaper] s.a.a.h.a.i.conn.IdleConnectionReaper    : Reaper thread: 
java.lang.InterruptedException: sleep interrupted
	at java.base/java.lang.Thread.sleep0(Native Method)
	at java.base/java.lang.Thread.sleep(Thread.java:509)
	at software.amazon.awssdk.http.apache.internal.conn.IdleConnectionReaper$ReaperTask.run(IdleConnectionReaper.java:150)
	at java.base/java.util.concurrent.ThreadPoolExecutor.runWorker(ThreadPoolExecutor.java:1144)
	at java.base/java.util.concurrent.ThreadPoolExecutor$Worker.run(ThreadPoolExecutor.java:642)
	at java.base/java.lang.Thread.run(Thread.java:1583)
2025-12-24 22:27:12.044 DEBUG 5524 --- [idle-connection-reaper] s.a.a.h.a.i.conn.IdleConnectionReaper    : Shutting down reaper thread.
2025-12-24 22:27:12.047  INFO 5524 --- [SpringApplicationShutdownHook] com.zaxxer.hikari.HikariDataSource       : HikariPool-1 - Shutdown initiated...
2025-12-24 22:27:12.050  INFO 5524 --- [SpringApplicationShutdownHook] com.zaxxer.hikari.HikariDataSource       : HikariPool-1 - Shutdown completed.
2025-12-24 22:27:15.767  INFO 23084 --- [background-preinit] o.h.validator.internal.util.Version      : HV000001: Hibernate Validator 8.0.2.Final
2025-12-24 22:27:15.816  INFO 23084 --- [main] r.r.p.ProductServiceApplication          : Starting ProductServiceApplication using Java 21.0.8 with PID 23084 (D:\Max\java\my-application\ecommerce-platform\product-service\target\classes started by elims in D:\Max\java\my-application\ecommerce-platform)
2025-12-24 22:27:15.816 DEBUG 23084 --- [main] r.r.p.ProductServiceApplication          : Running with Spring Boot v3.4.4, Spring v6.2.5
2025-12-24 22:27:15.816  INFO 23084 --- [main] r.r.p.ProductServiceApplication          : No active profile set, falling back to 1 default profile: "default"
2025-12-24 22:27:16.807  INFO 23084 --- [main] .s.d.r.c.RepositoryConfigurationDelegate : Bootstrapping Spring Data JPA repositories in DEFAULT mode.
2025-12-24 22:27:16.889  INFO 23084 --- [main] .s.d.r.c.RepositoryConfigurationDelegate : Finished Spring Data repository scanning in 71 ms. Found 5 JPA repository interfaces.
2025-12-24 22:27:18.037  INFO 23084 --- [main] o.s.b.w.embedded.tomcat.TomcatWebServer  : Tomcat initialized with port 8083 (http)
2025-12-24 22:27:18.056  INFO 23084 --- [main] o.a.coyote.http11.Http11NioProtocol      : Initializing ProtocolHandler ["http-nio-8083"]
2025-12-24 22:27:18.059  INFO 23084 --- [main] o.apache.catalina.core.StandardService   : Starting service [Tomcat]
2025-12-24 22:27:18.059  INFO 23084 --- [main] o.apache.catalina.core.StandardEngine    : Starting Servlet engine: [Apache Tomcat/10.1.39]
2025-12-24 22:27:18.139  INFO 23084 --- [main] o.a.c.c.C.[Tomcat].[localhost].[/]       : Initializing Spring embedded WebApplicationContext
2025-12-24 22:27:18.140  INFO 23084 --- [main] w.s.c.ServletWebServerApplicationContext : Root WebApplicationContext: initialization completed in 2291 ms
2025-12-24 22:27:18.466 DEBUG 23084 --- [main] r.r.p.security.JwtAuthenticationFilter   : Filter 'jwtAuthenticationFilter' configured for use
2025-12-24 22:27:18.762  INFO 23084 --- [main] com.zaxxer.hikari.HikariDataSource       : HikariPool-1 - Starting...
2025-12-24 22:27:18.935  INFO 23084 --- [main] com.zaxxer.hikari.pool.HikariPool        : HikariPool-1 - Added connection org.postgresql.jdbc.PgConnection@52290e63
2025-12-24 22:27:18.937  INFO 23084 --- [main] com.zaxxer.hikari.HikariDataSource       : HikariPool-1 - Start completed.
2025-12-24 22:27:18.970  INFO 23084 --- [main] org.flywaydb.core.FlywayExecutor         : Database: jdbc:postgresql://localhost:5435/ecommerce_products (PostgreSQL 16.4)
2025-12-24 22:27:19.050  INFO 23084 --- [main] o.f.core.internal.command.DbValidate     : Successfully validated 1 migration (execution time 00:00.041s)
2025-12-24 22:27:19.080  INFO 23084 --- [main] o.f.core.internal.command.DbMigrate      : Current version of schema "public": 20251209204550
2025-12-24 22:27:19.085  INFO 23084 --- [main] o.f.core.internal.command.DbMigrate      : Schema "public" is up to date. No migration necessary.
2025-12-24 22:27:19.235  INFO 23084 --- [main] o.hibernate.jpa.internal.util.LogHelper  : HHH000204: Processing PersistenceUnitInfo [name: default]
2025-12-24 22:27:19.318  INFO 23084 --- [main] org.hibernate.Version                    : HHH000412: Hibernate ORM core version 6.6.11.Final
2025-12-24 22:27:19.363  INFO 23084 --- [main] o.h.c.internal.RegionFactoryInitiator    : HHH000026: Second-level cache disabled
2025-12-24 22:27:19.669  INFO 23084 --- [main] o.s.o.j.p.SpringPersistenceUnitInfo      : No LoadTimeWeaver setup: ignoring JPA class transformer
2025-12-24 22:27:19.740  WARN 23084 --- [main] org.hibernate.orm.deprecation            : HHH90000025: PostgreSQLDialect does not need to be specified explicitly using 'hibernate.dialect' (remove the property setting and it will be selected by default)
2025-12-24 22:27:19.761  INFO 23084 --- [main] org.hibernate.orm.connections.pooling    : HHH10001005: Database info:
	Database JDBC URL [Connecting through datasource 'HikariDataSource (HikariPool-1)']
	Database driver: undefined/unknown
	Database version: 16.4
	Autocommit mode: undefined/unknown
	Isolation level: undefined/unknown
	Minimum pool size: undefined/unknown
	Maximum pool size: undefined/unknown
2025-12-24 22:27:20.966  INFO 23084 --- [main] o.h.e.t.j.p.i.JtaPlatformInitiator       : HHH000489: No JTA platform available (set 'hibernate.transaction.jta.platform' to enable JTA platform integration)
2025-12-24 22:27:21.016  INFO 23084 --- [main] j.LocalContainerEntityManagerFactoryBean : Initialized JPA EntityManagerFactory for persistence unit 'default'
2025-12-24 22:27:21.549  INFO 23084 --- [main] o.s.d.j.r.query.QueryEnhancerFactory     : Hibernate is in classpath; If applicable, HQL parser will be used.
2025-12-24 22:27:22.371 DEBUG 23084 --- [main] r.r.productservice.aspect.LoggingAspect  : --- DB query: ListCrudRepository.findAll() whith params: []
2025-12-24 22:27:22.490 DEBUG 23084 --- [main] org.hibernate.SQL                        : 
    select
        c1_0.id,
        c1_0.created_at,
        c1_0.description,
        c1_0.display_order,
        c1_0.is_active,
        c1_0.name,
        c1_0.parent_id,
        c1_0.slug,
        c1_0.updated_at 
    from
        categories c1_0
2025-12-24 22:27:22.539 DEBUG 23084 --- [main] r.r.productservice.aspect.LoggingAspect  : --- DB result: ListCrudRepository.findAll() returned: ArrayList
2025-12-24 22:27:23.752  WARN 23084 --- [main] JpaBaseConfiguration$JpaWebConfiguration : spring.jpa.open-in-view is enabled by default. Therefore, database queries may be performed during view rendering. Explicitly configure spring.jpa.open-in-view to disable this warning
2025-12-24 22:27:23.818  WARN 23084 --- [main] .s.s.UserDetailsServiceAutoConfiguration : 

Using generated security password: bbf3c1c9-58af-40e0-b508-c26d63833540

This generated password is for development use only. Your security configuration must be updated before running your application in production.

2025-12-24 22:27:23.837  INFO 23084 --- [main] r$InitializeUserDetailsManagerConfigurer : Global AuthenticationManager configured with UserDetailsService bean with name inMemoryUserDetailsManager
2025-12-24 22:27:24.634  INFO 23084 --- [main] o.s.b.a.e.web.EndpointLinksResolver      : Exposing 3 endpoints beneath base path '/actuator'
2025-12-24 22:27:25.413  INFO 23084 --- [main] o.a.coyote.http11.Http11NioProtocol      : Starting ProtocolHandler ["http-nio-8083"]
2025-12-24 22:27:25.430  INFO 23084 --- [main] o.s.b.w.embedded.tomcat.TomcatWebServer  : Tomcat started on port 8083 (http) with context path '/'
2025-12-24 22:27:25.440  INFO 23084 --- [main] r.r.p.ProductServiceApplication          : Started ProductServiceApplication in 10.138 seconds (process running for 10.745)
2025-12-24 22:27:25.651  INFO 23084 --- [RMI TCP Connection(4)-192.168.0.28] o.a.c.c.C.[Tomcat].[localhost].[/]       : Initializing Spring DispatcherServlet 'dispatcherServlet'
2025-12-24 22:27:25.651  INFO 23084 --- [RMI TCP Connection(4)-192.168.0.28] o.s.web.servlet.DispatcherServlet        : Initializing Servlet 'dispatcherServlet'
2025-12-24 22:27:25.661  INFO 23084 --- [RMI TCP Connection(4)-192.168.0.28] o.s.web.servlet.DispatcherServlet        : Completed initialization in 10 ms
2025-12-24 22:34:45.138  INFO 23084 --- [SpringApplicationShutdownHook] o.s.b.w.e.tomcat.GracefulShutdown        : Commencing graceful shutdown. Waiting for active requests to complete
2025-12-24 22:34:45.146  INFO 23084 --- [tomcat-shutdown] o.s.b.w.e.tomcat.GracefulShutdown        : Graceful shutdown complete
2025-12-24 22:34:45.152  INFO 23084 --- [SpringApplicationShutdownHook] j.LocalContainerEntityManagerFactoryBean : Closing JPA EntityManagerFactory for persistence unit 'default'
2025-12-24 22:34:45.152 DEBUG 23084 --- [idle-connection-reaper] s.a.a.h.a.i.conn.IdleConnectionReaper    : Reaper thread: 
java.lang.InterruptedException: sleep interrupted
	at java.base/java.lang.Thread.sleep0(Native Method)
	at java.base/java.lang.Thread.sleep(Thread.java:509)
	at software.amazon.awssdk.http.apache.internal.conn.IdleConnectionReaper$ReaperTask.run(IdleConnectionReaper.java:150)
	at java.base/java.util.concurrent.ThreadPoolExecutor.runWorker(ThreadPoolExecutor.java:1144)
	at java.base/java.util.concurrent.ThreadPoolExecutor$Worker.run(ThreadPoolExecutor.java:642)
	at java.base/java.lang.Thread.run(Thread.java:1583)
2025-12-24 22:34:45.155 DEBUG 23084 --- [idle-connection-reaper] s.a.a.h.a.i.conn.IdleConnectionReaper    : Shutting down reaper thread.
2025-12-24 22:34:45.156  INFO 23084 --- [SpringApplicationShutdownHook] com.zaxxer.hikari.HikariDataSource       : HikariPool-1 - Shutdown initiated...
2025-12-24 22:34:45.160  INFO 23084 --- [SpringApplicationShutdownHook] com.zaxxer.hikari.HikariDataSource       : HikariPool-1 - Shutdown completed.
