2026-01-04 14:10:38.593  INFO 23396 --- [SpringApplicationShutdownHook] o.s.b.w.e.tomcat.GracefulShutdown        : Commencing graceful shutdown. Waiting for active requests to complete
2026-01-04 14:10:38.617  INFO 23396 --- [tomcat-shutdown] o.s.b.w.e.tomcat.GracefulShutdown        : Graceful shutdown complete
2026-01-04 14:10:38.630 DEBUG 23396 --- [idle-connection-reaper] s.a.a.h.a.i.conn.IdleConnectionReaper    : Reaper thread: 
java.lang.InterruptedException: sleep interrupted
	at java.base/java.lang.Thread.sleep0(Native Method)
	at java.base/java.lang.Thread.sleep(Thread.java:509)
	at software.amazon.awssdk.http.apache.internal.conn.IdleConnectionReaper$ReaperTask.run(IdleConnectionReaper.java:150)
	at java.base/java.util.concurrent.ThreadPoolExecutor.runWorker(ThreadPoolExecutor.java:1144)
	at java.base/java.util.concurrent.ThreadPoolExecutor$Worker.run(ThreadPoolExecutor.java:642)
	at java.base/java.lang.Thread.run(Thread.java:1583)
2026-01-04 14:10:38.637 DEBUG 23396 --- [idle-connection-reaper] s.a.a.h.a.i.conn.IdleConnectionReaper    : Shutting down reaper thread.
2026-01-04 14:10:38.638  INFO 23396 --- [SpringApplicationShutdownHook] j.LocalContainerEntityManagerFactoryBean : Closing JPA EntityManagerFactory for persistence unit 'default'
2026-01-04 14:10:38.644  INFO 23396 --- [SpringApplicationShutdownHook] com.zaxxer.hikari.HikariDataSource       : HikariPool-1 - Shutdown initiated...
2026-01-04 14:10:38.650  INFO 23396 --- [SpringApplicationShutdownHook] com.zaxxer.hikari.HikariDataSource       : HikariPool-1 - Shutdown completed.
2026-01-04 15:25:56.952  INFO 6504 --- [background-preinit] o.h.validator.internal.util.Version      : HV000001: Hibernate Validator 8.0.2.Final
2026-01-04 15:25:56.989  INFO 6504 --- [main] r.r.p.ProductServiceApplication          : Starting ProductServiceApplication using Java 21.0.8 with PID 6504 (D:\Max\java\my-application\ecommerce-platform\product-service\target\classes started by elims in D:\Max\java\my-application\ecommerce-platform)
2026-01-04 15:25:56.990 DEBUG 6504 --- [main] r.r.p.ProductServiceApplication          : Running with Spring Boot v3.4.4, Spring v6.2.5
2026-01-04 15:25:56.990  INFO 6504 --- [main] r.r.p.ProductServiceApplication          : No active profile set, falling back to 1 default profile: "default"
2026-01-04 15:25:57.790  INFO 6504 --- [main] .s.d.r.c.RepositoryConfigurationDelegate : Bootstrapping Spring Data JPA repositories in DEFAULT mode.
2026-01-04 15:25:57.849  INFO 6504 --- [main] .s.d.r.c.RepositoryConfigurationDelegate : Finished Spring Data repository scanning in 51 ms. Found 5 JPA repository interfaces.
2026-01-04 15:25:58.541  INFO 6504 --- [main] o.s.b.w.embedded.tomcat.TomcatWebServer  : Tomcat initialized with port 8083 (http)
2026-01-04 15:25:58.550  INFO 6504 --- [main] o.a.coyote.http11.Http11NioProtocol      : Initializing ProtocolHandler ["http-nio-8083"]
2026-01-04 15:25:58.551  INFO 6504 --- [main] o.apache.catalina.core.StandardService   : Starting service [Tomcat]
2026-01-04 15:25:58.551  INFO 6504 --- [main] o.apache.catalina.core.StandardEngine    : Starting Servlet engine: [Apache Tomcat/10.1.39]
2026-01-04 15:25:58.604  INFO 6504 --- [main] o.a.c.c.C.[Tomcat].[localhost].[/]       : Initializing Spring embedded WebApplicationContext
2026-01-04 15:25:58.604  INFO 6504 --- [main] w.s.c.ServletWebServerApplicationContext : Root WebApplicationContext: initialization completed in 1577 ms
2026-01-04 15:25:58.818 DEBUG 6504 --- [main] r.r.p.security.JwtAuthenticationFilter   : Filter 'jwtAuthenticationFilter' configured for use
2026-01-04 15:25:59.025  INFO 6504 --- [main] com.zaxxer.hikari.HikariDataSource       : HikariPool-1 - Starting...
2026-01-04 15:25:59.141  INFO 6504 --- [main] com.zaxxer.hikari.pool.HikariPool        : HikariPool-1 - Added connection org.postgresql.jdbc.PgConnection@4acc27fd
2026-01-04 15:25:59.142  INFO 6504 --- [main] com.zaxxer.hikari.HikariDataSource       : HikariPool-1 - Start completed.
2026-01-04 15:25:59.169  INFO 6504 --- [main] org.flywaydb.core.FlywayExecutor         : Database: jdbc:postgresql://localhost:5435/ecommerce_products (PostgreSQL 16.4)
2026-01-04 15:25:59.240  INFO 6504 --- [main] o.f.core.internal.command.DbValidate     : Successfully validated 1 migration (execution time 00:00.032s)
2026-01-04 15:25:59.287  INFO 6504 --- [main] o.f.core.internal.command.DbMigrate      : Current version of schema "public": 20251209204550
2026-01-04 15:25:59.290  INFO 6504 --- [main] o.f.core.internal.command.DbMigrate      : Schema "public" is up to date. No migration necessary.
2026-01-04 15:25:59.395  INFO 6504 --- [main] o.hibernate.jpa.internal.util.LogHelper  : HHH000204: Processing PersistenceUnitInfo [name: default]
2026-01-04 15:25:59.427  INFO 6504 --- [main] org.hibernate.Version                    : HHH000412: Hibernate ORM core version 6.6.11.Final
2026-01-04 15:25:59.450  INFO 6504 --- [main] o.h.c.internal.RegionFactoryInitiator    : HHH000026: Second-level cache disabled
2026-01-04 15:25:59.635  INFO 6504 --- [main] o.s.o.j.p.SpringPersistenceUnitInfo      : No LoadTimeWeaver setup: ignoring JPA class transformer
2026-01-04 15:25:59.688  WARN 6504 --- [main] org.hibernate.orm.deprecation            : HHH90000025: PostgreSQLDialect does not need to be specified explicitly using 'hibernate.dialect' (remove the property setting and it will be selected by default)
2026-01-04 15:25:59.702  INFO 6504 --- [main] org.hibernate.orm.connections.pooling    : HHH10001005: Database info:
	Database JDBC URL [Connecting through datasource 'HikariDataSource (HikariPool-1)']
	Database driver: undefined/unknown
	Database version: 16.4
	Autocommit mode: undefined/unknown
	Isolation level: undefined/unknown
	Minimum pool size: undefined/unknown
	Maximum pool size: undefined/unknown
2026-01-04 15:26:00.485  INFO 6504 --- [main] o.h.e.t.j.p.i.JtaPlatformInitiator       : HHH000489: No JTA platform available (set 'hibernate.transaction.jta.platform' to enable JTA platform integration)
2026-01-04 15:26:00.532  INFO 6504 --- [main] j.LocalContainerEntityManagerFactoryBean : Initialized JPA EntityManagerFactory for persistence unit 'default'
2026-01-04 15:26:00.880  INFO 6504 --- [main] o.s.d.j.r.query.QueryEnhancerFactory     : Hibernate is in classpath; If applicable, HQL parser will be used.
2026-01-04 15:26:01.509 DEBUG 6504 --- [main] r.r.productservice.aspect.LoggingAspect  : --- DB query: ListCrudRepository.findAll() whith params: []
2026-01-04 15:26:01.579 DEBUG 6504 --- [main] org.hibernate.SQL                        : 
    select
        c1_0.id,
        c1_0.created_at,
        c1_0.description,
        c1_0.display_order,
        c1_0.is_active,
        c1_0.name,
        c1_0.parent_id,
        c1_0.slug,
        c1_0.updated_at 
    from
        categories c1_0
2026-01-04 15:26:01.619 DEBUG 6504 --- [main] r.r.productservice.aspect.LoggingAspect  : --- DB result: ListCrudRepository.findAll() returned: ArrayList
2026-01-04 15:26:02.548  WARN 6504 --- [main] JpaBaseConfiguration$JpaWebConfiguration : spring.jpa.open-in-view is enabled by default. Therefore, database queries may be performed during view rendering. Explicitly configure spring.jpa.open-in-view to disable this warning
2026-01-04 15:26:02.587  WARN 6504 --- [main] .s.s.UserDetailsServiceAutoConfiguration : 

Using generated security password: 0c4bc678-4fa2-496c-8c64-c65bcf644173

This generated password is for development use only. Your security configuration must be updated before running your application in production.

2026-01-04 15:26:02.598  INFO 6504 --- [main] r$InitializeUserDetailsManagerConfigurer : Global AuthenticationManager configured with UserDetailsService bean with name inMemoryUserDetailsManager
2026-01-04 15:26:03.120  INFO 6504 --- [main] o.s.b.a.e.web.EndpointLinksResolver      : Exposing 3 endpoints beneath base path '/actuator'
2026-01-04 15:26:03.875  INFO 6504 --- [main] o.a.coyote.http11.Http11NioProtocol      : Starting ProtocolHandler ["http-nio-8083"]
2026-01-04 15:26:03.891  INFO 6504 --- [main] o.s.b.w.embedded.tomcat.TomcatWebServer  : Tomcat started on port 8083 (http) with context path '/'
2026-01-04 15:26:03.901  INFO 6504 --- [main] r.r.p.ProductServiceApplication          : Started ProductServiceApplication in 7.39 seconds (process running for 7.967)
2026-01-04 15:26:04.273  INFO 6504 --- [RMI TCP Connection(4)-192.168.0.28] o.a.c.c.C.[Tomcat].[localhost].[/]       : Initializing Spring DispatcherServlet 'dispatcherServlet'
2026-01-04 15:26:04.274  INFO 6504 --- [RMI TCP Connection(4)-192.168.0.28] o.s.web.servlet.DispatcherServlet        : Initializing Servlet 'dispatcherServlet'
2026-01-04 15:26:04.275  INFO 6504 --- [RMI TCP Connection(4)-192.168.0.28] o.s.web.servlet.DispatcherServlet        : Completed initialization in 1 ms
