2026-01-03 12:30:49.208  INFO 19424 --- [background-preinit] o.h.validator.internal.util.Version      : HV000001: Hibernate Validator 8.0.2.Final
2026-01-03 12:30:49.250  INFO 19424 --- [main] r.r.p.ProductServiceApplication          : Starting ProductServiceApplication using Java 21.0.8 with PID 19424 (D:\Max\java\my-application\ecommerce-platform\product-service\target\classes started by elims in D:\Max\java\my-application\ecommerce-platform)
2026-01-03 12:30:49.251 DEBUG 19424 --- [main] r.r.p.ProductServiceApplication          : Running with Spring Boot v3.4.4, Spring v6.2.5
2026-01-03 12:30:49.251  INFO 19424 --- [main] r.r.p.ProductServiceApplication          : No active profile set, falling back to 1 default profile: "default"
2026-01-03 12:30:50.192  INFO 19424 --- [main] .s.d.r.c.RepositoryConfigurationDelegate : Bootstrapping Spring Data JPA repositories in DEFAULT mode.
2026-01-03 12:30:50.247  INFO 19424 --- [main] .s.d.r.c.RepositoryConfigurationDelegate : Finished Spring Data repository scanning in 49 ms. Found 5 JPA repository interfaces.
2026-01-03 12:30:51.037  INFO 19424 --- [main] o.s.b.w.embedded.tomcat.TomcatWebServer  : Tomcat initialized with port 8083 (http)
2026-01-03 12:30:51.047  INFO 19424 --- [main] o.a.coyote.http11.Http11NioProtocol      : Initializing ProtocolHandler ["http-nio-8083"]
2026-01-03 12:30:51.048  INFO 19424 --- [main] o.apache.catalina.core.StandardService   : Starting service [Tomcat]
2026-01-03 12:30:51.048  INFO 19424 --- [main] o.apache.catalina.core.StandardEngine    : Starting Servlet engine: [Apache Tomcat/10.1.39]
2026-01-03 12:30:51.099  INFO 19424 --- [main] o.a.c.c.C.[Tomcat].[localhost].[/]       : Initializing Spring embedded WebApplicationContext
2026-01-03 12:30:51.099  INFO 19424 --- [main] w.s.c.ServletWebServerApplicationContext : Root WebApplicationContext: initialization completed in 1807 ms
2026-01-03 12:30:51.310 DEBUG 19424 --- [main] r.r.p.security.JwtAuthenticationFilter   : Filter 'jwtAuthenticationFilter' configured for use
2026-01-03 12:30:51.515  INFO 19424 --- [main] com.zaxxer.hikari.HikariDataSource       : HikariPool-1 - Starting...
2026-01-03 12:30:52.566  WARN 19424 --- [main] ConfigServletWebServerApplicationContext : Exception encountered during context initialization - cancelling refresh attempt: org.springframework.beans.factory.BeanCreationException: Error creating bean with name 'entityManagerFactory' defined in class path resource [org/springframework/boot/autoconfigure/orm/jpa/HibernateJpaConfiguration.class]: Failed to initialize dependency 'flywayInitializer' of LoadTimeWeaverAware bean 'entityManagerFactory': Error creating bean with name 'flywayInitializer' defined in class path resource [org/springframework/boot/autoconfigure/flyway/FlywayAutoConfiguration$FlywayConfiguration.class]: Unable to obtain connection from database: Подсоединение по адресу localhost:5435 отклонено. Проверьте что хост и порт указаны правильно и что postmaster принимает TCP/IP-подсоединения.
-----------------------------------------------------------------------------------------------------------------------------------------------------------------------------------------
SQL State  : 08001
Error Code : 0
Message    : Подсоединение по адресу localhost:5435 отклонено. Проверьте что хост и порт указаны правильно и что postmaster принимает TCP/IP-подсоединения.

2026-01-03 12:30:52.569  INFO 19424 --- [main] o.apache.catalina.core.StandardService   : Stopping service [Tomcat]
2026-01-03 12:30:52.579  INFO 19424 --- [main] .s.b.a.l.ConditionEvaluationReportLogger : 

Error starting ApplicationContext. To display the condition evaluation report re-run your application with 'debug' enabled.
2026-01-03 12:30:52.589 ERROR 19424 --- [main] o.s.boot.SpringApplication               : Application run failed
org.springframework.beans.factory.BeanCreationException: Error creating bean with name 'entityManagerFactory' defined in class path resource [org/springframework/boot/autoconfigure/orm/jpa/HibernateJpaConfiguration.class]: Failed to initialize dependency 'flywayInitializer' of LoadTimeWeaverAware bean 'entityManagerFactory': Error creating bean with name 'flywayInitializer' defined in class path resource [org/springframework/boot/autoconfigure/flyway/FlywayAutoConfiguration$FlywayConfiguration.class]: Unable to obtain connection from database: Подсоединение по адресу localhost:5435 отклонено. Проверьте что хост и порт указаны правильно и что postmaster принимает TCP/IP-подсоединения.
-----------------------------------------------------------------------------------------------------------------------------------------------------------------------------------------
SQL State  : 08001
Error Code : 0
Message    : Подсоединение по адресу localhost:5435 отклонено. Проверьте что хост и порт указаны правильно и что postmaster принимает TCP/IP-подсоединения.

	at org.springframework.beans.factory.support.AbstractBeanFactory.doGetBean(AbstractBeanFactory.java:328)
	at org.springframework.beans.factory.support.AbstractBeanFactory.getBean(AbstractBeanFactory.java:207)
	at org.springframework.context.support.AbstractApplicationContext.finishBeanFactoryInitialization(AbstractApplicationContext.java:970)
	at org.springframework.context.support.AbstractApplicationContext.refresh(AbstractApplicationContext.java:627)
	at org.springframework.boot.web.servlet.context.ServletWebServerApplicationContext.refresh(ServletWebServerApplicationContext.java:146)
	at org.springframework.boot.SpringApplication.refresh(SpringApplication.java:752)
	at org.springframework.boot.SpringApplication.refreshContext(SpringApplication.java:439)
	at org.springframework.boot.SpringApplication.run(SpringApplication.java:318)
	at org.springframework.boot.SpringApplication.run(SpringApplication.java:1361)
	at org.springframework.boot.SpringApplication.run(SpringApplication.java:1350)
	at ru.rfsnab.productservice.ProductServiceApplication.main(ProductServiceApplication.java:10)
Caused by: org.springframework.beans.factory.BeanCreationException: Error creating bean with name 'flywayInitializer' defined in class path resource [org/springframework/boot/autoconfigure/flyway/FlywayAutoConfiguration$FlywayConfiguration.class]: Unable to obtain connection from database: Подсоединение по адресу localhost:5435 отклонено. Проверьте что хост и порт указаны правильно и что postmaster принимает TCP/IP-подсоединения.
-----------------------------------------------------------------------------------------------------------------------------------------------------------------------------------------
SQL State  : 08001
Error Code : 0
Message    : Подсоединение по адресу localhost:5435 отклонено. Проверьте что хост и порт указаны правильно и что postmaster принимает TCP/IP-подсоединения.

	at org.springframework.beans.factory.support.AbstractAutowireCapableBeanFactory.initializeBean(AbstractAutowireCapableBeanFactory.java:1812)
	at org.springframework.beans.factory.support.AbstractAutowireCapableBeanFactory.doCreateBean(AbstractAutowireCapableBeanFactory.java:601)
	at org.springframework.beans.factory.support.AbstractAutowireCapableBeanFactory.createBean(AbstractAutowireCapableBeanFactory.java:523)
	at org.springframework.beans.factory.support.AbstractBeanFactory.lambda$doGetBean$0(AbstractBeanFactory.java:339)
	at org.springframework.beans.factory.support.DefaultSingletonBeanRegistry.getSingleton(DefaultSingletonBeanRegistry.java:347)
	at org.springframework.beans.factory.support.AbstractBeanFactory.doGetBean(AbstractBeanFactory.java:337)
	at org.springframework.beans.factory.support.AbstractBeanFactory.getBean(AbstractBeanFactory.java:202)
	at org.springframework.beans.factory.support.AbstractBeanFactory.doGetBean(AbstractBeanFactory.java:315)
	... 10 common frames omitted
Caused by: org.flywaydb.core.internal.exception.sqlExceptions.FlywaySqlUnableToConnectToDbException: Unable to obtain connection from database: Подсоединение по адресу localhost:5435 отклонено. Проверьте что хост и порт указаны правильно и что postmaster принимает TCP/IP-подсоединения.
-----------------------------------------------------------------------------------------------------------------------------------------------------------------------------------------
SQL State  : 08001
Error Code : 0
Message    : Подсоединение по адресу localhost:5435 отклонено. Проверьте что хост и порт указаны правильно и что postmaster принимает TCP/IP-подсоединения.

	at org.flywaydb.core.internal.jdbc.JdbcUtils.openConnection(JdbcUtils.java:70)
	at org.flywaydb.core.internal.jdbc.JdbcConnectionFactory.<init>(JdbcConnectionFactory.java:76)
	at org.flywaydb.core.FlywayExecutor.execute(FlywayExecutor.java:137)
	at org.flywaydb.core.Flyway.migrate(Flyway.java:187)
	at org.springframework.boot.autoconfigure.flyway.FlywayMigrationInitializer.afterPropertiesSet(FlywayMigrationInitializer.java:66)
	at org.springframework.beans.factory.support.AbstractAutowireCapableBeanFactory.invokeInitMethods(AbstractAutowireCapableBeanFactory.java:1859)
	at org.springframework.beans.factory.support.AbstractAutowireCapableBeanFactory.initializeBean(AbstractAutowireCapableBeanFactory.java:1808)
	... 17 common frames omitted
Caused by: org.postgresql.util.PSQLException: Подсоединение по адресу localhost:5435 отклонено. Проверьте что хост и порт указаны правильно и что postmaster принимает TCP/IP-подсоединения.
	at org.postgresql.core.v3.ConnectionFactoryImpl.openConnectionImpl(ConnectionFactoryImpl.java:352)
	at org.postgresql.core.ConnectionFactory.openConnection(ConnectionFactory.java:54)
	at org.postgresql.jdbc.PgConnection.<init>(PgConnection.java:273)
	at org.postgresql.Driver.makeConnection(Driver.java:446)
	at org.postgresql.Driver.connect(Driver.java:298)
	at com.zaxxer.hikari.util.DriverDataSource.getConnection(DriverDataSource.java:137)
	at com.zaxxer.hikari.pool.PoolBase.newConnection(PoolBase.java:360)
	at com.zaxxer.hikari.pool.PoolBase.newPoolEntry(PoolBase.java:202)
	at com.zaxxer.hikari.pool.HikariPool.createPoolEntry(HikariPool.java:461)
	at com.zaxxer.hikari.pool.HikariPool.checkFailFast(HikariPool.java:550)
	at com.zaxxer.hikari.pool.HikariPool.<init>(HikariPool.java:98)
	at com.zaxxer.hikari.HikariDataSource.getConnection(HikariDataSource.java:111)
	at org.flywaydb.core.internal.jdbc.JdbcUtils.openConnection(JdbcUtils.java:65)
	... 23 common frames omitted
Caused by: java.net.ConnectException: Connection refused: getsockopt
	at java.base/sun.nio.ch.Net.pollConnect(Native Method)
	at java.base/sun.nio.ch.Net.pollConnectNow(Net.java:682)
	at java.base/sun.nio.ch.NioSocketImpl.timedFinishConnect(NioSocketImpl.java:542)
	at java.base/sun.nio.ch.NioSocketImpl.connect(NioSocketImpl.java:592)
	at java.base/java.net.SocksSocketImpl.connect(SocksSocketImpl.java:327)
	at java.base/java.net.Socket.connect(Socket.java:751)
	at org.postgresql.core.PGStream.createSocket(PGStream.java:260)
	at org.postgresql.core.PGStream.<init>(PGStream.java:121)
	at org.postgresql.core.v3.ConnectionFactoryImpl.tryConnect(ConnectionFactoryImpl.java:140)
	at org.postgresql.core.v3.ConnectionFactoryImpl.openConnectionImpl(ConnectionFactoryImpl.java:268)
	... 35 common frames omitted
2026-01-03 12:31:22.467  INFO 21736 --- [background-preinit] o.h.validator.internal.util.Version      : HV000001: Hibernate Validator 8.0.2.Final
2026-01-03 12:31:22.508  INFO 21736 --- [main] r.r.p.ProductServiceApplication          : Starting ProductServiceApplication using Java 21.0.8 with PID 21736 (D:\Max\java\my-application\ecommerce-platform\product-service\target\classes started by elims in D:\Max\java\my-application\ecommerce-platform)
2026-01-03 12:31:22.509 DEBUG 21736 --- [main] r.r.p.ProductServiceApplication          : Running with Spring Boot v3.4.4, Spring v6.2.5
2026-01-03 12:31:22.509  INFO 21736 --- [main] r.r.p.ProductServiceApplication          : No active profile set, falling back to 1 default profile: "default"
2026-01-03 12:31:23.334  INFO 21736 --- [main] .s.d.r.c.RepositoryConfigurationDelegate : Bootstrapping Spring Data JPA repositories in DEFAULT mode.
2026-01-03 12:31:23.406  INFO 21736 --- [main] .s.d.r.c.RepositoryConfigurationDelegate : Finished Spring Data repository scanning in 65 ms. Found 5 JPA repository interfaces.
2026-01-03 12:31:24.067  INFO 21736 --- [main] o.s.b.w.embedded.tomcat.TomcatWebServer  : Tomcat initialized with port 8083 (http)
2026-01-03 12:31:24.075  INFO 21736 --- [main] o.a.coyote.http11.Http11NioProtocol      : Initializing ProtocolHandler ["http-nio-8083"]
2026-01-03 12:31:24.076  INFO 21736 --- [main] o.apache.catalina.core.StandardService   : Starting service [Tomcat]
2026-01-03 12:31:24.078  INFO 21736 --- [main] o.apache.catalina.core.StandardEngine    : Starting Servlet engine: [Apache Tomcat/10.1.39]
2026-01-03 12:31:24.127  INFO 21736 --- [main] o.a.c.c.C.[Tomcat].[localhost].[/]       : Initializing Spring embedded WebApplicationContext
2026-01-03 12:31:24.127  INFO 21736 --- [main] w.s.c.ServletWebServerApplicationContext : Root WebApplicationContext: initialization completed in 1586 ms
2026-01-03 12:31:24.322 DEBUG 21736 --- [main] r.r.p.security.JwtAuthenticationFilter   : Filter 'jwtAuthenticationFilter' configured for use
2026-01-03 12:31:24.518  INFO 21736 --- [main] com.zaxxer.hikari.HikariDataSource       : HikariPool-1 - Starting...
2026-01-03 12:31:24.683  INFO 21736 --- [main] com.zaxxer.hikari.pool.HikariPool        : HikariPool-1 - Added connection org.postgresql.jdbc.PgConnection@38394dc3
2026-01-03 12:31:24.684  INFO 21736 --- [main] com.zaxxer.hikari.HikariDataSource       : HikariPool-1 - Start completed.
2026-01-03 12:31:24.713  INFO 21736 --- [main] org.flywaydb.core.FlywayExecutor         : Database: jdbc:postgresql://localhost:5435/ecommerce_products (PostgreSQL 16.4)
2026-01-03 12:31:24.783  INFO 21736 --- [main] o.f.core.internal.command.DbValidate     : Successfully validated 1 migration (execution time 00:00.028s)
2026-01-03 12:31:24.823  INFO 21736 --- [main] o.f.core.internal.command.DbMigrate      : Current version of schema "public": 20251209204550
2026-01-03 12:31:24.827  INFO 21736 --- [main] o.f.core.internal.command.DbMigrate      : Schema "public" is up to date. No migration necessary.
2026-01-03 12:31:24.933  INFO 21736 --- [main] o.hibernate.jpa.internal.util.LogHelper  : HHH000204: Processing PersistenceUnitInfo [name: default]
2026-01-03 12:31:24.972  INFO 21736 --- [main] org.hibernate.Version                    : HHH000412: Hibernate ORM core version 6.6.11.Final
2026-01-03 12:31:24.995  INFO 21736 --- [main] o.h.c.internal.RegionFactoryInitiator    : HHH000026: Second-level cache disabled
2026-01-03 12:31:25.193  INFO 21736 --- [main] o.s.o.j.p.SpringPersistenceUnitInfo      : No LoadTimeWeaver setup: ignoring JPA class transformer
2026-01-03 12:31:25.249  WARN 21736 --- [main] org.hibernate.orm.deprecation            : HHH90000025: PostgreSQLDialect does not need to be specified explicitly using 'hibernate.dialect' (remove the property setting and it will be selected by default)
2026-01-03 12:31:25.262  INFO 21736 --- [main] org.hibernate.orm.connections.pooling    : HHH10001005: Database info:
	Database JDBC URL [Connecting through datasource 'HikariDataSource (HikariPool-1)']
	Database driver: undefined/unknown
	Database version: 16.4
	Autocommit mode: undefined/unknown
	Isolation level: undefined/unknown
	Minimum pool size: undefined/unknown
	Maximum pool size: undefined/unknown
2026-01-03 12:31:26.106  INFO 21736 --- [main] o.h.e.t.j.p.i.JtaPlatformInitiator       : HHH000489: No JTA platform available (set 'hibernate.transaction.jta.platform' to enable JTA platform integration)
2026-01-03 12:31:26.151  INFO 21736 --- [main] j.LocalContainerEntityManagerFactoryBean : Initialized JPA EntityManagerFactory for persistence unit 'default'
2026-01-03 12:31:26.535  INFO 21736 --- [main] o.s.d.j.r.query.QueryEnhancerFactory     : Hibernate is in classpath; If applicable, HQL parser will be used.
2026-01-03 12:31:27.123 DEBUG 21736 --- [main] r.r.productservice.aspect.LoggingAspect  : --- DB query: ListCrudRepository.findAll() whith params: []
2026-01-03 12:31:27.194 DEBUG 21736 --- [main] org.hibernate.SQL                        : 
    select
        c1_0.id,
        c1_0.created_at,
        c1_0.description,
        c1_0.display_order,
        c1_0.is_active,
        c1_0.name,
        c1_0.parent_id,
        c1_0.slug,
        c1_0.updated_at 
    from
        categories c1_0
2026-01-03 12:31:27.222 DEBUG 21736 --- [main] r.r.productservice.aspect.LoggingAspect  : --- DB result: ListCrudRepository.findAll() returned: ArrayList
2026-01-03 12:31:28.134  WARN 21736 --- [main] JpaBaseConfiguration$JpaWebConfiguration : spring.jpa.open-in-view is enabled by default. Therefore, database queries may be performed during view rendering. Explicitly configure spring.jpa.open-in-view to disable this warning
2026-01-03 12:31:28.184  WARN 21736 --- [main] .s.s.UserDetailsServiceAutoConfiguration : 

Using generated security password: b9c32a05-77c5-467f-83a4-d7382ee7d12b

This generated password is for development use only. Your security configuration must be updated before running your application in production.

2026-01-03 12:31:28.196  INFO 21736 --- [main] r$InitializeUserDetailsManagerConfigurer : Global AuthenticationManager configured with UserDetailsService bean with name inMemoryUserDetailsManager
2026-01-03 12:31:28.745  INFO 21736 --- [main] o.s.b.a.e.web.EndpointLinksResolver      : Exposing 3 endpoints beneath base path '/actuator'
2026-01-03 12:31:29.531  INFO 21736 --- [main] o.a.coyote.http11.Http11NioProtocol      : Starting ProtocolHandler ["http-nio-8083"]
2026-01-03 12:31:29.546  INFO 21736 --- [main] o.s.b.w.embedded.tomcat.TomcatWebServer  : Tomcat started on port 8083 (http) with context path '/'
2026-01-03 12:31:29.555  INFO 21736 --- [main] r.r.p.ProductServiceApplication          : Started ProductServiceApplication in 7.534 seconds (process running for 8.083)
2026-01-03 12:31:30.161  INFO 21736 --- [RMI TCP Connection(1)-192.168.0.28] o.a.c.c.C.[Tomcat].[localhost].[/]       : Initializing Spring DispatcherServlet 'dispatcherServlet'
2026-01-03 12:31:30.161  INFO 21736 --- [RMI TCP Connection(1)-192.168.0.28] o.s.web.servlet.DispatcherServlet        : Initializing Servlet 'dispatcherServlet'
2026-01-03 12:31:30.163  INFO 21736 --- [RMI TCP Connection(1)-192.168.0.28] o.s.web.servlet.DispatcherServlet        : Completed initialization in 1 ms
2026-01-03 13:01:23.337  INFO 21736 --- [http-nio-8083-exec-9] o.springdoc.api.AbstractOpenApiResource  : Init duration for springdoc-openapi is: 802 ms
2026-01-03 13:01:57.044  INFO 21736 --- [SpringApplicationShutdownHook] o.s.b.w.e.tomcat.GracefulShutdown        : Commencing graceful shutdown. Waiting for active requests to complete
2026-01-03 13:01:57.051  INFO 21736 --- [tomcat-shutdown] o.s.b.w.e.tomcat.GracefulShutdown        : Graceful shutdown complete
2026-01-03 13:01:57.058  INFO 21736 --- [SpringApplicationShutdownHook] j.LocalContainerEntityManagerFactoryBean : Closing JPA EntityManagerFactory for persistence unit 'default'
2026-01-03 13:01:57.057 DEBUG 21736 --- [idle-connection-reaper] s.a.a.h.a.i.conn.IdleConnectionReaper    : Reaper thread: 
java.lang.InterruptedException: sleep interrupted
	at java.base/java.lang.Thread.sleep0(Native Method)
	at java.base/java.lang.Thread.sleep(Thread.java:509)
	at software.amazon.awssdk.http.apache.internal.conn.IdleConnectionReaper$ReaperTask.run(IdleConnectionReaper.java:150)
	at java.base/java.util.concurrent.ThreadPoolExecutor.runWorker(ThreadPoolExecutor.java:1144)
	at java.base/java.util.concurrent.ThreadPoolExecutor$Worker.run(ThreadPoolExecutor.java:642)
	at java.base/java.lang.Thread.run(Thread.java:1583)
2026-01-03 13:01:57.058 DEBUG 21736 --- [idle-connection-reaper] s.a.a.h.a.i.conn.IdleConnectionReaper    : Shutting down reaper thread.
2026-01-03 13:01:57.061  INFO 21736 --- [SpringApplicationShutdownHook] com.zaxxer.hikari.HikariDataSource       : HikariPool-1 - Shutdown initiated...
2026-01-03 13:01:57.067  INFO 21736 --- [SpringApplicationShutdownHook] com.zaxxer.hikari.HikariDataSource       : HikariPool-1 - Shutdown completed.
2026-01-03 13:01:59.008  INFO 23396 --- [background-preinit] o.h.validator.internal.util.Version      : HV000001: Hibernate Validator 8.0.2.Final
2026-01-03 13:01:59.048  INFO 23396 --- [main] r.r.p.ProductServiceApplication          : Starting ProductServiceApplication using Java 21.0.8 with PID 23396 (D:\Max\java\my-application\ecommerce-platform\product-service\target\classes started by elims in D:\Max\java\my-application\ecommerce-platform)
2026-01-03 13:01:59.049 DEBUG 23396 --- [main] r.r.p.ProductServiceApplication          : Running with Spring Boot v3.4.4, Spring v6.2.5
2026-01-03 13:01:59.050  INFO 23396 --- [main] r.r.p.ProductServiceApplication          : No active profile set, falling back to 1 default profile: "default"
2026-01-03 13:01:59.872  INFO 23396 --- [main] .s.d.r.c.RepositoryConfigurationDelegate : Bootstrapping Spring Data JPA repositories in DEFAULT mode.
2026-01-03 13:01:59.931  INFO 23396 --- [main] .s.d.r.c.RepositoryConfigurationDelegate : Finished Spring Data repository scanning in 48 ms. Found 5 JPA repository interfaces.
2026-01-03 13:02:00.608  INFO 23396 --- [main] o.s.b.w.embedded.tomcat.TomcatWebServer  : Tomcat initialized with port 8083 (http)
2026-01-03 13:02:00.616  INFO 23396 --- [main] o.a.coyote.http11.Http11NioProtocol      : Initializing ProtocolHandler ["http-nio-8083"]
2026-01-03 13:02:00.617  INFO 23396 --- [main] o.apache.catalina.core.StandardService   : Starting service [Tomcat]
2026-01-03 13:02:00.617  INFO 23396 --- [main] o.apache.catalina.core.StandardEngine    : Starting Servlet engine: [Apache Tomcat/10.1.39]
2026-01-03 13:02:00.662  INFO 23396 --- [main] o.a.c.c.C.[Tomcat].[localhost].[/]       : Initializing Spring embedded WebApplicationContext
2026-01-03 13:02:00.662  INFO 23396 --- [main] w.s.c.ServletWebServerApplicationContext : Root WebApplicationContext: initialization completed in 1576 ms
2026-01-03 13:02:00.884 DEBUG 23396 --- [main] r.r.p.security.JwtAuthenticationFilter   : Filter 'jwtAuthenticationFilter' configured for use
2026-01-03 13:02:01.068  INFO 23396 --- [main] com.zaxxer.hikari.HikariDataSource       : HikariPool-1 - Starting...
2026-01-03 13:02:01.182  INFO 23396 --- [main] com.zaxxer.hikari.pool.HikariPool        : HikariPool-1 - Added connection org.postgresql.jdbc.PgConnection@53432aef
2026-01-03 13:02:01.183  INFO 23396 --- [main] com.zaxxer.hikari.HikariDataSource       : HikariPool-1 - Start completed.
2026-01-03 13:02:01.205  INFO 23396 --- [main] org.flywaydb.core.FlywayExecutor         : Database: jdbc:postgresql://localhost:5435/ecommerce_products (PostgreSQL 16.4)
2026-01-03 13:02:01.252  INFO 23396 --- [main] o.f.core.internal.command.DbValidate     : Successfully validated 1 migration (execution time 00:00.022s)
2026-01-03 13:02:01.287  INFO 23396 --- [main] o.f.core.internal.command.DbMigrate      : Current version of schema "public": 20251209204550
2026-01-03 13:02:01.290  INFO 23396 --- [main] o.f.core.internal.command.DbMigrate      : Schema "public" is up to date. No migration necessary.
2026-01-03 13:02:01.390  INFO 23396 --- [main] o.hibernate.jpa.internal.util.LogHelper  : HHH000204: Processing PersistenceUnitInfo [name: default]
2026-01-03 13:02:01.438  INFO 23396 --- [main] org.hibernate.Version                    : HHH000412: Hibernate ORM core version 6.6.11.Final
2026-01-03 13:02:01.466  INFO 23396 --- [main] o.h.c.internal.RegionFactoryInitiator    : HHH000026: Second-level cache disabled
2026-01-03 13:02:01.656  INFO 23396 --- [main] o.s.o.j.p.SpringPersistenceUnitInfo      : No LoadTimeWeaver setup: ignoring JPA class transformer
2026-01-03 13:02:01.693  WARN 23396 --- [main] org.hibernate.orm.deprecation            : HHH90000025: PostgreSQLDialect does not need to be specified explicitly using 'hibernate.dialect' (remove the property setting and it will be selected by default)
2026-01-03 13:02:01.706  INFO 23396 --- [main] org.hibernate.orm.connections.pooling    : HHH10001005: Database info:
	Database JDBC URL [Connecting through datasource 'HikariDataSource (HikariPool-1)']
	Database driver: undefined/unknown
	Database version: 16.4
	Autocommit mode: undefined/unknown
	Isolation level: undefined/unknown
	Minimum pool size: undefined/unknown
	Maximum pool size: undefined/unknown
2026-01-03 13:02:02.489  INFO 23396 --- [main] o.h.e.t.j.p.i.JtaPlatformInitiator       : HHH000489: No JTA platform available (set 'hibernate.transaction.jta.platform' to enable JTA platform integration)
2026-01-03 13:02:02.527  INFO 23396 --- [main] j.LocalContainerEntityManagerFactoryBean : Initialized JPA EntityManagerFactory for persistence unit 'default'
2026-01-03 13:02:02.858  INFO 23396 --- [main] o.s.d.j.r.query.QueryEnhancerFactory     : Hibernate is in classpath; If applicable, HQL parser will be used.
2026-01-03 13:02:03.492 DEBUG 23396 --- [main] r.r.productservice.aspect.LoggingAspect  : --- DB query: ListCrudRepository.findAll() whith params: []
2026-01-03 13:02:03.578 DEBUG 23396 --- [main] org.hibernate.SQL                        : 
    select
        c1_0.id,
        c1_0.created_at,
        c1_0.description,
        c1_0.display_order,
        c1_0.is_active,
        c1_0.name,
        c1_0.parent_id,
        c1_0.slug,
        c1_0.updated_at 
    from
        categories c1_0
2026-01-03 13:02:03.614 DEBUG 23396 --- [main] r.r.productservice.aspect.LoggingAspect  : --- DB result: ListCrudRepository.findAll() returned: ArrayList
2026-01-03 13:02:04.484  WARN 23396 --- [main] JpaBaseConfiguration$JpaWebConfiguration : spring.jpa.open-in-view is enabled by default. Therefore, database queries may be performed during view rendering. Explicitly configure spring.jpa.open-in-view to disable this warning
2026-01-03 13:02:04.531  WARN 23396 --- [main] .s.s.UserDetailsServiceAutoConfiguration : 

Using generated security password: 7df89d25-1a35-4043-aaa1-45549c89f03c

This generated password is for development use only. Your security configuration must be updated before running your application in production.

2026-01-03 13:02:04.541  INFO 23396 --- [main] r$InitializeUserDetailsManagerConfigurer : Global AuthenticationManager configured with UserDetailsService bean with name inMemoryUserDetailsManager
2026-01-03 13:02:05.119  INFO 23396 --- [main] o.s.b.a.e.web.EndpointLinksResolver      : Exposing 3 endpoints beneath base path '/actuator'
2026-01-03 13:02:05.813  INFO 23396 --- [main] o.a.coyote.http11.Http11NioProtocol      : Starting ProtocolHandler ["http-nio-8083"]
2026-01-03 13:02:05.834  INFO 23396 --- [main] o.s.b.w.embedded.tomcat.TomcatWebServer  : Tomcat started on port 8083 (http) with context path '/'
2026-01-03 13:02:05.848  INFO 23396 --- [main] r.r.p.ProductServiceApplication          : Started ProductServiceApplication in 7.276 seconds (process running for 7.853)
2026-01-03 13:02:06.139  INFO 23396 --- [RMI TCP Connection(2)-192.168.0.28] o.a.c.c.C.[Tomcat].[localhost].[/]       : Initializing Spring DispatcherServlet 'dispatcherServlet'
2026-01-03 13:02:06.139  INFO 23396 --- [RMI TCP Connection(2)-192.168.0.28] o.s.web.servlet.DispatcherServlet        : Initializing Servlet 'dispatcherServlet'
2026-01-03 13:02:06.141  INFO 23396 --- [RMI TCP Connection(2)-192.168.0.28] o.s.web.servlet.DispatcherServlet        : Completed initialization in 1 ms
2026-01-03 13:03:26.433  INFO 23396 --- [http-nio-8083-exec-1] r.r.productservice.aspect.LoggingAspect  : >>> Incoming request: ProductController.createProduct(..) with args: [ru.rfsnab.productservice.dto.ProductRequest@53c98b0]
2026-01-03 13:03:26.437 DEBUG 23396 --- [http-nio-8083-exec-1] r.r.productservice.aspect.LoggingAspect  : ==> Executing service: ProductService.createProduct(..) whith args: [ru.rfsnab.productservice.model.Product@58865ef5]
2026-01-03 13:03:26.437  INFO 23396 --- [http-nio-8083-exec-1] r.r.p.service.ProductService             : Создание продукта: Тестовый товар с медиа
2026-01-03 13:03:26.437 DEBUG 23396 --- [http-nio-8083-exec-1] r.r.productservice.aspect.LoggingAspect  : ==> Executing service: SlugGeneratorService.generateSlug(..) whith args: [Тестовый товар с медиа]
2026-01-03 13:03:26.440 DEBUG 23396 --- [http-nio-8083-exec-1] r.r.productservice.aspect.LoggingAspect  : <== Service completed: SlugGeneratorService.generateSlug(..) in 3 ms
2026-01-03 13:03:26.441 DEBUG 23396 --- [http-nio-8083-exec-1] r.r.productservice.aspect.LoggingAspect  : --- DB query: ProductRepository.existsBySlug(..) whith params: [testovyy-tovar-s-media]
2026-01-03 13:03:26.464 DEBUG 23396 --- [http-nio-8083-exec-1] org.hibernate.SQL                        : 
    select
        p1_0.id 
    from
        products p1_0 
    where
        p1_0.slug=? 
    fetch
        first ? rows only
2026-01-03 13:03:26.475 DEBUG 23396 --- [http-nio-8083-exec-1] r.r.productservice.aspect.LoggingAspect  : --- DB result: ProductRepository.existsBySlug(..) returned: Boolean
2026-01-03 13:03:26.476 DEBUG 23396 --- [http-nio-8083-exec-1] r.r.productservice.aspect.LoggingAspect  : --- DB query: CrudRepository.save(..) whith params: [ru.rfsnab.productservice.model.Product@58865ef5]
2026-01-03 13:03:26.501 DEBUG 23396 --- [http-nio-8083-exec-1] org.hibernate.SQL                        : 
    insert 
    into
        products
        (category_id, created_at, description, is_active, is_featured, name, price, short_description, slug, stock_quantity, updated_at) 
    values
        (?, ?, ?, ?, ?, ?, ?, ?, ?, ?, ?)
2026-01-03 13:03:26.529 DEBUG 23396 --- [http-nio-8083-exec-1] r.r.productservice.aspect.LoggingAspect  : --- DB result: CrudRepository.save(..) returned: Product
2026-01-03 13:03:26.529  INFO 23396 --- [http-nio-8083-exec-1] r.r.p.service.ProductService             : Продукт создан с id=1, slug=testovyy-tovar-s-media
2026-01-03 13:03:26.529 DEBUG 23396 --- [http-nio-8083-exec-1] r.r.productservice.aspect.LoggingAspect  : <== Service completed: ProductService.createProduct(..) in 92 ms
2026-01-03 13:03:26.550  INFO 23396 --- [http-nio-8083-exec-1] r.r.productservice.aspect.LoggingAspect  : <<< Response from: ProductController.createProduct(..) with result type: <200 OK OK,ru.rfsnab.productservice.dto.ProductResponse@4de12e3a,[]>
2026-01-03 13:05:59.073  INFO 23396 --- [http-nio-8083-exec-3] r.r.productservice.aspect.LoggingAspect  : >>> Incoming request: ProductImageController.uploadImage(..) with args: [1, org.springframework.web.multipart.support.StandardMultipartHttpServletRequest$StandardMultipartFile@21af5b1c]
2026-01-03 13:05:59.079 DEBUG 23396 --- [http-nio-8083-exec-3] r.r.productservice.aspect.LoggingAspect  : ==> Executing service: ProductImageService.addImage(..) whith args: [1, org.springframework.web.multipart.support.StandardMultipartHttpServletRequest$StandardMultipartFile@21af5b1c]
2026-01-03 13:05:59.081 DEBUG 23396 --- [http-nio-8083-exec-3] r.r.productservice.aspect.LoggingAspect  : ==> Executing service: ProductService.getProductById(..) whith args: [1]
2026-01-03 13:05:59.082 DEBUG 23396 --- [http-nio-8083-exec-3] r.r.productservice.aspect.LoggingAspect  : --- DB query: CrudRepository.findById(..) whith params: [1]
2026-01-03 13:05:59.098 DEBUG 23396 --- [http-nio-8083-exec-3] org.hibernate.SQL                        : 
    select
        p1_0.id,
        p1_0.category_id,
        p1_0.created_at,
        p1_0.description,
        p1_0.is_active,
        p1_0.is_featured,
        p1_0.name,
        p1_0.price,
        p1_0.short_description,
        p1_0.slug,
        p1_0.stock_quantity,
        p1_0.updated_at 
    from
        products p1_0 
    where
        p1_0.id=?
2026-01-03 13:05:59.120 DEBUG 23396 --- [http-nio-8083-exec-3] r.r.productservice.aspect.LoggingAspect  : --- DB result: CrudRepository.findById(..) returned: Optional
2026-01-03 13:05:59.120 DEBUG 23396 --- [http-nio-8083-exec-3] r.r.productservice.aspect.LoggingAspect  : <== Service completed: ProductService.getProductById(..) in 39 ms
2026-01-03 13:05:59.120 DEBUG 23396 --- [http-nio-8083-exec-3] r.r.productservice.aspect.LoggingAspect  : ==> Executing service: StorageService.validateImage(..) whith args: [org.springframework.web.multipart.support.StandardMultipartHttpServletRequest$StandardMultipartFile@21af5b1c]
2026-01-03 13:05:59.121 DEBUG 23396 --- [http-nio-8083-exec-3] r.r.productservice.aspect.LoggingAspect  : <== Service completed: StorageService.validateImage(..) in 1 ms
2026-01-03 13:05:59.460 DEBUG 23396 --- [http-nio-8083-exec-3] r.r.productservice.aspect.LoggingAspect  : ==> Executing service: StorageService.uploadFile(..) whith args: [org.springframework.web.multipart.support.StandardMultipartHttpServletRequest$StandardMultipartFile@21af5b1c, products/1/тачка.jpg]
2026-01-03 13:05:59.515 DEBUG 23396 --- [http-nio-8083-exec-3] s.a.a.c.i.ExecutionInterceptorChain      : Creating an interceptor chain that will apply interceptors in the following order: [software.amazon.awssdk.core.internal.interceptor.HttpChecksumRequiredInterceptor@1d4becc0, software.amazon.awssdk.core.internal.interceptor.SyncHttpChecksumInTrailerInterceptor@2a5de796, software.amazon.awssdk.core.internal.interceptor.HttpChecksumValidationInterceptor@cfac375, software.amazon.awssdk.core.internal.interceptor.AsyncRequestBodyHttpChecksumTrailerInterceptor@5bd2b4e, software.amazon.awssdk.core.internal.interceptor.HttpChecksumInHeaderInterceptor@47d2fad5, software.amazon.awssdk.awscore.interceptor.HelpfulUnknownHostExceptionInterceptor@276d4ee, software.amazon.awssdk.awscore.eventstream.EventStreamInitialRequestInterceptor@58cd5ebe, software.amazon.awssdk.awscore.interceptor.TraceIdExecutionInterceptor@3446e9b2, software.amazon.awssdk.services.s3.endpoints.internal.S3ResolveEndpointInterceptor@6412b9bd, software.amazon.awssdk.services.s3.endpoints.internal.S3EndpointAuthSchemeInterceptor@5077c075, software.amazon.awssdk.services.s3.endpoints.internal.S3RequestSetEndpointInterceptor@627d4c6b, software.amazon.awssdk.services.s3.internal.handlers.PutObjectInterceptor@617522ef, software.amazon.awssdk.services.s3.internal.handlers.CreateBucketInterceptor@105bb02d, software.amazon.awssdk.services.s3.internal.handlers.CreateMultipartUploadRequestInterceptor@7e41ae3b, software.amazon.awssdk.services.s3.internal.handlers.EnableChunkedEncodingInterceptor@7657ab8c, software.amazon.awssdk.services.s3.internal.handlers.ConfigureSignerInterceptor@3e7d9df3, software.amazon.awssdk.services.s3.internal.handlers.DecodeUrlEncodedResponseInterceptor@736a98c9, software.amazon.awssdk.services.s3.internal.handlers.GetBucketPolicyInterceptor@29c0e9, software.amazon.awssdk.services.s3.internal.handlers.AsyncChecksumValidationInterceptor@4be910ab, software.amazon.awssdk.services.s3.internal.handlers.SyncChecksumValidationInterceptor@19a98e20, software.amazon.awssdk.services.s3.internal.handlers.EnableTrailingChecksumInterceptor@3ea2e10c, software.amazon.awssdk.services.s3.internal.handlers.ExceptionTranslationInterceptor@704240b9, software.amazon.awssdk.services.s3.internal.handlers.GetObjectInterceptor@732d7a52, software.amazon.awssdk.services.s3.internal.handlers.CopySourceInterceptor@26203299]
2026-01-03 13:05:59.597 DEBUG 23396 --- [http-nio-8083-exec-3] s.a.a.c.i.ExecutionInterceptorChain      : Interceptor 'software.amazon.awssdk.services.s3.endpoints.internal.S3EndpointAuthSchemeInterceptor@5077c075' modified the message with its modifyRequest method.
2026-01-03 13:05:59.633 DEBUG 23396 --- [http-nio-8083-exec-3] s.a.a.c.i.ExecutionInterceptorChain      : Interceptor 'software.amazon.awssdk.services.s3.endpoints.internal.S3RequestSetEndpointInterceptor@627d4c6b' modified the message with its modifyHttpRequest method.
2026-01-03 13:05:59.634 DEBUG 23396 --- [http-nio-8083-exec-3] s.a.a.c.i.ExecutionInterceptorChain      : Interceptor 'software.amazon.awssdk.services.s3.internal.handlers.PutObjectInterceptor@617522ef' modified the message with its modifyHttpRequest method.
2026-01-03 13:05:59.668 DEBUG 23396 --- [http-nio-8083-exec-3] software.amazon.awssdk.request           : Sending Request: DefaultSdkHttpFullRequest(httpMethod=PUT, protocol=https, host=ecommerce-products.storage.yandexcloud.net, encodedPath=/products/1/%D1%82%D0%B0%D1%87%D0%BA%D0%B0.jpg, headers=[amz-sdk-invocation-id, Content-Length, Content-Type, Expect, User-Agent], queryParameters=[])
2026-01-03 13:05:59.679 DEBUG 23396 --- [http-nio-8083-exec-3] s.amazon.awssdk.auth.signer.Aws4Signer   : AWS4 Canonical Request: PUT
/products/1/%D1%82%D0%B0%D1%87%D0%BA%D0%B0.jpg

amz-sdk-invocation-id:b98ccdf6-f89a-3472-f22e-46c6f1ab4b44
amz-sdk-request:attempt=1; max=4
content-length:3657105
content-type:image/jpeg
host:ecommerce-products.storage.yandexcloud.net
x-amz-content-sha256:UNSIGNED-PAYLOAD
x-amz-date:20260103T100559Z

amz-sdk-invocation-id;amz-sdk-request;content-length;content-type;host;x-amz-content-sha256;x-amz-date
UNSIGNED-PAYLOAD
2026-01-03 13:05:59.679 DEBUG 23396 --- [http-nio-8083-exec-3] s.amazon.awssdk.auth.signer.Aws4Signer   : AWS4 String to sign: AWS4-HMAC-SHA256
20260103T100559Z
20260103/ru-central1/s3/aws4_request
664bf8119d209323824c087d7ed138f253b474306dc19db1d50f6d4c674b8792
2026-01-03 13:05:59.811 DEBUG 23396 --- [http-nio-8083-exec-3] s.a.a.h.a.i.conn.SdkTlsSocketFactory     : Connecting socket to ecommerce-products.storage.yandexcloud.net/213.180.193.243:443 with timeout 2000
2026-01-03 13:05:59.925 DEBUG 23396 --- [http-nio-8083-exec-3] s.a.a.h.a.i.conn.SdkTlsSocketFactory     : Enabled protocols: [TLSv1.3, TLSv1.2]
2026-01-03 13:05:59.925 DEBUG 23396 --- [http-nio-8083-exec-3] s.a.a.h.a.i.conn.SdkTlsSocketFactory     : Enabled cipher suites:[TLS_AES_256_GCM_SHA384, TLS_AES_128_GCM_SHA256, TLS_CHACHA20_POLY1305_SHA256, TLS_ECDHE_ECDSA_WITH_AES_256_GCM_SHA384, TLS_ECDHE_ECDSA_WITH_AES_128_GCM_SHA256, TLS_ECDHE_ECDSA_WITH_CHACHA20_POLY1305_SHA256, TLS_ECDHE_RSA_WITH_AES_256_GCM_SHA384, TLS_ECDHE_RSA_WITH_CHACHA20_POLY1305_SHA256, TLS_ECDHE_RSA_WITH_AES_128_GCM_SHA256, TLS_DHE_RSA_WITH_AES_256_GCM_SHA384, TLS_DHE_RSA_WITH_CHACHA20_POLY1305_SHA256, TLS_DHE_DSS_WITH_AES_256_GCM_SHA384, TLS_DHE_RSA_WITH_AES_128_GCM_SHA256, TLS_DHE_DSS_WITH_AES_128_GCM_SHA256, TLS_ECDHE_ECDSA_WITH_AES_256_CBC_SHA384, TLS_ECDHE_RSA_WITH_AES_256_CBC_SHA384, TLS_ECDHE_ECDSA_WITH_AES_128_CBC_SHA256, TLS_ECDHE_RSA_WITH_AES_128_CBC_SHA256, TLS_DHE_RSA_WITH_AES_256_CBC_SHA256, TLS_DHE_DSS_WITH_AES_256_CBC_SHA256, TLS_DHE_RSA_WITH_AES_128_CBC_SHA256, TLS_DHE_DSS_WITH_AES_128_CBC_SHA256, TLS_ECDHE_ECDSA_WITH_AES_256_CBC_SHA, TLS_ECDHE_RSA_WITH_AES_256_CBC_SHA, TLS_ECDHE_ECDSA_WITH_AES_128_CBC_SHA, TLS_ECDHE_RSA_WITH_AES_128_CBC_SHA, TLS_DHE_RSA_WITH_AES_256_CBC_SHA, TLS_DHE_DSS_WITH_AES_256_CBC_SHA, TLS_DHE_RSA_WITH_AES_128_CBC_SHA, TLS_DHE_DSS_WITH_AES_128_CBC_SHA, TLS_RSA_WITH_AES_256_GCM_SHA384, TLS_RSA_WITH_AES_128_GCM_SHA256, TLS_RSA_WITH_AES_256_CBC_SHA256, TLS_RSA_WITH_AES_128_CBC_SHA256, TLS_RSA_WITH_AES_256_CBC_SHA, TLS_RSA_WITH_AES_128_CBC_SHA, TLS_EMPTY_RENEGOTIATION_INFO_SCSV]
2026-01-03 13:05:59.926 DEBUG 23396 --- [http-nio-8083-exec-3] s.a.a.h.a.i.conn.SdkTlsSocketFactory     : socket.getSupportedProtocols(): [TLSv1.3, TLSv1.2, TLSv1.1, TLSv1, SSLv3, SSLv2Hello], socket.getEnabledProtocols(): [TLSv1.3, TLSv1.2]
2026-01-03 13:05:59.926 DEBUG 23396 --- [http-nio-8083-exec-3] s.a.a.h.a.i.conn.SdkTlsSocketFactory     : Starting handshake
2026-01-03 13:06:00.130 DEBUG 23396 --- [http-nio-8083-exec-3] s.a.a.h.a.i.conn.SdkTlsSocketFactory     : Secure session established
2026-01-03 13:06:00.130 DEBUG 23396 --- [http-nio-8083-exec-3] s.a.a.h.a.i.conn.SdkTlsSocketFactory     :  negotiated protocol: TLSv1.3
2026-01-03 13:06:00.130 DEBUG 23396 --- [http-nio-8083-exec-3] s.a.a.h.a.i.conn.SdkTlsSocketFactory     :  negotiated cipher suite: TLS_AES_256_GCM_SHA384
2026-01-03 13:06:00.130 DEBUG 23396 --- [http-nio-8083-exec-3] s.a.a.h.a.i.conn.SdkTlsSocketFactory     :  peer principal: CN=*.storage-1.yandexcloud.net, O=YANDEX LLC, L=Moscow, ST=Moscow, C=RU
2026-01-03 13:06:00.130 DEBUG 23396 --- [http-nio-8083-exec-3] s.a.a.h.a.i.conn.SdkTlsSocketFactory     :  peer alternative names: [*.storage-1.yandexcloud.net, *.storage.pe.yandexcloud.net, *.s3.yandexcloud.net, *.storage.ua.yandexcloud.net, *.website.ua.yandexcloud.net, *.s3.ua.yandexcloud.net, *.website.yandexcloud.net, *.storage.yandexcloud.net, *.storage-internal.cloud.yandex.net, *.website-1.yandexcloud.net, *.storage-2.yandexcloud.net, s3.ua.yandexcloud.net, s3.yandexcloud.net, storage-2.yandexcloud.net, storage-internal.cloud.yandex.net, storage.pe.yandexcloud.net, storage.ua.yandexcloud.net, storage.yandexcloud.net, website-1.yandexcloud.net, website.ua.yandexcloud.net, website.yandexcloud.net, storage-1.yandexcloud.net]
2026-01-03 13:06:00.130 DEBUG 23396 --- [http-nio-8083-exec-3] s.a.a.h.a.i.conn.SdkTlsSocketFactory     :  issuer principal: CN=GlobalSign RSA OV SSL CA 2018, O=GlobalSign nv-sa, C=BE
2026-01-03 13:06:00.134 DEBUG 23396 --- [http-nio-8083-exec-3] s.a.a.h.a.internal.net.SdkSslSocket      : created: ecommerce-products.storage.yandexcloud.net/213.180.193.243:443
2026-01-03 13:06:00.716 DEBUG 23396 --- [http-nio-8083-exec-3] software.amazon.awssdk.requestId         : Received successful response: 200, Request ID: a7f2c838b3cbd90f, Extended Request ID: not available
2026-01-03 13:06:00.717 DEBUG 23396 --- [http-nio-8083-exec-3] software.amazon.awssdk.request           : Received successful response: 200, Request ID: a7f2c838b3cbd90f, Extended Request ID: not available
2026-01-03 13:06:00.724 DEBUG 23396 --- [http-nio-8083-exec-3] r.r.productservice.aspect.LoggingAspect  : <== Service completed: StorageService.uploadFile(..) in 1263 ms
2026-01-03 13:06:00.725 DEBUG 23396 --- [http-nio-8083-exec-3] r.r.productservice.aspect.LoggingAspect  : --- DB query: ProductImageRepository.findAllByProduct(..) whith params: [1]
2026-01-03 13:06:00.737 DEBUG 23396 --- [http-nio-8083-exec-3] org.hibernate.SQL                        : 
    select
        pi1_0.id,
        pi1_0.alt_text,
        pi1_0.content_type,
        pi1_0.created_at,
        pi1_0.display_order,
        pi1_0.file_key,
        pi1_0.file_size,
        pi1_0.file_url,
        pi1_0.height,
        pi1_0.is_primary,
        pi1_0.product_id,
        pi1_0.width 
    from
        product_images pi1_0 
    where
        pi1_0.product_id=? 
    order by
        pi1_0.display_order
2026-01-03 13:06:00.750 DEBUG 23396 --- [http-nio-8083-exec-3] r.r.productservice.aspect.LoggingAspect  : --- DB result: ProductImageRepository.findAllByProduct(..) returned: ArrayList
2026-01-03 13:06:00.752 DEBUG 23396 --- [http-nio-8083-exec-3] r.r.productservice.aspect.LoggingAspect  : --- DB query: CrudRepository.save(..) whith params: [ru.rfsnab.productservice.model.ProductImage@68a317aa]
2026-01-03 13:06:00.756 DEBUG 23396 --- [http-nio-8083-exec-3] org.hibernate.SQL                        : 
    insert 
    into
        product_images
        (alt_text, content_type, created_at, display_order, file_key, file_size, file_url, height, is_primary, product_id, width) 
    values
        (?, ?, ?, ?, ?, ?, ?, ?, ?, ?, ?)
2026-01-03 13:06:00.768 DEBUG 23396 --- [http-nio-8083-exec-3] r.r.productservice.aspect.LoggingAspect  : --- DB result: CrudRepository.save(..) returned: ProductImage
2026-01-03 13:06:00.768 DEBUG 23396 --- [http-nio-8083-exec-3] r.r.productservice.aspect.LoggingAspect  : <== Service completed: ProductImageService.addImage(..) in 1687 ms
2026-01-03 13:06:00.775  INFO 23396 --- [http-nio-8083-exec-3] r.r.productservice.aspect.LoggingAspect  : <<< Response from: ProductImageController.uploadImage(..) with result type: <201 CREATED Created,ru.rfsnab.productservice.dto.ProductImageResponse@60b57d16,[]>
2026-01-03 13:06:46.316  INFO 23396 --- [http-nio-8083-exec-4] r.r.productservice.aspect.LoggingAspect  : >>> Incoming request: ProductImageController.uploadImage(..) with args: [2, org.springframework.web.multipart.support.StandardMultipartHttpServletRequest$StandardMultipartFile@3a57f5ed]
2026-01-03 13:06:46.318 DEBUG 23396 --- [http-nio-8083-exec-4] r.r.productservice.aspect.LoggingAspect  : ==> Executing service: ProductImageService.addImage(..) whith args: [2, org.springframework.web.multipart.support.StandardMultipartHttpServletRequest$StandardMultipartFile@3a57f5ed]
2026-01-03 13:06:46.319 DEBUG 23396 --- [http-nio-8083-exec-4] r.r.productservice.aspect.LoggingAspect  : ==> Executing service: ProductService.getProductById(..) whith args: [2]
2026-01-03 13:06:46.319 DEBUG 23396 --- [http-nio-8083-exec-4] r.r.productservice.aspect.LoggingAspect  : --- DB query: CrudRepository.findById(..) whith params: [2]
2026-01-03 13:06:46.320 DEBUG 23396 --- [http-nio-8083-exec-4] org.hibernate.SQL                        : 
    select
        p1_0.id,
        p1_0.category_id,
        p1_0.created_at,
        p1_0.description,
        p1_0.is_active,
        p1_0.is_featured,
        p1_0.name,
        p1_0.price,
        p1_0.short_description,
        p1_0.slug,
        p1_0.stock_quantity,
        p1_0.updated_at 
    from
        products p1_0 
    where
        p1_0.id=?
2026-01-03 13:06:46.323 DEBUG 23396 --- [http-nio-8083-exec-4] r.r.productservice.aspect.LoggingAspect  : --- DB result: CrudRepository.findById(..) returned: Optional
2026-01-03 13:06:46.323 ERROR 23396 --- [http-nio-8083-exec-4] r.r.productservice.aspect.LoggingAspect  : <!> Service failed: ProductService.getProductById(..) after 4 ms - Error: Товар с id=2 не найден
2026-01-03 13:06:46.324 ERROR 23396 --- [http-nio-8083-exec-4] r.r.productservice.aspect.LoggingAspect  : <!> Service failed: ProductImageService.addImage(..) after 5 ms - Error: Товар с id=2 не найден
2026-01-03 13:06:46.328 ERROR 23396 --- [http-nio-8083-exec-4] r.r.productservice.aspect.LoggingAspect  : !!! Exception in controller: ProductImageController.uploadImage(..) - Error: Товар с id=2 не найден
2026-01-03 13:06:46.333  WARN 23396 --- [http-nio-8083-exec-4] r.r.productservice.aspect.LoggingAspect  : >>> Handling exception in: GlobalExceptionHandler.handleProductNotFound(..) - Exception type: ProductNotFoundException - Message: Товар с id=2 не найден
2026-01-03 13:06:46.333 ERROR 23396 --- [http-nio-8083-exec-4] r.r.p.exception.GlobalExceptionHandler   : Product not found: Товар с id=2 не найден
2026-01-03 13:06:46.335  WARN 23396 --- [http-nio-8083-exec-4] r.r.productservice.aspect.LoggingAspect  : <<< Exception handled by: GlobalExceptionHandler.handleProductNotFound(..)
2026-01-03 13:07:04.080 DEBUG 23396 --- [idle-connection-reaper] s.a.a.h.a.internal.net.SdkSslSocket      : closing ecommerce-products.storage.yandexcloud.net/213.180.193.243:443
2026-01-03 13:07:28.590  INFO 23396 --- [http-nio-8083-exec-5] r.r.productservice.aspect.LoggingAspect  : >>> Incoming request: ProductImageController.uploadImage(..) with args: [1, org.springframework.web.multipart.support.StandardMultipartHttpServletRequest$StandardMultipartFile@6273e71]
2026-01-03 13:07:28.592 DEBUG 23396 --- [http-nio-8083-exec-5] r.r.productservice.aspect.LoggingAspect  : ==> Executing service: ProductImageService.addImage(..) whith args: [1, org.springframework.web.multipart.support.StandardMultipartHttpServletRequest$StandardMultipartFile@6273e71]
2026-01-03 13:07:28.593 DEBUG 23396 --- [http-nio-8083-exec-5] r.r.productservice.aspect.LoggingAspect  : ==> Executing service: ProductService.getProductById(..) whith args: [1]
2026-01-03 13:07:28.593 DEBUG 23396 --- [http-nio-8083-exec-5] r.r.productservice.aspect.LoggingAspect  : --- DB query: CrudRepository.findById(..) whith params: [1]
2026-01-03 13:07:28.593 DEBUG 23396 --- [http-nio-8083-exec-5] org.hibernate.SQL                        : 
    select
        p1_0.id,
        p1_0.category_id,
        p1_0.created_at,
        p1_0.description,
        p1_0.is_active,
        p1_0.is_featured,
        p1_0.name,
        p1_0.price,
        p1_0.short_description,
        p1_0.slug,
        p1_0.stock_quantity,
        p1_0.updated_at 
    from
        products p1_0 
    where
        p1_0.id=?
2026-01-03 13:07:28.597 DEBUG 23396 --- [http-nio-8083-exec-5] r.r.productservice.aspect.LoggingAspect  : --- DB result: CrudRepository.findById(..) returned: Optional
2026-01-03 13:07:28.597 DEBUG 23396 --- [http-nio-8083-exec-5] r.r.productservice.aspect.LoggingAspect  : <== Service completed: ProductService.getProductById(..) in 4 ms
2026-01-03 13:07:28.597 DEBUG 23396 --- [http-nio-8083-exec-5] r.r.productservice.aspect.LoggingAspect  : ==> Executing service: StorageService.validateImage(..) whith args: [org.springframework.web.multipart.support.StandardMultipartHttpServletRequest$StandardMultipartFile@6273e71]
2026-01-03 13:07:28.597 DEBUG 23396 --- [http-nio-8083-exec-5] r.r.productservice.aspect.LoggingAspect  : <== Service completed: StorageService.validateImage(..) in 0 ms
2026-01-03 13:07:28.635 DEBUG 23396 --- [http-nio-8083-exec-5] r.r.productservice.aspect.LoggingAspect  : ==> Executing service: StorageService.uploadFile(..) whith args: [org.springframework.web.multipart.support.StandardMultipartHttpServletRequest$StandardMultipartFile@6273e71, products/1/heather-lara-art-koshka-lev.jpg]
2026-01-03 13:07:28.636 DEBUG 23396 --- [http-nio-8083-exec-5] s.a.a.c.i.ExecutionInterceptorChain      : Creating an interceptor chain that will apply interceptors in the following order: [software.amazon.awssdk.core.internal.interceptor.HttpChecksumRequiredInterceptor@1d4becc0, software.amazon.awssdk.core.internal.interceptor.SyncHttpChecksumInTrailerInterceptor@2a5de796, software.amazon.awssdk.core.internal.interceptor.HttpChecksumValidationInterceptor@cfac375, software.amazon.awssdk.core.internal.interceptor.AsyncRequestBodyHttpChecksumTrailerInterceptor@5bd2b4e, software.amazon.awssdk.core.internal.interceptor.HttpChecksumInHeaderInterceptor@47d2fad5, software.amazon.awssdk.awscore.interceptor.HelpfulUnknownHostExceptionInterceptor@276d4ee, software.amazon.awssdk.awscore.eventstream.EventStreamInitialRequestInterceptor@58cd5ebe, software.amazon.awssdk.awscore.interceptor.TraceIdExecutionInterceptor@3446e9b2, software.amazon.awssdk.services.s3.endpoints.internal.S3ResolveEndpointInterceptor@6412b9bd, software.amazon.awssdk.services.s3.endpoints.internal.S3EndpointAuthSchemeInterceptor@5077c075, software.amazon.awssdk.services.s3.endpoints.internal.S3RequestSetEndpointInterceptor@627d4c6b, software.amazon.awssdk.services.s3.internal.handlers.PutObjectInterceptor@617522ef, software.amazon.awssdk.services.s3.internal.handlers.CreateBucketInterceptor@105bb02d, software.amazon.awssdk.services.s3.internal.handlers.CreateMultipartUploadRequestInterceptor@7e41ae3b, software.amazon.awssdk.services.s3.internal.handlers.EnableChunkedEncodingInterceptor@7657ab8c, software.amazon.awssdk.services.s3.internal.handlers.ConfigureSignerInterceptor@3e7d9df3, software.amazon.awssdk.services.s3.internal.handlers.DecodeUrlEncodedResponseInterceptor@736a98c9, software.amazon.awssdk.services.s3.internal.handlers.GetBucketPolicyInterceptor@29c0e9, software.amazon.awssdk.services.s3.internal.handlers.AsyncChecksumValidationInterceptor@4be910ab, software.amazon.awssdk.services.s3.internal.handlers.SyncChecksumValidationInterceptor@19a98e20, software.amazon.awssdk.services.s3.internal.handlers.EnableTrailingChecksumInterceptor@3ea2e10c, software.amazon.awssdk.services.s3.internal.handlers.ExceptionTranslationInterceptor@704240b9, software.amazon.awssdk.services.s3.internal.handlers.GetObjectInterceptor@732d7a52, software.amazon.awssdk.services.s3.internal.handlers.CopySourceInterceptor@26203299]
2026-01-03 13:07:28.637 DEBUG 23396 --- [http-nio-8083-exec-5] s.a.a.c.i.ExecutionInterceptorChain      : Interceptor 'software.amazon.awssdk.services.s3.endpoints.internal.S3EndpointAuthSchemeInterceptor@5077c075' modified the message with its modifyRequest method.
2026-01-03 13:07:28.637 DEBUG 23396 --- [http-nio-8083-exec-5] s.a.a.c.i.ExecutionInterceptorChain      : Interceptor 'software.amazon.awssdk.services.s3.endpoints.internal.S3RequestSetEndpointInterceptor@627d4c6b' modified the message with its modifyHttpRequest method.
2026-01-03 13:07:28.637 DEBUG 23396 --- [http-nio-8083-exec-5] s.a.a.c.i.ExecutionInterceptorChain      : Interceptor 'software.amazon.awssdk.services.s3.internal.handlers.PutObjectInterceptor@617522ef' modified the message with its modifyHttpRequest method.
2026-01-03 13:07:28.638 DEBUG 23396 --- [http-nio-8083-exec-5] software.amazon.awssdk.request           : Sending Request: DefaultSdkHttpFullRequest(httpMethod=PUT, protocol=https, host=ecommerce-products.storage.yandexcloud.net, encodedPath=/products/1/heather-lara-art-koshka-lev.jpg, headers=[amz-sdk-invocation-id, Content-Length, Content-Type, Expect, User-Agent], queryParameters=[])
2026-01-03 13:07:28.638 DEBUG 23396 --- [http-nio-8083-exec-5] s.amazon.awssdk.auth.signer.Aws4Signer   : AWS4 Canonical Request: PUT
/products/1/heather-lara-art-koshka-lev.jpg

amz-sdk-invocation-id:30c53e0a-92e3-9fe1-5d2c-fc43c3df4a9e
amz-sdk-request:attempt=1; max=4
content-length:169553
content-type:image/jpeg
host:ecommerce-products.storage.yandexcloud.net
x-amz-content-sha256:UNSIGNED-PAYLOAD
x-amz-date:20260103T100728Z

amz-sdk-invocation-id;amz-sdk-request;content-length;content-type;host;x-amz-content-sha256;x-amz-date
UNSIGNED-PAYLOAD
2026-01-03 13:07:28.638 DEBUG 23396 --- [http-nio-8083-exec-5] s.amazon.awssdk.auth.signer.Aws4Signer   : AWS4 String to sign: AWS4-HMAC-SHA256
20260103T100728Z
20260103/ru-central1/s3/aws4_request
6720754286143f043845898d0e72cf8aa08f5fc088726eb1a6c4c7982ef0bda8
2026-01-03 13:07:28.649 DEBUG 23396 --- [http-nio-8083-exec-5] s.a.a.h.a.i.conn.SdkTlsSocketFactory     : Connecting socket to ecommerce-products.storage.yandexcloud.net/213.180.193.243:443 with timeout 2000
2026-01-03 13:07:28.694 DEBUG 23396 --- [http-nio-8083-exec-5] s.a.a.h.a.i.conn.SdkTlsSocketFactory     : Enabled protocols: [TLSv1.3, TLSv1.2]
2026-01-03 13:07:28.695 DEBUG 23396 --- [http-nio-8083-exec-5] s.a.a.h.a.i.conn.SdkTlsSocketFactory     : Enabled cipher suites:[TLS_AES_256_GCM_SHA384, TLS_AES_128_GCM_SHA256, TLS_CHACHA20_POLY1305_SHA256, TLS_ECDHE_ECDSA_WITH_AES_256_GCM_SHA384, TLS_ECDHE_ECDSA_WITH_AES_128_GCM_SHA256, TLS_ECDHE_ECDSA_WITH_CHACHA20_POLY1305_SHA256, TLS_ECDHE_RSA_WITH_AES_256_GCM_SHA384, TLS_ECDHE_RSA_WITH_CHACHA20_POLY1305_SHA256, TLS_ECDHE_RSA_WITH_AES_128_GCM_SHA256, TLS_DHE_RSA_WITH_AES_256_GCM_SHA384, TLS_DHE_RSA_WITH_CHACHA20_POLY1305_SHA256, TLS_DHE_DSS_WITH_AES_256_GCM_SHA384, TLS_DHE_RSA_WITH_AES_128_GCM_SHA256, TLS_DHE_DSS_WITH_AES_128_GCM_SHA256, TLS_ECDHE_ECDSA_WITH_AES_256_CBC_SHA384, TLS_ECDHE_RSA_WITH_AES_256_CBC_SHA384, TLS_ECDHE_ECDSA_WITH_AES_128_CBC_SHA256, TLS_ECDHE_RSA_WITH_AES_128_CBC_SHA256, TLS_DHE_RSA_WITH_AES_256_CBC_SHA256, TLS_DHE_DSS_WITH_AES_256_CBC_SHA256, TLS_DHE_RSA_WITH_AES_128_CBC_SHA256, TLS_DHE_DSS_WITH_AES_128_CBC_SHA256, TLS_ECDHE_ECDSA_WITH_AES_256_CBC_SHA, TLS_ECDHE_RSA_WITH_AES_256_CBC_SHA, TLS_ECDHE_ECDSA_WITH_AES_128_CBC_SHA, TLS_ECDHE_RSA_WITH_AES_128_CBC_SHA, TLS_DHE_RSA_WITH_AES_256_CBC_SHA, TLS_DHE_DSS_WITH_AES_256_CBC_SHA, TLS_DHE_RSA_WITH_AES_128_CBC_SHA, TLS_DHE_DSS_WITH_AES_128_CBC_SHA, TLS_RSA_WITH_AES_256_GCM_SHA384, TLS_RSA_WITH_AES_128_GCM_SHA256, TLS_RSA_WITH_AES_256_CBC_SHA256, TLS_RSA_WITH_AES_128_CBC_SHA256, TLS_RSA_WITH_AES_256_CBC_SHA, TLS_RSA_WITH_AES_128_CBC_SHA, TLS_EMPTY_RENEGOTIATION_INFO_SCSV]
2026-01-03 13:07:28.695 DEBUG 23396 --- [http-nio-8083-exec-5] s.a.a.h.a.i.conn.SdkTlsSocketFactory     : socket.getSupportedProtocols(): [TLSv1.3, TLSv1.2, TLSv1.1, TLSv1, SSLv3, SSLv2Hello], socket.getEnabledProtocols(): [TLSv1.3, TLSv1.2]
2026-01-03 13:07:28.695 DEBUG 23396 --- [http-nio-8083-exec-5] s.a.a.h.a.i.conn.SdkTlsSocketFactory     : Starting handshake
2026-01-03 13:07:28.753 DEBUG 23396 --- [http-nio-8083-exec-5] s.a.a.h.a.i.conn.SdkTlsSocketFactory     : Secure session established
2026-01-03 13:07:28.753 DEBUG 23396 --- [http-nio-8083-exec-5] s.a.a.h.a.i.conn.SdkTlsSocketFactory     :  negotiated protocol: TLSv1.3
2026-01-03 13:07:28.753 DEBUG 23396 --- [http-nio-8083-exec-5] s.a.a.h.a.i.conn.SdkTlsSocketFactory     :  negotiated cipher suite: TLS_AES_256_GCM_SHA384
2026-01-03 13:07:28.753 DEBUG 23396 --- [http-nio-8083-exec-5] s.a.a.h.a.i.conn.SdkTlsSocketFactory     :  peer principal: CN=*.storage-1.yandexcloud.net, O=YANDEX LLC, L=Moscow, ST=Moscow, C=RU
2026-01-03 13:07:28.753 DEBUG 23396 --- [http-nio-8083-exec-5] s.a.a.h.a.i.conn.SdkTlsSocketFactory     :  peer alternative names: [*.storage-1.yandexcloud.net, *.storage.pe.yandexcloud.net, *.s3.yandexcloud.net, *.storage.ua.yandexcloud.net, *.website.ua.yandexcloud.net, *.s3.ua.yandexcloud.net, *.website.yandexcloud.net, *.storage.yandexcloud.net, *.storage-internal.cloud.yandex.net, *.website-1.yandexcloud.net, *.storage-2.yandexcloud.net, s3.ua.yandexcloud.net, s3.yandexcloud.net, storage-2.yandexcloud.net, storage-internal.cloud.yandex.net, storage.pe.yandexcloud.net, storage.ua.yandexcloud.net, storage.yandexcloud.net, website-1.yandexcloud.net, website.ua.yandexcloud.net, website.yandexcloud.net, storage-1.yandexcloud.net]
2026-01-03 13:07:28.753 DEBUG 23396 --- [http-nio-8083-exec-5] s.a.a.h.a.i.conn.SdkTlsSocketFactory     :  issuer principal: CN=GlobalSign RSA OV SSL CA 2018, O=GlobalSign nv-sa, C=BE
2026-01-03 13:07:28.754 DEBUG 23396 --- [http-nio-8083-exec-5] s.a.a.h.a.internal.net.SdkSslSocket      : created: ecommerce-products.storage.yandexcloud.net/213.180.193.243:443
2026-01-03 13:07:30.546 DEBUG 23396 --- [http-nio-8083-exec-5] software.amazon.awssdk.requestId         : Received successful response: 200, Request ID: bfe8077c74492a89, Extended Request ID: not available
2026-01-03 13:07:30.546 DEBUG 23396 --- [http-nio-8083-exec-5] software.amazon.awssdk.request           : Received successful response: 200, Request ID: bfe8077c74492a89, Extended Request ID: not available
2026-01-03 13:07:30.546 DEBUG 23396 --- [http-nio-8083-exec-5] r.r.productservice.aspect.LoggingAspect  : <== Service completed: StorageService.uploadFile(..) in 1911 ms
2026-01-03 13:07:30.546 DEBUG 23396 --- [http-nio-8083-exec-5] r.r.productservice.aspect.LoggingAspect  : --- DB query: ProductImageRepository.findAllByProduct(..) whith params: [1]
2026-01-03 13:07:30.551 DEBUG 23396 --- [http-nio-8083-exec-5] org.hibernate.SQL                        : 
    select
        pi1_0.id,
        pi1_0.alt_text,
        pi1_0.content_type,
        pi1_0.created_at,
        pi1_0.display_order,
        pi1_0.file_key,
        pi1_0.file_size,
        pi1_0.file_url,
        pi1_0.height,
        pi1_0.is_primary,
        pi1_0.product_id,
        pi1_0.width 
    from
        product_images pi1_0 
    where
        pi1_0.product_id=? 
    order by
        pi1_0.display_order
2026-01-03 13:07:30.556 DEBUG 23396 --- [http-nio-8083-exec-5] r.r.productservice.aspect.LoggingAspect  : --- DB result: ProductImageRepository.findAllByProduct(..) returned: ArrayList
2026-01-03 13:07:30.556 DEBUG 23396 --- [http-nio-8083-exec-5] r.r.productservice.aspect.LoggingAspect  : --- DB query: CrudRepository.save(..) whith params: [ru.rfsnab.productservice.model.ProductImage@7e6e28d6]
2026-01-03 13:07:30.557 DEBUG 23396 --- [http-nio-8083-exec-5] org.hibernate.SQL                        : 
    insert 
    into
        product_images
        (alt_text, content_type, created_at, display_order, file_key, file_size, file_url, height, is_primary, product_id, width) 
    values
        (?, ?, ?, ?, ?, ?, ?, ?, ?, ?, ?)
2026-01-03 13:07:30.563 DEBUG 23396 --- [http-nio-8083-exec-5] r.r.productservice.aspect.LoggingAspect  : --- DB result: CrudRepository.save(..) returned: ProductImage
2026-01-03 13:07:30.563 DEBUG 23396 --- [http-nio-8083-exec-5] r.r.productservice.aspect.LoggingAspect  : <== Service completed: ProductImageService.addImage(..) in 1970 ms
2026-01-03 13:07:30.567  INFO 23396 --- [http-nio-8083-exec-5] r.r.productservice.aspect.LoggingAspect  : <<< Response from: ProductImageController.uploadImage(..) with result type: <201 CREATED Created,ru.rfsnab.productservice.dto.ProductImageResponse@4666960a,[]>
2026-01-03 13:08:21.175  INFO 23396 --- [http-nio-8083-exec-6] r.r.productservice.aspect.LoggingAspect  : >>> Incoming request: ProductImageController.setPrimaryImage(..) with args: [1, 2]
2026-01-03 13:08:21.178 DEBUG 23396 --- [http-nio-8083-exec-6] r.r.productservice.aspect.LoggingAspect  : ==> Executing service: ProductImageService.setPrimaryImage(..) whith args: [2]
2026-01-03 13:08:21.179 DEBUG 23396 --- [http-nio-8083-exec-6] r.r.productservice.aspect.LoggingAspect  : --- DB query: CrudRepository.findById(..) whith params: [2]
2026-01-03 13:08:21.179 DEBUG 23396 --- [http-nio-8083-exec-6] org.hibernate.SQL                        : 
    select
        pi1_0.id,
        pi1_0.alt_text,
        pi1_0.content_type,
        pi1_0.created_at,
        pi1_0.display_order,
        pi1_0.file_key,
        pi1_0.file_size,
        pi1_0.file_url,
        pi1_0.height,
        pi1_0.is_primary,
        pi1_0.product_id,
        pi1_0.width 
    from
        product_images pi1_0 
    where
        pi1_0.id=?
2026-01-03 13:08:21.189 DEBUG 23396 --- [http-nio-8083-exec-6] r.r.productservice.aspect.LoggingAspect  : --- DB result: CrudRepository.findById(..) returned: Optional
2026-01-03 13:08:21.189 DEBUG 23396 --- [http-nio-8083-exec-6] r.r.productservice.aspect.LoggingAspect  : --- DB query: ProductImageRepository.resetPrimaryForProduct(..) whith params: [1]
2026-01-03 13:08:21.205 DEBUG 23396 --- [http-nio-8083-exec-6] org.hibernate.SQL                        : 
    update
        product_images pi1_0 
    set
        is_primary=false 
    where
        pi1_0.product_id=?
2026-01-03 13:08:21.211 DEBUG 23396 --- [http-nio-8083-exec-6] r.r.productservice.aspect.LoggingAspect  : --- DB result: ProductImageRepository.resetPrimaryForProduct(..) returned: null
2026-01-03 13:08:21.212 DEBUG 23396 --- [http-nio-8083-exec-6] r.r.productservice.aspect.LoggingAspect  : --- DB query: CrudRepository.save(..) whith params: [ru.rfsnab.productservice.model.ProductImage@51ddad60]
2026-01-03 13:08:21.214 DEBUG 23396 --- [http-nio-8083-exec-6] r.r.productservice.aspect.LoggingAspect  : --- DB result: CrudRepository.save(..) returned: ProductImage
2026-01-03 13:08:21.215 DEBUG 23396 --- [http-nio-8083-exec-6] r.r.productservice.aspect.LoggingAspect  : <== Service completed: ProductImageService.setPrimaryImage(..) in 37 ms
2026-01-03 13:08:21.223 DEBUG 23396 --- [http-nio-8083-exec-6] org.hibernate.SQL                        : 
    update
        product_images 
    set
        alt_text=?,
        content_type=?,
        display_order=?,
        file_key=?,
        file_size=?,
        file_url=?,
        height=?,
        is_primary=?,
        product_id=?,
        width=? 
    where
        id=?
2026-01-03 13:08:21.230  INFO 23396 --- [http-nio-8083-exec-6] r.r.productservice.aspect.LoggingAspect  : <<< Response from: ProductImageController.setPrimaryImage(..) with result type: <200 OK OK,ru.rfsnab.productservice.dto.ProductImageResponse@15dde3f3,[]>
2026-01-03 13:09:04.101 DEBUG 23396 --- [idle-connection-reaper] s.a.a.h.a.internal.net.SdkSslSocket      : closing ecommerce-products.storage.yandexcloud.net/213.180.193.243:443
2026-01-03 13:09:11.398  INFO 23396 --- [http-nio-8083-exec-7] r.r.productservice.aspect.LoggingAspect  : >>> Incoming request: ProductImageController.deleteImage(..) with args: [1, 1]
2026-01-03 13:09:11.403 DEBUG 23396 --- [http-nio-8083-exec-7] r.r.productservice.aspect.LoggingAspect  : ==> Executing service: ProductImageService.deleteImage(..) whith args: [1]
2026-01-03 13:09:11.404 DEBUG 23396 --- [http-nio-8083-exec-7] r.r.productservice.aspect.LoggingAspect  : --- DB query: CrudRepository.findById(..) whith params: [1]
2026-01-03 13:09:11.405 DEBUG 23396 --- [http-nio-8083-exec-7] org.hibernate.SQL                        : 
    select
        pi1_0.id,
        pi1_0.alt_text,
        pi1_0.content_type,
        pi1_0.created_at,
        pi1_0.display_order,
        pi1_0.file_key,
        pi1_0.file_size,
        pi1_0.file_url,
        pi1_0.height,
        pi1_0.is_primary,
        pi1_0.product_id,
        pi1_0.width 
    from
        product_images pi1_0 
    where
        pi1_0.id=?
2026-01-03 13:09:11.409 DEBUG 23396 --- [http-nio-8083-exec-7] r.r.productservice.aspect.LoggingAspect  : --- DB result: CrudRepository.findById(..) returned: Optional
2026-01-03 13:09:11.409 DEBUG 23396 --- [http-nio-8083-exec-7] r.r.productservice.aspect.LoggingAspect  : ==> Executing service: StorageService.deleteFile(..) whith args: [products/1/тачка.jpg]
2026-01-03 13:09:11.416 DEBUG 23396 --- [http-nio-8083-exec-7] s.a.a.c.i.ExecutionInterceptorChain      : Creating an interceptor chain that will apply interceptors in the following order: [software.amazon.awssdk.core.internal.interceptor.HttpChecksumRequiredInterceptor@1d4becc0, software.amazon.awssdk.core.internal.interceptor.SyncHttpChecksumInTrailerInterceptor@2a5de796, software.amazon.awssdk.core.internal.interceptor.HttpChecksumValidationInterceptor@cfac375, software.amazon.awssdk.core.internal.interceptor.AsyncRequestBodyHttpChecksumTrailerInterceptor@5bd2b4e, software.amazon.awssdk.core.internal.interceptor.HttpChecksumInHeaderInterceptor@47d2fad5, software.amazon.awssdk.awscore.interceptor.HelpfulUnknownHostExceptionInterceptor@276d4ee, software.amazon.awssdk.awscore.eventstream.EventStreamInitialRequestInterceptor@58cd5ebe, software.amazon.awssdk.awscore.interceptor.TraceIdExecutionInterceptor@3446e9b2, software.amazon.awssdk.services.s3.endpoints.internal.S3ResolveEndpointInterceptor@6412b9bd, software.amazon.awssdk.services.s3.endpoints.internal.S3EndpointAuthSchemeInterceptor@5077c075, software.amazon.awssdk.services.s3.endpoints.internal.S3RequestSetEndpointInterceptor@627d4c6b, software.amazon.awssdk.services.s3.internal.handlers.PutObjectInterceptor@617522ef, software.amazon.awssdk.services.s3.internal.handlers.CreateBucketInterceptor@105bb02d, software.amazon.awssdk.services.s3.internal.handlers.CreateMultipartUploadRequestInterceptor@7e41ae3b, software.amazon.awssdk.services.s3.internal.handlers.EnableChunkedEncodingInterceptor@7657ab8c, software.amazon.awssdk.services.s3.internal.handlers.ConfigureSignerInterceptor@3e7d9df3, software.amazon.awssdk.services.s3.internal.handlers.DecodeUrlEncodedResponseInterceptor@736a98c9, software.amazon.awssdk.services.s3.internal.handlers.GetBucketPolicyInterceptor@29c0e9, software.amazon.awssdk.services.s3.internal.handlers.AsyncChecksumValidationInterceptor@4be910ab, software.amazon.awssdk.services.s3.internal.handlers.SyncChecksumValidationInterceptor@19a98e20, software.amazon.awssdk.services.s3.internal.handlers.EnableTrailingChecksumInterceptor@3ea2e10c, software.amazon.awssdk.services.s3.internal.handlers.ExceptionTranslationInterceptor@704240b9, software.amazon.awssdk.services.s3.internal.handlers.GetObjectInterceptor@732d7a52, software.amazon.awssdk.services.s3.internal.handlers.CopySourceInterceptor@26203299]
2026-01-03 13:09:11.417 DEBUG 23396 --- [http-nio-8083-exec-7] s.a.a.c.i.ExecutionInterceptorChain      : Interceptor 'software.amazon.awssdk.services.s3.endpoints.internal.S3EndpointAuthSchemeInterceptor@5077c075' modified the message with its modifyRequest method.
2026-01-03 13:09:11.419 DEBUG 23396 --- [http-nio-8083-exec-7] s.a.a.c.i.ExecutionInterceptorChain      : Interceptor 'software.amazon.awssdk.services.s3.endpoints.internal.S3RequestSetEndpointInterceptor@627d4c6b' modified the message with its modifyHttpRequest method.
2026-01-03 13:09:11.419 DEBUG 23396 --- [http-nio-8083-exec-7] software.amazon.awssdk.request           : Sending Request: DefaultSdkHttpFullRequest(httpMethod=DELETE, protocol=https, host=ecommerce-products.storage.yandexcloud.net, encodedPath=/products/1/%D1%82%D0%B0%D1%87%D0%BA%D0%B0.jpg, headers=[amz-sdk-invocation-id, User-Agent], queryParameters=[])
2026-01-03 13:09:11.419 DEBUG 23396 --- [http-nio-8083-exec-7] s.amazon.awssdk.auth.signer.Aws4Signer   : AWS4 Canonical Request: DELETE
/products/1/%D1%82%D0%B0%D1%87%D0%BA%D0%B0.jpg

amz-sdk-invocation-id:8b03f4a9-e254-14ad-d8c0-92cc2f03d1d2
amz-sdk-request:attempt=1; max=4
host:ecommerce-products.storage.yandexcloud.net
x-amz-content-sha256:UNSIGNED-PAYLOAD
x-amz-date:20260103T100911Z

amz-sdk-invocation-id;amz-sdk-request;host;x-amz-content-sha256;x-amz-date
UNSIGNED-PAYLOAD
2026-01-03 13:09:11.419 DEBUG 23396 --- [http-nio-8083-exec-7] s.amazon.awssdk.auth.signer.Aws4Signer   : AWS4 String to sign: AWS4-HMAC-SHA256
20260103T100911Z
20260103/ru-central1/s3/aws4_request
c2a99cb569f224f3342eba52fb16e03c14b7fc280004e2476e7cd19424a43274
2026-01-03 13:09:11.433 DEBUG 23396 --- [http-nio-8083-exec-7] s.a.a.h.a.i.conn.SdkTlsSocketFactory     : Connecting socket to ecommerce-products.storage.yandexcloud.net/213.180.193.243:443 with timeout 2000
2026-01-03 13:09:11.473 DEBUG 23396 --- [http-nio-8083-exec-7] s.a.a.h.a.i.conn.SdkTlsSocketFactory     : Enabled protocols: [TLSv1.3, TLSv1.2]
2026-01-03 13:09:11.474 DEBUG 23396 --- [http-nio-8083-exec-7] s.a.a.h.a.i.conn.SdkTlsSocketFactory     : Enabled cipher suites:[TLS_AES_256_GCM_SHA384, TLS_AES_128_GCM_SHA256, TLS_CHACHA20_POLY1305_SHA256, TLS_ECDHE_ECDSA_WITH_AES_256_GCM_SHA384, TLS_ECDHE_ECDSA_WITH_AES_128_GCM_SHA256, TLS_ECDHE_ECDSA_WITH_CHACHA20_POLY1305_SHA256, TLS_ECDHE_RSA_WITH_AES_256_GCM_SHA384, TLS_ECDHE_RSA_WITH_CHACHA20_POLY1305_SHA256, TLS_ECDHE_RSA_WITH_AES_128_GCM_SHA256, TLS_DHE_RSA_WITH_AES_256_GCM_SHA384, TLS_DHE_RSA_WITH_CHACHA20_POLY1305_SHA256, TLS_DHE_DSS_WITH_AES_256_GCM_SHA384, TLS_DHE_RSA_WITH_AES_128_GCM_SHA256, TLS_DHE_DSS_WITH_AES_128_GCM_SHA256, TLS_ECDHE_ECDSA_WITH_AES_256_CBC_SHA384, TLS_ECDHE_RSA_WITH_AES_256_CBC_SHA384, TLS_ECDHE_ECDSA_WITH_AES_128_CBC_SHA256, TLS_ECDHE_RSA_WITH_AES_128_CBC_SHA256, TLS_DHE_RSA_WITH_AES_256_CBC_SHA256, TLS_DHE_DSS_WITH_AES_256_CBC_SHA256, TLS_DHE_RSA_WITH_AES_128_CBC_SHA256, TLS_DHE_DSS_WITH_AES_128_CBC_SHA256, TLS_ECDHE_ECDSA_WITH_AES_256_CBC_SHA, TLS_ECDHE_RSA_WITH_AES_256_CBC_SHA, TLS_ECDHE_ECDSA_WITH_AES_128_CBC_SHA, TLS_ECDHE_RSA_WITH_AES_128_CBC_SHA, TLS_DHE_RSA_WITH_AES_256_CBC_SHA, TLS_DHE_DSS_WITH_AES_256_CBC_SHA, TLS_DHE_RSA_WITH_AES_128_CBC_SHA, TLS_DHE_DSS_WITH_AES_128_CBC_SHA, TLS_RSA_WITH_AES_256_GCM_SHA384, TLS_RSA_WITH_AES_128_GCM_SHA256, TLS_RSA_WITH_AES_256_CBC_SHA256, TLS_RSA_WITH_AES_128_CBC_SHA256, TLS_RSA_WITH_AES_256_CBC_SHA, TLS_RSA_WITH_AES_128_CBC_SHA, TLS_EMPTY_RENEGOTIATION_INFO_SCSV]
2026-01-03 13:09:11.474 DEBUG 23396 --- [http-nio-8083-exec-7] s.a.a.h.a.i.conn.SdkTlsSocketFactory     : socket.getSupportedProtocols(): [TLSv1.3, TLSv1.2, TLSv1.1, TLSv1, SSLv3, SSLv2Hello], socket.getEnabledProtocols(): [TLSv1.3, TLSv1.2]
2026-01-03 13:09:11.474 DEBUG 23396 --- [http-nio-8083-exec-7] s.a.a.h.a.i.conn.SdkTlsSocketFactory     : Starting handshake
2026-01-03 13:09:11.520 DEBUG 23396 --- [http-nio-8083-exec-7] s.a.a.h.a.i.conn.SdkTlsSocketFactory     : Secure session established
2026-01-03 13:09:11.520 DEBUG 23396 --- [http-nio-8083-exec-7] s.a.a.h.a.i.conn.SdkTlsSocketFactory     :  negotiated protocol: TLSv1.3
2026-01-03 13:09:11.520 DEBUG 23396 --- [http-nio-8083-exec-7] s.a.a.h.a.i.conn.SdkTlsSocketFactory     :  negotiated cipher suite: TLS_AES_256_GCM_SHA384
2026-01-03 13:09:11.520 DEBUG 23396 --- [http-nio-8083-exec-7] s.a.a.h.a.i.conn.SdkTlsSocketFactory     :  peer principal: CN=*.storage-1.yandexcloud.net, O=YANDEX LLC, L=Moscow, ST=Moscow, C=RU
2026-01-03 13:09:11.520 DEBUG 23396 --- [http-nio-8083-exec-7] s.a.a.h.a.i.conn.SdkTlsSocketFactory     :  peer alternative names: [*.storage-1.yandexcloud.net, *.storage.pe.yandexcloud.net, *.s3.yandexcloud.net, *.storage.ua.yandexcloud.net, *.website.ua.yandexcloud.net, *.s3.ua.yandexcloud.net, *.website.yandexcloud.net, *.storage.yandexcloud.net, *.storage-internal.cloud.yandex.net, *.website-1.yandexcloud.net, *.storage-2.yandexcloud.net, s3.ua.yandexcloud.net, s3.yandexcloud.net, storage-2.yandexcloud.net, storage-internal.cloud.yandex.net, storage.pe.yandexcloud.net, storage.ua.yandexcloud.net, storage.yandexcloud.net, website-1.yandexcloud.net, website.ua.yandexcloud.net, website.yandexcloud.net, storage-1.yandexcloud.net]
2026-01-03 13:09:11.521 DEBUG 23396 --- [http-nio-8083-exec-7] s.a.a.h.a.i.conn.SdkTlsSocketFactory     :  issuer principal: CN=GlobalSign RSA OV SSL CA 2018, O=GlobalSign nv-sa, C=BE
2026-01-03 13:09:11.521 DEBUG 23396 --- [http-nio-8083-exec-7] s.a.a.h.a.internal.net.SdkSslSocket      : created: ecommerce-products.storage.yandexcloud.net/213.180.193.243:443
2026-01-03 13:09:11.603 DEBUG 23396 --- [http-nio-8083-exec-7] software.amazon.awssdk.requestId         : Received successful response: 204, Request ID: b399621ae30dae2c, Extended Request ID: not available
2026-01-03 13:09:11.603 DEBUG 23396 --- [http-nio-8083-exec-7] software.amazon.awssdk.request           : Received successful response: 204, Request ID: b399621ae30dae2c, Extended Request ID: not available
2026-01-03 13:09:11.604 DEBUG 23396 --- [http-nio-8083-exec-7] r.r.productservice.aspect.LoggingAspect  : <== Service completed: StorageService.deleteFile(..) in 194 ms
2026-01-03 13:09:11.605 DEBUG 23396 --- [http-nio-8083-exec-7] r.r.productservice.aspect.LoggingAspect  : --- DB query: CrudRepository.deleteById(..) whith params: [1]
2026-01-03 13:09:11.614 DEBUG 23396 --- [http-nio-8083-exec-7] r.r.productservice.aspect.LoggingAspect  : --- DB result: CrudRepository.deleteById(..) returned: null
2026-01-03 13:09:11.614 DEBUG 23396 --- [http-nio-8083-exec-7] r.r.productservice.aspect.LoggingAspect  : <== Service completed: ProductImageService.deleteImage(..) in 211 ms
2026-01-03 13:09:11.617 DEBUG 23396 --- [http-nio-8083-exec-7] org.hibernate.SQL                        : 
    delete 
    from
        product_images 
    where
        id=?
2026-01-03 13:09:11.627  INFO 23396 --- [http-nio-8083-exec-7] r.r.productservice.aspect.LoggingAspect  : <<< Response from: ProductImageController.deleteImage(..) with result type: <204 NO_CONTENT No Content,[]>
2026-01-03 13:09:30.299  INFO 23396 --- [http-nio-8083-exec-8] r.r.productservice.aspect.LoggingAspect  : >>> Incoming request: ProductImageController.getProductImages(..) with args: [1]
2026-01-03 13:09:30.300 DEBUG 23396 --- [http-nio-8083-exec-8] r.r.productservice.aspect.LoggingAspect  : ==> Executing service: ProductImageService.getProductImages(..) whith args: [1]
2026-01-03 13:09:30.300 DEBUG 23396 --- [http-nio-8083-exec-8] r.r.productservice.aspect.LoggingAspect  : ==> Executing service: ProductService.getProductById(..) whith args: [1]
2026-01-03 13:09:30.300 DEBUG 23396 --- [http-nio-8083-exec-8] r.r.productservice.aspect.LoggingAspect  : --- DB query: CrudRepository.findById(..) whith params: [1]
2026-01-03 13:09:30.303 DEBUG 23396 --- [http-nio-8083-exec-8] org.hibernate.SQL                        : 
    select
        p1_0.id,
        p1_0.category_id,
        p1_0.created_at,
        p1_0.description,
        p1_0.is_active,
        p1_0.is_featured,
        p1_0.name,
        p1_0.price,
        p1_0.short_description,
        p1_0.slug,
        p1_0.stock_quantity,
        p1_0.updated_at 
    from
        products p1_0 
    where
        p1_0.id=?
2026-01-03 13:09:30.309 DEBUG 23396 --- [http-nio-8083-exec-8] r.r.productservice.aspect.LoggingAspect  : --- DB result: CrudRepository.findById(..) returned: Optional
2026-01-03 13:09:30.309 DEBUG 23396 --- [http-nio-8083-exec-8] r.r.productservice.aspect.LoggingAspect  : <== Service completed: ProductService.getProductById(..) in 9 ms
2026-01-03 13:09:30.310 DEBUG 23396 --- [http-nio-8083-exec-8] r.r.productservice.aspect.LoggingAspect  : --- DB query: ProductImageRepository.findAllByProduct(..) whith params: [1]
2026-01-03 13:09:30.310 DEBUG 23396 --- [http-nio-8083-exec-8] org.hibernate.SQL                        : 
    select
        pi1_0.id,
        pi1_0.alt_text,
        pi1_0.content_type,
        pi1_0.created_at,
        pi1_0.display_order,
        pi1_0.file_key,
        pi1_0.file_size,
        pi1_0.file_url,
        pi1_0.height,
        pi1_0.is_primary,
        pi1_0.product_id,
        pi1_0.width 
    from
        product_images pi1_0 
    where
        pi1_0.product_id=? 
    order by
        pi1_0.display_order
2026-01-03 13:09:30.313 DEBUG 23396 --- [http-nio-8083-exec-8] r.r.productservice.aspect.LoggingAspect  : --- DB result: ProductImageRepository.findAllByProduct(..) returned: ArrayList
2026-01-03 13:09:30.313 DEBUG 23396 --- [http-nio-8083-exec-8] r.r.productservice.aspect.LoggingAspect  : <== Service completed: ProductImageService.getProductImages(..) in 13 ms
2026-01-03 13:09:30.313  INFO 23396 --- [http-nio-8083-exec-8] r.r.productservice.aspect.LoggingAspect  : <<< Response from: ProductImageController.getProductImages(..) with result type: <200 OK OK,[ru.rfsnab.productservice.dto.ProductImageResponse@541f4965],[]>
2026-01-03 13:11:04.114 DEBUG 23396 --- [idle-connection-reaper] s.a.a.h.a.internal.net.SdkSslSocket      : closing ecommerce-products.storage.yandexcloud.net/213.180.193.243:443
2026-01-03 13:25:30.183  INFO 23396 --- [http-nio-8083-exec-10] r.r.productservice.aspect.LoggingAspect  : >>> Incoming request: ProductVideoController.addVideo(..) with args: [1, ru.rfsnab.productservice.dto.ProductVideoRequest@5c71f041]
2026-01-03 13:25:30.183 DEBUG 23396 --- [http-nio-8083-exec-10] r.r.productservice.aspect.LoggingAspect  : ==> Executing service: ProductVideoService.addVideo(..) whith args: [1, ru.rfsnab.productservice.model.ProductVideo@9af9ad6]
2026-01-03 13:25:30.183  INFO 23396 --- [http-nio-8083-exec-10] r.r.p.service.ProductVideoService        : Adding video to product id=1
2026-01-03 13:25:30.183 DEBUG 23396 --- [http-nio-8083-exec-10] r.r.productservice.aspect.LoggingAspect  : ==> Executing service: ProductService.getProductById(..) whith args: [1]
2026-01-03 13:25:30.183 DEBUG 23396 --- [http-nio-8083-exec-10] r.r.productservice.aspect.LoggingAspect  : --- DB query: CrudRepository.findById(..) whith params: [1]
2026-01-03 13:25:30.187 DEBUG 23396 --- [http-nio-8083-exec-10] org.hibernate.SQL                        : 
    select
        p1_0.id,
        p1_0.category_id,
        p1_0.created_at,
        p1_0.description,
        p1_0.is_active,
        p1_0.is_featured,
        p1_0.name,
        p1_0.price,
        p1_0.short_description,
        p1_0.slug,
        p1_0.stock_quantity,
        p1_0.updated_at 
    from
        products p1_0 
    where
        p1_0.id=?
2026-01-03 13:25:30.192 DEBUG 23396 --- [http-nio-8083-exec-10] r.r.productservice.aspect.LoggingAspect  : --- DB result: CrudRepository.findById(..) returned: Optional
2026-01-03 13:25:30.192 DEBUG 23396 --- [http-nio-8083-exec-10] r.r.productservice.aspect.LoggingAspect  : <== Service completed: ProductService.getProductById(..) in 9 ms
2026-01-03 13:25:30.193 DEBUG 23396 --- [http-nio-8083-exec-10] r.r.productservice.aspect.LoggingAspect  : --- DB query: ProductVideoRepository.findAllByProduct(..) whith params: [1]
2026-01-03 13:25:30.197 DEBUG 23396 --- [http-nio-8083-exec-10] org.hibernate.SQL                        : 
    select
        pv1_0.id,
        pv1_0.created_at,
        pv1_0.display_order,
        pv1_0.duration_seconds,
        pv1_0.is_primary,
        pv1_0.product_id,
        pv1_0.provider,
        pv1_0.thumbnail_url,
        pv1_0.title,
        pv1_0.video_type,
        pv1_0.video_url 
    from
        product_videos pv1_0 
    where
        pv1_0.product_id=? 
    order by
        pv1_0.display_order
2026-01-03 13:25:30.203 DEBUG 23396 --- [http-nio-8083-exec-10] r.r.productservice.aspect.LoggingAspect  : --- DB result: ProductVideoRepository.findAllByProduct(..) returned: ArrayList
2026-01-03 13:25:30.205 DEBUG 23396 --- [http-nio-8083-exec-10] r.r.productservice.aspect.LoggingAspect  : --- DB query: CrudRepository.save(..) whith params: [ru.rfsnab.productservice.model.ProductVideo@9af9ad6]
2026-01-03 13:25:30.208 DEBUG 23396 --- [http-nio-8083-exec-10] org.hibernate.SQL                        : 
    insert 
    into
        product_videos
        (created_at, display_order, duration_seconds, is_primary, product_id, provider, thumbnail_url, title, video_type, video_url) 
    values
        (?, ?, ?, ?, ?, ?, ?, ?, ?, ?)
2026-01-03 13:25:30.219 DEBUG 23396 --- [http-nio-8083-exec-10] r.r.productservice.aspect.LoggingAspect  : --- DB result: CrudRepository.save(..) returned: ProductVideo
2026-01-03 13:25:30.219  INFO 23396 --- [http-nio-8083-exec-10] r.r.p.service.ProductVideoService        : Video added to product id=1, video id=1
2026-01-03 13:25:30.219 DEBUG 23396 --- [http-nio-8083-exec-10] r.r.productservice.aspect.LoggingAspect  : <== Service completed: ProductVideoService.addVideo(..) in 36 ms
2026-01-03 13:25:30.221  INFO 23396 --- [http-nio-8083-exec-10] r.r.productservice.aspect.LoggingAspect  : <<< Response from: ProductVideoController.addVideo(..) with result type: <201 CREATED Created,ru.rfsnab.productservice.dto.ProductVideoResponse@65d71b74,[]>
2026-01-03 13:25:57.872  INFO 23396 --- [http-nio-8083-exec-1] r.r.productservice.aspect.LoggingAspect  : >>> Incoming request: ProductVideoController.getAllVideos(..) with args: [1]
2026-01-03 13:25:57.873 DEBUG 23396 --- [http-nio-8083-exec-1] r.r.productservice.aspect.LoggingAspect  : ==> Executing service: ProductVideoService.getProductVideos(..) whith args: [1]
2026-01-03 13:25:57.873 DEBUG 23396 --- [http-nio-8083-exec-1] r.r.productservice.aspect.LoggingAspect  : ==> Executing service: ProductService.getProductById(..) whith args: [1]
2026-01-03 13:25:57.873 DEBUG 23396 --- [http-nio-8083-exec-1] r.r.productservice.aspect.LoggingAspect  : --- DB query: CrudRepository.findById(..) whith params: [1]
2026-01-03 13:25:57.875 DEBUG 23396 --- [http-nio-8083-exec-1] org.hibernate.SQL                        : 
    select
        p1_0.id,
        p1_0.category_id,
        p1_0.created_at,
        p1_0.description,
        p1_0.is_active,
        p1_0.is_featured,
        p1_0.name,
        p1_0.price,
        p1_0.short_description,
        p1_0.slug,
        p1_0.stock_quantity,
        p1_0.updated_at 
    from
        products p1_0 
    where
        p1_0.id=?
2026-01-03 13:25:57.884 DEBUG 23396 --- [http-nio-8083-exec-1] r.r.productservice.aspect.LoggingAspect  : --- DB result: CrudRepository.findById(..) returned: Optional
2026-01-03 13:25:57.884 DEBUG 23396 --- [http-nio-8083-exec-1] r.r.productservice.aspect.LoggingAspect  : <== Service completed: ProductService.getProductById(..) in 11 ms
2026-01-03 13:25:57.884 DEBUG 23396 --- [http-nio-8083-exec-1] r.r.productservice.aspect.LoggingAspect  : --- DB query: ProductVideoRepository.findAllByProduct(..) whith params: [1]
2026-01-03 13:25:57.885 DEBUG 23396 --- [http-nio-8083-exec-1] org.hibernate.SQL                        : 
    select
        pv1_0.id,
        pv1_0.created_at,
        pv1_0.display_order,
        pv1_0.duration_seconds,
        pv1_0.is_primary,
        pv1_0.product_id,
        pv1_0.provider,
        pv1_0.thumbnail_url,
        pv1_0.title,
        pv1_0.video_type,
        pv1_0.video_url 
    from
        product_videos pv1_0 
    where
        pv1_0.product_id=? 
    order by
        pv1_0.display_order
2026-01-03 13:25:57.888 DEBUG 23396 --- [http-nio-8083-exec-1] r.r.productservice.aspect.LoggingAspect  : --- DB result: ProductVideoRepository.findAllByProduct(..) returned: ArrayList
2026-01-03 13:25:57.888 DEBUG 23396 --- [http-nio-8083-exec-1] r.r.productservice.aspect.LoggingAspect  : <== Service completed: ProductVideoService.getProductVideos(..) in 15 ms
2026-01-03 13:25:57.889  INFO 23396 --- [http-nio-8083-exec-1] r.r.productservice.aspect.LoggingAspect  : <<< Response from: ProductVideoController.getAllVideos(..) with result type: <200 OK OK,[ru.rfsnab.productservice.dto.ProductVideoResponse@1472fcee],[]>
2026-01-03 13:30:10.730  INFO 23396 --- [http-nio-8083-exec-3] r.r.productservice.aspect.LoggingAspect  : >>> Incoming request: ProductVideoController.addVideo(..) with args: [1, ru.rfsnab.productservice.dto.ProductVideoRequest@782789ae]
2026-01-03 13:30:10.730 DEBUG 23396 --- [http-nio-8083-exec-3] r.r.productservice.aspect.LoggingAspect  : ==> Executing service: ProductVideoService.addVideo(..) whith args: [1, ru.rfsnab.productservice.model.ProductVideo@4eaa926b]
2026-01-03 13:30:10.730  INFO 23396 --- [http-nio-8083-exec-3] r.r.p.service.ProductVideoService        : Adding video to product id=1
2026-01-03 13:30:10.730 DEBUG 23396 --- [http-nio-8083-exec-3] r.r.productservice.aspect.LoggingAspect  : ==> Executing service: ProductService.getProductById(..) whith args: [1]
2026-01-03 13:30:10.730 DEBUG 23396 --- [http-nio-8083-exec-3] r.r.productservice.aspect.LoggingAspect  : --- DB query: CrudRepository.findById(..) whith params: [1]
2026-01-03 13:30:10.733 DEBUG 23396 --- [http-nio-8083-exec-3] org.hibernate.SQL                        : 
    select
        p1_0.id,
        p1_0.category_id,
        p1_0.created_at,
        p1_0.description,
        p1_0.is_active,
        p1_0.is_featured,
        p1_0.name,
        p1_0.price,
        p1_0.short_description,
        p1_0.slug,
        p1_0.stock_quantity,
        p1_0.updated_at 
    from
        products p1_0 
    where
        p1_0.id=?
2026-01-03 13:30:10.740 DEBUG 23396 --- [http-nio-8083-exec-3] r.r.productservice.aspect.LoggingAspect  : --- DB result: CrudRepository.findById(..) returned: Optional
2026-01-03 13:30:10.740 DEBUG 23396 --- [http-nio-8083-exec-3] r.r.productservice.aspect.LoggingAspect  : <== Service completed: ProductService.getProductById(..) in 10 ms
2026-01-03 13:30:10.741 DEBUG 23396 --- [http-nio-8083-exec-3] r.r.productservice.aspect.LoggingAspect  : --- DB query: ProductVideoRepository.findAllByProduct(..) whith params: [1]
2026-01-03 13:30:10.741 DEBUG 23396 --- [http-nio-8083-exec-3] org.hibernate.SQL                        : 
    select
        pv1_0.id,
        pv1_0.created_at,
        pv1_0.display_order,
        pv1_0.duration_seconds,
        pv1_0.is_primary,
        pv1_0.product_id,
        pv1_0.provider,
        pv1_0.thumbnail_url,
        pv1_0.title,
        pv1_0.video_type,
        pv1_0.video_url 
    from
        product_videos pv1_0 
    where
        pv1_0.product_id=? 
    order by
        pv1_0.display_order
2026-01-03 13:30:10.744 DEBUG 23396 --- [http-nio-8083-exec-3] r.r.productservice.aspect.LoggingAspect  : --- DB result: ProductVideoRepository.findAllByProduct(..) returned: ArrayList
2026-01-03 13:30:10.744 DEBUG 23396 --- [http-nio-8083-exec-3] r.r.productservice.aspect.LoggingAspect  : --- DB query: CrudRepository.save(..) whith params: [ru.rfsnab.productservice.model.ProductVideo@4eaa926b]
2026-01-03 13:30:10.745 DEBUG 23396 --- [http-nio-8083-exec-3] org.hibernate.SQL                        : 
    insert 
    into
        product_videos
        (created_at, display_order, duration_seconds, is_primary, product_id, provider, thumbnail_url, title, video_type, video_url) 
    values
        (?, ?, ?, ?, ?, ?, ?, ?, ?, ?)
2026-01-03 13:30:10.750 DEBUG 23396 --- [http-nio-8083-exec-3] r.r.productservice.aspect.LoggingAspect  : --- DB result: CrudRepository.save(..) returned: ProductVideo
2026-01-03 13:30:10.751  INFO 23396 --- [http-nio-8083-exec-3] r.r.p.service.ProductVideoService        : Video added to product id=1, video id=2
2026-01-03 13:30:10.751 DEBUG 23396 --- [http-nio-8083-exec-3] r.r.productservice.aspect.LoggingAspect  : <== Service completed: ProductVideoService.addVideo(..) in 21 ms
2026-01-03 13:30:10.751  INFO 23396 --- [http-nio-8083-exec-3] r.r.productservice.aspect.LoggingAspect  : <<< Response from: ProductVideoController.addVideo(..) with result type: <201 CREATED Created,ru.rfsnab.productservice.dto.ProductVideoResponse@52154d35,[]>
2026-01-03 13:30:42.254  INFO 23396 --- [http-nio-8083-exec-4] r.r.productservice.aspect.LoggingAspect  : >>> Incoming request: ProductVideoController.setPrimaryVideo(..) with args: [1, 2]
2026-01-03 13:30:42.257 DEBUG 23396 --- [http-nio-8083-exec-4] r.r.productservice.aspect.LoggingAspect  : ==> Executing service: ProductVideoService.setPrimaryVideo(..) whith args: [2]
2026-01-03 13:30:42.257  INFO 23396 --- [http-nio-8083-exec-4] r.r.p.service.ProductVideoService        : Set isPrimary for video id=2
2026-01-03 13:30:42.258 DEBUG 23396 --- [http-nio-8083-exec-4] r.r.productservice.aspect.LoggingAspect  : --- DB query: CrudRepository.findById(..) whith params: [2]
2026-01-03 13:30:42.259 DEBUG 23396 --- [http-nio-8083-exec-4] org.hibernate.SQL                        : 
    select
        pv1_0.id,
        pv1_0.created_at,
        pv1_0.display_order,
        pv1_0.duration_seconds,
        pv1_0.is_primary,
        pv1_0.product_id,
        pv1_0.provider,
        pv1_0.thumbnail_url,
        pv1_0.title,
        pv1_0.video_type,
        pv1_0.video_url 
    from
        product_videos pv1_0 
    where
        pv1_0.id=?
2026-01-03 13:30:42.263 DEBUG 23396 --- [http-nio-8083-exec-4] r.r.productservice.aspect.LoggingAspect  : --- DB result: CrudRepository.findById(..) returned: Optional
2026-01-03 13:30:42.263 DEBUG 23396 --- [http-nio-8083-exec-4] r.r.productservice.aspect.LoggingAspect  : --- DB query: ProductVideoRepository.resetPrimaryForProduct(..) whith params: [1]
2026-01-03 13:30:42.265 DEBUG 23396 --- [http-nio-8083-exec-4] org.hibernate.SQL                        : 
    update
        product_videos pv1_0 
    set
        is_primary=false 
    where
        pv1_0.product_id=?
2026-01-03 13:30:42.267 DEBUG 23396 --- [http-nio-8083-exec-4] r.r.productservice.aspect.LoggingAspect  : --- DB result: ProductVideoRepository.resetPrimaryForProduct(..) returned: null
2026-01-03 13:30:42.267 DEBUG 23396 --- [http-nio-8083-exec-4] r.r.productservice.aspect.LoggingAspect  : --- DB query: CrudRepository.save(..) whith params: [ru.rfsnab.productservice.model.ProductVideo@7a45f980]
2026-01-03 13:30:42.267 DEBUG 23396 --- [http-nio-8083-exec-4] r.r.productservice.aspect.LoggingAspect  : --- DB result: CrudRepository.save(..) returned: ProductVideo
2026-01-03 13:30:42.267  INFO 23396 --- [http-nio-8083-exec-4] r.r.p.service.ProductVideoService        : Primary video set for product id=1, video id=2
2026-01-03 13:30:42.267 DEBUG 23396 --- [http-nio-8083-exec-4] r.r.productservice.aspect.LoggingAspect  : <== Service completed: ProductVideoService.setPrimaryVideo(..) in 10 ms
2026-01-03 13:30:42.268 DEBUG 23396 --- [http-nio-8083-exec-4] org.hibernate.SQL                        : 
    update
        product_videos 
    set
        display_order=?,
        duration_seconds=?,
        is_primary=?,
        product_id=?,
        provider=?,
        thumbnail_url=?,
        title=?,
        video_type=?,
        video_url=? 
    where
        id=?
2026-01-03 13:30:42.273  INFO 23396 --- [http-nio-8083-exec-4] r.r.productservice.aspect.LoggingAspect  : <<< Response from: ProductVideoController.setPrimaryVideo(..) with result type: <200 OK OK,ru.rfsnab.productservice.dto.ProductVideoResponse@1f915c30,[]>
2026-01-03 13:30:52.447  INFO 23396 --- [http-nio-8083-exec-5] r.r.productservice.aspect.LoggingAspect  : >>> Incoming request: ProductVideoController.getAllVideos(..) with args: [1]
2026-01-03 13:30:52.447 DEBUG 23396 --- [http-nio-8083-exec-5] r.r.productservice.aspect.LoggingAspect  : ==> Executing service: ProductVideoService.getProductVideos(..) whith args: [1]
2026-01-03 13:30:52.447 DEBUG 23396 --- [http-nio-8083-exec-5] r.r.productservice.aspect.LoggingAspect  : ==> Executing service: ProductService.getProductById(..) whith args: [1]
2026-01-03 13:30:52.447 DEBUG 23396 --- [http-nio-8083-exec-5] r.r.productservice.aspect.LoggingAspect  : --- DB query: CrudRepository.findById(..) whith params: [1]
2026-01-03 13:30:52.451 DEBUG 23396 --- [http-nio-8083-exec-5] org.hibernate.SQL                        : 
    select
        p1_0.id,
        p1_0.category_id,
        p1_0.created_at,
        p1_0.description,
        p1_0.is_active,
        p1_0.is_featured,
        p1_0.name,
        p1_0.price,
        p1_0.short_description,
        p1_0.slug,
        p1_0.stock_quantity,
        p1_0.updated_at 
    from
        products p1_0 
    where
        p1_0.id=?
2026-01-03 13:30:52.454 DEBUG 23396 --- [http-nio-8083-exec-5] r.r.productservice.aspect.LoggingAspect  : --- DB result: CrudRepository.findById(..) returned: Optional
2026-01-03 13:30:52.455 DEBUG 23396 --- [http-nio-8083-exec-5] r.r.productservice.aspect.LoggingAspect  : <== Service completed: ProductService.getProductById(..) in 8 ms
2026-01-03 13:30:52.455 DEBUG 23396 --- [http-nio-8083-exec-5] r.r.productservice.aspect.LoggingAspect  : --- DB query: ProductVideoRepository.findAllByProduct(..) whith params: [1]
2026-01-03 13:30:52.455 DEBUG 23396 --- [http-nio-8083-exec-5] org.hibernate.SQL                        : 
    select
        pv1_0.id,
        pv1_0.created_at,
        pv1_0.display_order,
        pv1_0.duration_seconds,
        pv1_0.is_primary,
        pv1_0.product_id,
        pv1_0.provider,
        pv1_0.thumbnail_url,
        pv1_0.title,
        pv1_0.video_type,
        pv1_0.video_url 
    from
        product_videos pv1_0 
    where
        pv1_0.product_id=? 
    order by
        pv1_0.display_order
2026-01-03 13:30:52.460 DEBUG 23396 --- [http-nio-8083-exec-5] r.r.productservice.aspect.LoggingAspect  : --- DB result: ProductVideoRepository.findAllByProduct(..) returned: ArrayList
2026-01-03 13:30:52.460 DEBUG 23396 --- [http-nio-8083-exec-5] r.r.productservice.aspect.LoggingAspect  : <== Service completed: ProductVideoService.getProductVideos(..) in 13 ms
2026-01-03 13:30:52.460  INFO 23396 --- [http-nio-8083-exec-5] r.r.productservice.aspect.LoggingAspect  : <<< Response from: ProductVideoController.getAllVideos(..) with result type: <200 OK OK,[ru.rfsnab.productservice.dto.ProductVideoResponse@3cd62fca, ru.rfsnab.productservice.dto.ProductVideoResponse@5b5893e6],[]>
2026-01-03 13:31:24.730  INFO 23396 --- [http-nio-8083-exec-6] r.r.productservice.aspect.LoggingAspect  : >>> Incoming request: ProductVideoController.deleteVideo(..) with args: [1, 1]
2026-01-03 13:31:24.735 DEBUG 23396 --- [http-nio-8083-exec-6] r.r.productservice.aspect.LoggingAspect  : ==> Executing service: ProductVideoService.deleteVideo(..) whith args: [1]
2026-01-03 13:31:24.735  INFO 23396 --- [http-nio-8083-exec-6] r.r.p.service.ProductVideoService        : Deleting video id=1
2026-01-03 13:31:24.736 DEBUG 23396 --- [http-nio-8083-exec-6] r.r.productservice.aspect.LoggingAspect  : --- DB query: CrudRepository.existsById(..) whith params: [1]
2026-01-03 13:31:24.758 DEBUG 23396 --- [http-nio-8083-exec-6] org.hibernate.SQL                        : 
    select
        count(*) 
    from
        product_videos pv1_0 
    where
        pv1_0.id=?
2026-01-03 13:31:24.762 DEBUG 23396 --- [http-nio-8083-exec-6] r.r.productservice.aspect.LoggingAspect  : --- DB result: CrudRepository.existsById(..) returned: Boolean
2026-01-03 13:31:24.763 DEBUG 23396 --- [http-nio-8083-exec-6] r.r.productservice.aspect.LoggingAspect  : --- DB query: CrudRepository.deleteById(..) whith params: [1]
2026-01-03 13:31:24.764 DEBUG 23396 --- [http-nio-8083-exec-6] org.hibernate.SQL                        : 
    select
        pv1_0.id,
        pv1_0.created_at,
        pv1_0.display_order,
        pv1_0.duration_seconds,
        pv1_0.is_primary,
        pv1_0.product_id,
        pv1_0.provider,
        pv1_0.thumbnail_url,
        pv1_0.title,
        pv1_0.video_type,
        pv1_0.video_url 
    from
        product_videos pv1_0 
    where
        pv1_0.id=?
2026-01-03 13:31:24.767 DEBUG 23396 --- [http-nio-8083-exec-6] r.r.productservice.aspect.LoggingAspect  : --- DB result: CrudRepository.deleteById(..) returned: null
2026-01-03 13:31:24.767  INFO 23396 --- [http-nio-8083-exec-6] r.r.p.service.ProductVideoService        : Video deleted id=1
2026-01-03 13:31:24.767 DEBUG 23396 --- [http-nio-8083-exec-6] r.r.productservice.aspect.LoggingAspect  : <== Service completed: ProductVideoService.deleteVideo(..) in 32 ms
2026-01-03 13:31:24.767 DEBUG 23396 --- [http-nio-8083-exec-6] org.hibernate.SQL                        : 
    delete 
    from
        product_videos 
    where
        id=?
2026-01-03 13:31:24.771  INFO 23396 --- [http-nio-8083-exec-6] r.r.productservice.aspect.LoggingAspect  : <<< Response from: ProductVideoController.deleteVideo(..) with result type: <204 NO_CONTENT No Content,[]>
