2026-01-02 14:40:46.584  INFO 7512 --- [background-preinit] o.h.validator.internal.util.Version      : HV000001: Hibernate Validator 8.0.2.Final
2026-01-02 14:40:46.628  INFO 7512 --- [main] r.r.userservice.UserServiceApplication   : Starting UserServiceApplication using Java 21.0.8 with PID 7512 (D:\Max\java\my-application\ecommerce-platform\user-service\target\classes started by elims in D:\Max\java\my-application\ecommerce-platform)
2026-01-02 14:40:46.628 DEBUG 7512 --- [main] r.r.userservice.UserServiceApplication   : Running with Spring Boot v3.4.4, Spring v6.2.5
2026-01-02 14:40:46.628  INFO 7512 --- [main] r.r.userservice.UserServiceApplication   : The following 1 profile is active: "dev"
2026-01-02 14:40:47.525  INFO 7512 --- [main] .s.d.r.c.RepositoryConfigurationDelegate : Bootstrapping Spring Data JPA repositories in DEFAULT mode.
2026-01-02 14:40:47.584  INFO 7512 --- [main] .s.d.r.c.RepositoryConfigurationDelegate : Finished Spring Data repository scanning in 49 ms. Found 2 JPA repository interfaces.
2026-01-02 14:40:48.434  INFO 7512 --- [main] o.s.b.w.embedded.tomcat.TomcatWebServer  : Tomcat initialized with port 8081 (http)
2026-01-02 14:40:48.445  INFO 7512 --- [main] o.a.coyote.http11.Http11NioProtocol      : Initializing ProtocolHandler ["http-nio-8081"]
2026-01-02 14:40:48.447  INFO 7512 --- [main] o.apache.catalina.core.StandardService   : Starting service [Tomcat]
2026-01-02 14:40:48.447  INFO 7512 --- [main] o.apache.catalina.core.StandardEngine    : Starting Servlet engine: [Apache Tomcat/10.1.39]
2026-01-02 14:40:48.493  INFO 7512 --- [main] o.a.c.c.C.[Tomcat].[localhost].[/]       : Initializing Spring embedded WebApplicationContext
2026-01-02 14:40:48.493  INFO 7512 --- [main] w.s.c.ServletWebServerApplicationContext : Root WebApplicationContext: initialization completed in 1832 ms
2026-01-02 14:40:48.844  INFO 7512 --- [main] com.zaxxer.hikari.HikariDataSource       : HikariPool-1 - Starting...
2026-01-02 14:40:48.964  INFO 7512 --- [main] com.zaxxer.hikari.pool.HikariPool        : HikariPool-1 - Added connection org.postgresql.jdbc.PgConnection@56f84c9b
2026-01-02 14:40:48.965  INFO 7512 --- [main] com.zaxxer.hikari.HikariDataSource       : HikariPool-1 - Start completed.
2026-01-02 14:40:48.989  INFO 7512 --- [main] org.flywaydb.core.FlywayExecutor         : Database: jdbc:postgresql://localhost:5432/userdb (PostgreSQL 16.4)
2026-01-02 14:40:49.049  INFO 7512 --- [main] o.f.core.internal.command.DbValidate     : Successfully validated 2 migrations (execution time 00:00.029s)
2026-01-02 14:40:49.095  INFO 7512 --- [main] o.f.core.internal.command.DbMigrate      : Current version of schema "public": 20251005184424
2026-01-02 14:40:49.100  INFO 7512 --- [main] o.f.core.internal.command.DbMigrate      : Schema "public" is up to date. No migration necessary.
2026-01-02 14:40:49.210  INFO 7512 --- [main] o.hibernate.jpa.internal.util.LogHelper  : HHH000204: Processing PersistenceUnitInfo [name: default]
2026-01-02 14:40:49.298  INFO 7512 --- [main] org.hibernate.Version                    : HHH000412: Hibernate ORM core version 6.6.11.Final
2026-01-02 14:40:49.334  INFO 7512 --- [main] o.h.c.internal.RegionFactoryInitiator    : HHH000026: Second-level cache disabled
2026-01-02 14:40:49.574  INFO 7512 --- [main] o.s.o.j.p.SpringPersistenceUnitInfo      : No LoadTimeWeaver setup: ignoring JPA class transformer
2026-01-02 14:40:49.624  WARN 7512 --- [main] org.hibernate.orm.deprecation            : HHH90000025: PostgreSQLDialect does not need to be specified explicitly using 'hibernate.dialect' (remove the property setting and it will be selected by default)
2026-01-02 14:40:49.640  INFO 7512 --- [main] org.hibernate.orm.connections.pooling    : HHH10001005: Database info:
	Database JDBC URL [Connecting through datasource 'HikariDataSource (HikariPool-1)']
	Database driver: undefined/unknown
	Database version: 16.4
	Autocommit mode: undefined/unknown
	Isolation level: undefined/unknown
	Minimum pool size: undefined/unknown
	Maximum pool size: undefined/unknown
2026-01-02 14:40:50.571  INFO 7512 --- [main] o.h.e.t.j.p.i.JtaPlatformInitiator       : HHH000489: No JTA platform available (set 'hibernate.transaction.jta.platform' to enable JTA platform integration)
2026-01-02 14:40:50.627  INFO 7512 --- [main] j.LocalContainerEntityManagerFactoryBean : Initialized JPA EntityManagerFactory for persistence unit 'default'
2026-01-02 14:40:51.090 DEBUG 7512 --- [main] r.r.u.c.JwtAuthenticationFilter          : Filter 'jwtAuthenticationFilter' configured for use
2026-01-02 14:40:51.174  WARN 7512 --- [main] JpaBaseConfiguration$JpaWebConfiguration : spring.jpa.open-in-view is enabled by default. Therefore, database queries may be performed during view rendering. Explicitly configure spring.jpa.open-in-view to disable this warning
2026-01-02 14:40:51.233  WARN 7512 --- [main] .s.s.UserDetailsServiceAutoConfiguration : 

Using generated security password: 32462792-b5af-4960-b42a-617c64fa34a9

This generated password is for development use only. Your security configuration must be updated before running your application in production.

2026-01-02 14:40:51.241  INFO 7512 --- [main] r$InitializeUserDetailsManagerConfigurer : Global AuthenticationManager configured with UserDetailsService bean with name inMemoryUserDetailsManager
2026-01-02 14:40:51.755  INFO 7512 --- [main] o.s.b.a.e.web.EndpointLinksResolver      : Exposing 1 endpoint beneath base path '/actuator'
2026-01-02 14:40:51.852 DEBUG 7512 --- [main] o.s.s.web.DefaultSecurityFilterChain     : Will secure any request with filters: DisableEncodeUrlFilter, WebAsyncManagerIntegrationFilter, SecurityContextHolderFilter, HeaderWriterFilter, LogoutFilter, JwtAuthenticationFilter, RequestCacheAwareFilter, SecurityContextHolderAwareRequestFilter, AnonymousAuthenticationFilter, SessionManagementFilter, ExceptionTranslationFilter, AuthorizationFilter
2026-01-02 14:40:52.391  INFO 7512 --- [main] o.a.coyote.http11.Http11NioProtocol      : Starting ProtocolHandler ["http-nio-8081"]
2026-01-02 14:40:52.409  INFO 7512 --- [main] o.s.b.w.embedded.tomcat.TomcatWebServer  : Tomcat started on port 8081 (http) with context path '/'
2026-01-02 14:40:52.418  INFO 7512 --- [main] r.r.userservice.UserServiceApplication   : Started UserServiceApplication in 6.296 seconds (process running for 6.808)
2026-01-02 14:40:52.875  INFO 7512 --- [RMI TCP Connection(1)-192.168.0.28] o.a.c.c.C.[Tomcat].[localhost].[/]       : Initializing Spring DispatcherServlet 'dispatcherServlet'
2026-01-02 14:40:52.875  INFO 7512 --- [RMI TCP Connection(1)-192.168.0.28] o.s.web.servlet.DispatcherServlet        : Initializing Servlet 'dispatcherServlet'
2026-01-02 14:40:52.878  INFO 7512 --- [RMI TCP Connection(1)-192.168.0.28] o.s.web.servlet.DispatcherServlet        : Completed initialization in 2 ms
2026-01-02 14:42:13.942 DEBUG 7512 --- [http-nio-8081-exec-1] o.s.security.web.FilterChainProxy        : Securing POST /v1/users/oauth2-login
2026-01-02 14:42:13.958 DEBUG 7512 --- [http-nio-8081-exec-1] o.s.s.w.a.AnonymousAuthenticationFilter  : Set SecurityContextHolder to anonymous SecurityContext
2026-01-02 14:42:13.964 DEBUG 7512 --- [http-nio-8081-exec-1] o.s.security.web.FilterChainProxy        : Secured POST /v1/users/oauth2-login
2026-01-02 14:42:14.219 DEBUG 7512 --- [http-nio-8081-exec-1] org.hibernate.SQL                        : 
    select
        ue1_0.id,
        ue1_0.created_at,
        ue1_0.email,
        ue1_0.email_verified,
        ue1_0.firstname,
        ue1_0.lastname,
        ue1_0.password,
        ue1_0.surname,
        ue1_0.updated_at 
    from
        users ue1_0 
    where
        ue1_0.email=?
2026-01-02 14:42:14.285 DEBUG 7512 --- [http-nio-8081-exec-1] org.hibernate.SQL                        : 
    select
        r1_0.user_id,
        r1_1.id,
        r1_1.name 
    from
        user_roles r1_0 
    join
        roles r1_1 
            on r1_1.id=r1_0.role_id 
    where
        r1_0.user_id=?
2026-01-02 14:45:15.534  INFO 7512 --- [SpringApplicationShutdownHook] o.s.b.w.e.tomcat.GracefulShutdown        : Commencing graceful shutdown. Waiting for active requests to complete
2026-01-02 14:45:15.545  INFO 7512 --- [tomcat-shutdown] o.s.b.w.e.tomcat.GracefulShutdown        : Graceful shutdown complete
2026-01-02 14:45:15.558  INFO 7512 --- [SpringApplicationShutdownHook] j.LocalContainerEntityManagerFactoryBean : Closing JPA EntityManagerFactory for persistence unit 'default'
2026-01-02 14:45:15.563  INFO 7512 --- [SpringApplicationShutdownHook] com.zaxxer.hikari.HikariDataSource       : HikariPool-1 - Shutdown initiated...
2026-01-02 14:45:15.570  INFO 7512 --- [SpringApplicationShutdownHook] com.zaxxer.hikari.HikariDataSource       : HikariPool-1 - Shutdown completed.
2026-01-02 14:46:27.934  INFO 19648 --- [background-preinit] o.h.validator.internal.util.Version      : HV000001: Hibernate Validator 8.0.2.Final
2026-01-02 14:46:27.978  INFO 19648 --- [main] r.r.userservice.UserServiceApplication   : Starting UserServiceApplication using Java 21.0.8 with PID 19648 (D:\Max\java\my-application\ecommerce-platform\user-service\target\classes started by elims in D:\Max\java\my-application\ecommerce-platform)
2026-01-02 14:46:27.979 DEBUG 19648 --- [main] r.r.userservice.UserServiceApplication   : Running with Spring Boot v3.4.4, Spring v6.2.5
2026-01-02 14:46:27.980  INFO 19648 --- [main] r.r.userservice.UserServiceApplication   : The following 1 profile is active: "dev"
2026-01-02 14:46:28.771  INFO 19648 --- [main] .s.d.r.c.RepositoryConfigurationDelegate : Bootstrapping Spring Data JPA repositories in DEFAULT mode.
2026-01-02 14:46:28.813  INFO 19648 --- [main] .s.d.r.c.RepositoryConfigurationDelegate : Finished Spring Data repository scanning in 37 ms. Found 2 JPA repository interfaces.
2026-01-02 14:46:29.484  INFO 19648 --- [main] o.s.b.w.embedded.tomcat.TomcatWebServer  : Tomcat initialized with port 8081 (http)
2026-01-02 14:46:29.494  INFO 19648 --- [main] o.a.coyote.http11.Http11NioProtocol      : Initializing ProtocolHandler ["http-nio-8081"]
2026-01-02 14:46:29.496  INFO 19648 --- [main] o.apache.catalina.core.StandardService   : Starting service [Tomcat]
2026-01-02 14:46:29.496  INFO 19648 --- [main] o.apache.catalina.core.StandardEngine    : Starting Servlet engine: [Apache Tomcat/10.1.39]
2026-01-02 14:46:29.546  INFO 19648 --- [main] o.a.c.c.C.[Tomcat].[localhost].[/]       : Initializing Spring embedded WebApplicationContext
2026-01-02 14:46:29.546  INFO 19648 --- [main] w.s.c.ServletWebServerApplicationContext : Root WebApplicationContext: initialization completed in 1530 ms
2026-01-02 14:46:29.907  INFO 19648 --- [main] com.zaxxer.hikari.HikariDataSource       : HikariPool-1 - Starting...
2026-01-02 14:46:30.035  INFO 19648 --- [main] com.zaxxer.hikari.pool.HikariPool        : HikariPool-1 - Added connection org.postgresql.jdbc.PgConnection@67a38
2026-01-02 14:46:30.037  INFO 19648 --- [main] com.zaxxer.hikari.HikariDataSource       : HikariPool-1 - Start completed.
2026-01-02 14:46:30.065  INFO 19648 --- [main] org.flywaydb.core.FlywayExecutor         : Database: jdbc:postgresql://localhost:5432/userdb (PostgreSQL 16.4)
2026-01-02 14:46:30.125  INFO 19648 --- [main] o.f.core.internal.command.DbValidate     : Successfully validated 2 migrations (execution time 00:00.025s)
2026-01-02 14:46:30.173  INFO 19648 --- [main] o.f.core.internal.command.DbMigrate      : Current version of schema "public": 20251005184424
2026-01-02 14:46:30.177  INFO 19648 --- [main] o.f.core.internal.command.DbMigrate      : Schema "public" is up to date. No migration necessary.
2026-01-02 14:46:30.263  INFO 19648 --- [main] o.hibernate.jpa.internal.util.LogHelper  : HHH000204: Processing PersistenceUnitInfo [name: default]
2026-01-02 14:46:30.311  INFO 19648 --- [main] org.hibernate.Version                    : HHH000412: Hibernate ORM core version 6.6.11.Final
2026-01-02 14:46:30.342  INFO 19648 --- [main] o.h.c.internal.RegionFactoryInitiator    : HHH000026: Second-level cache disabled
2026-01-02 14:46:30.569  INFO 19648 --- [main] o.s.o.j.p.SpringPersistenceUnitInfo      : No LoadTimeWeaver setup: ignoring JPA class transformer
2026-01-02 14:46:30.612  WARN 19648 --- [main] org.hibernate.orm.deprecation            : HHH90000025: PostgreSQLDialect does not need to be specified explicitly using 'hibernate.dialect' (remove the property setting and it will be selected by default)
2026-01-02 14:46:30.624  INFO 19648 --- [main] org.hibernate.orm.connections.pooling    : HHH10001005: Database info:
	Database JDBC URL [Connecting through datasource 'HikariDataSource (HikariPool-1)']
	Database driver: undefined/unknown
	Database version: 16.4
	Autocommit mode: undefined/unknown
	Isolation level: undefined/unknown
	Minimum pool size: undefined/unknown
	Maximum pool size: undefined/unknown
2026-01-02 14:46:31.378  INFO 19648 --- [main] o.h.e.t.j.p.i.JtaPlatformInitiator       : HHH000489: No JTA platform available (set 'hibernate.transaction.jta.platform' to enable JTA platform integration)
2026-01-02 14:46:31.418  INFO 19648 --- [main] j.LocalContainerEntityManagerFactoryBean : Initialized JPA EntityManagerFactory for persistence unit 'default'
2026-01-02 14:46:31.807 DEBUG 19648 --- [main] r.r.u.c.JwtAuthenticationFilter          : Filter 'jwtAuthenticationFilter' configured for use
2026-01-02 14:46:31.888  WARN 19648 --- [main] JpaBaseConfiguration$JpaWebConfiguration : spring.jpa.open-in-view is enabled by default. Therefore, database queries may be performed during view rendering. Explicitly configure spring.jpa.open-in-view to disable this warning
2026-01-02 14:46:31.940  WARN 19648 --- [main] .s.s.UserDetailsServiceAutoConfiguration : 

Using generated security password: 086a993e-d12f-4757-8f6e-ed3d2861aad4

This generated password is for development use only. Your security configuration must be updated before running your application in production.

2026-01-02 14:46:31.945  INFO 19648 --- [main] r$InitializeUserDetailsManagerConfigurer : Global AuthenticationManager configured with UserDetailsService bean with name inMemoryUserDetailsManager
2026-01-02 14:46:32.367  INFO 19648 --- [main] o.s.b.a.e.web.EndpointLinksResolver      : Exposing 1 endpoint beneath base path '/actuator'
2026-01-02 14:46:32.437 DEBUG 19648 --- [main] o.s.s.web.DefaultSecurityFilterChain     : Will secure any request with filters: DisableEncodeUrlFilter, WebAsyncManagerIntegrationFilter, SecurityContextHolderFilter, HeaderWriterFilter, LogoutFilter, JwtAuthenticationFilter, RequestCacheAwareFilter, SecurityContextHolderAwareRequestFilter, AnonymousAuthenticationFilter, SessionManagementFilter, ExceptionTranslationFilter, AuthorizationFilter
2026-01-02 14:46:32.924  INFO 19648 --- [main] o.a.coyote.http11.Http11NioProtocol      : Starting ProtocolHandler ["http-nio-8081"]
2026-01-02 14:46:32.939  INFO 19648 --- [main] o.s.b.w.embedded.tomcat.TomcatWebServer  : Tomcat started on port 8081 (http) with context path '/'
2026-01-02 14:46:32.949  INFO 19648 --- [main] r.r.userservice.UserServiceApplication   : Started UserServiceApplication in 5.462 seconds (process running for 5.966)
2026-01-02 14:46:33.230  INFO 19648 --- [RMI TCP Connection(1)-192.168.0.28] o.a.c.c.C.[Tomcat].[localhost].[/]       : Initializing Spring DispatcherServlet 'dispatcherServlet'
2026-01-02 14:46:33.231  INFO 19648 --- [RMI TCP Connection(1)-192.168.0.28] o.s.web.servlet.DispatcherServlet        : Initializing Servlet 'dispatcherServlet'
2026-01-02 14:46:33.233  INFO 19648 --- [RMI TCP Connection(1)-192.168.0.28] o.s.web.servlet.DispatcherServlet        : Completed initialization in 0 ms
2026-01-02 14:47:15.684 DEBUG 19648 --- [http-nio-8081-exec-1] o.s.security.web.FilterChainProxy        : Securing POST /v1/users/oauth2-login
2026-01-02 14:47:15.701 DEBUG 19648 --- [http-nio-8081-exec-1] o.s.s.w.a.AnonymousAuthenticationFilter  : Set SecurityContextHolder to anonymous SecurityContext
2026-01-02 14:47:15.711 DEBUG 19648 --- [http-nio-8081-exec-1] o.s.security.web.FilterChainProxy        : Secured POST /v1/users/oauth2-login
2026-01-02 14:47:15.845  INFO 19648 --- [http-nio-8081-exec-1] r.r.userservice.aspect.LoggingAspect     : >>> Incoming request: UserController.oauth2LoginOrRegister(..)
2026-01-02 14:47:15.845 DEBUG 19648 --- [http-nio-8081-exec-1] r.r.userservice.aspect.LoggingAspect     : ==> Executing service: UserService.findUserByEmail(..) with args: [elims777@yandex.ru]
2026-01-02 14:47:16.045 DEBUG 19648 --- [http-nio-8081-exec-1] org.hibernate.SQL                        : 
    select
        ue1_0.id,
        ue1_0.created_at,
        ue1_0.email,
        ue1_0.email_verified,
        ue1_0.firstname,
        ue1_0.lastname,
        ue1_0.password,
        ue1_0.surname,
        ue1_0.updated_at 
    from
        users ue1_0 
    where
        ue1_0.email=?
2026-01-02 14:47:16.122 DEBUG 19648 --- [http-nio-8081-exec-1] org.hibernate.SQL                        : 
    select
        r1_0.user_id,
        r1_1.id,
        r1_1.name 
    from
        user_roles r1_0 
    join
        roles r1_1 
            on r1_1.id=r1_0.role_id 
    where
        r1_0.user_id=?
2026-01-02 14:47:16.139 DEBUG 19648 --- [http-nio-8081-exec-1] r.r.userservice.aspect.LoggingAspect     : <== Service completed: UserService.findUserByEmail(..) in 294 ms
2026-01-02 14:47:16.143  INFO 19648 --- [http-nio-8081-exec-1] r.r.userservice.aspect.LoggingAspect     : <<< Response from: UserController.oauth2LoginOrRegister(..)
2026-01-02 14:48:42.868  INFO 19648 --- [SpringApplicationShutdownHook] o.s.b.w.e.tomcat.GracefulShutdown        : Commencing graceful shutdown. Waiting for active requests to complete
2026-01-02 14:48:42.876  INFO 19648 --- [tomcat-shutdown] o.s.b.w.e.tomcat.GracefulShutdown        : Graceful shutdown complete
2026-01-02 14:48:42.885  INFO 19648 --- [SpringApplicationShutdownHook] j.LocalContainerEntityManagerFactoryBean : Closing JPA EntityManagerFactory for persistence unit 'default'
2026-01-02 14:48:42.888  INFO 19648 --- [SpringApplicationShutdownHook] com.zaxxer.hikari.HikariDataSource       : HikariPool-1 - Shutdown initiated...
2026-01-02 14:48:42.891  INFO 19648 --- [SpringApplicationShutdownHook] com.zaxxer.hikari.HikariDataSource       : HikariPool-1 - Shutdown completed.
